print(ABDHDEFIACFJBEGJBCIKCEHLDJKMBFLMCDGNAEKNFGHOAILOAGMPHINP);
solve([+1/2+1*H_Y,+4+1*O_X,-6+1*P_X,+2+1*L_X,-2+1*O_Y,-2+1*N_X,+1+1*P_Y,-2+1*G_X,-1+1*K_Y,-1+1*N_Y,+1+1*B_Y,-1+1*K_X,-2+1*L_Y,-2+1*I_Y,+1+1*M_Y,+1+1*G_Y,-2+1*C_X,-1+1*M_X],[H_Y,O_X,P_X,L_X,O_Y,N_X,P_Y,G_X,K_Y,N_Y,B_Y,K_X,L_Y,I_Y,M_Y,G_Y,C_X,M_X]);
print("A=(1,0,0) B=(1,B_y,0) C_y=0 D=(0,1,0) E_x=0 E_y=1 F_x=0 F_y=0 H=(1,H_y,0) I_x=0 J_x=1 J_y=0 ");
print(ABDICFGIBEFJCDHJACELDFKLEHIMBCKMDEGNAJKNAFHOBGLOAGMPBHNP);
solve([-3/2+1*N_X,+1/2+1*K_X,+1+1*L_X,-1/2+1*J_X,-3+1*P_X,+1+1*P_Y,+2+1*O_X,-2+1*O_Y,+1+1*A_Y,-1+1*M_X,-1+1*H_X,+2+1*D_Y,-2+1*L_Y,-2+1*G_Y,-1+1*M_Y,-1+1*K_Y,+1+1*N_Y,+1+1*H_Y],[N_X,K_X,L_X,J_X,P_X,P_Y,O_X,O_Y,A_Y,M_X,H_X,D_Y,L_Y,G_Y,M_Y,K_Y,N_Y,H_Y]);
print("A=(1,A_y,0) B=(1,0,0) C_x=0 C_y=1 D=(1,D_y,0) E_x=1 E_y=0 F_x=0 F_y=0 G_x=0 I=(0,1,0) J_y=0 ");
print(ABEFACDGEGHIDFJKAHJLAIKMBCLMCFHNBDINBGJOCEKODELPFGMPANOP);
solve([+1-1*P_Y+1*P_Y*P_Y,+1*L_X+1*P_Y,+1+1*P_X-1*P_Y,-1+1*M_Y+1*P_Y,-1+1*F_Y+1*P_Y,+1+1*J_Y-1*P_Y,-1+1*N_Y-1*P_Y,-1+1*M_X,+1*J_X+1*P_Y,+1*H_X+1*P_Y,-1+1*K_Y,-1+1*O_Y,+1*L_Y-1*P_Y,+1*D_Y-1*P_Y,-1+1*K_X,+1*B_Y+1*P_Y,+1+1*N_X-1*P_Y,+1+1*O_X-1*P_Y],[P_Y,L_X,P_X,M_Y,F_Y,J_Y,N_Y,M_X,J_X,H_X,K_Y,O_Y,L_Y,D_Y,K_X,B_Y,N_X,O_X]);
print("A=(0,1,0) B=(1,B_y,0) C_x=0 C_y=1 D_x=0 E=(1,0,0) F=(1,F_y,0) G_x=0 G_y=0 H_y=0 I_x=1 I_y=0 ");
print(ABEGAFHIBCIJADJKBFKLBDHMACLMCEHNDGINEFJOCGKODELPFGMPANOP);
solve([+1-1*P_Y+1/3*P_Y*P_Y,+2+1*P_X-1*P_Y,-2+1*H_Y+1*P_Y,+1+1*M_Y-1*P_Y,+1+1*D_X-1*P_Y,+2+1*N_X-2*P_Y,-1+1*I_Y,+1+1*C_X-1*P_Y,-1+1*O_X,-1+1*J_X,-1+1*D_Y,-1+1*J_Y,+1+1*L_Y-1*P_Y,+1+1*C_Y-1*P_Y,+2+1*M_X-1*P_Y,+2+1*G_X-1*P_Y,+1*N_Y-1*P_Y,+1*O_Y-1*P_Y],[P_Y,P_X,H_Y,M_Y,D_X,N_X,I_Y,C_X,O_X,J_X,D_Y,J_Y,L_Y,C_Y,M_X,G_X,N_Y,O_Y]);
print("A=(1,0,0) B_x=0 B_y=0 E_x=1 E_y=0 F=(0,1,0) G_y=0 H=(1,H_y,0) I=(1,I_y,0) K_x=0 K_y=1 L_x=0 ");
print(ADFHBCGHBDEIACEJBFKLCDKMAILMAGKNEHLNBJMNCFIODGJOEFGPHIJP);
solve([+1-1*P_X+1*P_X*P_X,+1*O_Y-1*O_Y*P_X+1*P_X*P_X,+1+1*M_X-1*P_X,-1+1*P_Y,+1*K_X+1*P_X,+1*O_X+1*O_Y-1*P_X,-1+1*M_Y+1*P_X,+1*N_Y-1*P_X,+1*K_Y-1*P_X,-1+1*L_Y+1*P_X,+1+1*D_Y,-1+1*L_X,-1+1*I_Y+1*P_X,+1*G_Y-1*P_X,+1*F_Y+1*P_X,-1+1*N_X,+1*J_X-1*P_X,+1*I_X-1*P_X],[O_Y,P_X,M_X,P_Y,K_X,O_X,M_Y,N_Y,K_Y,L_Y,D_Y,L_X,I_Y,G_Y,F_Y,N_X,J_X,I_X]);
print("A=(1,0,0) B_x=0 B_y=1 C_x=0 C_y=0 D=(1,D_y,0) E_x=1 E_y=0 F=(1,F_y,0) G_x=0 H=(0,1,0) J_y=0 ");
print(ADFHBCGHCDIJBFJKAGJLEHKLBDEMAIKMACENBILNCFMODGNOEFGPHIOP);
solve([+1-1/2*P_Y+1/4*P_Y*P_Y,+1+1*J_X-1/2*P_Y,-1+1*M_X+1/2*P_Y,+1+1*A_Y-1/2*P_Y,-2+1*K_Y+1/2*P_Y,-1+1*L_Y-1/2*P_Y,+1*O_Y-1/2*P_Y,+1*F_Y-1/2*P_Y,+1*L_X+1/2*P_Y,-1+1*N_X+1/2*P_Y,+1*K_X+1/2*P_Y,-1+1*E_Y,+1*N_Y-1/2*P_Y,+1*G_Y-1/2*P_Y,+1*E_X+1/2*P_Y,-1+1*M_Y,-1+1*P_X,-1+1*O_X],[P_Y,J_X,M_X,A_Y,K_Y,L_Y,O_Y,F_Y,L_X,N_X,K_X,E_Y,N_Y,G_Y,E_X,M_Y,P_X,O_X]);
print("A=(1,A_y,0) B_x=0 B_y=1 C_x=0 C_y=0 D=(1,0,0) F=(1,F_y,0) G_x=0 H=(0,1,0) I_x=1 I_y=0 J_y=0 ");
print(ADFIBCGIBFHJAGHKEIJKCDHLBDEMAJLMACENBKLNCFMODGNOEFGPABOP);
solve([+1-1*P_Y+1*P_Y*P_Y,-1+1*N_X-1*P_Y,+1*P_X-1*P_Y,+1*M_Y-1*P_Y,+1+1*L_Y-1*P_Y,+1*N_Y-1*P_Y,+1+1*O_Y-1*P_Y,-1+1*G_Y,+1*H_Y+1*P_Y,-1+1*K_X-1*P_Y,-1+1*M_X,-1+1*K_Y,-1+1*E_X,+1*C_Y-1*P_Y,-1+1*L_X-1*P_Y,-1+1*E_Y,+1*O_X-1*P_Y,+1*A_X-1*P_Y],[P_Y,N_X,P_X,M_Y,L_Y,N_Y,O_Y,G_Y,H_Y,K_X,M_X,K_Y,E_X,C_Y,L_X,E_Y,O_X,A_X]);
print("A_y=0 B=(0,1,0) C=(1,C_y,0) D_x=1 D_y=0 F_x=0 F_y=0 G=(1,G_y,0) H_x=0 I=(1,0,0) J_x=0 J_y=1 ");
print(AEIJBEGKCFIKDEHLCGJLAFGMBHIMACHNBDJNADKOBFLOCDMPEFNPGHOP);
solve([+1+1*M_Y*P_Y-1*P_Y*P_Y,+1*B_X-1*B_X*K_X-1*B_X*K_Y-1*O_X+1*K_X*O_X+1*O_Y+1*K_X*O_Y-2*P_Y+1*K_X*P_Y+1*K_Y*P_Y+1*M_Y*P_Y-1*P_Y*P_Y,+1*K_X+1/2*O_X-1/2*K_X*O_X-1/2*O_Y-1/2*K_X*O_Y+1*P_Y-1/2*K_X*P_Y+1/2*M_Y*P_Y-1/2*P_Y*P_Y,+1*K_X*K_X+1*K_X*K_Y+1*O_X-1*K_X*O_X-1*O_Y-1*K_X*O_Y+2*P_Y-1*K_X*P_Y,+1*K_Y+1/2*O_X-1/2*K_X*O_X-1/2*O_Y-1/2*K_X*O_Y+1*P_Y-1/2*K_X*P_Y-1*K_Y*P_Y+1/2*M_Y*P_Y-1/2*P_Y*P_Y,+1*M_Y-1*O_X+1*K_X*O_X+1*O_Y+1*K_X*O_Y-1*P_Y,+1*B_X*M_Y+1*P_Y-1*B_X*P_Y+1*M_Y*P_Y-1*P_Y*P_Y,+1*K_X*M_Y-1/2*O_X+1/2*K_X*O_X+1/2*O_Y+1/2*K_X*O_Y-1/2*K_X*P_Y+1/2*M_Y*P_Y-1/2*P_Y*P_Y,+1*K_Y*O_X-1*K_X*O_Y,+1*M_Y*O_X-1*O_Y+1*P_Y-1*O_X*P_Y,-1+1*G_Y+1*K_X+1*K_Y,+1*L_Y-1*M_Y+1*P_Y,-1+1*D_Y,+1*I_X-1*K_X,-1+1*F_Y+1*K_X,-1+1*D_X+1*P_Y,-1+1*M_X+1*P_Y,+1*F_X-1*K_X,-1+1*P_X+1*P_Y,-1+1*B_Y,+1*H_Y+1*M_Y-1*P_Y],[B_X,K_X,K_Y,M_Y,O_X,O_Y,P_Y,G_Y,L_Y,D_Y,I_X,F_Y,D_X,M_X,F_X,P_X,B_Y,H_Y]);
print("A_x=0 A_y=0 C=(0,1,0) E_x=1 E_y=0 G=(1,G_y,0) H_x=0 I_y=0 J=(1,0,0) L=(1,L_y,0) N_x=0 N_y=1 ");
print(BCEGAFGHBDHIAEIJACDLBFJLABKMCHKNDEMNCFIODGJOEFKPGLMPANOP);
solve([+1-1/2*P_Y+1/4*P_Y*P_Y,+1*N_Y+1/2*P_Y,+1*P_X+1/2*P_Y,-1+1*N_X,+1+1*O_Y-1/2*P_Y,-1+1*O_X+1/2*P_Y,+1*L_Y-1/2*P_Y,+1+1*K_X-1/2*P_Y,+1*C_Y+1/2*P_Y,+1*J_Y-1/2*P_Y,-1+1*J_X+1/2*P_Y,-1+1*D_X+1/2*P_Y,+1*F_Y-1/2*P_Y,+1+1*E_Y,+1*M_X+1/2*P_Y,+1*L_X+1/2*P_Y,-1+1*K_Y,-1+1*M_Y],[P_Y,N_Y,P_X,N_X,O_Y,O_X,L_Y,K_X,C_Y,J_Y,J_X,D_X,F_Y,E_Y,M_X,L_X,K_Y,M_Y]);
print("A_x=0 A_y=1 B=(1,0,0) C=(1,C_y,0) D_y=0 E=(1,E_y,0) F_x=0 G=(0,1,0) H_x=0 H_y=0 I_x=1 I_y=0 ");
print(BCGIADHIDFGKBEJKCEHLAFJLEFIMCDJMACKNBDLNAEGOBFHOABMPGHNP);
solve([+1+1*P_Y-1*P_Y*P_Y,+1*O_X-2*P_Y+1*O_X*P_Y+1*P_Y*P_Y,+1*P_X+2*P_Y+1*P_X*P_Y-1*P_Y*P_Y,-1+1*L_Y-1*P_Y,+1*J_Y+1*P_Y,+1*J_X-1*P_Y,-1+1*M_Y+1*P_Y,+1+1*B_Y+1*P_Y,-1+1*N_X+1*P_Y,+1+1*M_X-1*P_Y,+1+1*L_X,-1+1*O_Y,+1+1*F_X-1*P_Y,+1+1*E_X-1*P_Y,+1+1*C_Y,-1+1*E_Y,+1*N_Y-1*P_Y,+1*H_Y-1*P_Y],[O_X,P_X,P_Y,L_Y,J_Y,J_X,M_Y,B_Y,N_X,M_X,L_X,O_Y,F_X,E_X,C_Y,E_Y,N_Y,H_Y]);
print("A_x=0 A_y=1 B=(1,B_y,0) C=(1,C_y,0) D_x=0 D_y=0 F_y=0 G=(1,0,0) H_x=0 I=(0,1,0) K_x=1 K_y=0 ");
print(BCHIADGJBEGKDFIKAFHLCEJLCFGMDEHMAEINBFJNACKOBDLOABMPCDNP);
solve([+1+4*P_Y-1*P_Y*P_Y,+3/2+1*J_Y-1/2*P_Y,-1/2+1*P_X+1/2*P_Y,+1/2+1*O_Y+1/2*P_Y,+1+1*L_Y,-1/2+1*M_Y-1/2*P_Y,-3/2+1*H_Y+1/2*P_Y,+1/2+1*N_Y-1/2*P_Y,-1/2+1*O_X-1/2*P_Y,-1+1*N_X,+1+1*C_Y,-1+1*J_X,-1/2+1*L_X-1/2*P_Y,-1/2+1*D_X-1/2*P_Y,-1/2+1*M_X+1/2*P_Y,-1/2+1*A_X+1/2*P_Y,+1/2+1*E_Y-1/2*P_Y,+1/2+1*A_Y-1/2*P_Y],[P_Y,J_Y,P_X,O_Y,L_Y,M_Y,H_Y,N_Y,O_X,N_X,C_Y,J_X,L_X,D_X,M_X,A_X,E_Y,A_Y]);
print("B=(0,1,0) C=(1,C_y,0) D_y=0 E_x=0 F_x=1 F_y=0 G_x=0 G_y=1 H=(1,H_y,0) I=(1,0,0) K_x=0 K_y=0 ");
print(BCHIADGJBEGKDFIKAFHLCEJLCFGMDEHMAEINBFJNACKOBDLOABMPCDNPEFOP);
solve([+1-3*P_Y+1*P_Y*P_Y,-3+1*J_Y+1*P_Y,-2+1*L_Y+1*P_Y,+1+1*M_Y-1*P_Y,+3+1*H_Y-1*P_Y,+2+1*G_Y-1*P_Y,-1+1*O_Y+1*P_Y,-1+1*J_X,-1+1*N_Y,-1+1*N_X,+1*L_X-1*P_Y,+1*D_X-1*P_Y,-1+1*M_X+1*P_Y,-1+1*A_X+1*P_Y,-2+1*C_Y+1*P_Y,-1+1*A_Y,-1+1*P_X+1*P_Y,+1*O_X-1*P_Y],[P_Y,J_Y,L_Y,M_Y,H_Y,G_Y,O_Y,J_X,N_Y,N_X,L_X,D_X,M_X,A_X,C_Y,A_Y,P_X,O_X]);
print("B=(0,1,0) C=(1,C_y,0) D_y=0 E_x=0 E_y=1 F_x=1 F_y=0 G_x=0 H=(1,H_y,0) I=(1,0,0) K_x=0 K_y=0 ");
print(BEFHACEIBDGIADHJCDFKEGJKCGHLFIJLABKLBCMNDEMOAFNOAGMPHINPBJOP);
solve([+1-1*P_Y+1*P_Y*P_Y,-1+1*L_X+1*P_Y,+1+1*N_X,+1*F_Y-1*P_Y,+1*O_X-1*P_Y,-1+1*K_Y,-1+1*N_Y+1*P_Y,+1+1*H_Y-1*P_Y,-1+1*M_Y+1*P_Y,+1*D_X-1*P_Y,-1+1*C_Y+1*P_Y,-1+1*K_X,+1*M_X-1*P_Y,-1+1*P_X+1*P_Y,-1+1*J_X,-1+1*L_Y,+1*J_Y-1*P_Y,+1*O_Y-1*P_Y],[P_Y,L_X,N_X,F_Y,O_X,K_Y,N_Y,H_Y,M_Y,D_X,C_Y,K_X,M_X,P_X,J_X,L_Y,J_Y,O_Y]);
print("A_x=0 A_y=1 B=(1,0,0) C_x=0 D_y=0 E=(0,1,0) F=(1,F_y,0) G_x=1 G_y=0 H=(1,H_y,0) I_x=0 I_y=0 ");
print(CDEFBEGHBFIJCGIKDHJKAFGLACHMADINBCLNAEJOBDMOABKPELMPFNOP);
solve([+1-1*P_Y-1*P_Y*P_Y,+1*I_X+1*P_Y,-1+1*N_X+1*P_Y,+1+1*K_Y+1*P_Y,-1+1*M_Y+1*P_Y,-1+1*C_Y-1*P_Y,+1+1*K_X+1*P_Y,+1*H_Y+1*P_Y,+1*P_X-1*P_Y,-1+1*O_X,-1+1*L_Y,+1*D_Y-1*P_Y,-1+1*A_Y,-1+1*A_X,+1*L_X-1*P_Y,+1*M_X-1*P_Y,+1*N_Y-1*P_Y,+1*O_Y-1*P_Y],[P_Y,I_X,N_X,K_Y,M_Y,C_Y,K_X,H_Y,P_X,O_X,L_Y,D_Y,A_Y,A_X,L_X,M_X,N_Y,O_Y]);
print("B_x=0 B_y=0 C=(1,C_y,0) D=(1,D_y,0) E=(0,1,0) F=(1,0,0) G_x=0 G_y=1 H_x=0 I_y=0 J_x=1 J_y=0 ");
print(CDFGCEHJBDIJBFHKEGIKADHLABGMAEFNBCLNACIODEMOAJKPFLMPGNOP);
solve([+1-3/2*P_Y+1/4*P_Y*P_Y,+1*K_Y-1/2*P_Y,+1*P_X-1*P_Y,-1+1*O_X+1/2*P_Y,+1*K_X-1/2*P_Y,+1*M_X-1/2*P_Y,+1*N_Y-1/2*P_Y,-1+1*L_Y+1/2*P_Y,+2+1*G_Y-1/2*P_Y,-1+1*I_X+1/2*P_Y,-1+1*M_Y,-1+1*O_Y,-1+1*A_Y+1/2*P_Y,-1+1*A_X+1/2*P_Y,+1+1*F_Y-1/2*P_Y,-1+1*H_Y+1/2*P_Y,-1+1*N_X,-1+1*L_X],[P_Y,K_Y,P_X,O_X,K_X,M_X,N_Y,L_Y,G_Y,I_X,M_Y,O_Y,A_Y,A_X,F_Y,H_Y,N_X,L_X]);
print("B_x=1 B_y=0 C=(0,1,0) D=(1,0,0) E_x=0 E_y=1 F=(1,F_y,0) G=(1,G_y,0) H_x=0 I_y=0 J_x=0 J_y=0 ");
print(CDFJDEHKCGIKBFHLADILBDGMAEJMBCENAFGNACHOBIJOABKPCLMPDNOP);
solve([+1-1*P_Y+1/3*P_Y*P_Y,+1+1*L_X-1*P_Y,+1+1*O_Y-1*P_Y,-2+1*F_Y+1*P_Y,+1+1*J_Y-1*P_Y,+1*P_X-1*P_Y,+1+1*I_X-1*P_Y,-1+1*B_X,+1+1*A_Y-1*P_Y,+1+1*H_Y-1*P_Y,+1+1*A_X-1*P_Y,-1+1*M_X,-1+1*B_Y,-1+1*N_Y,+1*M_Y-1*P_Y,+1*L_Y-1*P_Y,+1*N_X-1*P_Y,+1*O_X-1*P_Y],[P_Y,L_X,O_Y,F_Y,J_Y,P_X,I_X,B_X,A_Y,H_Y,A_X,M_X,B_Y,N_Y,M_Y,L_Y,N_X,O_X]);
print("C=(1,0,0) D=(0,1,0) E_x=0 E_y=1 F=(1,F_y,0) G_x=1 G_y=0 H_x=0 I_y=0 J=(1,J_y,0) K_x=0 K_y=0 ");
print(CDHICEFJABHJBEGKAGILDFKLBFIMACKMADENBCLNDGJOEHMOFGHPIJNP);
solve([+1+3*O_Y+1*O_Y*O_Y,+1*M_Y+1*O_Y,+1+1*K_X,+1+1*O_X+1*O_Y,+2+1*L_X+1*O_Y,-1+1*M_X-1*O_Y,-1+1*E_Y-1*O_Y,-1+1*G_Y-1*O_Y,+1+1*P_Y,-1+1*L_Y,+1+1*G_X+1*O_Y,+1+1*D_X+1*O_Y,+1*K_Y+1*O_Y,+1+1*F_Y,+1*A_Y+1*O_Y,-1+1*N_Y,-1+1*N_X,-1+1*P_X],[O_Y,M_Y,K_X,O_X,L_X,M_X,E_Y,G_Y,P_Y,L_Y,G_X,D_X,K_Y,F_Y,A_Y,N_Y,N_X,P_X]);
print("A_x=0 B_x=0 B_y=1 C=(1,0,0) D_y=0 E=(1,E_y,0) F=(1,F_y,0) H_x=0 H_y=0 I_x=1 I_y=0 J=(0,1,0) ");
print(CEFHABEICDGIBDFJBGHKACJKADHLEGJLFIKLBCMNDEMOAFNOAGMPHINP);
solve([+1+1*P_Y+1*O_Y*P_Y,+1*O_Y+1*O_Y*O_Y-1*P_Y-1*O_Y*P_Y,+1*P_X+1*O_Y*P_X+1*P_Y,+1*L_Y-1*O_Y,+1*N_X-1*O_Y,+1*L_X+1*O_Y,-1+1*K_Y-1*O_Y,+1+1*K_X+1*O_Y,-1+1*N_Y,-1+1*M_Y,-1+1*O_X,-1+1*M_X,-1+1*J_Y-1*O_Y,+1*J_X+1*O_Y,+1+1*F_Y,+1+1*H_Y+1*O_Y,-1+1*A_Y-1*O_Y,+1*G_X+1*O_Y],[O_Y,P_X,P_Y,L_Y,N_X,L_X,K_Y,K_X,N_Y,M_Y,O_X,M_X,J_Y,J_X,F_Y,H_Y,A_Y,G_X]);
print("A_x=0 B_x=0 B_y=1 C=(1,0,0) D_x=1 D_y=0 E=(0,1,0) F=(1,F_y,0) G_y=0 H=(1,H_y,0) I_x=0 I_y=0 ");
print(CFHIDEGJAEIKBFJKBGILAHJLBCEMADFMACGNBDHNCDKOEFLOGHMPIJNP);
solve([+1-3*P_Y+1*P_Y*P_Y,+1+1*O_Y,+4+1*O_X-2*P_Y,-3+1*B_X+1*P_Y,+2+1*M_Y-1*P_Y,+2+1*M_X-1*P_Y,-1+1*K_Y+2*P_Y,+1+1*D_Y-1*P_Y,-1+1*E_Y+1*P_Y,+1*P_X-1*P_Y,-1+1*G_Y,+2+1*F_X-1*P_Y,-1+1*B_Y,-1+1*N_X,-1+1*G_X,+2+1*D_X-1*P_Y,+1*N_Y-1*P_Y,+1*J_Y-1*P_Y],[P_Y,O_Y,O_X,B_X,M_Y,M_X,K_Y,D_Y,E_Y,P_X,G_Y,F_X,B_Y,N_X,G_X,D_X,N_Y,J_Y]);
print("A=(0,1,0) C_x=1 C_y=0 E=(1,E_y,0) F_y=0 H_x=0 H_y=0 I=(1,0,0) J_x=0 K=(1,K_y,0) L_x=0 L_y=1 ");
print(DEFICGHIBCFJADHJACEKBDGKABILEGJLFHKLCDMNBEMOAFNOAGMPBHNP);
solve([+1-2*P_X+4*P_X*P_X,+1*O_Y+2*P_X-2*O_Y*P_X,-1/2+1*P_Y,+1*N_Y-2*P_X,-1+1*L_Y+2*P_X,-1+1*M_X,+1+1*N_X-2*P_X,-1+1*O_X+1*O_Y-2*P_X,+1+1*K_X-2*P_X,+1*L_X-2*P_X,-1+1*B_Y,+1+1*E_Y,+1*F_Y+2*P_X,+1*B_X-2*P_X,+1*M_Y-2*P_X,+1*A_X-2*P_X,+1*C_Y-2*P_X,-1+1*K_Y],[O_Y,P_X,P_Y,N_Y,L_Y,M_X,N_X,O_X,K_X,L_X,B_Y,E_Y,F_Y,B_X,M_Y,A_X,C_Y,K_Y]);
print("A_y=0 C_x=0 D=(1,0,0) E=(1,E_y,0) F=(1,F_y,0) G_x=0 G_y=1 H_x=0 H_y=0 I=(0,1,0) J_x=1 J_y=0 ");
print(DEGICFGJAHIJBDFKABGLCDHLBEHMACKMBCINEJKNFLMOADNOAEFPGHOP);
solve([+1+3*O_Y+1*O_Y*O_Y,+2+1*M_Y+1*O_Y,-2+1*M_X-1*O_Y,-3+1*K_Y-1*O_Y,+1+1*K_X,-2+1*F_Y-1*O_Y,+1*L_Y+1*O_Y,+1+1*P_Y,+1*N_X-1*O_Y,-1+1*L_X-1*O_Y,+3+1*E_Y+1*O_Y,-1+1*N_Y,+1+1*D_Y,-1+1*B_Y,-1+1*B_X-1*O_Y,-1+1*A_X-1*O_Y,-1+1*P_X,-1+1*O_X],[O_Y,M_Y,M_X,K_Y,K_X,F_Y,L_Y,P_Y,N_X,L_X,E_Y,N_Y,D_Y,B_Y,B_X,A_X,P_X,O_X]);
print("A_y=0 C_x=0 C_y=1 D=(1,D_y,0) E=(1,E_y,0) F_x=0 G=(0,1,0) H_x=1 H_y=0 I=(1,0,0) J_x=0 J_y=0 ");
print(DFGICEHJBEIKAFJKBCGLADHLACIMBDJMAEGNBFHNCDKOEFLOGHMPIJNP);
solve([+1+1*P_Y-1*P_Y*P_Y,+1*P_X+2*P_Y+1*P_X*P_Y-1*P_Y*P_Y,-1+1*H_Y-1*P_Y,+1*L_Y+1*P_Y,+1*M_X+1*P_X,-1+1*O_Y+1*P_Y,+1+1*B_Y+1*P_Y,+1+1*H_X,-1+1*N_X+1*P_Y,+1+1*O_X-1*P_Y,+1*L_X-1*P_Y,+1+1*C_X-1*P_Y,-1+1*M_Y,-1+1*C_Y,+1+1*D_X-1*P_Y,+1+1*E_Y,+1*N_Y-1*P_Y,+1*J_Y-1*P_Y],[P_X,P_Y,H_Y,L_Y,M_X,O_Y,B_Y,H_X,N_X,O_X,L_X,C_X,M_Y,C_Y,D_X,E_Y,N_Y,J_Y]);
print("A_x=0 A_y=1 B=(1,B_y,0) D_y=0 E=(1,E_y,0) F_x=0 F_y=0 G_x=1 G_y=0 I=(1,0,0) J_x=0 K=(0,1,0) ");
print(DFGICEHJBEIKAFJKBCGLADHLACIMBDJMCDKNEFLNAEGOBFHOGHMPABNPIJOP);
solve([+1-7*P_Y+1*P_Y*P_Y,+1*N_X+21*P_Y+1*N_X*P_Y-3*P_Y*P_Y,+1+1*L_X,-1/3+1*O_Y-1/3*P_Y,+1/3+1*M_Y-2/3*P_Y,-5/3+1*M_X+1/3*P_Y,+2/3+1*G_Y-1/3*P_Y,-1+1*L_Y,-2/3+1*H_X+1/3*P_Y,-1+1*N_Y,-1/3+1*H_Y-1/3*P_Y,+1/3+1*D_Y+1/3*P_Y,-1/3+1*B_Y-1/3*P_Y,+2/3+1*C_Y-1/3*P_Y,-5/3+1*C_X+1/3*P_Y,-5/3+1*A_X+1/3*P_Y,-1+1*O_X,-1+1*P_X],[N_X,P_Y,L_X,O_Y,M_Y,M_X,G_Y,L_Y,H_X,N_Y,H_Y,D_Y,B_Y,C_Y,C_X,A_X,O_X,P_X]);
print("A_y=0 B_x=0 D=(1,D_y,0) E_x=0 E_y=1 F=(1,0,0) G=(1,G_y,0) I=(0,1,0) J_x=1 J_y=0 K_x=0 K_y=0 ");
print(EFHIADIJDFGKABHKACGLBEJLBGIMCFJMCEKNDHLNBCDOAEMOAFNPGHOP);
solve([+1+1*P_Y*P_Y,-1+1*O_Y-1*P_Y,-1/2+1*B_X+1/2*P_Y,-1/2+1*L_X,-1/2+1*P_X-1/2*P_Y,-1/2+1*O_X,+1*M_Y-2*P_Y,+1+1*K_Y-1*P_Y,-2+1*E_Y,+1*G_Y-2*P_Y,-1+1*C_Y-1*P_Y,-1+1*B_Y-1*P_Y,-1+1*C_X,-1+1*M_X,-1/2+1*N_X-1/2*P_Y,-1/2+1*A_X-1/2*P_Y,-1+1*N_Y,-1+1*L_Y],[P_Y,O_Y,B_X,L_X,P_X,O_X,M_Y,K_Y,E_Y,G_Y,C_Y,B_Y,C_X,M_X,N_X,A_X,N_Y,L_Y]);
print("A_y=0 D=(1,0,0) E_x=0 F=(0,1,0) G=(1,G_y,0) H_x=0 H_y=1 I_x=0 I_y=0 J_x=1 J_y=0 K=(1,K_y,0) ");
