print(ACDEAFGHBIJKBLMNCFILCGJMDFJNDHKLEGKNEHIM);
solve([+1-1*F_Y*I_Y+1*I_Y*J_X+1*I_Y*J_Y+1*J_Y*J_Y,+1*F_Y+1*I_Y*J_Y+1*J_Y*J_Y,+1*I_Y-1*I_Y*J_X+1*J_Y,+1*J_X+1*I_Y*J_X+1*I_Y*J_Y+1*J_X*J_Y+1*J_Y*J_Y,+1*F_X+1*F_Y-1*J_X,+1+1*A_X+1*I_Y-1*J_X+1*J_Y,+1*D_X+1*I_Y+1*J_Y,-1+1*D_Y-1*I_Y-1*J_Y,+1*G_X-1*J_X,+1*C_X-1*J_X,+1*B_Y+1*I_Y,-1+1*C_Y-1*I_Y-1*J_Y,+1+1*H_Y,-1+1*A_Y-1*I_Y-1*J_Y],[F_Y,I_Y,J_X,J_Y,F_X,A_X,D_X,D_Y,G_X,C_X,B_Y,C_Y,H_Y,A_Y]);
print("B_x=0 E=(1,0,0) G_y=0 H=(1,H_y,0) I=(1,I_y,0) K_x=1 K_y=0 L_x=0 L_y=1 M=(0,1,0) N_x=0 N_y=0 ");
print(AEFMAGHNBEINBGJMCIKMCJLNDFKNDHLMEGKLFHIJ);
solve([+1-1*J_Y*K_Y+1*L_Y+1*J_Y*L_Y,+1*J_Y+1*L_Y+1*J_Y*L_Y,-1+1*D_Y-2*L_Y,+1+1*C_Y,-1+1*H_Y-1*L_Y,+1*K_X+1*K_Y,+1*L_X+1*L_Y,-1+1*F_Y+1*J_Y,+1*H_X+1*L_Y,+1*C_X+1*K_Y,+1+1*G_Y,+1*D_X+1*L_Y,+1*I_X+1*K_Y],[J_Y,K_Y,L_Y,D_Y,C_Y,H_Y,K_X,L_X,F_Y,H_X,C_X,G_Y,D_X,I_X]);
print("A_x=0 A_y=1 B=(1,0,0) E_x=0 E_y=0 F_x=0 G=(1,G_y,0) I_y=0 J=(1,J_y,0) M=(0,1,0) N_x=1 N_y=0 ");
print(AEFMAGHNBEINBGJMCIKMCJLNDFKNDHLMEHJKFGIL);
solve([+1-2*G_X*K_Y+2*G_X*L_Y-1*K_Y*L_Y,+1*C_X-1*C_X*K_Y-2*G_X*K_Y+1*L_Y+2*G_X*L_Y-1*K_Y*L_Y,+1*G_X-2*G_X*K_Y+1*G_X*L_Y-1*K_Y*L_Y,+1*K_Y-1*G_X*K_Y+1*G_X*L_Y-1*K_Y*L_Y,+1+1*I_Y-1*K_Y,+1+1*B_Y-1*L_Y,+1*D_Y-1*K_Y,+1*F_Y-1*K_Y,-1+1*D_X+1*K_Y,-1+1*L_X+1*L_Y,-1+1*K_X,-1+1*J_X,+1*C_Y-1*L_Y,+1*J_Y-1*L_Y],[C_X,G_X,K_Y,L_Y,I_Y,B_Y,D_Y,F_Y,D_X,L_X,K_X,J_X,C_Y,J_Y]);
print("A_x=0 A_y=0 B=(1,B_y,0) E=(0,1,0) F_x=0 G_y=0 H_x=1 H_y=0 I=(1,I_y,0) M_x=0 M_y=1 N=(1,0,0) ");
print(AEFMAGHNBEINBGJMCHKMCJLNDFKNDILMEGKLFHIJ);
solve([+1-1*N_X+1*L_Y*N_X,+1*G_Y-1*J_X*L_Y,+1*J_X+1*L_Y*N_X-1*N_X*N_X,+1*A_Y*J_X-1*J_X*L_Y-1*A_Y*N_X,+1*L_Y+1*A_Y*N_X-1*L_Y*N_X,-1+1*J_Y-1*L_Y+1*N_X,+1*E_Y-1*L_Y,-1+1*B_Y-1*G_Y+1*N_X,-1+1*L_X,-1+1*I_X,+1*B_X-1*J_X,+1*G_X-1*J_X,-1+1*I_Y-1*L_Y+1*N_X,-1+1*H_Y-1*L_Y+1*N_X],[A_Y,G_Y,J_X,L_Y,N_X,J_Y,E_Y,B_Y,L_X,I_X,B_X,G_X,I_Y,H_Y]);
print("A=(1,A_y,0) C_x=0 C_y=1 D_x=1 D_y=0 E=(1,E_y,0) F=(1,0,0) H_x=0 K_x=0 K_y=0 M=(0,1,0) N_y=0 ");
print(ACDEAFGHBCIJBKLMCFKNDFJMDGILEGMNEHIKHJLN);
solve([+1-2*I_Y+2*I_Y*I_Y,-1+1*A_X+2*I_Y,+1+1*A_Y-1*I_Y,-1+1*I_X+2*I_Y,+1*H_Y+1*I_Y,-1+1*E_Y+1*I_Y,-1+1*B_X+1*I_Y,-1+1*D_X+1*I_Y,+1*G_Y+1*I_Y,+1+1*L_Y,-1+1*E_X,-1+1*G_X,+1*C_Y-1*I_Y,+1*B_Y-1*I_Y],[I_Y,A_X,A_Y,I_X,H_Y,E_Y,B_X,D_X,G_Y,L_Y,E_X,G_X,C_Y,B_Y]);
print("C_x=0 D_y=0 F_x=0 F_y=0 H=(1,H_y,0) J=(1,0,0) K_x=0 K_y=1 L=(1,L_y,0) M_x=1 M_y=0 N=(0,1,0) ");
print(ACDEAFGHBCIJBKLMCFKNDGILDHJKEFIMEHLNGJMN);
solve([+1+1*M_Y+1/2*M_Y*M_Y,+1*A_Y+1/2*M_Y,-2+1*I_Y,-1+1*E_X-1*M_Y,+1+1*I_X,+1*F_X-1*M_Y,+1*B_Y+2*M_Y,+1*A_X-1/2*M_Y,+1*F_Y+1*M_Y,+1*C_Y+1*M_Y,+1+1*G_Y,+1+1*C_X,+1*K_Y+1*M_Y,+1+1*B_X],[M_Y,A_Y,I_Y,E_X,I_X,F_X,B_Y,A_X,F_Y,C_Y,G_Y,C_X,K_Y,B_X]);
print("D_x=0 D_y=1 E_y=0 G=(1,G_y,0) H_x=0 H_y=0 J=(0,1,0) K_x=0 L_x=1 L_y=0 M=(1,M_y,0) N=(1,0,0) ");
print(AEFGAHMNBEIMBFJNCEKNCJLMDGKMDILNFHKLGHIJ);
solve([+1+2*N_Y+2*N_Y*N_Y,+1*L_Y+2*L_Y*N_Y+1*N_Y*N_Y,-1+1*I_X-2*N_Y,-2+1*L_X+2*L_Y-1*N_Y,-1+1*K_Y-1*N_Y,+1*I_Y+1*N_Y,+1+1*B_Y+2*N_Y,+1+1*J_Y-1*L_Y+1*N_Y,+1*C_Y-1*L_Y-1*N_Y,-2+1*C_X+2*L_Y-1*N_Y,+1+1*H_Y+1*N_Y,-2+1*J_X+2*L_Y-1*N_Y,-1+1*B_X-2*N_Y,-1+1*E_X-2*N_Y],[L_Y,N_Y,I_X,L_X,K_Y,I_Y,B_Y,J_Y,C_Y,C_X,H_Y,J_X,B_X,E_X]);
print("A=(1,0,0) D_x=0 D_y=1 E_y=0 F_x=1 F_y=0 G_x=0 G_y=0 H=(1,H_y,0) K_x=0 M=(0,1,0) N=(1,N_y,0) ");
print(AEFGAHMNBEIMBFJNCEKNCGLMDILNDJKMFHKLGHIJ);
solve([+1-1*L_X-1*L_X*L_Y-1*L_Y*L_Y,+1*L_X*L_X+1*L_Y+1*L_X*L_Y,+1*H_Y+1*L_X+1*L_Y,+1*K_Y+1*L_X+1*L_Y,+1+1*C_Y-1*L_X-1*L_Y,-1+1*D_Y+2*L_X+1*L_Y,+1*G_X-1*L_X-1*L_Y,-1+1*I_Y+1*L_X,-1+1*J_Y+1*L_X+1*L_Y,+1*I_X-1*L_X,-1+1*C_X,-1+1*K_X,+1+1*M_Y,+1*D_X-1*L_X],[L_X,L_Y,H_Y,K_Y,C_Y,D_Y,G_X,I_Y,J_Y,I_X,C_X,K_X,M_Y,D_X]);
print("A=(1,0,0) B_x=0 B_y=1 E_x=1 E_y=0 F_x=0 F_y=0 G_y=0 H=(1,H_y,0) J_x=0 M=(1,M_y,0) N=(0,1,0) ");
print(ADEFAGHNBDGIBJKNCELNCHJMDKLMEHIKFGJLFIMN);
solve([+1+1*M_Y-1*K_Y*M_Y+2*M_Y*M_Y,+1*K_Y+1*M_Y*M_Y,-1+1*C_X-1*K_Y+1*M_Y,-1+1*B_X+1*K_Y,-1+1*H_X-1*M_Y,-1+1*K_X+1*K_Y-1*M_Y,-1+1*L_Y-1*M_Y,+1*B_Y-1*K_Y,-1+1*C_Y-1*M_Y,-1+1*E_Y-1*M_Y,+1+1*I_Y,+1*J_Y-1*K_Y,-1+1*J_X,-1+1*L_X],[K_Y,M_Y,C_X,B_X,H_X,K_X,L_Y,B_Y,C_Y,E_Y,I_Y,J_Y,J_X,L_X]);
print("A_x=0 A_y=0 D_x=0 D_y=1 E_x=0 F=(0,1,0) G_x=1 G_y=0 H_y=0 I=(1,I_y,0) M=(1,M_y,0) N=(1,0,0) ");
print(ACDEAFGHBCIJBFKLCGKMDFMNDHILEHJMEIKNGJLN);
solve([+1-2*M_X+1*G_Y*M_X+2*M_X*M_X,+1*G_Y-1*M_X+1*M_X*M_X,+1*A_X*G_Y-1*G_Y*M_X-1*M_X*M_X,-2+1*B_Y+1*G_Y+2*M_X,+1+1*K_Y-1*M_X,+1+1*C_X-1*M_X,+2+1*B_X-1*G_Y-2*M_X,-1+1*D_Y+1*M_X,-1+1*F_Y+1*G_Y,-1+1*A_Y+1*M_X,+1*D_X-1*M_X,+1*F_X-1*M_X,+1+1*I_Y,-1+1*C_Y+1*M_X],[A_X,G_Y,M_X,B_Y,K_Y,C_X,B_X,D_Y,F_Y,A_Y,D_X,F_X,I_Y,C_Y]);
print("E=(1,0,0) G_x=0 H_x=1 H_y=0 I=(1,I_y,0) J_x=0 J_y=0 K=(1,K_y,0) L_x=0 L_y=1 M_y=0 N=(0,1,0) ");
print(ACDEAFGHBCIJBFKLCGKMDFMNDHILEGINEJLMHJKN);
solve([+1-1*N_X-1*M_Y*N_X-1*N_Y+1*N_X*N_Y,+1*A_Y+1*D_Y*E_X-1*M_Y,+1*C_X-1*N_X+1*C_Y*N_X,+1*C_Y-1*M_Y+1*C_X*M_Y-1*C_Y*N_X-1*M_Y*N_X-1*C_X*N_Y+1*N_X*N_Y,+1*C_X*D_Y-1*D_Y*E_X+1*C_X*M_Y-1*C_Y*N_X-1*M_Y*N_X-1*C_X*N_Y+1*N_X*N_Y,+1*E_X+1*M_Y+1*E_X*M_Y-1*N_X-1*M_Y*N_X-1*N_Y-1*E_X*N_Y+1*N_X*N_Y,+1*M_X-1*N_X+1*M_Y*N_X,+1*D_Y*M_X-1*M_Y,+1*D_Y*N_X-1*N_Y,+1+1*I_Y+1*M_Y-1*N_Y,+1*J_Y-1*M_Y,+1*E_Y-1*M_Y,+1*K_X-1*N_X,+1*J_X-1*N_X],[A_Y,C_X,C_Y,D_Y,E_X,M_X,M_Y,N_X,N_Y,I_Y,J_Y,E_Y,K_X,J_X]);
print("A_x=0 B_x=1 B_y=0 D=(1,D_y,0) F_x=0 F_y=0 G_x=0 G_y=1 H=(0,1,0) I=(1,I_y,0) K_y=0 L=(1,0,0) ");
print(ACDEAFGHBCIJBFKLCFMNDGIKDHJMEHKNEILMGJLN);
solve([+1-1*L_X-1*L_X*N_Y,+1*K_X-1/2*L_X-1/2*K_X*L_Y+1/2*L_X*L_Y,+1*L_Y-1*K_X*N_Y,+1*G_X+1*K_X-1*L_X,+1+1*J_Y-1*L_X-1*L_Y,+1+1*I_Y-1*L_Y,+1+1*B_X-1*L_X,-1+1*E_Y+1*L_X,+1+1*C_Y,+1*I_X-1*L_X,+1*E_X-1*L_X,+1*B_Y-1*L_Y,+1*K_Y-1*L_Y],[K_X,L_X,L_Y,N_Y,G_X,J_Y,I_Y,B_X,E_Y,C_Y,I_X,E_X,B_Y,K_Y]);
print("A_x=1 A_y=0 C=(1,C_y,0) D_x=0 D_y=1 F=(1,0,0) G_y=0 H_x=0 H_y=0 J_x=0 M=(0,1,0) N=(1,N_y,0) ");
print(ADEFAGHNBDIJBKLNCEGKCFINDGLMEJMNFHJLHIKM);
solve([-2+1*L_Y,+3+1*L_X,+1/2+1*G_Y,+2/3+1*H_Y,+1+1*M_Y,-3+1*K_Y,-3/2+1*C_Y,-3+1*M_X,+2+1*J_Y,-3+1*E_X,+3+1*K_X,-3+1*J_X,-4+1*B_Y,+3+1*B_X],[L_Y,L_X,G_Y,H_Y,M_Y,K_Y,C_Y,M_X,J_Y,E_X,K_X,J_X,B_Y,B_X]);
print("A=(1,0,0) C_x=0 D_x=1 D_y=0 E_y=0 F_x=0 F_y=0 G=(1,G_y,0) H=(1,H_y,0) I_x=0 I_y=1 N=(0,1,0) ");
print(ADEFAGHNBDIJBKLNCEGKCFINDHKMEJMNFHJLGILM);
solve([+2+1*L_Y,+3/4+1*G_Y,-4+1*L_X,+1/2+1*M_Y,-2+1*M_X,+3/2+1*K_Y,-3/2+1*C_Y,+1/2+1*H_Y,+1+1*J_Y,-2+1*E_X,+3+1*B_Y,-2+1*J_X,-4+1*B_X,-4+1*K_X],[L_Y,G_Y,L_X,M_Y,M_X,K_Y,C_Y,H_Y,J_Y,E_X,B_Y,J_X,B_X,K_X]);
print("A=(1,0,0) C_x=0 D_x=1 D_y=0 E_y=0 F_x=0 F_y=0 G=(1,G_y,0) H=(1,H_y,0) I_x=0 I_y=1 N=(0,1,0) ");
print(ADEFAGHIBDJKBELNCGLMCHJNDIMNEHKMFGKNFIJL);
solve([+1+1*N_Y+1*N_Y*N_Y,-1+1*M_X-1*N_Y,-1+1*L_Y-2*N_Y,-2+1*H_X-1*N_Y,+1+1*M_Y,-4/3+1*C_X-2/3*N_Y,-1/3+1*B_X+1/3*N_Y,-1+1*G_Y-1*N_Y,+1*I_Y-1*N_Y,+1+1*E_Y+1*N_Y,+1*H_Y-1*N_Y,+1*C_Y-1*N_Y,-1+1*G_X,-1+1*N_X],[N_Y,M_X,L_Y,H_X,M_Y,C_X,B_X,G_Y,I_Y,E_Y,H_Y,C_Y,G_X,N_X]);
print("A_x=0 A_y=1 B_y=0 D_x=0 D_y=0 E_x=0 F=(0,1,0) I=(1,I_y,0) J=(1,0,0) K_x=1 K_y=0 L=(1,L_y,0) ");
print(ADEFAGHIBDJKBGLNCEJNCHLMDIMNEGKMFHKNFIJL);
solve([-1/8+1*B_X,+1+1*C_Y,-1/2+1*K_Y,-2/3+1*G_Y,-2+1*L_Y,-1/4+1*K_X,-1/2+1*N_X,+2+1*F_Y,+1/4+1*J_X,-1/2+1*J_Y,+2/3+1*E_Y,+1+1*L_X,-2+1*C_X,-1/2+1*B_Y],[B_X,C_Y,K_Y,G_Y,L_Y,K_X,N_X,F_Y,J_X,J_Y,E_Y,L_X,C_X,B_Y]);
print("A=(0,1,0) D=(1,0,0) E=(1,E_y,0) F=(1,F_y,0) G_x=0 H_x=0 H_y=1 I_x=0 I_y=0 M_x=1 M_y=0 N_y=0 ");
print(ADEFAGHNBDIJBEKNCFINCGKLDLMNEGJMFHJLHIKM);
solve([+1-1/2*L_Y+1/2*L_Y*L_Y,-1/2+1*I_X+1/4*L_Y,-2+1*B_Y,-1/2+1*J_X,-1+1*I_Y+1/2*L_Y,-1+1*K_Y+1*L_Y,-2+1*H_Y+1*L_Y,+1*C_Y-1/2*L_Y,-1+1*G_Y,-1+1*J_Y,-1+1*G_X,-1+1*H_X,-1/2+1*F_X+1/4*L_Y,-1/2+1*C_X+1/4*L_Y],[L_Y,I_X,B_Y,J_X,I_Y,K_Y,H_Y,C_Y,G_Y,J_Y,G_X,H_X,F_X,C_X]);
print("A_x=1 A_y=0 B=(1,B_y,0) D_x=0 D_y=0 E=(1,0,0) F_y=0 K=(1,K_y,0) L_x=0 M_x=0 M_y=1 N=(0,1,0) ");
print(ADEFAGHNBDIJBEKNCFINCGKLDLMNEHJLFGJMHIKM);
solve([+1+1/2*I_Y*J_Y-1/3*M_Y-1/2*I_Y*M_Y+1/6*J_Y*M_Y,+1*I_Y-1/2*M_Y-1/2*I_Y*M_Y,+1*J_Y-1/3*M_Y-1/3*J_Y*M_Y,+1+1*B_Y,-1+1*M_X+1/2*M_Y,-1+1*J_X+1/2*J_Y,+1+1*C_Y,+1+1*H_Y-1*I_Y,+2+1*G_Y,+1+1*L_Y-1*M_Y,-1+1*I_X,-1+1*L_X+1/2*M_Y,-1+1*C_X,-1+1*D_X+1/2*M_Y],[I_Y,J_Y,M_Y,B_Y,M_X,J_X,C_Y,H_Y,G_Y,L_Y,I_X,L_X,C_X,D_X]);
print("A=(1,0,0) B_x=0 D_y=0 E_x=0 E_y=0 F_x=1 F_y=0 G=(1,G_y,0) H=(1,H_y,0) K_x=0 K_y=1 N=(0,1,0) ");
print(ADEFAGHIBDJKBGLNCEJNCHLMDIMNEIKLFGJMFHKN);
solve([-1/3+1*C_Y,-1/2+1*K_Y,-1+1*E_Y,-2/3+1*L_Y,-2/3+1*L_X,-4/3+1*C_X,-3/4+1*B_X,-2+1*M_X,-3/2+1*J_X,-2+1*G_Y,-1/2+1*K_X,-1/2+1*B_Y,+1+1*F_Y,-1/2+1*J_Y],[C_Y,K_Y,E_Y,L_Y,L_X,C_X,B_X,M_X,J_X,G_Y,K_X,B_Y,F_Y,J_Y]);
print("A=(0,1,0) D=(1,0,0) E=(1,E_y,0) F=(1,F_y,0) G_x=0 H_x=0 H_y=1 I_x=0 I_y=0 M_y=0 N_x=1 N_y=0 ");
print(ABDEAFGNBHINCDJNCFKLDHKMEGIKELMNFIJMGHJL);
solve([+1*L_Y-1*M_Y-1*L_Y*M_Y-1*M_Y*M_Y,+1*L_Y*L_Y+1*M_Y+1*L_Y*M_Y,-1+1*K_Y-1*L_Y-1*M_Y,+1*J_Y+1*M_Y,+1*C_Y-1*L_Y+2*M_Y,+1*K_X+1*L_Y+1*M_Y,-1+1*J_X-1*L_Y-1*M_Y,-1+1*H_Y-1*L_Y,+1+1*F_Y-1*M_Y,-1+1*L_X,-1+1*M_X,-1+1*C_X-1*L_Y-1*M_Y,+1+1*G_Y,-1+1*D_X-1*L_Y-1*M_Y],[L_Y,M_Y,K_Y,J_Y,C_Y,K_X,J_X,H_Y,F_Y,L_X,M_X,C_X,G_Y,D_X]);
print("A=(1,0,0) B_x=0 B_y=0 D_y=0 E_x=1 E_y=0 F=(1,F_y,0) G=(1,G_y,0) H_x=0 I_x=0 I_y=1 N=(0,1,0) ");
print(ACDEAFGHBCIJBDKLCFKMDGMNEGILEHJMFJLNHIKN);
solve([+1+1*A_Y,+1+1*B_X,-4/3+1*A_X,-1/3+1*M_X,-3/2+1*L_Y,-3/2+1*K_Y,-2/3+1*E_X,-2+1*D_Y,-1/2+1*G_Y,-1/3+1*D_X,-1/3+1*G_X,+3/2+1*F_Y,-1+1*M_Y,-1+1*E_Y],[A_Y,B_X,A_X,M_X,L_Y,K_Y,E_X,D_Y,G_Y,D_X,G_X,F_Y,M_Y,E_Y]);
print("B_y=0 C_x=1 C_y=0 F=(1,F_y,0) H_x=0 H_y=1 I_x=0 I_y=0 J=(1,0,0) K_x=0 L=(1,L_y,0) N=(0,1,0) ");
print(ACDEAFGHBCIJBDKLCFKMDGMNEFINEGJLHILMHJKN);
solve([+1-1*D_Y-1*D_X*F_Y,+1*A_Y-1*D_Y-1*D_X*F_Y-1*A_Y*M_X+1*F_Y*M_X,+1*B_Y+1*D_Y+1*D_X*F_Y-1*B_Y*M_X,+1*B_Y*D_X+1*D_X*F_Y-1*B_Y*M_X,+1*F_Y-1*F_Y*M_X-1*M_Y,+1*A_X*F_Y+1*A_Y*M_X-1*F_Y*M_X,+1*F_Y*G_X-1*F_Y*M_X+1*G_X*M_Y,+1*M_X-1*G_X*M_Y,+1*D_Y*M_X-1*D_X*M_Y,+1*C_Y+1*F_Y,-1+1*L_Y,-1+1*G_Y,+1*L_X-1*M_X,+1*H_X-1*M_X],[A_X,A_Y,B_Y,D_X,D_Y,F_Y,G_X,M_X,M_Y,C_Y,L_Y,G_Y,L_X,H_X]);
print("B=(1,B_y,0) C=(1,C_y,0) E_x=0 E_y=1 F_x=0 H_y=0 I=(0,1,0) J=(1,0,0) K_x=1 K_y=0 N_x=0 N_y=0 ");
print(ADEFAGHIBDJKBGLNCDMNCHJLEHKNEILMFGKMFIJN);
solve([-9/10+1*C_Y,-1+1*B_X,-3/5+1*N_Y,+1/8+1*C_X,+1/2+1*N_X,-4/5+1*M_Y,-1/4+1*L_X,-6/5+1*J_Y,+2/5+1*K_Y,-3/5+1*L_Y,-2/5+1*E_Y,-3/5+1*B_Y,+1/2+1*J_X,+1/2+1*I_X],[C_Y,B_X,N_Y,C_X,N_X,M_Y,L_X,J_Y,K_Y,L_Y,E_Y,B_Y,J_X,I_X]);
print("A_x=0 A_y=0 D_x=0 D_y=1 E_x=0 F=(0,1,0) G=(1,0,0) H_x=1 H_y=0 I_y=0 K=(1,K_y,0) M=(1,M_y,0) ");
print(ABEMAFGNBHINCFHJCKMNDELNDIJMEGJKFIKLGHLM);
solve([+1-1*J_Y+1/3*J_Y*J_Y,+1*D_Y+1/2*J_Y-1/2*D_Y*J_Y-1/2*J_Y*J_Y,+3+1*I_Y-2*J_Y,-2+1*I_X+1*J_Y,+2+1*H_Y-1*J_Y,-1+1*J_X+1*J_Y,-2+1*C_Y+1*J_Y,+2+1*F_Y,+1+1*L_Y,-1+1*L_X,-2+1*H_X+1*J_Y,-1+1*D_X,-2+1*B_X+1*J_Y,+1+1*G_Y],[D_Y,J_Y,I_Y,I_X,H_Y,J_X,C_Y,F_Y,L_Y,L_X,H_X,D_X,B_X,G_Y]);
print("A=(1,0,0) B_y=0 C_x=0 E_x=1 E_y=0 F=(1,F_y,0) G=(1,G_y,0) K_x=0 K_y=1 M_x=0 M_y=0 N=(0,1,0) ");
print(ABDEAFGNBHINCFHJCKLNDFKMDIJLEGIKEJMNGHLM);
solve([+1+1*L_Y-1*L_Y*L_Y,-2+1*H_X,-2+1*L_X+1*L_Y,+1+1*M_Y,+1*F_X-1*L_Y,+1+1*J_Y+1*L_Y,-3+1*C_X+1*L_Y,-1+1*F_Y,-1+1*D_Y-1*L_Y,-1+1*G_Y,-1+1*G_X,-1+1*K_X,+1*C_Y-1*L_Y,+1*K_Y-1*L_Y],[L_Y,H_X,L_X,M_Y,F_X,J_Y,C_X,F_Y,D_Y,G_Y,G_X,K_X,C_Y,K_Y]);
print("A_x=0 A_y=1 B_x=0 B_y=0 D_x=0 E=(0,1,0) H_y=0 I_x=1 I_y=0 J=(1,J_y,0) M=(1,M_y,0) N=(1,0,0) ");
print(AEFGAHIMBEMNBHJKCFJNCGLMDFKMDHLNEIJLGIKN);
solve([+1+1*K_Y-1*K_Y*K_Y,-1+1*B_Y+1*K_Y,+1+1*C_X-1*K_Y,-2+1*D_X+1*K_Y,-2+1*H_X,+1+1*J_Y-1*K_Y,-1+1*K_X+1*K_Y,+1*D_Y-1*K_Y,-1+1*L_Y,-1+1*C_Y,-1+1*J_X,-1+1*L_X,+1+1*N_Y,+1*F_Y-1*K_Y],[K_Y,B_Y,C_X,D_X,H_X,J_Y,K_X,D_Y,L_Y,C_Y,J_X,L_X,N_Y,F_Y]);
print("A_x=0 A_y=0 B=(1,B_y,0) E=(0,1,0) F_x=0 G_x=0 G_y=1 H_y=0 I_x=1 I_y=0 M=(1,0,0) N=(1,N_y,0) ");
print(AEFGAHIMBEMNBHJKCFJNCGKMDFLMDIKNEIJLGHLN);
solve([+1-2*N_Y+1/2*N_Y*N_Y,-1+1*K_X+1/2*N_Y,+2+1*L_Y-3*N_Y,-2+1*J_X+1/2*N_Y,+1+1*J_Y-1*N_Y,+1+1*C_Y-2*N_Y,+2+1*H_Y-2*N_Y,+2+1*I_Y-3*N_Y,+2+1*D_Y-4*N_Y,-1+1*K_Y+1*N_Y,-1+1*C_X+1/2*N_Y,-1+1*L_X,-1+1*G_X+1/2*N_Y,-1+1*D_X],[N_Y,K_X,L_Y,J_X,J_Y,C_Y,H_Y,I_Y,D_Y,K_Y,C_X,L_X,G_X,D_X]);
print("A=(1,0,0) B_x=0 B_y=1 E_x=0 E_y=0 F_x=1 F_y=0 G_y=0 H=(1,H_y,0) I=(1,I_y,0) M=(0,1,0) N_x=0 ");
print(ABLMAFGNBHINCDLNCFJMDHKMEGIMEJKNFIKLGHJL);
solve([+1-3*N_Y+3*N_Y*N_Y,+2+1*E_X-3*N_Y,+1+1*K_Y-3*N_Y,+1+1*B_Y-1*N_Y,-2+1*H_X+3*N_Y,+1+1*I_X,-1+1*K_X+3*N_Y,+1*C_X-1*N_Y,-1+1*D_X+2*N_Y,-1+1*I_Y,+1+1*H_Y-3*N_Y,-1+1*E_Y,+1+1*L_Y,+1+1*D_Y-3*N_Y],[N_Y,E_X,K_Y,B_Y,H_X,I_X,K_X,C_X,D_X,I_Y,H_Y,E_Y,L_Y,D_Y]);
print("A=(0,1,0) B=(1,B_y,0) C_y=0 F_x=0 F_y=0 G_x=0 G_y=1 J_x=1 J_y=0 L=(1,L_y,0) M=(1,0,0) N_x=0 ");
print(ACDEAFGHBCIJBDKLCFKMDGINEFLNEGJMHILMHJKN);
solve([+1-3*N_X+1*N_X*N_X,+1*B_Y-1*N_X,+1*B_X-1*N_X,+1+1*A_X,-1+1*K_Y+1*N_X,+2+1*J_Y-1*N_X,+1+1*D_X-1*N_X,+1+1*H_Y,+1+1*G_Y,+1+1*I_Y-1*N_X,-1+1*I_X,-1+1*H_X,-1+1*A_Y,-1+1*D_Y],[N_X,B_Y,B_X,A_X,K_Y,J_Y,D_X,H_Y,G_Y,I_Y,I_X,H_X,A_Y,D_Y]);
print("C_x=0 C_y=1 E=(1,0,0) F_x=0 F_y=0 G=(1,G_y,0) J=(1,J_y,0) K_x=0 L_x=1 L_y=0 M=(0,1,0) N_y=0 ");
print(ACDEAFGHBCIJBDKLCFKMDGINEFLNEHIMGJLMHJKN);
solve([+1+1*M_Y*N_X,+1*B_X-1*B_X*I_Y+1*B_X*M_Y+1*B_Y*N_X+1*I_Y*N_X,+1*B_Y-1*B_X*I_Y+1*M_Y*N_X,+1*I_Y-1*I_Y*N_X+1*N_Y,+1*K_X+1*I_Y*N_X-1*N_Y+1*N_X*N_Y,+1*I_Y*K_X-1*M_Y*N_X-2*N_Y,+1*K_X*M_Y-1*M_Y*N_X-1*N_Y,-1+1*J_X-1*K_X+1*N_X,+1+1*L_Y+1*M_Y,+1*L_X-1*N_X,+1*F_X-1*N_X,+1*D_Y+1*I_Y,+1*K_Y-1*N_Y,+1*J_Y-1*N_Y],[B_X,B_Y,I_Y,K_X,M_Y,N_X,N_Y,J_X,L_Y,L_X,F_X,D_Y,K_Y,J_Y]);
print("A_x=0 A_y=0 C_x=0 C_y=1 D_x=0 E=(0,1,0) F_y=0 G_x=1 G_y=0 H=(1,0,0) I=(1,I_y,0) M=(1,M_y,0) ");
print(ABDEAFGNBHINCFJKCHLMDGHJDKLNEFILEJMNGIKM);
solve([+1-3*M_X+1*M_X*M_X,+1*C_Y+5/3*M_X-1/3*C_Y*M_X-2/3*M_X*M_X,-2+1*C_X-1*C_Y,+2+1*L_Y-1*M_X,+5+1*K_Y-2*M_X,-1+1*I_X+1*M_X,+2+1*G_Y-1*M_X,-2+1*F_X+1*M_X,-1+1*J_X,-1+1*G_X,-1+1*J_Y,-1+1*M_Y,+2+1*F_Y-1*M_X,+2+1*A_Y-1*M_X],[C_Y,M_X,C_X,L_Y,K_Y,I_X,G_Y,F_X,J_X,G_X,J_Y,M_Y,F_Y,A_Y]);
print("A_x=0 B_x=0 B_y=0 D=(0,1,0) E_x=0 E_y=1 H_x=1 H_y=0 I_y=0 K=(1,K_y,0) L=(1,L_y,0) N=(1,0,0) ");
print(ADEFAGHNBDIJBEKNCDLNCGKMEHIMFGILFJMNHJKL);
solve([+1-1*I_X*L_Y+1*K_X*L_Y,+1*I_X+1*I_X*K_Y-1*I_X*L_Y+1*K_X*L_Y,+1*K_X+1*K_X*K_Y-1*I_X*L_Y,+1*K_Y-1*I_X*L_Y,+1*I_Y-1*K_Y,-1+1*B_Y,-1+1*C_Y-1*L_Y,-1+1*J_Y-1*K_Y,+1*G_Y-1*L_Y,+1+1*H_Y+1*K_Y-1*L_Y,+1*B_X-1*K_X,-1+1*L_X,-1+1*C_X,+1*E_X-1*K_X],[I_X,K_X,K_Y,L_Y,I_Y,B_Y,C_Y,J_Y,G_Y,H_Y,B_X,L_X,C_X,E_X]);
print("A=(1,0,0) D_x=1 D_y=0 E_y=0 F_x=0 F_y=0 G=(1,G_y,0) H=(1,H_y,0) J_x=0 M_x=0 M_y=1 N=(0,1,0) ");
print(ADENAFGHBDIJBFKNCEKLCGINDFLMEHIMGJKMHJLN);
solve([+1-1*L_X*M_X-1*M_Y,+1*L_X-1*M_X*M_X-1*M_Y-1*L_X*M_Y,+1*I_Y*L_X+1*L_X*M_X-1*M_X*M_X-1*L_X*M_Y,+1*M_X-1*M_X*M_X-1*M_Y,+1*K_Y+1*M_X,+1+1*J_Y-1*M_X-1*M_Y,-1+1*C_Y+1*M_X,+1*B_Y-1*I_Y+1*M_Y,+1*L_Y-1*M_Y,-1+1*C_X,+1*D_Y-1*M_Y,-1+1*I_X,+1*J_X-1*L_X,+1*H_X-1*L_X],[I_Y,L_X,M_X,M_Y,K_Y,J_Y,C_Y,B_Y,L_Y,C_X,D_Y,I_X,J_X,H_X]);
print("A_x=0 A_y=0 B=(1,B_y,0) D_x=0 E_x=0 E_y=1 F=(1,0,0) G_x=1 G_y=0 H_y=0 K=(1,K_y,0) N=(0,1,0) ");
print(ADEFAGHNBDGIBJKNCEHJCFLNDJLMEIMNFGKMHIKL);
solve([+1-1*H_Y-2*N_Y+1*H_Y*N_Y,+1*A_X+1*N_Y-1*A_X*N_Y,+1*B_X-1*H_Y-1*N_Y-2*B_X*N_Y+1*H_Y*N_Y,+1*C_Y-1*N_Y-1*C_Y*N_Y+2*N_Y*N_Y,+1*A_X*H_Y+2*N_Y-1*A_X*N_Y-1*H_Y*N_Y,+1*C_X+1*C_Y-2*N_Y,-2+1*H_X+1*H_Y,-1+1*J_Y+2*N_Y,-1+1*K_Y+1*N_Y,-1+1*G_Y,-1+1*G_X,-1+1*K_X,+1*L_Y+1*N_Y,-1+1*B_Y],[A_X,B_X,C_Y,H_Y,N_Y,C_X,H_X,J_Y,K_Y,G_Y,G_X,K_X,L_Y,B_Y]);
print("A_y=0 D=(1,0,0) E_x=0 E_y=0 F_x=1 F_y=0 I_x=0 I_y=1 J=(1,J_y,0) L=(1,L_y,0) M=(0,1,0) N_x=0 ");
print(ABDEAFGNBHINCDFJCKLNDHKMEGHLEJMNFILMGIJK);
solve([+3/5+1*L_Y,-1/5+1*M_Y,-4/3+1*L_X,-2/3+1*M_X,+1/5+1*K_Y,+9/10+1*G_Y,+2/5+1*C_Y,-2/5+1*J_Y,+6/5+1*F_Y,-3/5+1*H_Y,-4/3+1*K_X,-2/3+1*J_X,-4/3+1*C_X,-2/3+1*E_X],[L_Y,M_Y,L_X,M_X,K_Y,G_Y,C_Y,J_Y,F_Y,H_Y,K_X,J_X,C_X,E_X]);
print("A=(1,0,0) B_x=0 B_y=0 D_x=1 D_y=0 E_y=0 F=(1,F_y,0) G=(1,G_y,0) H_x=0 I_x=0 I_y=1 N=(0,1,0) ");
print(ABDEAFGNBHINCDFJCKLNDHKMEGIKEJMNFILMGHJL);
solve([+5+1*L_Y,+1+1*M_Y,-4+1*L_X,+3/2+1*G_Y,+2+1*J_Y,+6+1*C_Y,-3+1*I_Y,+2+1*F_Y,-2+1*J_X,-2+1*E_X,-2+1*M_X,+3+1*K_Y,-4+1*C_X,-4+1*K_X],[L_Y,M_Y,L_X,G_Y,J_Y,C_Y,I_Y,F_Y,J_X,E_X,M_X,K_Y,C_X,K_X]);
print("A=(1,0,0) B_x=0 B_y=0 D_x=1 D_y=0 E_y=0 F=(1,F_y,0) G=(1,G_y,0) H_x=0 H_y=1 I_x=0 N=(0,1,0) ");
print(ADEFAGHIBDJKBELNCGJLCHKNDGMNEIKMFHLMFIJN);
solve([+1+1*M_Y+1/3*M_Y*M_Y,+2+1*K_X+1*M_Y,-3+1*K_Y-1*M_Y,-1+1*G_Y-1*M_Y,+1+1*I_X,+1+1*H_X+1*M_Y,+2+1*C_X+2*M_Y,-3+1*C_Y-1*M_Y,-3+1*H_Y-1*M_Y,+2+1*J_X+1*M_Y,+1*J_Y+1*M_Y,+2+1*B_X+1*M_Y,+1*I_Y+1*M_Y,+1*F_Y+1*M_Y],[M_Y,K_X,K_Y,G_Y,I_X,H_X,C_X,C_Y,H_Y,J_X,J_Y,B_X,I_Y,F_Y]);
print("A_x=0 A_y=1 B_y=0 D=(0,1,0) E_x=0 E_y=0 F_x=0 G=(1,G_y,0) L_x=1 L_y=0 M=(1,M_y,0) N=(1,0,0) ");
print(ABCDAEFGBHIJCEHKCILMDELNDFJMFIKNGHMNGJKL);
solve([+1-1*M_Y+1/2*M_Y*M_Y,+2+1*B_X-1*M_Y,+1*K_X+1*M_Y,-1+1*K_Y+1*M_Y,+1+1*H_X,-2+1*F_Y+1*M_Y,-2+1*J_Y+2*M_Y,-1+1*F_X+1*M_Y,-1+1*I_Y,-3+1*G_Y+2*M_Y,-1+1*H_Y+1*M_Y,-1+1*E_Y+1*M_Y,+1*J_X+1*M_Y,+1*G_X+1*M_Y],[M_Y,B_X,K_X,K_Y,H_X,F_Y,J_Y,F_X,I_Y,G_Y,H_Y,E_Y,J_X,G_X]);
print("A_x=1 A_y=0 B_y=0 C=(1,0,0) D_x=0 D_y=0 E_x=0 I=(1,I_y,0) L=(0,1,0) M=(1,M_y,0) N_x=0 N_y=1 ");
print(ABDEAFGHBIJNCFKNCILMDFJLDGMNEGIKEHLNHJKM);
solve([+1+1*N_Y+1*J_X*N_Y-1*M_X*N_Y,+1*C_X-1*C_X*M_Y-2*N_Y+1*C_X*N_Y+2*J_X*N_Y,+1*C_Y+2*N_Y-1*C_X*N_Y-1*M_X*N_Y,+1*J_X-1*J_X*M_Y+1*M_X*N_Y,+1*M_X-1*M_X*M_Y-1*N_Y+2*J_X*N_Y,+1*M_Y+1*N_Y-1*M_X*N_Y,+1+1*L_Y-1*M_Y,-2+1*F_X+1*M_X,-1+1*I_Y-1*N_Y,+1*D_Y+1*N_Y,-1+1*I_X,-1+1*K_X,+1*J_Y-1*M_Y,+1*K_Y-1*M_Y],[C_X,C_Y,J_X,M_X,M_Y,N_Y,L_Y,F_X,I_Y,D_Y,I_X,K_X,J_Y,K_Y]);
print("A_x=0 A_y=0 B_x=0 B_y=1 D_x=0 E=(0,1,0) F_y=0 G_x=1 G_y=0 H=(1,0,0) L=(1,L_y,0) N=(1,N_y,0) ");
print(ABEMAFGNBHINCEFJCKMNDGHMDJLNEHKLFILMGIJK);
solve([-3/2+1*H_X,+2+1*K_Y,-1/2+1*J_X,-2+1*L_Y,-4+1*E_Y,-3/2+1*G_X,-2+1*D_Y,-2+1*J_Y,+4+1*C_Y,-3/2+1*D_X,-1+1*I_X,-1+1*L_X,-1+1*H_Y,-1+1*I_Y],[H_X,K_Y,J_X,L_Y,E_Y,G_X,D_Y,J_Y,C_Y,D_X,I_X,L_X,H_Y,I_Y]);
print("A_x=0 A_y=0 B_x=0 B_y=1 C=(1,C_y,0) E_x=0 F_x=1 F_y=0 G_y=0 K=(1,K_y,0) M=(0,1,0) N=(1,0,0) ");
print(ABEMAFGNBHINCFJKCHLMDFILDJMNEGHJEKLNGIKM);
solve([+1-1/2*B_Y*I_X,+1*B_Y-1*L_Y-1/2*B_Y*L_Y,+1*I_X-1/2*L_Y-1*I_X*L_Y,+1*D_X+1*I_X,+1*L_X+1/2*L_Y,-2+1*K_Y,-1+1*H_X+1/2*L_Y,+1+1*K_X,+2+1*E_Y,-1+1*C_X+1*L_Y,+1*C_Y-1*L_Y,+1*H_Y-1*L_Y,-2+1*I_Y,-2+1*G_Y],[B_Y,I_X,L_Y,D_X,L_X,K_Y,H_X,K_X,E_Y,C_X,C_Y,H_Y,I_Y,G_Y]);
print("A=(0,1,0) B=(1,B_y,0) D_y=0 E=(1,E_y,0) F_x=0 F_y=1 G_x=0 J_x=1 J_y=0 M=(1,0,0) N_x=0 N_y=0 ");
print(ABLMAFGNBHINCFJLCHKMDGHLDJMNEFIMEKLNGIJK);
solve([+1+3*K_Y+1*K_Y*K_Y,+1*C_X+4*K_Y+1*C_X*K_Y-1*C_Y*K_Y+2*K_Y*K_Y,+1*C_Y-2*K_Y+1*C_Y*K_Y-1*K_Y*K_Y,+1+1*I_Y,+1+1*E_Y+1*K_Y,-2+1*I_X-1*K_Y,-1+1*J_Y-1*K_Y,+1+1*H_Y+1*K_Y,-2+1*H_X-1*K_Y,+1+1*F_Y+1*K_Y,-1+1*K_X,-1+1*E_X,+1+1*G_Y,-2+1*B_X-1*K_Y],[C_X,C_Y,K_Y,I_Y,E_Y,I_X,J_Y,H_Y,H_X,F_Y,K_X,E_X,G_Y,B_X]);
print("A=(1,0,0) B_y=0 D_x=0 D_y=1 F=(1,F_y,0) G=(1,G_y,0) J_x=0 L_x=1 L_y=0 M_x=0 M_y=0 N=(0,1,0) ");
print(ABEMACFNBGHNCIJMDGIKDLMNEHILEJKNFGJLFHKM);
solve([+1-1*L_Y+1*L_Y*L_Y,+1*K_X-1*L_Y,+1+1*D_Y-1*L_Y,-1+1*G_X-1*L_Y,+1*H_Y-1*L_Y,-1+1*I_Y-1*L_Y,+1*G_Y-1*L_Y,+1*B_Y-1*L_Y,-1+1*J_Y,-1+1*K_Y,-1+1*I_X,-1+1*J_X,+1*H_X-1*L_Y,+1*F_X-1*L_Y],[L_Y,K_X,D_Y,G_X,H_Y,I_Y,G_Y,B_Y,J_Y,K_Y,I_X,J_X,H_X,F_X]);
print("A_x=0 A_y=0 B_x=0 C_x=1 C_y=0 D=(1,D_y,0) E_x=0 E_y=1 F_y=0 L=(1,L_y,0) M=(0,1,0) N=(1,0,0) ");
print(ADEFAGHNBDGIBJKNCDLNCEJMEHIKFHJLFIMNGKLM);
solve([+1-1*M_Y+1*G_X*M_Y,+1*K_Y+1*G_X*M_Y-1*K_X*M_Y,+1*B_X*K_Y-1*M_Y-1*B_X*M_Y+1*K_X*M_Y,+1*G_X*K_Y-1*M_Y,+1*K_X*K_Y+1*M_Y-1*K_X*M_Y,-2+1*C_X+1*K_X,+1*I_Y+1*K_Y-1*M_Y,+1*J_Y-1*K_Y,+1*E_Y-1*K_Y+1*M_Y,+1*B_Y-1*K_Y,-1+1*J_X,-1+1*L_X,-1+1*C_Y,-1+1*L_Y],[B_X,G_X,K_X,K_Y,M_Y,C_X,I_Y,J_Y,E_Y,B_Y,J_X,L_X,C_Y,L_Y]);
print("A_x=0 A_y=0 D_x=0 D_y=1 E_x=0 F=(0,1,0) G_y=0 H_x=1 H_y=0 I=(1,I_y,0) M=(1,M_y,0) N=(1,0,0) ");
print(ADEFAGHNBDIJBEKNCDGLCIMNEHJMFGKMFJLNHIKL);
solve([+1-3*M_Y+1*D_Y*M_Y+1*M_Y*M_Y,+1*D_Y-3*M_Y+2*D_Y*M_Y+1*M_Y*M_Y,+1*C_X*D_Y-2*M_Y+2*D_Y*M_Y+1*M_Y*M_Y,-2+1*B_Y+1*D_Y+1*M_Y,-1+1*I_X+2*M_Y,+1*L_X+1*M_Y,-1+1*M_X+1*M_Y,-1+1*J_X+1*M_Y,+1+1*K_Y,-1+1*H_X+1*M_Y,-1+1*J_Y,-1+1*L_Y,+1*I_Y-1*M_Y,+1*C_Y-1*M_Y],[C_X,D_Y,M_Y,B_Y,I_X,L_X,M_X,J_X,K_Y,H_X,J_Y,L_Y,I_Y,C_Y]);
print("A_x=0 A_y=0 B=(1,B_y,0) D_x=0 E=(0,1,0) F_x=0 F_y=1 G_x=1 G_y=0 H_y=0 K=(1,K_y,0) N=(1,0,0) ");
print(ADEFAGHNBDIJBEKNCDGLCIMNEHLMFHIKFJLNGJKM);
solve([+1-1*M_X+1*K_Y*M_X,+1*D_Y-1*D_Y*E_X-1*K_Y,+1*B_X*D_Y-1*D_Y*M_X+1*K_Y*M_X,+1*E_X-1*K_Y-1*E_X*K_Y,+1*I_X+1*K_Y-1*I_X*K_Y-2*M_X+2*K_Y*M_X,+1*D_Y*I_X+1*M_X-1*D_Y*M_X,-1+1*H_Y+1*K_Y,-1+1*M_Y,+1*A_Y+1*D_Y,-1+1*I_Y,+1*B_Y-1*K_Y,+1*E_Y-1*K_Y,+1*K_X-1*M_X,+1*J_X-1*M_X],[B_X,D_Y,E_X,I_X,K_Y,M_X,H_Y,M_Y,A_Y,I_Y,B_Y,E_Y,K_X,J_X]);
print("A=(1,A_y,0) C_x=0 C_y=1 D_x=0 F_x=1 F_y=0 G=(0,1,0) H=(1,H_y,0) J_y=0 L_x=0 L_y=0 N=(1,0,0) ");
print(ADEFAGHNBDIJBEKNCFGKCILNDGLMEHIMFJMNHJKL);
solve([+1+1*J_X*L_Y-1*J_X*M_Y,+1*J_X+1*M_Y-1*J_X*M_Y,+1*K_Y+1*L_Y+1*K_Y*L_Y-1*K_Y*M_Y,+1*J_X*K_Y+1*L_Y+1*K_Y*L_Y-1*M_Y-1*K_Y*M_Y,+1*L_X+1*L_Y-1*M_Y,-1+1*G_X+1*J_X,+1*C_X+1*J_X+1*L_Y-1*M_Y,+1+1*B_Y-1*L_Y,-1+1*I_X,-1+1*M_X,+1*J_Y-1*M_Y,+1*F_Y-1*M_Y,+1*C_Y-1*L_Y,+1*I_Y-1*L_Y],[J_X,K_Y,L_Y,M_Y,L_X,G_X,C_X,B_Y,I_X,M_X,J_Y,F_Y,C_Y,I_Y]);
print("A_x=0 A_y=0 B=(1,B_y,0) D_x=0 D_y=1 E=(0,1,0) F_x=0 G_y=0 H_x=1 H_y=0 K=(1,K_y,0) N=(1,0,0) ");
print(ADEFAGHNBDIJBEKNCFGKCILNDGLMEHJLFJMNHIKM);
solve([+1+1*L_Y*M_Y-1*M_Y*M_Y,+1*I_Y-1*B_Y*L_Y+1*I_Y*M_Y,+1*L_Y-1*M_Y+1*I_Y*M_Y-1*J_Y*M_Y-1*L_Y*M_Y+1*M_Y*M_Y,+1*I_Y*L_Y-1*L_Y*L_Y-1*J_Y*M_Y+1*M_Y*M_Y,+1*J_Y*L_Y-1*I_Y*M_Y,+1+1*H_Y+1*L_Y-1*M_Y,-1+1*B_X+1*B_Y,+1*I_X+1*I_Y-1*L_Y+1*M_Y,+1*J_X+1*J_Y,+1*C_Y-1*L_Y+1*M_Y,+1*M_X+1*M_Y,+1*L_X+1*M_Y,+1+1*N_Y,+1*D_X+1*M_Y],[B_Y,I_Y,J_Y,L_Y,M_Y,H_Y,B_X,I_X,J_X,C_Y,M_X,L_X,N_Y,D_X]);
print("A=(1,0,0) C_x=0 D_y=0 E_x=1 E_y=0 F_x=0 F_y=0 G=(0,1,0) H=(1,H_y,0) K_x=0 K_y=1 N=(1,N_y,0) ");
print(ABEFAGHMBIMNCEJNCFKMDGKNDJLMEGILFHLNHIJK);
solve([+1-1*I_X*K_Y+1*J_X*K_Y-1*L_Y,+1*E_Y+1*J_X-1*E_Y*J_X-1*L_Y,+1*I_X-2*I_X*K_Y+2*J_X*K_Y+2*L_Y-2*I_X*L_Y,+1*E_Y*I_X+1*J_X-1*E_Y*J_X+1*L_Y-1*I_X*L_Y,+1*K_Y-1*J_X*K_Y+1*L_Y,-1+1*D_X+1*I_X-1*J_X,-2+1*G_X+1*I_X,-1+1*C_Y+1*E_Y,-1+1*N_Y,-1+1*I_Y,-1+1*N_X,-1+1*L_X,+1*J_Y-1*L_Y,+1*D_Y-1*L_Y],[E_Y,I_X,J_X,K_Y,L_Y,D_X,G_X,C_Y,N_Y,I_Y,N_X,L_X,J_Y,D_Y]);
print("A_x=0 A_y=0 B_x=0 B_y=1 C=(1,C_y,0) E_x=0 F=(0,1,0) G_y=0 H_x=1 H_y=0 K=(1,K_y,0) M=(1,0,0) ");
print(ABEMAFGNBHINCFHJCKLNDEGKDJMNEIJLFIKMGHLM);
solve([+5+1*C_X,+1/3+1*J_Y,+2+1*L_X,-2+1*L_Y,-2/3+1*D_Y,-4/3+1*E_Y,-1+1*H_Y,-2+1*C_Y,-2+1*K_Y,-1+1*I_Y,-1+1*K_X,-1+1*I_X,+2+1*H_X,+2+1*G_X],[C_X,J_Y,L_X,L_Y,D_Y,E_Y,H_Y,C_Y,K_Y,I_Y,K_X,I_X,H_X,G_X]);
print("A_x=0 A_y=0 B_x=0 B_y=1 D=(1,D_y,0) E_x=0 F_x=1 F_y=0 G_y=0 J=(1,J_y,0) M=(0,1,0) N=(1,0,0) ");
print(ACDEAFGHBCFIBDJKCGLMDHLNEGJNEIKLFKMNHIJM);
solve([+1-2*N_Y*N_Y,+1*M_X+2*N_Y,+1*B_Y-1*N_Y,-2+1*K_X,-1+1*D_Y,-2+1*E_X-2*N_Y,+1+1*J_Y,+1+1*A_Y,-1+1*K_Y-2*N_Y,-1+1*E_Y-2*N_Y,-1+1*I_Y-2*N_Y,-1+1*B_X+1*N_Y,+1*I_X+2*N_Y,+1*J_X+2*N_Y],[N_Y,M_X,B_Y,K_X,D_Y,E_X,J_Y,A_Y,K_Y,E_Y,I_Y,B_X,I_X,J_X]);
print("A_x=0 C_x=1 C_y=0 D=(1,D_y,0) F_x=0 F_y=1 G_x=0 G_y=0 H=(0,1,0) L=(1,0,0) M_y=0 N=(1,N_y,0) ");
print(ACDEAFGHBCFIBDJKCGLMDHLNEHJMEIKLFKMNGIJN);
solve([+1+1*C_X*L_Y-1*E_X*L_Y,+1*A_X+1/2*A_X*I_Y+2*C_X*L_Y-1*E_X*L_Y-1*J_X*L_Y,+1*C_X+1/2*C_X*I_Y+1*C_X*L_Y-1/2*E_X*L_Y-1/2*J_X*L_Y,+1*E_X+1/2*E_X*I_Y+1*C_X*L_Y,+1*E_Y-1*E_X*L_Y,+1*I_Y-1*J_X*L_Y,+1*J_X+1/2*I_Y*J_X+1*C_X*L_Y-1*E_X*L_Y,+1+1*H_Y+1/2*I_Y,-2+1*F_Y-1*I_Y,-1+1*G_Y-1*I_Y,+1*A_Y-1*E_Y,+1*C_Y-1*E_Y,+1*I_X-1*J_X,+1*G_X-1*J_X],[A_X,C_X,E_X,E_Y,I_Y,J_X,L_Y,H_Y,F_Y,G_Y,A_Y,C_Y,I_X,G_X]);
print("B_x=1 B_y=0 D=(1,0,0) F_x=0 H=(1,H_y,0) J_y=0 K_x=0 K_y=0 L=(1,L_y,0) M_x=0 M_y=1 N=(0,1,0) ");
print(ABDEAFGNBHINCDFJCHKLDKMNEGIKEJLNFILMGHJM);
solve([+1-1*L_X+1*L_X*L_Y,+1*C_X-1*L_X+1/2*L_Y-1*C_X*L_Y+1*L_X*L_Y,+1*I_Y-1*C_X*I_Y+1*L_X-1/2*L_Y+1*C_X*L_Y-1*L_X*L_Y,+1*I_Y*L_X-1*L_Y-1*L_X*L_Y,+1*C_Y-1*I_Y,+1+1*H_Y-1*I_Y-1*L_Y,+2+1*G_Y-1*I_Y-1*L_Y,+1+1*F_Y-1*I_Y,-2+1*K_Y+1*L_Y,+1+1*J_Y-1*L_Y,+1*J_X-1*L_X,-1+1*I_X,+1*E_X-1*L_X,-1+1*H_X],[C_X,I_Y,L_X,L_Y,C_Y,H_Y,G_Y,F_Y,K_Y,J_Y,J_X,I_X,E_X,H_X]);
print("A=(1,0,0) B_x=1 B_y=0 D_x=0 D_y=0 E_y=0 F=(1,F_y,0) G=(1,G_y,0) K_x=0 M_x=0 M_y=1 N=(0,1,0) ");
print(ABFLAGHMBIMNCDLMCFJNDGKNEHLNEJKMFHIKGIJL);
solve([+1/4+1*E_Y,-3+1*M_X,+1/2+1*N_Y,+1+1*K_X,+1+1*D_Y,-1/2+1*J_Y,+1/2+1*C_Y,-3/2+1*B_Y,-3+1*C_X,-3+1*D_X,-1+1*I_Y,-1+1*K_Y,-1+1*I_X,-1+1*J_X],[E_Y,M_X,N_Y,K_X,D_Y,J_Y,C_Y,B_Y,C_X,D_X,I_Y,K_Y,I_X,J_X]);
print("A_x=0 A_y=0 B_x=0 E=(1,E_y,0) F_x=0 F_y=1 G_x=1 G_y=0 H=(1,0,0) L=(0,1,0) M_y=0 N=(1,N_y,0) ");
print(ABEMAFGHBIJNCFMNCIKLDGIMDHKNEFJKEGLNHJLM);
solve([+1-1*L_Y-1*L_Y*L_Y,+1+1*C_Y-1*L_Y,+1*D_Y+1*L_Y,+1*K_X+1*L_Y,-1+1*I_Y+1*L_Y,-2+1*B_Y+1*L_Y,-1+1*L_X+1*L_Y,-1+1*I_X,-1+1*J_Y,-1+1*K_Y,+1+1*N_Y,-1+1*D_X,-1+1*J_X+1*L_Y,-1+1*H_X+1*L_Y],[L_Y,C_Y,D_Y,K_X,I_Y,B_Y,L_X,I_X,J_Y,K_Y,N_Y,D_X,J_X,H_X]);
print("A_x=0 A_y=0 B_x=0 C=(1,C_y,0) E_x=0 E_y=1 F=(1,0,0) G_x=1 G_y=0 H_y=0 M=(0,1,0) N=(1,N_y,0) ");
print(ADEFAGHIBDGJBHKNCDLNCIKMEGMNEJKLFHLMFIJN);
solve([-1/2+1*B_Y,-1/5+1*C_Y,-2+1*D_Y,-1/3+1*L_Y,-1/3+1*K_X,-3/5+1*C_X,-1/4+1*B_X,-1/2+1*N_X,-1/6+1*J_X,-1/2+1*I_Y,-2/3+1*L_X,-1/3+1*J_Y,-1/3+1*K_Y,+1+1*F_Y],[B_Y,C_Y,D_Y,L_Y,K_X,C_X,B_X,N_X,J_X,I_Y,L_X,J_Y,K_Y,F_Y]);
print("A=(0,1,0) D=(1,D_y,0) E=(1,0,0) F=(1,F_y,0) G_x=0 G_y=0 H_x=0 H_y=1 I_x=0 M_x=1 M_y=0 N_y=0 ");
print(ABFLAGHMBIJNCFMNCGILDHLNDIKMEGKNEJLMFHJK);
solve([+1+1*K_Y+1*K_Y*K_Y,+1*K_X+2*K_Y,+1+1*G_Y+1/2*K_Y,+1/2+1*H_Y,+1+1*E_Y+1*K_Y,-1+1*D_Y-1*K_Y,-2+1*C_Y-1*K_Y,-2+1*L_X,-1+1*I_Y-2*K_Y,+1*I_X+2*K_Y,+1+1*J_Y,-2+1*E_X,-2+1*J_X,+1*D_X+2*K_Y],[K_Y,K_X,G_Y,H_Y,E_Y,D_Y,C_Y,L_X,I_Y,I_X,J_Y,E_X,J_X,D_X]);
print("A=(1,0,0) B_x=1 B_y=0 C_x=0 F_x=0 F_y=0 G=(1,G_y,0) H=(1,H_y,0) L_y=0 M=(0,1,0) N_x=0 N_y=1 ");
print(ABCNADEFBGHICJKLDGJMDHKNEGLNEIKMFHLMFIJN);
solve([+1-1*M_Y+1*M_Y*M_Y,+1*C_X+1*C_Y-1*M_Y-1*C_X*M_Y+1*M_Y*M_Y,+1*A_Y+1*C_X-1*M_Y,+1+1*K_Y-1*M_Y,-1+1*M_X+1*M_Y,+1+1*E_Y-1*M_Y,+1*A_X-1*C_X,-1+1*L_X,-1+1*E_X,+1*B_X-1*C_X,+1+1*D_Y,+1*L_Y-1*M_Y,+1*F_Y-1*M_Y],[C_X,C_Y,M_Y,A_Y,K_Y,M_X,E_Y,A_X,L_X,E_X,B_X,D_Y,L_Y,F_Y]);
print("B_y=0 D=(1,D_y,0) F_x=0 G_x=1 G_y=0 H=(1,0,0) I_x=0 I_y=0 J_x=0 J_y=1 K=(1,K_y,0) N=(0,1,0) ");
print(ABFLACGMBHMNCILNDGJNDIKMEFKNEJLMFHIJGHKL);
solve([+3+1*D_X,-2/3+1*N_Y,+1+1*N_X,-1/3+1*E_Y,-4/3+1*K_Y,+1/3+1*J_Y,-4/3+1*I_Y,-4/3+1*D_Y,+1+1*I_X,-2/3+1*H_Y,+1+1*C_X,-2/3+1*B_Y,-1+1*K_X,-1+1*H_X],[D_X,N_Y,N_X,E_Y,K_Y,J_Y,I_Y,D_Y,I_X,H_Y,C_X,B_Y,K_X,H_X]);
print("A_x=0 A_y=0 B_x=0 C_y=0 E=(1,E_y,0) F_x=0 F_y=1 G_x=1 G_y=0 J=(1,J_y,0) L=(0,1,0) M=(1,0,0) ");
print(ABDEAFGHBIJNCFIKCGLNDFMNDJKLEGJMEHKNHILM);
solve([+1-3*M_Y+1*M_Y*M_Y,-1+1*L_Y+3*M_Y,-1/2+1*A_X,+1*L_X-1*M_Y,+1+1*H_Y,+1+1*I_Y+1*M_Y,+1*K_Y+1*M_Y,-2+1*C_Y+4*M_Y,-1+1*G_Y+2*M_Y,+1*C_X-1*M_Y,-1+1*H_X,-1+1*K_X,+1*J_Y+1*M_Y,+1*G_X-1*M_Y],[M_Y,L_Y,A_X,L_X,H_Y,I_Y,K_Y,C_Y,G_Y,C_X,H_X,K_X,J_Y,G_X]);
print("A_y=0 B=(1,0,0) D_x=0 D_y=0 E_x=1 E_y=0 F_x=0 F_y=1 I=(1,I_y,0) J=(1,J_y,0) M_x=0 N=(0,1,0) ");
print(ADEFAGHIBDJKBGLNCDMNCEHLEIJNFGJMFHKNIKLM);
solve([+1+1*L_X*N_Y,+1*B_Y+3*N_Y+1*B_Y*N_Y-2*L_X*N_Y+1*N_Y*N_Y,+1*L_X+1*N_Y+1/2*L_X*N_Y+1/2*N_Y*N_Y,+1+1*K_X-2*L_X,-2+1*M_X-1*N_Y,+1+1*M_Y+1*N_Y,+2+1*D_Y-2*L_X+1*N_Y,+3+1*C_Y-2*L_X+1*N_Y,+2+1*B_X+1*B_Y-2*L_X+1*N_Y,+1*H_X-1*L_X,+1+1*J_Y,+1*C_X-1*L_X,+1+1*K_Y+1*N_Y,+1+1*L_Y+1*N_Y],[B_Y,L_X,N_Y,K_X,M_X,M_Y,D_Y,C_Y,B_X,H_X,J_Y,C_X,K_Y,L_Y]);
print("A_x=0 A_y=0 D_x=0 E=(0,1,0) F_x=0 F_y=1 G_x=1 G_y=0 H_y=0 I=(1,0,0) J=(1,J_y,0) N=(1,N_y,0) ");
print(AEFGAHIMBEHJBFMNCEKNCJLMDGKMDHLNFIKLGIJN);
solve([+1/6+1*L_Y,+2+1*H_Y,-1/6+1*C_Y,-1/2+1*E_X,-1/3+1*L_X,+1/2+1*K_Y,+3/2+1*D_Y,-1/2+1*N_Y,-1/3+1*J_Y,-1+1*K_X,-1/3+1*J_X,-1+1*D_X,+1/2+1*I_Y,-1/3+1*C_X],[L_Y,H_Y,C_Y,E_X,L_X,K_Y,D_Y,N_Y,J_Y,K_X,J_X,D_X,I_Y,C_X]);
print("A=(1,0,0) B_x=0 B_y=1 E_y=0 F_x=0 F_y=0 G_x=1 G_y=0 H=(1,H_y,0) I=(1,I_y,0) M=(0,1,0) N_x=0 ");
print(ABDEAFGHBIJNCFIKCGLNDFMNDHJLEHKNEILMGJKM);
solve([+1-2*A_X*M_Y,+1*A_X-1*A_X*L_Y-1*M_Y-1*A_X*M_Y+1*L_Y*M_Y-2*M_Y*M_Y,+1*L_Y-1*M_Y-1*L_Y*M_Y+2*M_Y*M_Y,+1*L_X+1*L_Y-2*M_Y,-1+1*H_Y+2*M_Y,-1+1*K_Y+1*M_Y,-1+1*J_Y+2*M_Y,-1+1*C_Y-1*L_Y+1*M_Y,+1*G_Y-1*L_Y-1*M_Y,-1+1*K_X,+1*I_Y+1*M_Y,+1*C_X+1*L_Y-2*M_Y,+1*G_X+1*L_Y-2*M_Y,-1+1*H_X],[A_X,L_Y,M_Y,L_X,H_Y,K_Y,J_Y,C_Y,G_Y,K_X,I_Y,C_X,G_X,H_X]);
print("A_y=0 B=(1,0,0) D_x=0 D_y=0 E_x=1 E_y=0 F_x=0 F_y=1 I=(1,I_y,0) J=(1,J_y,0) M_x=0 N=(0,1,0) ");
print(ABEFACGMBHMNCIJNDEKNDILMEHJLFGLNFJKMGHIK);
solve([+1+9/5*N_Y+4/5*N_Y*N_Y,+1*L_Y+2/5*N_Y+1*L_Y*N_Y+2/5*N_Y*N_Y,+8/5+1*K_X+8/5*N_Y,-7/5+1*L_X+1*L_Y-2/5*N_Y,-5+1*H_Y-6*N_Y,+4/5+1*J_X+4/5*N_Y,+1+1*E_Y+2*N_Y,-3/5+1*I_X+1*L_Y+2/5*N_Y,+1/5+1*D_X+1*L_Y+6/5*N_Y,-9/5+1*G_X-4/5*N_Y,-1+1*J_Y,-1+1*K_Y,+1*D_Y-1*L_Y,+1*I_Y-1*L_Y],[L_Y,N_Y,K_X,L_X,H_Y,J_X,E_Y,I_X,D_X,G_X,J_Y,K_Y,D_Y,I_Y]);
print("A_x=0 A_y=0 B=(0,1,0) C_x=1 C_y=0 E_x=0 F_x=0 F_y=1 G_y=0 H=(1,H_y,0) M=(1,0,0) N=(1,N_y,0) ");
print(ACDEBCFGBHINCJKNDFLNDHJMEGMNEHKLFIKMGIJL);
solve([+1*L_Y+1*I_X*N_Y-1*M_X*N_Y,+1*I_X*L_Y+1*N_Y+1*I_X*N_Y-2*M_X*N_Y,+1*L_Y*M_X+1*I_X*N_Y-2*M_X*N_Y,+1*M_Y+1*N_Y-1*M_X*N_Y,+1+1*K_X-1*M_X,-1+1*B_X-1*I_X+1*M_X,+1*H_Y-1*L_Y-1*M_Y,+1*J_Y-1*M_Y-1*N_Y,+1*J_X-1*M_X,+1*I_Y-1*M_Y,+1*K_Y-1*M_Y,+1*E_Y+1*N_Y,+1*H_X-1*M_X],[I_X,L_Y,M_X,M_Y,N_Y,K_X,B_X,H_Y,J_Y,J_X,I_Y,K_Y,E_Y,H_X]);
print("A_x=0 A_y=1 B_y=0 C_x=0 C_y=0 D=(0,1,0) E_x=0 F=(1,0,0) G_x=1 G_y=0 L=(1,L_y,0) N=(1,N_y,0) ");
print(AEFGAHIMBEHJBFMNCEKNCJLMDGKMDIJNFIKLGHLN);
solve([-1/6+1*L_Y,-1/2+1*I_Y,-1/4+1*K_Y,-1/3+1*C_Y,-3/4+1*D_Y,-1/2+1*N_Y,-1/3+1*L_X,-1/2+1*K_X,-2/3+1*J_Y,-1/2+1*D_X,-1/3+1*C_X,-1/2+1*G_X,+1+1*H_Y,-1/3+1*J_X],[L_Y,I_Y,K_Y,C_Y,D_Y,N_Y,L_X,K_X,J_Y,D_X,C_X,G_X,H_Y,J_X]);
print("A=(1,0,0) B_x=0 B_y=1 E_x=1 E_y=0 F_x=0 F_y=0 G_y=0 H=(1,H_y,0) I=(1,I_y,0) M=(0,1,0) N_x=0 ");
print(ABCDAEFGBEHICFJKCGLMDHJLDIKMEKLNFHMNGIJN);
solve([+1-1*N_Y+1*A_Y*N_Y+1*J_X*N_Y,+1*J_X-1*N_Y+1*A_Y*N_Y,-1+1*E_X+1*J_X,-1+1*I_Y+1*J_X-1*N_Y,-1+1*G_Y+1*J_X,+1+1*F_Y-1*N_Y,+1*K_Y-1*N_Y,-1+1*K_X,-1+1*I_X,-1+1*A_X+1*A_Y,-1+1*E_Y+1*J_X-1*N_Y,+1*B_X-1*J_X+1*N_Y,-1+1*B_Y+1*J_X-1*N_Y],[A_Y,J_X,N_Y,E_X,I_Y,G_Y,F_Y,K_Y,K_X,I_X,A_X,E_Y,B_X,B_Y]);
print("C_x=0 C_y=1 D_x=1 D_y=0 F=(1,F_y,0) G_x=0 H=(1,0,0) J_y=0 L_x=0 L_y=0 M=(0,1,0) N=(1,N_y,0) ");
print(ABDNAEFGBHIJCEHKCILNDFIMDGKLEJLMFJKNGHMN);
solve([+1+8/5*M_Y+1*M_Y*M_Y,-2/15+1*L_X+1/3*M_Y,-1/3+1*L_Y+1/3*M_Y,-13/15+1*K_X-1/3*M_Y,-4/3+1*C_Y-2/3*M_Y,+5/3+1*H_Y+1/3*M_Y,+1/3+1*J_Y+2/3*M_Y,-2/3+1*I_Y-1/3*M_Y,-1/3+1*K_Y+1/3*M_Y,-1/3+1*D_Y+1/3*M_Y,-2/15+1*C_X+1/3*M_Y,-2/15+1*I_X+1/3*M_Y,-13/15+1*J_X-1/3*M_Y,-13/15+1*F_X-1/3*M_Y],[M_Y,L_X,L_Y,K_X,C_Y,H_Y,J_Y,I_Y,K_Y,D_Y,C_X,I_X,J_X,F_X]);
print("A_x=0 A_y=0 B_x=0 B_y=1 D_x=0 E_x=1 E_y=0 F_y=0 G=(1,0,0) H=(1,H_y,0) M=(1,M_y,0) N=(0,1,0) ");
print(ABEFAGHMBIMNCDJMCEKNDGLNEHILFHJNFKLMGIJK);
solve([-1/2+1*L_X,+1+1*J_Y,-1+1*K_X,-3+1*C_X,-5/2+1*D_X,-3/2+1*G_X,-2+1*J_X,+2+1*I_Y,+1+1*N_Y,-2+1*E_Y,-1+1*K_Y,-1+1*L_Y,+1+1*D_Y,+1+1*C_Y],[L_X,J_Y,K_X,C_X,D_X,G_X,J_X,I_Y,N_Y,E_Y,K_Y,L_Y,D_Y,C_Y]);
print("A_x=0 A_y=0 B=(0,1,0) E_x=0 F_x=0 F_y=1 G_y=0 H_x=1 H_y=0 I=(1,I_y,0) M=(1,0,0) N=(1,N_y,0) ");
print(AEFGAHIMBEHJBFMNCEKNCGLMDHLNDJKMFIKLGIJN);
solve([+1+1*N_Y+1/2*N_Y*N_Y,-1/2+1*D_X+1/2*N_Y,-1/2+1*C_X-1/2*N_Y,-1/2+1*L_X,+1*J_X+1/2*N_Y,-1+1*K_Y-1/2*N_Y,+1*L_Y+1/2*N_Y,+1+1*B_Y,-1+1*J_Y-1/2*N_Y,-1+1*D_Y-1/2*N_Y,-1/2+1*K_X,-1/2+1*I_X,+1*G_Y+1/2*N_Y,+1*C_Y+1/2*N_Y],[N_Y,D_X,C_X,L_X,J_X,K_Y,L_Y,B_Y,J_Y,D_Y,K_X,I_X,G_Y,C_Y]);
print("A_x=0 A_y=0 B=(1,B_y,0) E_x=0 E_y=1 F=(0,1,0) G_x=0 H_x=1 H_y=0 I_y=0 M=(1,0,0) N=(1,N_y,0) ");
print(ABEFAGHMBIJNCEMNCGIKDGLNDJKMEHJLFHKNFILM);
solve([+1-1*L_X+1/3*L_X*L_X,+1+1*H_Y-1/3*L_X,+1+1*K_Y-1*L_X,+2+1*G_Y-2/3*L_X,+3+1*D_Y-2*L_X,-3+1*K_X+1*L_X,-3+1*C_Y+1*L_X,+1+1*L_Y,-3+1*D_X+1*L_X,+2+1*J_Y-1*L_X,-1+1*I_Y+1*L_X,-3+1*J_X+1*L_X,+1*I_X-1*L_X,+1*F_X-1*L_X],[L_X,H_Y,K_Y,G_Y,D_Y,K_X,C_Y,L_Y,D_X,J_Y,I_Y,J_X,I_X,F_X]);
print("A=(1,0,0) B_x=1 B_y=0 C_x=0 E_x=0 E_y=0 F_y=0 G=(1,G_y,0) H=(1,H_y,0) M=(0,1,0) N_x=0 N_y=1 ");
print(ABEMAFGNBHINCEFJCHKMDGIKDJMNEKLNFILMGHJL);
solve([+4/3+1*N_Y,-1/2+1*M_X,-1+1*D_X,+2/3+1*L_Y,-3/2+1*K_X,+1/2+1*H_X,-2+1*H_Y,+2+1*K_Y,+2/3+1*D_Y,+8/3+1*G_Y,-2/3+1*J_Y,-2/3+1*I_Y,-1/2+1*I_X,-1/2+1*L_X],[N_Y,M_X,D_X,L_Y,K_X,H_X,H_Y,K_Y,D_Y,G_Y,J_Y,I_Y,I_X,L_X]);
print("A=(1,0,0) B_x=1 B_y=0 C_x=0 C_y=1 E_x=0 E_y=0 F=(0,1,0) G=(1,G_y,0) J_x=0 M_y=0 N=(1,N_y,0) ");
print(ABFLAGHMBIMNCFJNCGILDFKMDHLNEGKNEJLMHIJK);
solve([+1+4/3*N_Y+1/3*N_Y*N_Y,+1*C_Y+2/3*N_Y+1*C_Y*N_Y+2/3*N_Y*N_Y,-2+1*K_Y-1*N_Y,+2/3+1*K_X+2/3*N_Y,+1/3+1*E_X+1/3*N_Y,+1/3+1*D_X+1/3*N_Y,-1+1*C_X+1*C_Y,-4/3+1*H_X-1/3*N_Y,-1/3+1*J_X-1/3*N_Y,-2+1*F_Y-1*N_Y,-1+1*E_Y,-1+1*J_Y,-2+1*D_Y-1*N_Y,+1+1*I_Y],[C_Y,N_Y,K_Y,K_X,E_X,D_X,C_X,H_X,J_X,F_Y,E_Y,J_Y,D_Y,I_Y]);
print("A_x=0 A_y=0 B=(0,1,0) F_x=0 G_x=1 G_y=0 H_y=0 I=(1,I_y,0) L_x=0 L_y=1 M=(1,0,0) N=(1,N_y,0) ");
print(ABEMAFGHBIJNCFIKCGMNDFLNDJKMEGJLEHKNHILM);
solve([+1-1*K_Y-1*K_Y*K_Y,+2+1*C_Y-2*K_Y,-1/2+1*K_X+1/2*K_Y,-1/2+1*L_X,-1+1*I_Y+1*K_Y,-2+1*B_Y+1*K_Y,-1+1*D_Y-1*K_Y,+2+1*N_Y,-1+1*L_Y,-1+1*J_Y,-1/2+1*D_X+1/2*K_Y,-1/2+1*J_X+1/2*K_Y,-1/2+1*I_X,-1/2+1*H_X],[K_Y,C_Y,K_X,L_X,I_Y,B_Y,D_Y,N_Y,L_Y,J_Y,D_X,J_X,I_X,H_X]);
print("A_x=0 A_y=0 B_x=0 C=(1,C_y,0) E_x=0 E_y=1 F_x=1 F_y=0 G=(1,0,0) H_y=0 M=(0,1,0) N=(1,N_y,0) ");
print(ABMNAEFGBEHICFJMCHKNDFLNDIKMEJKLGHLMGIJN);
solve([+1-2*N_Y+2*N_Y*N_Y,-1+1*K_Y,-1+1*C_Y+2*N_Y,-1/2+1*L_X,+1*K_X-1*N_Y,+1*J_Y+2*N_Y,+1*D_X-1*N_Y,-1+1*I_Y+1*N_Y,+1*L_Y-1*N_Y,+1*D_Y-1*N_Y,-1/2+1*H_Y,-1/2+1*G_X,+1*I_X-1*N_Y,-1/2+1*H_X],[N_Y,K_Y,C_Y,L_X,K_X,J_Y,D_X,I_Y,L_Y,D_Y,H_Y,G_X,I_X,H_X]);
print("A_x=0 A_y=0 B_x=0 B_y=1 C=(1,C_y,0) E_x=1 E_y=0 F=(1,0,0) G_y=0 J=(1,J_y,0) M=(0,1,0) N_x=0 ");
print(ABDNAEFGBHIJCEKLCFHNDGIKDHLMEIMNFJKMGJLN);
solve([+1+1*M_Y+2*J_Y*M_Y,+1*J_Y-1*M_Y+2*J_Y*M_Y-1*M_Y*M_Y,+1*K_X+1*M_Y,+1*H_X-2*J_Y+1*M_Y,-1+1*B_Y-1*J_Y,-1+1*H_Y+1*J_Y-1*M_Y,-1+1*L_Y-1*M_Y,-1+1*K_Y-1*M_Y,+1+1*I_Y,+1*F_X-2*J_Y+1*M_Y,-1+1*C_Y-1*M_Y,+1*C_X-2*J_Y+1*M_Y,-1+1*L_X,-1+1*J_X],[J_Y,M_Y,K_X,H_X,B_Y,H_Y,L_Y,K_Y,I_Y,F_X,C_Y,C_X,L_X,J_X]);
print("A_x=0 A_y=0 B_x=0 D_x=0 D_y=1 E=(1,0,0) F_y=0 G_x=1 G_y=0 I=(1,I_y,0) M=(1,M_y,0) N=(0,1,0) ");
print(ABEFACGMBHMNCIJNDEKNDHILEJLMFGLNFIKMGHJK);
solve([+1-1/2*N_X-1*N_Y-1/2*N_X*N_Y,+1*I_X-1/2*N_X+1*I_X*N_Y-1/2*N_X*N_Y,+1*J_Y-1*J_Y*N_X+1*N_Y,+1*I_X*J_Y-1/2*N_X-1*J_Y*N_X-1/2*N_X*N_Y,-1/2+1*D_Y-1/2*N_Y,+1/2+1*L_Y+1/2*N_Y,+1*H_X+1*I_X-2*N_X,-1+1*G_X+1*I_X-1*N_X,+1*D_X-1*N_X,+1*K_X-1*N_X,-1+1*I_Y,-1+1*K_Y,+1*H_Y-1*N_Y,+1*B_Y-1*N_Y],[I_X,J_Y,N_X,N_Y,D_Y,L_Y,H_X,G_X,D_X,K_X,I_Y,K_Y,H_Y,B_Y]);
print("A_x=0 A_y=0 B_x=0 C_x=1 C_y=0 E=(0,1,0) F_x=0 F_y=1 G_y=0 J=(1,J_y,0) L=(1,L_y,0) M=(1,0,0) ");
print(ABDNAEFGBEHICFJKCHLNDGJLDHKMEJMNFILMGIKN);
solve([+1+1*L_Y-1*L_Y*M_X,+1*A_Y+1*M_X-1*A_Y*M_X+1*L_Y*M_X,+1*C_Y-1*C_Y*M_X+1*L_Y*M_X,+1*A_Y*F_X-1*A_Y*M_X+1*F_Y*M_X,+1*C_Y*F_X-1*F_X*L_Y-1*C_Y*M_X+2*L_Y*M_X,+1*F_Y+1*L_Y-1*F_X*L_Y,-1+1*G_Y-1*L_Y,-2+1*J_Y-1*L_Y,+1*J_X-1*M_X,+1*E_X-1*M_X,-1+1*K_Y,-1+1*M_Y,-1+1*K_X,-1+1*G_X],[A_Y,C_Y,F_X,F_Y,L_Y,M_X,G_Y,J_Y,J_X,E_X,K_Y,M_Y,K_X,G_X]);
print("A_x=0 B_x=0 B_y=0 C=(1,C_y,0) D_x=0 D_y=1 E_y=0 H=(1,0,0) I_x=1 I_y=0 L=(1,L_y,0) N=(0,1,0) ");
print(ABEFAGHMBIMNCDJNCGIKDELMEHKNFGLNFJKMHIJL);
solve([+5/4+1*C_Y,-3/4+1*C_X,+1/2+1*N_Y,-1/2+1*N_X,+1+1*L_Y,+2+1*J_Y,+1+1*K_Y,+3/2+1*I_Y,+1+1*H_Y,-1/2+1*I_X,-1+1*K_X,-1+1*J_X,-1+1*G_Y,-1/2+1*B_X],[C_Y,C_X,N_Y,N_X,L_Y,J_Y,K_Y,I_Y,H_Y,I_X,K_X,J_X,G_Y,B_X]);
print("A=(1,0,0) B_y=0 D_x=0 D_y=1 E_x=0 E_y=0 F_x=1 F_y=0 G=(1,G_y,0) H=(1,H_y,0) L_x=0 M=(0,1,0) ");
print(ABMNAEFGBEHICFJMCGKNDHKMDIJNEJKLFHLNGILM);
solve([+1*L_Y*L_Y+1*M_Y+2*L_Y*M_Y,+1*K_X-1*L_Y-2*M_Y,-1+1*J_X+1*L_Y+2*M_Y,+1+1*D_Y-1*L_Y-3*M_Y,+1*I_Y-1*L_Y-2*M_Y,+1*K_Y+1*L_Y+1*M_Y,+1+1*H_Y,-1+1*I_X+1*L_Y+2*M_Y,-1+1*D_X+1*L_Y+2*M_Y,+1*C_Y-1*M_Y,+1*G_X-1*L_Y-2*M_Y,+1*J_Y-1*M_Y,+1*C_X-1*L_Y-2*M_Y],[L_Y,M_Y,K_X,J_X,D_Y,I_Y,K_Y,H_Y,I_X,D_X,C_Y,G_X,J_Y,C_X]);
print("A_x=0 A_y=0 B_x=0 B_y=1 E_x=1 E_y=0 F=(1,0,0) G_y=0 H=(1,H_y,0) L=(1,L_y,0) M_x=0 N=(0,1,0) ");
print(ABMNAEFGBHIJCEKLCFHMDEINDJKMFJLNGHKNGILM);
solve([+1-3*N_Y+5/2*N_Y*N_Y,+1+1*K_X-5/2*N_Y,-2+1*L_Y+4*N_Y,-2+1*H_X+5/2*N_Y,+2+1*C_Y-3*N_Y,-1+1*D_Y+1*N_Y,-2+1*J_Y+2*N_Y,+1*I_Y+1*N_Y,+1+1*D_X-5/2*N_Y,+1+1*J_X-5/2*N_Y,-2+1*C_X+5/2*N_Y,-2+1*F_X+5/2*N_Y,+1*K_Y-1*N_Y,+1*H_Y-1*N_Y],[N_Y,K_X,L_Y,H_X,C_Y,D_Y,J_Y,I_Y,D_X,J_X,C_X,F_X,K_Y,H_Y]);
print("A_x=0 A_y=0 B_x=0 B_y=1 E_x=1 E_y=0 F_y=0 G=(1,0,0) I=(1,I_y,0) L=(1,L_y,0) M=(0,1,0) N_x=0 ");
print(AEFGAHIMBEHJBFKNCEMNCIKLDGKMDIJNFJLMGHLN);
solve([+1+1/2*N_Y-1/2*L_X*N_Y,+1*C_Y-1/2*N_Y,-1/2+1*J_X-1/2*L_X,+1*K_X+1*L_X,-1/2+1*D_X+1/2*L_X,+1+1*K_Y+1*N_Y,-2+1*B_Y-1*N_Y,+1+1*G_Y+1*N_Y,-1/2+1*H_X-1/2*L_X,-1+1*J_Y,-1+1*L_Y,-1/2+1*B_X-1/2*L_X,+1+1*D_Y+1*N_Y],[L_X,N_Y,C_Y,J_X,K_X,D_X,K_Y,B_Y,G_Y,H_X,J_Y,L_Y,B_X,D_Y]);
print("A_x=0 A_y=0 C=(1,C_y,0) E=(0,1,0) F_x=0 F_y=1 G_x=0 H_y=0 I_x=1 I_y=0 M=(1,0,0) N=(1,N_y,0) ");
print(ABDEAFGHBIJNCDIKCFLNDGMNEGJLEHKNFJKMHILM);
solve([-4/3+1*K_X,-8/3+1*L_X,+3+1*L_Y,+9/4+1*J_Y,+2+1*K_Y,+3/2+1*I_Y,+1+1*H_Y,-3+1*G_Y,+4+1*C_Y,+5+1*F_Y,-4/3+1*H_X,-8/3+1*C_X,-8/3+1*F_X,-4/3+1*E_X],[K_X,L_X,L_Y,J_Y,K_Y,I_Y,H_Y,G_Y,C_Y,F_Y,H_X,C_X,F_X,E_X]);
print("A_x=1 A_y=0 B=(1,0,0) D_x=0 D_y=0 E_y=0 G_x=0 I=(1,I_y,0) J=(1,J_y,0) M_x=0 M_y=1 N=(0,1,0) ");
print(ABDNAEFGBEHICFJKCGLMDHJLDIKMEKLNFHMNGIJN);
solve([+1*K_Y+1*M_Y+1*K_Y*M_Y,+1+1*C_X+1*K_Y+1*M_Y,-1+1*A_Y-1*K_Y-1*M_Y,+1*F_Y-1*K_Y-1*M_Y,+1*G_X+1*K_Y+1*M_Y,+1*J_X+1*K_Y,+1*M_X+1*M_Y,+1*I_Y+1*K_Y,+1*A_X+1*K_Y+1*M_Y,+1*G_Y-1*M_Y,+1+1*N_Y,+1*C_Y-1*M_Y,+1*F_X+1*K_Y+1*M_Y],[K_Y,M_Y,C_X,A_Y,F_Y,G_X,J_X,M_X,I_Y,A_X,G_Y,N_Y,C_Y,F_X]);
print("B_x=0 B_y=1 D_x=1 D_y=0 E=(0,1,0) H_x=0 H_y=0 I_x=0 J_y=0 K=(1,K_y,0) L=(1,0,0) N=(1,N_y,0) ");
print(ABMNCDEFCGHICJKLDGJMDHKNEGLNEIKMFHLMFIJN);
solve([+1-1*L_Y+1*L_Y*L_Y,+1*C_Y-1*L_Y+1*C_Y*L_Y,+1*C_X-1*C_Y,+1*K_X-1*L_Y,+1*G_Y-1*L_Y,+1*E_Y-1*L_Y,+1*I_X-1*L_Y,+1*E_X-1*L_Y,-1+1*F_X,-1+1*L_X,-1+1*I_Y,-1+1*F_Y],[C_Y,L_Y,C_X,K_X,G_Y,E_Y,I_X,E_X,F_X,L_X,I_Y,F_Y]);
print("A=(1,A_y,0) B=(1,B_y,0) D_x=0 D_y=0 G_x=0 H_x=1 H_y=0 J_x=0 J_y=1 K_y=0 M=(0,1,0) N=(1,0,0) ");
print(ADEFAGHIBDGJBHKNCEKLCFJNDILNEGMNFHLMIJKM);
solve([+1+3*N_Y+2*N_Y*N_Y,+1*C_Y+8/3*N_Y+1*C_Y*N_Y+8/3*N_Y*N_Y,-5/3+1*J_X-2/3*N_Y,-2/3+1*M_Y-2/3*N_Y,-1/3+1*C_X+1*C_Y+2/3*N_Y,+1/3+1*K_X+4/3*N_Y,+1/3+1*B_Y+1/3*N_Y,-1/3+1*M_X+2/3*N_Y,-1/3+1*E_Y+2/3*N_Y,-5/3+1*B_X-2/3*N_Y,+1+1*L_Y,-5/3+1*G_X-2/3*N_Y,-2/3+1*K_Y-2/3*N_Y,-2/3+1*J_Y-2/3*N_Y],[C_Y,N_Y,J_X,M_Y,C_X,K_X,B_Y,M_X,E_Y,B_X,L_Y,G_X,K_Y,J_Y]);
print("A_x=0 A_y=0 D=(0,1,0) E_x=0 F_x=0 F_y=1 G_y=0 H_x=1 H_y=0 I=(1,0,0) L=(1,L_y,0) N=(1,N_y,0) ");
print(ABFLAGHMBIMNCDLNCGIJDFKMEGKNEJLMFHJNHIKL);
solve([+1-1*L_Y*L_Y,+1*C_Y-2*L_Y-1*C_Y*L_Y+2*L_Y*L_Y,-1+1*K_X+1*L_Y,+1*C_X+1*C_Y-1*L_Y,+1+1*D_X-1*L_Y,-2+1*E_X+2*L_Y,-2+1*G_X+1*L_Y,-1+1*J_X+1*L_Y,+1*J_Y-1*L_Y,+1*E_Y-1*L_Y,+1+1*N_Y,-1+1*D_Y,+1*I_Y+1*L_Y,-1+1*K_Y],[C_Y,L_Y,K_X,C_X,D_X,E_X,G_X,J_X,J_Y,E_Y,N_Y,D_Y,I_Y,K_Y]);
print("A_x=0 A_y=0 B=(0,1,0) F_x=0 F_y=1 G_y=0 H_x=1 H_y=0 I=(1,I_y,0) L_x=0 M=(1,0,0) N=(1,N_y,0) ");
print(ABEMAFGHBIJNCEIKCFMNDGKNDHJMEHLNFJKLGILM);
solve([+1+4*N_Y+3*N_Y*N_Y,-4+1*J_X-3*N_Y,+2+1*K_X+3*N_Y,-2+1*I_Y-2*N_Y,+1+1*D_Y+1*N_Y,-2+1*B_Y-1*N_Y,-1+1*C_Y-2*N_Y,-1+1*L_Y-1*N_Y,-4+1*H_X-3*N_Y,-4+1*D_X-3*N_Y,-1+1*K_Y-1*N_Y,-1+1*J_Y-1*N_Y,-1+1*I_X,-1+1*L_X],[N_Y,J_X,K_X,I_Y,D_Y,B_Y,C_Y,L_Y,H_X,D_X,K_Y,J_Y,I_X,L_X]);
print("A_x=0 A_y=0 B_x=0 C=(1,C_y,0) E_x=0 E_y=1 F=(1,0,0) G_x=1 G_y=0 H_y=0 M=(0,1,0) N=(1,N_y,0) ");
print(ABLMAFGHBIJNCFKNCGILDFJMDHLNEGMNEJKLHIKM);
solve([+1-1*K_Y-1*K_Y*K_Y,+1*C_X+1*K_Y-1*C_X*K_Y,-1+1*J_X+2*K_Y,+1/2+1*B_Y,-1+1*D_X+1*K_Y,-1+1*E_X+1*K_Y,+1+1*I_X,-1+1*F_Y+1*K_Y,+1*K_X+1*K_Y,-1+1*I_Y,+1*J_Y-1*K_Y,+1*E_Y-1*K_Y,-1+1*C_Y,+1+1*M_Y],[C_X,K_Y,J_X,B_Y,D_X,E_X,I_X,F_Y,K_X,I_Y,J_Y,E_Y,C_Y,M_Y]);
print("A=(0,1,0) B=(1,B_y,0) D_y=0 F_x=0 G_x=0 G_y=1 H_x=0 H_y=0 L=(1,0,0) M=(1,M_y,0) N_x=1 N_y=0 ");
print(ABEMAFGHBIJNCFIKCGLNDEJLDFMNEHKNGJKMHILM);
solve([+1-2*N_Y-3*N_Y*N_Y,-5/2+1*C_X-3/2*N_Y,+1/2+1*L_X+3/2*N_Y,-1/2+1*D_Y-3/2*N_Y,+1/2+1*L_Y+1/2*N_Y,-1+1*J_Y-1*N_Y,-1/2+1*K_Y-1/2*N_Y,-1/2+1*E_Y+1/2*N_Y,-1/2+1*I_Y-1/2*N_Y,-1/2+1*C_Y-1/2*N_Y,-1+1*J_X,-1+1*K_X,+1/2+1*I_X+3/2*N_Y,+1/2+1*H_X+3/2*N_Y],[N_Y,C_X,L_X,D_Y,L_Y,J_Y,K_Y,E_Y,I_Y,C_Y,J_X,K_X,I_X,H_X]);
print("A_x=0 A_y=0 B_x=0 B_y=1 D=(1,D_y,0) E_x=0 F=(1,0,0) G_x=1 G_y=0 H_y=0 M=(0,1,0) N=(1,N_y,0) ");
print(AELMBEFGBHINCFLNCHJMDGMNDHKLEJKNFIKMGIJL);
solve([+2+1*M_Y,-1/2+1*B_Y,+1+1*K_Y,+1/2+1*I_X,-1/2+1*N_X,-3/2+1*H_X,-1+1*D_X,-1/2+1*J_X,-1/2+1*K_X,+1+1*H_Y,+1+1*D_Y,-1+1*J_Y,-1+1*I_Y],[M_Y,B_Y,K_Y,I_X,N_X,H_X,D_X,J_X,K_X,H_Y,D_Y,J_Y,I_Y]);
print("A=(1,A_y,0) B_x=0 C_x=1 C_y=0 E=(0,1,0) F_x=0 F_y=0 G_x=0 G_y=1 L=(1,0,0) M=(1,M_y,0) N_y=0 ");
print(ADEFBCMNBGHICJKLDGJMDHKNEGLNEIKMFHLMFIJN);
solve([+1-3*M_Y+3*M_Y*M_Y,+1*A_X-1*A_Y-2*A_X*M_Y+3*M_Y*M_Y,-2+1*L_X+3*M_Y,-1+1*D_Y+2*M_Y,-1+1*J_Y+1*M_Y,+1+1*E_Y-2*M_Y,-2+1*G_X+3*M_Y,+1*K_Y+1*M_Y,-2+1*E_X+3*M_Y,+1*F_Y-1*M_Y,+1*L_Y-1*M_Y,-1+1*F_X,-1+1*J_X],[A_X,A_Y,M_Y,L_X,D_Y,J_Y,E_Y,G_X,K_Y,E_X,F_Y,L_Y,F_X,J_X]);
print("B_x=0 B_y=0 C_x=0 C_y=1 D=(1,D_y,0) G_y=0 H=(1,0,0) I_x=1 I_y=0 K=(1,K_y,0) M_x=0 N=(0,1,0) ");
print(ABFLACMNBGHICJKLDGJMDHLNEGKNEILMFHKMFIJN);
solve([+1-1*K_Y+1*K_Y*K_Y,+1+1*J_Y-1*K_Y,-1/2+1*B_X,+1+1*C_Y-1*K_Y,+1+1*E_Y-1*K_Y,+1+1*G_Y-2*K_Y,+1+1*I_Y,+1*D_Y-1*K_Y,-1+1*K_X+1*K_Y,-1+1*E_X+1*K_Y,+1+1*M_Y,-1+1*G_X+1*K_Y,-1+1*J_X,-1+1*I_X],[K_Y,J_Y,B_X,C_Y,E_Y,G_Y,I_Y,D_Y,K_X,E_X,M_Y,G_X,J_X,I_X]);
print("A=(1,0,0) B_y=0 C=(1,C_y,0) D_x=0 F_x=1 F_y=0 H_x=0 H_y=1 L_x=0 L_y=0 M=(1,M_y,0) N=(0,1,0) ");
print(ABKLAGHMBIJNCDMNCGIKDHJLEHKNEILMFGLNFJKM);
solve([+1+1*N_X+1*N_X*N_X,+1*D_X+1*D_X*N_X-1*N_X*N_X,-2+1*D_Y-1*N_X,-1+1*C_X-1*N_X,-1+1*M_Y-1*N_X,+2/3+1*B_Y+1/3*N_X,+1+1*F_X,+1+1*J_X+1*N_X,-1+1*E_X-1*N_X,-1+1*N_Y,+1+1*L_Y+1*N_X,-1+1*E_Y,-1+1*J_Y-1*N_X,-1+1*F_Y-1*N_X],[D_X,N_X,D_Y,C_X,M_Y,B_Y,F_X,J_X,E_X,N_Y,L_Y,E_Y,J_Y,F_Y]);
print("A=(0,1,0) B=(1,B_y,0) C_y=0 G_x=0 G_y=0 H_x=0 H_y=1 I_x=1 I_y=0 K=(1,0,0) L=(1,L_y,0) M_x=0 ");
print(ABEFAGHIBGMNCDJMCEKNDHLNEILMFHKMFIJNGJKL);
solve([-1/4+1*J_Y,-1/2+1*N_Y,-3/4+1*C_Y,-1/2+1*C_X,-3/4+1*D_X,-3/2+1*G_X,-1/2+1*L_X,+1/2+1*K_Y,-3/2+1*B_Y,-1/2+1*D_Y,-1+1*J_X,-1+1*N_X,+1+1*M_Y,-1/2+1*L_Y],[J_Y,N_Y,C_Y,C_X,D_X,G_X,L_X,K_Y,B_Y,D_Y,J_X,N_X,M_Y,L_Y]);
print("A_x=0 A_y=0 B_x=0 E_x=0 E_y=1 F=(0,1,0) G_y=0 H=(1,0,0) I_x=1 I_y=0 K=(1,K_y,0) M=(1,M_y,0) ");
print(ABGKACLMBHINCJKNDELNDHJMEIKMFGMNFHKLGIJL);
solve([-3/2+1*D_X,+2/3+1*E_Y,-2+1*L_X,-2/3+1*N_Y,-1/3+1*J_Y,+1/3+1*I_Y,-1/3+1*D_Y,-1/3+1*H_Y,-2/3+1*F_Y,-2/3+1*G_Y,-2+1*H_X,-2+1*F_X,-1+1*J_X,-1+1*N_X],[D_X,E_Y,L_X,N_Y,J_Y,I_Y,D_Y,H_Y,F_Y,G_Y,H_X,F_X,J_X,N_X]);
print("A_x=0 A_y=0 B_x=0 B_y=1 C_x=1 C_y=0 E=(1,E_y,0) G_x=0 I=(1,I_y,0) K=(0,1,0) L_y=0 M=(1,0,0) ");
print(AEFGBELMBHINCFLNCHJMDGMNDHKLEJKNFIKMGIJL);
solve([-1/2+1*B_Y,-1/2+1*D_Y,-1+1*D_X,+2+1*I_X,+1/2+1*G_Y,-1/3+1*H_Y,-2+1*N_X,+1+1*J_Y,-2+1*K_X,-1+1*I_Y,-1+1*K_Y,-2+1*J_X,-2/3+1*H_X],[B_Y,D_Y,D_X,I_X,G_Y,H_Y,N_X,J_Y,K_X,I_Y,K_Y,J_X,H_X]);
print("A=(1,A_y,0) B_x=0 C_x=1 C_y=0 E=(0,1,0) F=(1,0,0) G=(1,G_y,0) L_x=0 L_y=0 M_x=0 M_y=1 N_y=0 ");
print(ABFLAGHIBGMNCDLMCFJNDHKNEHJMEILNFIKMGJKL);
solve([+3/4+1*N_Y,-3/2+1*C_Y,-1+1*D_Y,+1/2+1*E_Y,-1/3+1*K_X,+2/3+1*C_X,+1/3+1*D_X,-4/3+1*E_X,-2/3+1*J_X,+3/2+1*M_Y,-1/2+1*L_Y,-2/3+1*I_X,-1/2+1*K_Y,-1/2+1*J_Y],[N_Y,C_Y,D_Y,E_Y,K_X,C_X,D_X,E_X,J_X,M_Y,L_Y,I_X,K_Y,J_Y]);
print("A_x=0 A_y=0 B=(0,1,0) F_x=0 F_y=1 G=(1,0,0) H_x=1 H_y=0 I_y=0 L_x=0 M=(1,M_y,0) N=(1,N_y,0) ");
print(ABCMADENAFGHBDIJBFKNCEKLCGINDFLMEHIMGJKMHJLN);
solve([+1+1*M_X*M_X,+1*K_Y-1*M_X+1*K_Y*M_X,+1*K_X-1*K_Y,-1+1*L_Y-1*M_X,-1+1*N_Y,+1+1*H_X-1*M_X,-1+1*G_X-1*M_X,+1*E_Y+1*M_X,+1*H_Y-1*M_X,+1*F_Y-1*M_X,+1*L_X-1*M_X,+1*G_Y-1*M_X,+1*F_X-1*M_X,+1+1*I_Y],[K_Y,M_X,K_X,L_Y,N_Y,H_X,G_X,E_Y,H_Y,F_Y,L_X,G_Y,F_X,I_Y]);
print("A=(1,0,0) B_x=0 B_y=0 C_x=1 C_y=0 D=(0,1,0) E=(1,E_y,0) I_x=0 J_x=0 J_y=1 M_y=0 N=(1,N_y,0) ");
