	[+1*t^2-5/2*t+7/4]
	+1*v1+1
	+1*v0+2*t-2
	+1*v2-2*t+2
	+1*v7+1
	+1*v3-2*t+2
	+1*v4+2*t-3
	+1*v5-2*t+3
	+1*v6+2*t-2
	+1*v8-2*t
	+1*v9-1*t
	A[+1,v0,0];
	B[+1,+0,0];
	C[+0,+1,0];
	D[+1,v1,0];
	E(+0,+0)
	F(+0,+1)
	G(+1,+0)
	H(+0,v2)
	I(v3,+0)
	J(v3,v4)
	K(v5,+1)
	L(v3,+1)
	M(v6,v2)
	N(+1,v7)
	O(+1,v4)
	P(v5,v2)
	Q(v8,v4)
	R(v5,v9)
ABCDCEFHBEGIDFGJDHIKAEJKAGHLCIJLBFKLDEMNAFMOCGNOBHMPAINPBJOQCKPRLMQR
	[+1*t^2-3*t+3]
	+1*v1-1*t+2
	+1*v0-1*t+1
	+1*v2+1*t-2
	+1*v3-1*t+1
	+1*v4-1*t+2
	+1*v5+1*t-3
	+1*v6+1
	+1*v7+1*t-1
	+1*v8-2
	+1*v9-1*t
	A[+1,v0,0];
	B[+1,v1,0];
	C[+1,+0,0];
	D[+0,+1,0];
	E(+0,+1)
	F(+0,+0)
	G(+1,+1)
	H(+0,v2)
	I(+1,+0)
	J(+1,v3)
	K(v6,v2)
	L(v4,+0)
	M(v4,v2)
	N(v4,v7)
	O(v8,v3)
	P(v5,+1)
	Q(v5,v9)
	R(v5,v3)
ABCDDEFHDGIJCFILAEKLBEJMCHKMAGHNBFKNDLMNCEGPAIOPAFJQBGOQBHIRCJORDPQR
	[+1*t^2-2*t+4]
	+1*v1+1
	+1*v0-1/2*t+1
	+1*v2-1/2*t+1
	+1*v3-1/2*t
	+1*v4+1/2*t-2
	+1*v5+1/2*t-1
	+1*v6-1/2*t
	+1*v7+1
	+1*v8-1*t+1
	+1*v9-1*t
	A[+1,+0,0];
	B[+1,v0,0];
	C[+1,v1,0];
	D[+0,+1,0];
	E(+1,+0)
	F(+0,+1)
	G(+0,+0)
	H(+1,v2)
	I(+0,v3)
	J(+1,v3)
	K(v6,+0)
	L(v4,v3)
	M(v4,v2)
	N(v7,+1)
	O(v4,v8)
	P(v5,+1)
	Q(v5,v2)
	R(v5,v9)
ABCDDFGIDEHJAEGKCHIKBFJKAIJLCEFMBGHODLMOBELPAFNPAHMQCGNQBINRCJORDPQR
	[+1*t^2-4*t+7]
	+1*v1+1
	+1*v0+1/2*t-1/2
	+1*v2+1/2*t-3/2
	+1*v3+1/2*t-3/2
	+1*v4-1/2*t+1/2
	+1*v5+1/2*t-1/2
	+1*v6+1
	+1*v7-1/2*t+3/2
	+1*v9-1*t
	+1*v8+1/4*t-3/4
	A[+1,v0,0];
	B[+0,+1,0];
	C[+1,+0,0];
	D(+1,+0)
	E[+1,v1,0];
	F(+0,+0)
	G(+0,+1)
	H(+0,v2)
	I(v3,+0)
	J(v4,v2)
	K(+1,v5)
	L(v6,+1)
	M(+1,v2)
	N(v3,v7)
	O(v4,+1)
	P(v3,v5)
	Q(v4,v8)
	R(v9,v5)
ABCEBFGHCDFIDEGJEHIKAFJKAGIMCHJMBDKMEFLNCGLOADNOAHLPBINPBJOQCKPRDLQR
	+1*v0+1*v9
	+1*v1+1*v9+2*v13-1
	+1*v3+1*v9-2*v13
	+1*v4-1*v9-2*v13+1
	+1*v5-2*v13+1
	+1*v8-2*v13
	+1*v9^2+3*v9-2*v13-1
	+1*v9*v13-3/2*v9+1/2
	+1*v2+2*v13-2
	+1*v6+1*v9-1
	+1*v7-1*v9-6*v13+5
	+1*v10-2*v13+1
	+1*v11+2*v13-3
	+1*v12-1/2
	+1*v13^2+1/4*v9-1*v13
	A[+1,v0,0];
	B[+1,+0,0];
	C[+0,+1,0];
	D(v2,v4)
	E[+1,v1,0];
	F(+1,v5)
	G(v6,v3)
	H(+0,+1)
	I(+1,+0)
	J(v7,+1)
	K(+0,v8)
	L(+0,+0)
	M(v2,v9)
	N(v10,v3)
	O(v11,+0)
	P(+1,v3)
	Q(v2,+1)
	R(v12,v13)
ABCEDGJLCHKLEGIMAFJNDEFOBILOAHMOCFIPADKPBGNPBHJQCDMQEKNQFGHRIJKRLMNR
	[+1*t^2+1*t+1/3]
	+1*v1+3*t+1
	+1*v0-3*t-2
	+1*v4-1*t-1
	+1*v5-2*t-2
	+1*v2-3*t-2
	+1*v3-3*t-2
	+1*v6+1*t
	+1*v7-2*t-1
	+1*v8+2*t+1
	+1*v9-1*t
	A[+1,+0,0];
	B[+0,+1,0];
	C[+1,v0,0];
	D(+1,+1)
	E(v3,v2)
	F[+1,v1,0];
	G(+0,+0)
	H(+1,+0)
	I(v6,v4)
	J(+0,+1)
	K(+0,v2)
	L(v3,+0)
	M(v7,v4)
	N(v5,v4)
	O(+1,v2)
	P(v3,+1)
	Q(v5,v8)
	R(v5,v9)
ABCFDFIKBGJKAGHLCEJMEFHNCDLNAIMNBDHOCGIOAEKOADJPBELPFGMPHIJQKLMRBNQR
	+1*v1+1
	+1*v2-1/2*v8-1/2*v9
	+1*v0+1/2*v8-1/2*v9+2
	+1*v3+1/2*v8+1/2*v9-1
	+1*v4-1/2*v8-1/2*v9-1
	+1*v5-1/2*v8-1/2*v9
	+1*v8*v9-1/2*v8+1/2*v9
	+1*v9^2-1/2*v8-11/2*v9+2
	+1*v6-1/2*v8+1/2*v9-1
	+1*v7+1*v8-1
	+1*v8^2+3/2*v8+1/2*v9-2
	A[+1,+0,0];
	B[+1,v0,0];
	C[+0,+1,0];
	D(+1,+0)
	E(+0,+1)
	F(+1,v2)
	G(v3,v2)
	H(+0,v4)
	I(v5,+1)
	J(v5,v4)
	K(v3,+0)
	L[+1,v1,0];
	M(+0,+0)
	N(v3,v6)
	O(v7,v2)
	P(+1,v4)
	Q(v8,+1)
	R(v5,v9)
ABCLDEGLFHILCEHMADKMBDINCGKNAFGOBEKOJMNOCDFPAHJPAEIQBFJQBGHRCIJRKPQR
	+1*v0+2*v5-3*v9+1
	+1*v2+1*v5-1*v9
	+1*v8+1*v9-1
	+1*v5*v9+2*v5-1
	+1*v9^2+1*v5-1
	+1*v3+1*v5-1
	+1*v4-1*v5+1*v9-1
	+1*v6-1*v9
	+1*v7+1*v9-1
	+1*v5^2+3*v5+1*v9-2
	+1*v1+1*v9+2
	A[+1,+0,0];
	B[+1,v0,0];
	C[+0,+1,0];
	D(+1,+0)
	E(+1,v2)
	F(+0,+1)
	G(v3,+1)
	H(v6,v4)
	I(+0,v4)
	J(v7,v2)
	K(v5,+0)
	L[+1,v1,0];
	M(+0,+0)
	N(v3,v2)
	O(v3,v8)
	P(+1,+1)
	Q(v5,v9)
	R(v5,v4)
ABCLDGHLFJKLCFIMADKMAEJNBHMNDIJOBEKOCGNOCDEPAFGPEFHQBGIQAHIRBJPRCKQR
	[+1*t^2+4*t+7]
	+1*v1+1/2*t+3/2
	+1*v0+1
	+1*v2+1/2*t+1/2
	+1*v3-1/2*t-1/2
	+1*v4+1/2*t+3/2
	+1*v5+1/2*t-1/2
	+1*v6-1/2*t-3/2
	+1*v7+1/2*t+3/2
	+1*v8-3/2*t-5/2
	+1*v9-1*t
	A[+0,+1,0];
	B[+1,+0,0];
	C(+0,+0)
	D[+1,v0,0];
	E[+1,v1,0];
	F(+0,+1)
	G(+0,v2)
	H(v3,+1)
	I(v4,v6)
	J(+1,+0)
	K(v4,+0)
	L(v3,v2)
	M(+1,v7)
	N(v3,v5)
	O(v4,+1)
	P(+1,v2)
	Q(v8,v5)
	R(v9,v5)
ABDEACFGBCJKCDILCEHMDFJNEGKNAHLNBFHOAIKODGMOEFIPBGLPAJMPHIJQKLMRBNQR
	[+1*t^2-4/7*t+1/7]
	+1*v0-7/2*t+3/2
	+1*v2+7/3*t-5/3
	+1*v12+1*t-1
	+1*v3-7/2*t+1/2
	+1*v1-7/2*t+1
	+1*v4-7/3*t+2/3
	+1*v5-7/4*t+3/4
	+1*v6+7/2*t-3/2
	+1*v7+7/6*t-5/6
	+1*v8+14/3*t-4/3
	+1*v9+7/2*t-5/2
	+1*v11+1
	+1*v10-7*t+1
	+1*v13-1*t
	A[+0,+1,0];
	B[+1,+0,0];
	C(+0,+0)
	D[+1,v0,0];
	E[+1,v1,0];
	F(+1,+0)
	G(v2,v4)
	H(+0,+1)
	I(v2,v3)
	J(+1,v5)
	K(+0,v6)
	L(v7,+0)
	M(+1,v3)
	N(v2,+1)
	O(v8,+1)
	P(v9,v3)
	Q(v10,v11)
	R(v12,v13)
ABDEACHKBCFLAFJMAGINCEIODGLOBHNODFKPEJLPBIMPCGJQDHMQEKNQFGHRIJKRLMNR
	[+1*t^2+1*t+1/3]
	+1*v0-3*t-1
	+1*v1-1*t
	+1*v2-3*t-2
	+1*v3+3*t+1
	+1*v4-1*t-1
	+1*v5-3*t-2
	+1*v6+3*t+2
	+1*v7+3*t
	+1*v8-2*t-1
	+1*v9-1*t
	A[+1,+0,0];
	B[+0,+1,0];
	C(v3,v2)
	D[+1,v0,0];
	E(+1,+0)
	F[+1,v1,0];
	G(+0,+1)
	H(v6,+1)
	I(+1,v2)
	J(+0,v4)
	K(+0,+0)
	L(v3,v4)
	M(v7,v2)
	N(v5,+0)
	O(v3,+1)
	P(+1,v4)
	Q(v5,v8)
	R(v5,v9)
ABDFCDHKBGJKEFHLACIMDGINCFJNAEKNAGHOBCLODEMOBEIPAJLPFGMPHIJQKLMRBNQR
	[+1*t^2-2*t+4/3]
	+1*v4+3/2*t-3
	+1*v10+3/2*t-2
	+1*v0-3/2*t+2
	+1*v2-3*t+2
	+1*v1-3/2*t+1
	+1*v3+3*t-4
	+1*v5-3/2*t+2
	+1*v6+3/2*t-2
	+1*v7+3*t-6
	+1*v8-3/2*t
	+1*v9+3*t-4
	+1*v11-3/2*t+1
	+1*v12+1*t-2
	+1*v13-1*t
	A[+1,+0,0];
	B[+0,+1,0];
	C(v3,v2)
	D[+1,v0,0];
	E(v4,v5)
	F(v6,+1)
	G(+0,+0)
	H[+1,v1,0];
	I(v7,v2)
	J(v3,v8)
	K(+0,+1)
	L(+0,v9)
	M(v4,v2)
	N(+1,+0)
	O(v3,+0)
	P(v4,+1)
	Q(v10,v11)
	R(v12,v13)
ABDHCEFLBGKLACIMDFJNEHIOBCJOAGNOAFKPDILPBEMPCDGQHJMQEKNQFGHRIJKRLMNROPQR
	[+1*t^2-1*t+1/3]
	+1*v0+3*t-1
	+1*v1-3*t+2
	+1*v2-3*t+1
	+1*v3+3*t-2
	+1*v4-2*t+1
	+1*v5+1*t-1
	+1*v6+1*t-1
	+1*v7-2*t
	+1*v8+2*t-1
	+1*v9-1*t
	A[+0,+1,0];
	B[+1,+0,0];
	C(+1,+0)
	D(v3,v2)
	E[+1,v0,0];
	F(+0,+1)
	G[+1,v1,0];
	H(+0,v2)
	I(v3,+0)
	J(+1,+1)
	K(+0,+0)
	L(v3,+1)
	M(+1,v2)
	N(v5,v4)
	O(v5,v6)
	P(v5,v7)
	Q(v8,v4)
	R(v9,v4)
ABEGAFHKBCIKADILBFJLBDHMACJMCEHNDGKNEFIOCGLODEJPFGMPANOPHIJQKLMRBNQR
	[+1*t^2+1*t-1]
	+1*v0+1*t+1
	+1*v2-1/2
	+1*v4-1*t-2
	+1*v5+1/2*t+1/2
	+1*v1-1*t-1
	+1*v3-1/2
	+1*v6-1/2*t
	+1*v7+1*t-1
	+1*v8-1/2*t-1
	+1*v9+1/2*t-1/2
	+1*v10+1*t+1
	+1*v11-1*t
	A[+1,+0,0];
	B[+1,v0,0];
	C(v2,v5)
	D(v6,v3)
	E[+1,v1,0];
	F(+0,+0)
	G(+0,+1)
	H[+0,+1,0];
	I(+1,+0)
	J(+1,+1)
	K(+0,v4)
	L(v7,+0)
	M(v2,v3)
	N(v8,v3)
	O(v2,v9)
	P(v10,v4)
	Q(v11,+1)
	R(+1,v4)
ABEHFGHKAFILCDKLCEINBJKNADMNBDGOEJLOCHMOBCFPGIMPDEFQAGJQHIJRAKPRLMQR
	[+1*t^2+3]
	+1*v4+1/2*t-1/2
	+1*v2-1/4*t-3/4
	+1*v0-1/2*t+1/2
	+1*v1+1/2*t-1/2
	+1*v3+1/4*t-1/4
	+1*v5-1/2*t-3/2
	+1*v6+1/4*t-3/4
	+1*v7-1/2*t
	+1*v8-1/2*t-1/2
	+1*v9-1/2
	+1*v10-1/4*t-1/4
	+1*v11-1*t
	A[+1,+0,0];
	B[+1,v0,0];
	C(v2,v6)
	D(+1,+0)
	E(v7,v3)
	F[+1,v1,0];
	G(+0,+1)
	H(+0,v4)
	I(v8,v4)
	J[+0,+1,0];
	K(v5,+1)
	L(v2,v3)
	M(+0,+0)
	N(v9,v3)
	O(v2,v10)
	P(v5,+0)
	Q(v11,+1)
	R(v5,v4)
ABFJCEHKDGILGHJMBDHNAELNCFMNBEGODFKOCJLOBCIPADMPEFIQAGKQAHIRJKPRLMQR
	+1*v1+1*v13
	+1*v5+1*v12-1
	+1*v11-1*v12
	+1*v0+1*v10-1*v12+1*v13+1
	+1*v2+1*v10+1*v13-1
	+1*v10^2-1*v12+1
	+1*v10*v12-1*v10-1*v12-1*v13+1
	+1*v10*v13-1*v10+1*v12-1*v13
	+1*v12*v13+1*v12-1*v13
	+1*v3-1*v10-1*v13
	+1*v4+1*v13-1
	+1*v6+1*v12-1
	+1*v7+1*v10-1*v12
	+1*v8+1*v10-1
	+1*v9-1*v10+1*v12-1
	+1*v12^2-1*v10-2*v12-2*v13+2
	+1*v13^2+1*v10+1*v13-1
	A[+0,+1,0];
	B[+1,v0,0];
	C(v2,v4)
	D(+1,+0)
	E(+0,+0)
	F(+0,+1)
	G[+1,v1,0];
	H(v5,v6)
	I[+1,+0,0];
	J(+0,v3)
	K(v7,v3)
	L(v8,+0)
	M(v2,v9)
	N(+1,+1)
	O(v2,+1)
	P(+1,v10)
	Q(v11,v12)
	R(v13,v3)
ABGIAEFJDEILCHJLBDHMBKLOACMOFINOCEKPGJMPADNPBCFQDGKQEHNQFGHRIJKRLMNR
	[+1*t^2-3*t+3]
	+1*v1+1
	+1*v0+1*t-1
	+1*v2-1*t+1
	+1*v3+1*t-2
	+1*v4-1*t+2
	+1*v5-1*t+1
	+1*v6+1*t-1
	+1*v7-1*t
	+1*v9-1*t
	+1*v8-1*t
	A[+1,+0,0];
	B(+0,+1)
	C[+0,+1,0];
	D[+1,v0,0];
	E[+1,v1,0];
	F(+0,+0)
	G(+1,+0)
	H(+0,v2)
	I(v4,v3)
	J(v4,+1)
	K(v5,+0)
	L(v5,v3)
	M(+1,v2)
	N(+1,v3)
	O(v6,v2)
	P(v4,v7)
	Q(v8,+1)
	R(v5,v9)
ACDEBCFHAFGKEHJKBEGLDFJLBIKMAILNCGMNEFIOAHMOBDNODGHPCIJPABJQCKLRDMQR
	[+1*t^2-8/7*t+4/7]
	+1*v0-7/8*t+5/4
	+1*v2-7/4*t+1/2
	+1*v12+1*t-1
	+1*v4-7/8*t-1/4
	+1*v5-7/8*t+1/4
	+1*v3+7/4*t-3/2
	+1*v1-7/4*t+1
	+1*v6-7/6*t+2/3
	+1*v7+7/6*t-5/3
	+1*v8+7/4*t-1/2
	+1*v9+7/6*t-2/3
	+1*v10-7/4*t+3/2
	+1*v11-7/4*t
	+1*v13-1*t
	A[+1,+0,0];
	B(+0,+0)
	C[+0,+1,0];
	D[+1,v0,0];
	E[+1,v1,0];
	F(+1,+0)
	G(v3,v2)
	H(+0,+1)
	I(+1,v2)
	J(v3,v4)
	K(+0,v5)
	L(v6,+0)
	M(v7,v2)
	N(v8,+1)
	O(v9,+1)
	P(+1,v10)
	Q(v3,v11)
	R(v12,v13)
ACDEBCHKABFLAGIMBEJMDFJOEILOAHNOCFIPDKLPBGNPCGJQDHMQEKNQFGHRIJKRLMNR
	[+1*t^2+3]
	+1*v0-1/2*t+1/2
	+1*v1-1/2*t-1/2
	+1*v2+1/2*t-1/2
	+1*v3-1/2*t-3/2
	+1*v4+1/2*t-3/2
	+1*v5+1/2*t-3/2
	+1*v8-1*t
	+1*v6-1/2*t-1/2
	+1*v7+1/2*t+1/2
	+1*v9-3
	A[+1,+0,0];
	B[+0,+1,0];
	C(+1,+1)
	D(v2,+1)
	E[+1,v0,0];
	F(+0,+1)
	G[+1,v1,0];
	H(v2,v3)
	I(+1,+0)
	J(+0,v4)
	K(+0,+0)
	L(+1,v3)
	M(v2,v4)
	N(v5,v3)
	O(v6,+0)
	P(v7,v4)
	Q(v5,v8)
	R(v5,v9)
ACDFABEGBFJKBCILBDHMCEJNDGKNAHLNEFHOAIKOCGMODEIPFGLPAJMPHIJQKLMRBNQR
	[+1*t^2-1*t+7]
	+1*v1+1/3*t+1/3
	+1*v0+1
	+1*v2+1/3*t-2/3
	+1*v3-1/3*t-1/3
	+1*v4+1/3*t-2/3
	+1*v5+2/3*t-4/3
	+1*v6-1/3*t+2/3
	+1*v8+1
	+1*v7+1/3*t+1/3
	+1*v9-1*t
	A[+0,+1,0];
	B(v3,v2)
	C[+1,+0,0];
	D[+1,v0,0];
	E(+0,+0)
	F[+1,v1,0];
	G(+0,+1)
	H(+0,v2)
	I(v4,v6)
	J(+1,v7)
	K(+1,+0)
	L(v8,+1)
	M(v4,+0)
	N(v3,v5)
	O(v3,+1)
	P(v4,v2)
	Q(+1,v5)
	R(v9,v5)
ACDFAEGHBEFJBDGKDEILDHJMCEKMGIJNFHLNFIKOCGLOABNOBCHPAIMPAJKQBLMRCNQR
	[+1*t^2+3*t+3]
	+1*v1+1
	+1*v0+1*t+2
	+1*v2+1*t+1
	+1*v4+1
	+1*v3-1*t-2
	+1*v5-1*t-1
	+1*v6-1*t-2
	+1*v7-2
	+1*v9-1*t
	+1*v8+1*t+2
	A[+0,+1,0];
	B[+1,+0,0];
	C(+1,v2)
	D(+1,+0)
	E(+0,+0)
	F(v3,v2)
	G(+1,v4)
	H(+0,+1)
	I(v3,+1)
	J[+1,v0,0];
	K(v5,v2)
	L[+1,v1,0];
	M(+0,v6)
	N(v5,v7)
	O(v8,v4)
	P(v5,+0)
	Q(v3,v4)
	R(v9,+1)
ACDGBCFKDFHLABJLEGKLAEHMDIJMCHJNFGMNCEIOBDEPAKNPAFIQBGOQBHIRJKORLPQR
	[+1*t^2-2*t+4]
	+1*v1+1/2*t
	+1*v0+1
	+1*v5+1
	+1*v2-1/2*t
	+1*v3-1/2*t
	+1*v4-1/2*t+1
	+1*v6+1/2*t-1
	+1*v8-2
	+1*v7+1/2*t
	+1*v9-1*t
	A[+1,v0,0];
	B(+0,+1)
	C[+0,+1,0];
	D[+1,+0,0];
	E(+0,v2)
	F(v3,+1)
	G[+1,v1,0];
	H(+1,+0)
	I(+0,+0)
	J(v3,+0)
	K(+1,v2)
	L(v4,+1)
	M(v3,v6)
	N(v7,v2)
	O(v4,v8)
	P(+1,v5)
	Q(v9,v5)
	R(v4,v5)
ACDGEFGHBCEIDHIJBDFLAEJLABHMCFJMGILMDEKNAFKOBGNOCHKPAINPBJKQCLORDPQR
	[+1*t^2-10/7*t+4/7]
	+1*v1+7/2*t-3
	+1*v0+7/2*t-2
	+1*v2+7/2*t-3
	+1*v7+1*t-1
	+1*v3-7/2*t+2
	+1*v4-7/2*t+2
	+1*v6+1
	+1*v9-1/2
	+1*v5+7/2*t-3
	+1*v8-1*t
	A[+1,+0,0];
	B(+0,+1)
	C[+0,+1,0];
	D[+1,v0,0];
	E(+0,+0)
	F(+1,v2)
	G[+1,v1,0];
	H(v3,+1)
	I(+0,v4)
	J(+1,+0)
	K(v3,v2)
	L(v5,+0)
	M(+1,+1)
	N(v6,v4)
	O(v5,v2)
	P(v3,v4)
	Q(v7,v8)
	R(v5,v9)
ACDGEFGHBCEIDHIJBDFLAEJLABHMCFJMGILMDEKNAFKOBGNOCHKPAINPBJKQCLORMNQR
	[+1*t^2+4/3]
	+1*v0+3/4*t+1/2
	+1*v1+3/2*t
	+1*v2+3/4*t-1/2
	+1*v5+3/4*t-3/2
	+1*v3-3/4*t-1/2
	+1*v6-3/4*t-1/2
	+1*v7+3/4*t+1/2
	+1*v4-1/4*t-1/2
	+1*v8-3/4*t+1/2
	+1*v9-1*t
	A[+0,+1,0];
	B(v3,v2)
	C[+1,+0,0];
	D[+1,v0,0];
	E(+0,+0)
	F(v3,+1)
	G(+1,v2)
	H[+1,v1,0];
	I(+1,+0)
	J(+0,+1)
	K(+0,v6)
	L(v4,+0)
	M(v3,v5)
	N(+1,v7)
	O(v4,v2)
	P(v4,+1)
	Q(v8,v5)
	R(v9,v5)
ACDHDFIKAEJKCEILABFMDGJMBDENAGINFHLNBCGOEHMOCFJPGHKPALOPBIJQBKLRCMQR
	[+1*t^2+2*t+2]
	+1*v0+1
	+1*v2+1*t+1
	+1*v3-1*t-1
	+1*v4+1*t
	+1*v5+1
	+1*v6+1*t+1
	+1*v7-3/2*t-2
	+1*v9-1*t
	+1*v1-1*t-1
	+1*v8+1/2*t+1
	A[+1,+0,0];
	B(v3,v2)
	C[+0,+1,0];
	D[+1,v0,0];
	E(+0,+1)
	F(+0,+0)
	G(v5,v4)
	H(v6,+1)
	I[+1,v1,0];
	J(+0,v4)
	K(+1,+0)
	L(v3,+0)
	M(v3,v4)
	N(v5,+1)
	O(v5,v2)
	P(+1,v2)
	Q(v7,v8)
	R(+1,v9)
ACDICEFJBGHKEGILAFKLAGJMDEKMBCLMBDFNAEHNFHIOCGNODHJPABOPBIJQCKPRDLQR
	[+1*t^2-2*t+2]
	+1*v0-1*t+1
	+1*v1-1*t+2
	+1*v3+1*t-2
	+1*v2-1*t+1
	+1*v4+1*t-1
	+1*v5+1*t
	+1*v6+1*t-1
	+1*v7+1
	+1*v8-1*t+1
	+1*v9-1*t
	A[+1,v0,0];
	B(+1,+0)
	C[+0,+1,0];
	D[+1,+0,0];
	E(v2,v6)
	F(+0,+1)
	G(+0,+0)
	H(v7,v3)
	I[+1,v1,0];
	J(+0,v3)
	K(v4,+1)
	L(v2,v5)
	M(v2,+0)
	N(+1,+1)
	O(+1,v8)
	P(v4,v3)
	Q(v9,v5)
	R(v4,v5)
ACDICFGJBEHKGHILBDGMAFHMCELMAEJNDFKNEFIOAGKOBCNODHJPABLPBIJQCKPRDLQR
	+1*v0-1
	+1*v2-1/2
	+1*v4+1/2
	+1*v3+1
	+1*v1+3
	+1*v6-1/2
	+1*v7-3/2
	+1*v8+3/2
	+1*v5-2/3
	+1*v9-1/6
	A[+1,+0,0];
	B(v2,v6)
	C[+0,+1,0];
	D[+1,v0,0];
	E(+1,+0)
	F(+0,+0)
	G(+1,v3)
	H(v2,v4)
	I[+1,v1,0];
	J(+0,+1)
	K(+0,v3)
	L(v7,v4)
	M(v2,v8)
	N(+1,+1)
	O(v9,v4)
	P(v5,+0)
	Q(v5,v3)
	R(v5,+1)
ACDIDEHKCFJKBEJLBCHMDGLMBDFNCEGNAHLOFIMOAEFPBGIPHIJQAGKQAJNRBKORCPQR
	[+1*t^2+1*t+1]
	+1*v2+1/3*t-1/3
	+1*v3-1/3*t-2/3
	+1*v4-1/3*t-2/3
	+1*v0-1*t-1
	+1*v1-1*t
	+1*v6+1/3*t-1/3
	+1*v5+1*t
	+1*v7+1/3*t-1/3
	+1*v8+1*t+1
	+1*v9-1*t
	A[+0,+1,0];
	B[+1,+0,0];
	C(+1,+0)
	D(v2,v6)
	E(+1,+1)
	F(+1,v3)
	G(v4,v7)
	H(+0,+0)
	I[+1,v0,0];
	J(v2,v3)
	K(v4,v3)
	L(+0,+1)
	M[+1,v1,0];
	N(+0,v5)
	O(v4,+0)
	P(v2,+1)
	Q(v8,v5)
	R(v9,v5)
ACEFDEHKBFJKCGJLABIMEGINAHLNCDMNBCHODFIOAGKOADJPBELPFGMPHIJQKLMRBNQR
	[+1*t^2+3*t+3]
	+1*v1+1
	+1*v0+1*t+2
	+1*v3+1*t+1
	+1*v2-1*t-2
	+1*v4-1*t-2
	+1*v6-1*t-1
	+1*v7-1
	+1*v5-2
	+1*v8-2*t-2
	+1*v9-1*t
	A[+0,+1,0];
	B[+1,+0,0];
	C(+1,+0)
	D(v2,v7)
	E(+1,v3)
	F(+0,+1)
	G(+1,v4)
	H[+1,v0,0];
	I(+0,+0)
	J(v2,v3)
	K[+1,v1,0];
	L(+0,v4)
	M(v2,+0)
	N(v6,v5)
	O(v6,v4)
	P(v6,v3)
	Q(v8,v5)
	R(v9,v5)
ACEGABHKCFJKCDHLAFILBCIMADJMEFHNDGKNDEIOBGLOBEJPFGMPANOPHIJQKLMRBNQR
	[+1*t^2-5*t+7]
	+1*v1-1*t+3
	+1*v0+1
	+1*v2+1*t-2
	+1*v4+1*t-3
	+1*v3-1*t+2
	+1*v5+1*t-2
	+1*v6-1*t+3
	+1*v7-1*t+3
	+1*v8-1*t+3
	+1*v9-1*t
	A[+1,v0,0];
	B(+0,+1)
	C[+1,+0,0];
	D(v3,v2)
	E[+0,+1,0];
	F(+0,+0)
	G[+1,v1,0];
	H(+1,+0)
	I(+0,v4)
	J(v3,+0)
	K(+1,v6)
	L(v5,+1)
	M(v3,v4)
	N(v7,v4)
	O(+1,v2)
	P(v8,+1)
	Q(v5,v9)
	R(v5,v2)
ACEGBEFIDGHICFHJFGKLABHMDEJMADFNBGJNCIMNEHKOAILOAJKPBCLPBDKQCDORELQR
	[+1*t^2+2*t+4]
	+1*v1-1/2*t-1
	+1*v0-1/2*t
	+1*v2-1/2*t-1
	+1*v7+1/7*t-4/7
	+1*v3+1/2*t
	+1*v4+1/2*t
	+1*v6+1
	+1*v5-1/2*t-1
	+1*v8-1/7*t-3/7
	+1*v9-1*t
	A[+1,+0,0];
	B(+0,+1)
	C[+0,+1,0];
	D(+1,v2)
	E[+1,v0,0];
	F(+0,+0)
	G[+1,v1,0];
	H(v3,+1)
	I(+0,v4)
	J(+1,+0)
	K(v3,v2)
	L(v5,+0)
	M(+1,+1)
	N(v6,v4)
	O(v5,v2)
	P(v3,v4)
	Q(v7,v8)
	R(v5,v9)
ACEGDFGHBCFIEHIJBDELAFJLABHMCDJMGILMEFKNADKOBGNOCHKPAINPBJKQCLORDPQR
	[+1*t^2+1/2*t+1/4]
	+1*v1-2*t-1
	+1*v0-2*t
	+1*v2-2*t-1
	+1*v7+4/7*t-1/7
	+1*v3+2*t
	+1*v4+2*t
	+1*v6+1
	+1*v5-2*t-1
	+1*v9-1*t
	+1*v8-4/7*t-6/7
	A[+1,+0,0];
	B(+0,+1)
	C[+0,+1,0];
	D(+1,v2)
	E[+1,v0,0];
	F(+0,+0)
	G[+1,v1,0];
	H(v3,+1)
	I(+0,v4)
	J(+1,+0)
	K(v3,v2)
	L(v5,+0)
	M(v6,v4)
	N(+1,+1)
	O(v5,v2)
	P(v3,v4)
	Q(v7,v8)
	R(v5,v9)
ACEGDFGHBCFIEHIJBDELAFJLEFKMABHNCDJNGILNADKOBGMOCHKPAIMPBJKQCLORDMQR
	+1*v0+1
	+1*v1-1*v9+2
	+1*v2-1*v9+1
	+1*v3+1*v7+1*v9-1
	+1*v4+1*v7
	+1*v5+1*v7
	+1*v6-1*v7-1
	+1*v8+1
	+1*v7^2-1*v9+1
	+1*v7*v9-1*v7+1*v9-2
	+1*v9^2-1*v7-3*v9+3
	A[+1,+0,0];
	B(+0,+0)
	C[+0,+1,0];
	D(+1,+0)
	E[+1,v0,0];
	F(v3,v2)
	G(v3,+1)
	H[+1,v1,0];
	I(+0,+1)
	J(+0,v4)
	K(v5,v2)
	L(v6,v4)
	M(v5,+0)
	N(+1,v4)
	O(v5,v7)
	P(+1,v2)
	Q(v8,+1)
	R(v3,v9)
ACEHBCIJBFHLDEILABDMEFJMBGKNAJLNDGHOCKMOAFKPCDNPAGIQBEOQCFGRHIPRJKQR
	[+1*t^2-2/3*t+4/9]
	+1*v4-3/2*t
	+1*v3+3*t-1
	+1*v1-1*t+1/3
	+1*v2-1*t-2/3
	+1*v0-1/2*t+2/3
	+1*v5+3/2*t-1
	+1*v6-3*t
	+1*v7+3/2*t
	+1*v8+3/2*t-1
	+1*v9-1/2*t-1/3
	+1*v10-3*t+1
	+1*v11-1*t+1/3
	+1*v12+1*t-1/3
	+1*v13-1*t
	A[+1,+0,0];
	B(+0,+1)
	C[+1,v0,0];
	D(+1,+0)
	E[+0,+1,0];
	F(v3,v2)
	G(v5,v4)
	H[+1,v1,0];
	I(v3,v6)
	J(v7,v2)
	K(+0,+0)
	L(+0,v4)
	M(+1,v2)
	N(v8,v9)
	O(v10,+0)
	P(v3,v4)
	Q(+1,v11)
	R(v12,v13)
ACEHBDGIBEKLAFJMCDFNADKOCILOBHMOEFIPAGLPBJNPCGJQDEMQHKNQFGHRIJKRLMNR
	[+1*t^2+1/3]
	+1*v0-3/2*t+1/2
	+1*v1+3/2*t+1/2
	+1*v4+1/2*t-1/2
	+1*v5-1*t
	+1*v2+3/2*t-1/2
	+1*v3-3/2*t-1/2
	+1*v6+1/2*t-1/2
	+1*v7-1*t-1
	+1*v8+1*t
	+1*v9-1*t
	A[+1,+0,0];
	B(+1,+1)
	C[+0,+1,0];
	D(+0,+1)
	E[+1,v0,0];
	F(v3,v2)
	G(+1,+0)
	H[+1,v1,0];
	I(+0,v2)
	J(v3,+0)
	K(+0,+0)
	L(v6,v4)
	M(v5,v4)
	N(+1,v2)
	O(v3,+1)
	P(v7,v4)
	Q(v5,v8)
	R(v5,v9)
ACEHCDIKAGJKEGILDEJMFHKMBCGNAFINDHLNABDOCFJOBEFPALMPGHOPBIJQBKLRCMQR
	[+1*t^2-2*t+4/3]
	+1*v0-3/2*t+2
	+1*v1+3/2*t-1
	+1*v4+1/2*t-1
	+1*v5-1*t
	+1*v2+3/2*t-2
	+1*v3-3/2*t+1
	+1*v6+1/2*t-1
	+1*v7-1*t+1
	+1*v8-1/2*t
	+1*v9-1*t
	A[+1,+0,0];
	B(+1,+1)
	C[+0,+1,0];
	D(+1,+0)
	E[+1,v0,0];
	F(+0,+1)
	G(v3,v2)
	H[+1,v1,0];
	I(+0,v2)
	J(v3,+0)
	K(+0,+0)
	L(v6,v4)
	M(v5,v4)
	N(+1,v2)
	O(v3,+1)
	P(v7,v4)
	Q(v5,v8)
	R(v5,v9)
ACEHCFIKADJKDEILBEGMBCDNAGINFHLNABFOCGJODHMOEFJPGHKPALMPBIJQBKLRCMQR
	[+1*t^2+4*t+7]
	+1*v1+1/2*t+3/2
	+1*v0+1
	+1*v2-1/2*t-1/2
	+1*v4-1/2*t-3/2
	+1*v3+1/2*t+1/2
	+1*v5+1*t+1
	+1*v6+1/2*t+3/2
	+1*v7+1/2*t+3/2
	+1*v8-1/2*t-1/2
	+1*v9-1*t
	A[+1,v0,0];
	B(v3,v2)
	C[+1,+0,0];
	D(+0,+1)
	E[+0,+1,0];
	F(+1,+0)
	G(+0,+0)
	H[+1,v1,0];
	I(+0,v4)
	J(v3,+0)
	K(+1,v6)
	L(v3,v4)
	M(v7,v4)
	N(+1,v2)
	O(v8,+1)
	P(v5,v2)
	Q(v5,v9)
	R(v5,+1)
ACEHDEGIBFHICFGJADFLBEJLABGMDHJMCILMEFKNGHKOAINOAJKPBCNPBDKQCDOREPQR
	[+1*t^2-2*t+4/3]
	+1*v0+3/2*t-1
	+1*v1+3*t-3
	+1*v2+3/2*t-2
	+1*v5+3/2*t-1
	+1*v3-3/2*t+1
	+1*v6-3/2*t+1
	+1*v7+3/2*t-3
	+1*v4-1/2*t
	+1*v8-3/2*t
	+1*v9-1*t
	A[+0,+1,0];
	B(v3,v2)
	C[+1,+0,0];
	D(v3,+1)
	E[+1,v0,0];
	F(+1,v2)
	G(+0,+0)
	H[+1,v1,0];
	I(+1,+0)
	J(+0,+1)
	K(+0,v6)
	L(v4,+0)
	M(+1,v5)
	N(v4,+1)
	O(v3,v7)
	P(v4,v2)
	Q(v8,v5)
	R(v9,v5)
ACEHDEIKAGJKCGILBEGMAFIMDHLMCDJNFHKNABDOEFJOBCFPALNPGHOPBIJQBKLRCMQR
	[+1*t^2-6/7*t+3/7]
	+1*v0+7/4*t-1/4
	+1*v1-7/4*t+5/4
	+1*v4-7/12*t-1/4
	+1*v8-7/6*t+1/2
	+1*v2-7/4*t+1/4
	+1*v3+7/4*t-5/4
	+1*v5-7/12*t-1/4
	+1*v6+7/6*t-1/2
	+1*v7+7/6*t-3/2
	+1*v9-7/6*t+1/2
	+1*v10+1/2*t-1/2
	+1*v11-1*t
	A[+1,+0,0];
	B(+1,+1)
	C[+1,v0,0];
	D(+0,+1)
	E[+0,+1,0];
	F(v3,v2)
	G(+1,+0)
	H[+1,v1,0];
	I(+0,+0)
	J(v5,v4)
	K(+0,v2)
	L(v3,+0)
	M(+1,v2)
	N(v6,v4)
	O(v7,v4)
	P(v3,+1)
	Q(v8,v9)
	R(v10,v11)
ACEHDEIKCGJKAGILBEGMDHJMAFKMFHINCDLNBCFOAJNOABDPEFLPGHOPBIJQBKLRMNQR
	[+1*t^2-3/4*t+1/4]
	+1*v0+1
	+1*v1+2*t
	+1*v2+2*t-1
	+1*v3-4*t+1
	+1*v4-2*t+1
	+1*v5-2*t+1/2
	+1*v7+1
	+1*v9+4*t-2
	+1*v6-1/2
	+1*v8-2*t
	+1*v10+4*t-2
	+1*v11-4*t+2
	+1*v12-2*t+1
	+1*v13-1*t
	A[+0,+1,0];
	B(+1,+0)
	C[+1,+0,0];
	D(+0,+1)
	E[+1,v0,0];
	F(+0,+0)
	G(+1,v2)
	H(v5,v6)
	I[+1,v1,0];
	J(v3,v2)
	K(+0,v4)
	L(+1,v4)
	M(v3,+0)
	N(v7,v8)
	O(v3,v9)
	P(v10,v4)
	Q(v11,v2)
	R(v12,v13)
ACEIADFKABGLEHJLBCFMBDEOAJMOFINODGIPCKLPBHNPCGJQDHMQEKNQFGHRIJKRLMNR
	[+1*t^2+4]
	+1*v1+1
	+1*v0+1/2*t
	+1*v2-1/2*t
	+1*v3+1/2*t
	+1*v4-1/2*t-1
	+1*v5+1
	+1*v6-1/2*t
	+1*v7+1/4*t-1/2
	+1*v9-1*t
	+1*v8-1/4*t+1/2
	A[+1,+0,0];
	B(v3,v2)
	C[+0,+1,0];
	D(+1,+0)
	E[+1,v0,0];
	F(+0,+1)
	G(+0,v4)
	H(v6,+1)
	I[+1,v1,0];
	J(+0,+0)
	K(v5,v4)
	L(v3,+0)
	M(v3,v4)
	N(+1,+1)
	O(+1,v2)
	P(v5,v2)
	Q(v7,v8)
	R(v5,v9)
ACEICFGJBDHKADJLEFKLDFIMAGKMBCLMBEGNAFHNGHIOCDNOEHJPABOPBIJQCKPRDEQR
	[+1*t^2-5*t+7]
	+1*v0+1
	+1*v1+1*t-2
	+1*v2-1*t+2
	+1*v5+1*t-2
	+1*v3+1*t-2
	+1*v4+1*t-3
	+1*v6-1*t+3
	+1*v7-1*t+3
	+1*v8-2*t+5
	+1*v9-1*t
	A[+0,+1,0];
	B(+1,+0)
	C[+1,+0,0];
	D(+0,+1)
	E(+0,+0)
	F[+1,v0,0];
	G[+1,v1,0];
	H(+0,v2)
	I(v3,+1)
	J(v4,+0)
	K(v4,v2)
	L(v6,+1)
	M(v3,v2)
	N(+1,v5)
	O(+1,v7)
	P(v3,v8)
	Q(v4,v5)
	R(v9,v5)
ACFGADEHBCEJBDFKCDILDGJMCHKMFIJNEGLNEIKOFHLOABNOBGHPAIMPAJKQBLMRCNQR
	+1*v0+1*v5+1*v7
	+1*v1+1*v5
	+1*v5*v6-1*v10
	+1*v3+1*v5+1*v6+1*v7-1
	+1*v2+1*v5-1
	+1*v5^2-1*v5-1*v6+1*v11
	+1*v5*v8-1
	+1*v5*v9+1*v5+1*v6+1*v7
	+1*v4-1*v5-1*v6-1*v7
	+1*v6^2-1*v5+1*v10-1*v11+1
	+1*v5*v7+1*v6-1*v7+1*v10-1*v11
	+1*v6*v7-1*v6+1*v11
	+1*v7*v8-1*v5-1*v6-1*v7+1
	+1*v7*v9-1
	+1*v7^2+1*v5+1*v7-1*v10
	+1*v6*v8+1*v5+1*v6+1*v7+1*v9
	+1*v6*v9-1*v5-1*v6-1*v7-1*v8-1*v9+1
	+1*v5*v10+1*v6*v11-1*v5-1*v11+1
	+1*v6*v10+1*v7*v11-2*v6-1*v10+2*v11
	+1*v8*v10-1*v6
	+1*v9*v10+1*v5+1*v6-1
	+1*v5*v11+1*v6*v11+1*v7*v11-1*v5-1*v6-1*v10+1
	+1*v8*v11+2*v5+1*v6+1*v7+1*v9-1
	+1*v9*v11-1*v5-1*v7-1*v8-1*v9+1
	+1*v8^2+1*v8*v9+1*v9^2
	+1*v7*v10-1*v6*v11-1*v7*v11+1*v5+1*v6-1
	+1*v10^2-2*v6*v11-1*v7*v11-1*v10*v11+1*v11^2+1*v5+2*v6-1*v11-1
	A[+0,+1,0];
	B(+0,+0)
	C[+1,v0,0];
	D(+0,+1)
	E(+1,+0)
	F[+1,+0,0];
	G(v3,v2)
	H[+1,v1,0];
	I(+1,v6)
	J(v3,v4)
	K(+0,v4)
	L(v3,v7)
	M(+1,v2)
	N(v8,+0)
	O(v9,v4)
	P(v5,v10)
	Q(v5,v2)
	R(v5,v11)
ACFHABDKAGJLAEIMBEFNCIKNDHMNCDGOFJKOBHLOBGIPCELPDEJQFGMQHIJRKLMRAPQR
	+1*v0+1/2*v9+1*v10+1/2*v11+1/2
	+1*v1+1/2*v9+1/2*v11+1/2
	+1*v2-1*v9-1
	+1*v3+1*v9+1*v10
	+1*v4+1/2*v9-1/2*v11-1/2
	+1*v6+1*v9
	+1*v9*v10-1
	+1*v9*v11-1/2*v9-1*v10+1/2*v11-1/2
	+1*v10*v11+1*v9+1*v10+1*v11
	+1*v11^2-3/2*v9-3*v10+1/2*v11+1/2
	+1*v5-1*v9-1*v10-1
	+1*v7+1/2*v9+1/2*v11-1/2
	+1*v8-1*v10-1
	+1*v9^2+1/2*v9+1*v10+1/2*v11+3/2
	+1*v10^2+1/2*v9+1*v10-1/2*v11+1/2
	A[+0,+1,0];
	B(+0,+0)
	C[+1,v0,0];
	D(+0,+1)
	E(v2,v6)
	F[+1,+0,0];
	G(+1,v3)
	H[+1,v1,0];
	I(v2,v4)
	J(+1,+0)
	K(+0,v4)
	L(+1,v7)
	M(v2,v3)
	N(v8,+0)
	O(v9,v4)
	P(v5,v10)
	Q(v5,v3)
	R(v5,v11)
ACFHABDKAGJLAEIMBFJNCGKNDHLNBEHOFIKOCDMOBGIPCELPDEJQFGMQHIJRKLMRAPQR
	[+1*t^2-1/3*t+1/9]
	+1*v0+1*t+1/3
	+1*v1-1*t+2/3
	+1*v2-3*t
	+1*v4-2*t+1/3
	+1*v5+2*t-4/3
	+1*v6-1*t-1/3
	+1*v3+3*t-1
	+1*v10-2*t
	+1*v7-1*t-1/3
	+1*v8-3*t-1
	+1*v9+6*t-1
	+1*v11-1*t
	A[+0,+1,0];
	B(+0,+0)
	C[+1,v0,0];
	D(+0,+1)
	E(v3,v2)
	F[+1,+0,0];
	G(+1,v4)
	H[+1,v1,0];
	I(v3,v6)
	J(+1,+0)
	K(+0,v2)
	L(+1,v7)
	M(v3,v4)
	N(v8,+0)
	O(v9,v2)
	P(v5,v10)
	Q(v5,v4)
	R(v5,v11)
ACFHABDKAGJLAEIMBFJNCGKNDHLNCDIOEFKOBHMOBGIPCELPDEJQFGMQHIJRKLMRAPQR
	+1*v0-1*v8+2*v10-1*v11+1
	+1*v1-1*v8+1*v10+1
	+1*v2+1*v8-1
	+1*v3-1*v8+1*v10-1*v11+1
	+1*v5-1*v8
	+1*v4+1*v8-1*v10+1*v11-2
	+1*v8*v10-1*v8-1*v11+2
	+1*v8*v11-1*v8+1*v10-1*v11+1
	+1*v11^2+1*v8-1*v10-2*v11
	+1*v6-1*v10
	+1*v7-1*v8+1*v10
	+1*v9-1*v11+2
	+1*v8^2-2*v8-1*v11+3
	+1*v10^2-1*v10+1
	+1*v10*v11+1*v8-2*v10
	A[+0,+1,0];
	B(+0,+0)
	C[+1,v0,0];
	D(+0,+1)
	E(v2,v5)
	F[+1,+0,0];
	G(+1,v3)
	H[+1,v1,0];
	I(v2,+1)
	J(+1,+0)
	K(+0,v6)
	L(+1,v7)
	M(v2,v3)
	N(v8,+0)
	O(v9,+1)
	P(v4,v10)
	Q(v4,v3)
	R(v4,v11)
ACFHABDKAGJLAEIMBFJNCGKNDHLNDFIOEHKOBCMOBGIPCELPDEJQFGMQHIJRKLMRAPQR
	[+1*t^2-1*t+7]
	+1*v0+1
	+1*v1-1/3*t+2/3
	+1*v2-1/3*t-1/3
	+1*v3+1/3*t-2/3
	+1*v4+1/3*t+1/3
	+1*v5-1/3*t-1/3
	+1*v6-1/3*t+2/3
	+1*v7+1
	+1*v8-2/3*t-2/3
	+1*v9-1*t
	A[+0,+1,0];
	B(v3,v2)
	C[+1,+0,0];
	D(v5,v4)
	E(+0,+0)
	F[+1,v0,0];
	G(+0,+1)
	H[+1,v1,0];
	I(+0,v2)
	J(+1,+0)
	K(+1,v6)
	L(v7,+1)
	M(v5,+0)
	N(v3,+1)
	O(v3,v8)
	P(v5,v2)
	Q(+1,v4)
	R(v9,v4)
ACFHAEGIBFGJBEHKDEFLCEJMFIKMDHJNCGLNDGKOHILOABNOBCIPADMPAJKQBLMRCDQR
	[+1*t^2-4/7*t+1/7]
	+1*v1+1
	+1*v0-7/2*t+3/2
	+1*v3-7/2*t+1/2
	+1*v2+7/2*t-1/2
	+1*v4+7/2*t-3/2
	+1*v5+7/2*t-3/2
	+1*v6-7/2*t+3/2
	+1*v7+5/2*t-3/2
	+1*v9+1
	+1*v8-1*t
	A[+1,+0,0];
	B(+1,+0)
	C[+0,+1,0];
	D(v2,+1)
	E(+0,+1)
	F[+1,v0,0];
	G(+0,+0)
	H[+1,v1,0];
	I(v4,v3)
	J(+0,v5)
	K(v6,v5)
	L(v4,+0)
	M(+1,v3)
	N(v4,+1)
	O(v2,v3)
	P(+1,v5)
	Q(v7,v8)
	R(v2,v9)
ACFHDFGIBEHICEGJABGLDHJLEFKMADENBFJNCILNGHKOAIMOAJKPBCMPBDKQCDORLMQR
	[+1*t^2-2*t+2]
	+1*v0-1/2*t+1
	+1*v1+1
	+1*v2-1/2*t
	+1*v3+1*t-1
	+1*v4+1*t-2
	+1*v5+1/2*t-1
	+1*v6-1*t+1
	+1*v7-1/2*t-1
	+1*v8+3/2*t-2
	+1*v9-1*t
	A[+0,+1,0];
	B(v3,v2)
	C[+1,+0,0];
	D(+1,+0)
	E(v4,v2)
	F[+1,v0,0];
	G(+0,+1)
	H(+1,v5)
	I[+1,v1,0];
	J(+0,v5)
	K(+0,+0)
	L(+1,v2)
	M(v4,v6)
	N(v4,+0)
	O(v3,v7)
	P(v3,v5)
	Q(v8,v6)
	R(v9,v6)
ACFIDEFJAGJKBCELADHLDGIMBFKMBGHNCDKNAEMNEHIOFGLOCHJPABOPBIJQKLPRCMQR
	[+1*t^2+1]
	+1*v0+1/2*t+1/2
	+1*v2+1/2*t-1/2
	+1*v3-1/2*t-1/2
	+1*v4-1*t-1
	+1*v5-1*t+1
	+1*v6-1*t
	+1*v1+1/2
	+1*v7+1*t
	+1*v8+1/2*t-3/2
	+1*v9-1*t
	A[+1,+0,0];
	B(+0,+1)
	C[+0,+1,0];
	D(v6,v2)
	E(+1,+0)
	F[+1,v0,0];
	G(+0,v3)
	H(v4,+0)
	I[+1,v1,0];
	J(v4,v2)
	K(+0,+0)
	L(+1,v2)
	M(v5,+1)
	N(+1,v3)
	O(v7,v3)
	P(v4,+1)
	Q(v5,v8)
	R(v5,v9)
ACFIEFGJBCGKAEHKADJLGHIMDFKMBDHNCELNDEIOBFLOAGNOCHJPABMPBIJQKLPRCMQR
	[+1*t^2-4/7*t+1/7]
	+1*v1+1
	+1*v0+7/2*t-1/2
	+1*v3+7/2*t-3/2
	+1*v2-7/2*t+3/2
	+1*v4-7/2*t+1/2
	+1*v5-7/2*t+1/2
	+1*v9+1
	+1*v6+7/2*t-1/2
	+1*v7+1/2*t-1/2
	+1*v8-1*t
	A[+1,+0,0];
	B(+1,+0)
	C[+0,+1,0];
	D(v2,+1)
	E(+0,+0)
	F(+0,+1)
	G[+1,v0,0];
	H[+1,v1,0];
	I(v4,v3)
	J(+0,v5)
	K(v6,v5)
	L(v4,+0)
	M(v4,+1)
	N(+1,v3)
	O(v2,v3)
	P(+1,v5)
	Q(v7,v8)
	R(v2,v9)
ACGHDEGIBFHICEFJABELDHJLADFMBGJMCILMFGKNEHKOAINOAJKPBCNPBDKQCDOREPQR
	[+1*t^2-2*t+2]
	+1*v1-1/2*t+1
	+1*v0+1/2*t
	+1*v2-1/2*t
	+1*v3+1*t-1
	+1*v4+1/2*t-1
	+1*v5+1
	+1*v6-1*t+1
	+1*v7+3/5*t-2/5
	+1*v8-1/5*t-1/5
	+1*v9-1*t
	A[+1,+0,0];
	B(v3,v2)
	C[+0,+1,0];
	D(+0,+1)
	E(+0,v4)
	F(+1,+0)
	G[+1,v0,0];
	H(v6,v4)
	I[+1,v1,0];
	J(+0,+0)
	K(v5,+1)
	L(v3,+0)
	M(v3,+1)
	N(+1,v4)
	O(+1,v2)
	P(v5,v2)
	Q(v7,v8)
	R(v5,v9)
ACGICDEJBFHKAFJLEGKLEFIMADKMBCLMBDGNAEHNDHIOCFNOGHJPABOPBIJQCKPRDLQR
	[+1*t^2+2/5*t+1/5]
	+1*v1+1
	+1*v0+5/2*t+1/2
	+1*v2-5/2*t-1/2
	+1*v3+5/2*t+1/2
	+1*v4-5/2*t-3/2
	+1*v5+1
	+1*v7+1*t
	+1*v6-5/2*t-1/2
	+1*v9+1
	+1*v8-1*t
	A[+1,+0,0];
	B(v3,v2)
	C[+0,+1,0];
	D(+0,+1)
	E(+1,+0)
	F(+0,v4)
	G[+1,v0,0];
	H(v6,+1)
	I[+1,v1,0];
	J(+0,+0)
	K(v5,v4)
	L(v3,+0)
	M(+1,v2)
	N(+1,+1)
	O(v3,v4)
	P(v5,v2)
	Q(v7,v8)
	R(v5,v9)
ACGICDFJBEHKAEJLDGKLFHIMBFGNADHNCEMNDEIOAFKOBCLOGHJPABMPBIJQCKPRLMQR
	[+1*t^2+2*t+2]
	+1*v0+1
	+1*v2+1*t+1
	+1*v3-1*t-1
	+1*v4+1*t
	+1*v5+1
	+1*v1-1*t-1
	+1*v6+1*t+1
	+1*v9-1*t
	+1*v7-1*t
	+1*v8+2*t+2
	A[+1,+0,0];
	B(v3,v2)
	C[+0,+1,0];
	D(+0,+0)
	E(v5,v4)
	F(+0,+1)
	G[+1,v0,0];
	H(v6,+1)
	I[+1,v1,0];
	J(+0,v4)
	K(+1,+0)
	L(v3,+0)
	M(v3,v4)
	N(v5,+1)
	O(v5,v2)
	P(+1,v2)
	Q(v7,v8)
	R(+1,v9)
ACGICDFJBEHKEFILADKLAEJMFGKMBCLMBDGNAFHNDHIOCENOGHJPABOPBIJQCKPRDEQR
	+1*v1+1
	+1*v0+1*v8-2*v10+1*v11+1
	+1*v2-1*v10+1
	+1*v3+1*v8-1
	+1*v4+1*v10-1*v11-1
	+1*v5-1*v8+1*v10-1*v11-1
	+1*v6-1*v8+2*v10-1*v11-2
	+1*v9+1*v10-1*v11-2
	+1*v8*v10+1*v8-2*v10+1*v11+1
	+1*v10^2+1*v8-2*v10
	+1*v8*v11+1*v8-1*v10
	+1*v10*v11+1*v10-2*v11-1
	+1*v7-2*v8+1*v10-1*v11
	+1*v8^2+1*v8-2*v10+1*v11+2
	+1*v11^2-1*v8+3*v10-2*v11-1
	A[+1,+0,0];
	B(v2,v6)
	C[+1,v0,0];
	D(+0,+0)
	E(v7,v3)
	F(v8,v3)
	G[+0,+1,0];
	H(v5,v4)
	I(+0,+1)
	J[+1,v1,0];
	K(v2,v9)
	L(+0,v4)
	M(+1,+0)
	N(v5,+0)
	O(v2,+1)
	P(v10,v4)
	Q(v5,v3)
	R(v11,+1)
ACGJEHIKDGILCFKLBCHMFIJMBEJNADMNCDEOBGKOBDFPAHLPAEFQGHNQAIORJKPRBLQR
	+1*v1+1
	+1*v0+1*v8+2*v9+1
	+1*v2+1*v8+2*v9
	+1*v3-1*v8-1*v9-1
	+1*v4+1*v8+1*v9
	+1*v5+1*v9
	+1*v6+1*v8+1*v9+1
	+1*v7+1*v9-1
	+1*v8^2+2*v8-1*v9-2
	+1*v8*v9-1*v8+1
	+1*v9^2+1*v8+1*v9
	A[+1,+0,0];
	B(+1,+0)
	C[+0,+1,0];
	D(+0,+1)
	E(+0,v2)
	F(v3,v2)
	G[+1,v0,0];
	H(v5,v4)
	I(v7,v6)
	J(v8,v4)
	K[+1,v1,0];
	L(+0,+0)
	M(v3,v4)
	N(v5,+0)
	O(v3,v6)
	P(+1,v2)
	Q(v5,v9)
	R(+1,v6)
ACGKEHIKCDELFGJLAHJMBDKMDFINABLNBEJOCFMOAEFPDGHPBGIQCHNQAIORBCPRDJQR
	[+1*t^2+2*t+2]
	+1*v1+1
	+1*v0-1*t-1
	+1*v2+1*t
	+1*v3+1
	+1*v4+1*t+1
	+1*v5-1*t-1
	+1*v6+1*t+1
	+1*v7-1
	+1*v8+1*t+2
	+1*v9-1*t
	A[+1,+0,0];
	B(v3,v2)
	C[+0,+1,0];
	D(+0,+0)
	E(+0,+1)
	F(v5,v4)
	G(+1,+0)
	H[+1,v0,0];
	I[+1,v1,0];
	J(+0,v4)
	K(v6,+1)
	L(v5,v2)
	M(v5,+0)
	N(v3,+1)
	O(v3,v4)
	P(v6,v2)
	Q(v7,v8)
	R(v6,v9)
ACHICDEJBFGKEGILADGMBEHMCFLMDFINAEKNAFJODHKOBCNOGHJPABLPBIJQCKPRDLQR
	[+1*t^2-1*t+1/2]
	+1*v1+1
	+1*v0+2*t-1
	+1*v2-2*t+1
	+1*v3+2*t-1
	+1*v4-2*t
	+1*v5+1
	+1*v7+2/5*t+1/5
	+1*v6-2*t+1
	+1*v8-2/5*t-1/5
	+1*v9-1*t
	A[+1,+0,0];
	B(v3,v2)
	C[+0,+1,0];
	D(v6,+1)
	E(+0,+1)
	F(+0,v4)
	G(+1,+0)
	H[+1,v0,0];
	I[+1,v1,0];
	J(+0,+0)
	K(v5,v4)
	L(v3,+0)
	M(v3,v4)
	N(+1,+1)
	O(+1,v2)
	P(v5,v2)
	Q(v7,v8)
	R(v5,v9)
ACHICEFJBDGKAGJLEHKLEGIMAFKMBCLMADENBFHNDFIOCGNODHJPABOPBIJQCKPRDLQR
	[+1*t^2-1*t+1/2]
	+1*v0+1
	+1*v2+2*t-1
	+1*v3-2*t+1
	+1*v4+2*t-2
	+1*v5+1
	+1*v1-2*t+1
	+1*v6+2*t-1
	+1*v7-2*t-1
	+1*v9-1*t
	+1*v8-2*t+1
	A[+1,+0,0];
	B(v3,v2)
	C[+0,+1,0];
	D(v6,+1)
	E(+0,+1)
	F(+0,+0)
	G(v5,v4)
	H[+1,v0,0];
	I[+1,v1,0];
	J(+0,v4)
	K(+1,+0)
	L(v3,+0)
	M(v3,v4)
	N(v5,+1)
	O(v5,v2)
	P(+1,v2)
	Q(v7,v8)
	R(+1,v9)
ACHICEFJBDGKEGILAFKLAGJMEHKMBCLMADENBFHNDFIOCGNODHJPABOPBIJQCKPRDLQR
	[+1*t^2+1/3]
	+1*v0-3*t+1
	+1*v1+2
	+1*v2-3*t
	+1*v3+3/2*t-1/2
	+1*v4-3/2*t+3/2
	+1*v5-3*t-1
	+1*v6+3/2*t-1/2
	+1*v7+3/4*t-1/4
	+1*v12+1/2*t-1/2
	+1*v8-3/2*t+1/2
	+1*v10+3/2*t-1
	+1*v9+3*t
	+1*v11+3/4*t+1/4
	+1*v13-1*t
	A[+0,+1,0];
	B(+1,+0)
	C(+0,+0)
	D[+1,v0,0];
	E[+1,+0,0];
	F(v3,v2)
	G(+0,+1)
	H[+1,v1,0];
	I(+1,v4)
	J(v3,v5)
	K(+0,v6)
	L(+1,v2)
	M(v3,+1)
	N(v7,+0)
	O(v8,v9)
	P(v10,v2)
	Q(v11,+1)
	R(v12,v13)
ADEHACGKABILAFJMBCENCFIODGLOBKMOBHJPEFLPDINPCDJQEGMQHKNQFGHRIJKRLMNR
	[+1*t^2+1/3]
	+1*v0-3*t+1
	+1*v1+2
	+1*v2-3*t
	+1*v3+3/2*t-1/2
	+1*v4-3/2*t+3/2
	+1*v5-3*t-1
	+1*v6+3/2*t-1/2
	+1*v7+3/4*t-1/4
	+1*v12+1/2*t-1/2
	+1*v8-3/2*t+1/2
	+1*v10+3/2*t-1
	+1*v11+3/4*t+1/4
	+1*v13-1*t
	+1*v9+3*t
	A[+0,+1,0];
	B(+1,+0)
	C(+0,+0)
	D[+1,v0,0];
	E[+1,+0,0];
	F(v3,v2)
	G(+0,+1)
	H[+1,v1,0];
	I(+1,v4)
	J(v3,v5)
	K(+0,v6)
	L(+1,v2)
	M(v3,+1)
	N(v7,+0)
	O(v8,v9)
	P(v10,v2)
	Q(v11,+1)
	R(v12,v13)
ADEHACGKABILAFJMBCENCFIODGLOBKMOBHJPEFLPDINPCDJQEGMQHKNQFGHRIJKRLMNROPQR
	[+1*t^2+1*t+1]
	+1*v1+1
	+1*v0+1*t+1
	+1*v7+1/2*t
	+1*v5-1*t
	+1*v2-1*t-1
	+1*v3+1*t
	+1*v4+1*t+1
	+1*v6-2*t-2
	+1*v8+1/2*t
	+1*v9-1*t
	A(v3,v2)
	B[+0,+1,0];
	C[+1,+0,0];
	D(+0,+1)
	E(+1,+0)
	F(+0,v2)
	G[+1,v0,0];
	H[+1,v1,0];
	I(v4,+1)
	J(v3,+0)
	K(+1,v5)
	L(+0,+0)
	M(+1,+1)
	N(v4,v2)
	O(v4,v6)
	P(v3,v5)
	Q(v7,v8)
	R(v9,v5)
ADEHBCGHBDFLCEJLAIKLCDIMBEKMACFNDGJNFHKOAGMOBINOEFGPABJPHIJQCKPRLMQR
	[+1*t^2-1/2*t+1/4]
	+1*v1+1
	+1*v0-2*t+1
	+1*v2+2*t-1
	+1*v3-2*t
	+1*v4-2*t+1
	+1*v5+2*t
	+1*v6+4*t-2
	+1*v7+2*t
	+1*v8-4*t
	+1*v9-1*t
	A(v3,v2)
	B[+0,+1,0];
	C[+1,+0,0];
	D(+0,+1)
	E(+1,+0)
	F(+0,v2)
	G[+1,v0,0];
	H[+1,v1,0];
	I(v4,+1)
	J(v3,+0)
	K(+1,v5)
	L(+0,+0)
	M(v4,v6)
	N(+1,+1)
	O(v4,v2)
	P(v3,v5)
	Q(v7,v8)
	R(v9,v5)
ADEHBCGHBDFLCEJLAIKLFHKMCDINBEKNAGMNACFODGJOBIMOEFGPABJPHIJQCKPRLMQR
	[+1*t^2-3*t+9]
	+1*v1+1
	+1*v0-1/3*t+1
	+1*v2-1/3*t
	+1*v3+1/3*t-1
	+1*v4-1/3*t-1
	+1*v5+1/3*t-2
	+1*v6+2/3*t-1
	+1*v7+1/6*t-1
	+1*v8-1/2*t
	+1*v9-1*t
	A(v3,v2)
	B[+1,+0,0];
	C[+0,+1,0];
	D(+0,+1)
	E(+1,+0)
	F(v3,+1)
	G[+1,v0,0];
	H[+1,v1,0];
	I(+0,v4)
	J(+1,v2)
	K(v5,+0)
	L(+0,+0)
	M(v3,v4)
	N(+1,+1)
	O(v6,v4)
	P(v5,v2)
	Q(v7,v8)
	R(v5,v9)
ADEHBCGHCDILBEKLACFMDGJMBDFNCEJNAIKNFHKOAGLOBIMOEFGPABJPHIJQCKPRLMQR
	[+1*t^2+3]
	+1*v0+1
	+1*v1+1/2*t+1/2
	+1*v2-1/2*t-1/2
	+1*v3+1/2*t+1/2
	+1*v4+1
	+1*v5-1/2*t-3/2
	+1*v7-1/2*t+1/2
	+1*v6+2
	+1*v8-3/2*t-3/2
	+1*v9-1*t
	A[+1,+0,0];
	B(v3,v2)
	C(+0,+1)
	D[+0,+1,0];
	E[+1,v0,0];
	F(v4,+1)
	G(v4,v5)
	H[+1,v1,0];
	I(+1,+0)
	J(+0,v2)
	K(v3,+0)
	L(v6,v5)
	M(+0,+0)
	N(v3,v5)
	O(v7,+1)
	P(v4,v2)
	Q(v6,v8)
	R(v6,v9)
ADEHBCGHFHKLBEFMCDJMAIKMCEINBDKNAGLNACFOEGJOBILODFGPABJPHIJQCKPRDLQR
	[+1*t^2-1*t+1]
	+1*v0+1/2*t+1/2
	+1*v2+1/2*t-1
	+1*v6-1/2
	+1*v7-1/2
	+1*v3+1/3*t-2/3
	+1*v4-1/2*t-1/2
	+1*v5-1/3*t-1/3
	+1*v8+1*t-1
	+1*v9-1*t
	+1*v1-1/2*t+1
	A[+1,v0,0];
	B[+0,+1,0];
	C[+1,+0,0];
	D(+1,v2)
	E(v3,+1)
	F(+1,v6)
	G(v3,v7)
	H(v8,v4)
	I(+0,+1)
	J(+0,v4)
	K(v5,+1)
	L(v5,v2)
	M(+1,+0)
	N(v3,v4)
	O(v9,v2)
	P[+1,v1,0];
	Q(+0,+0)
	R(v5,+0)
ADEHCEIKDGJKAGILBDFMBEGNCHJNAFKNFHIOCDLOAJMOABCPEFLPGHMPBIJQBKLRCMQR
	+1*v1+1
	+1*v0+1*v11+1
	+1*v2-1*v9+1
	+1*v3-1*v11-1
	+1*v5+1*v9-1
	+1*v6+1*v9-1*v11-2
	+1*v7+1*v11+1
	+1*v8+1*v9-1*v11-3
	+1*v9*v11+2
	+1*v11^2-1*v9+2*v11+2
	+1*v4-1*v9+1*v11+1
	+1*v10-1*v11-2
	+1*v9^2-2*v9+2*v11+4
	A[+1,+0,0];
	B(+1,+0)
	C(+0,+0)
	D[+1,v0,0];
	E[+1,v1,0];
	F(v2,v6)
	G(+0,+1)
	H(v7,v3)
	I(+0,v3)
	J[+0,+1,0];
	K(v4,+1)
	L(v2,v8)
	M(v9,v5)
	N(v10,v5)
	O(v2,v5)
	P(v4,+0)
	Q(v11,+1)
	R(v4,v3)
ADEJCGIJBFHKCDKLBEGMBDINGHLNCEHOFJLOAMNOABCPDFMPEFIQAGKQAHIRJKPRLMQR
	[+1*t^2-1*t+1]
	+1*v0+1*t-1
	+1*v1-1
	+1*v4-1*t
	+1*v2-1*t-1
	+1*v3-1*t+1
	+1*v5-1*t-1
	+1*v6-1*t
	+1*v7+1*t-2
	+1*v8-1*t
	+1*v9-3
	A[+1,+0,0];
	B(+0,+0)
	C[+0,+1,0];
	D(+0,+1)
	E[+1,v0,0];
	F(v6,+1)
	G(+1,+1)
	H[+1,v1,0];
	I(v3,v2)
	J(+0,v4)
	K(v3,v4)
	L(+1,v7)
	M(v8,v2)
	N(+1,+0)
	O(v3,+0)
	P(v5,v2)
	Q(v5,v4)
	R(v5,v9)
ADFGACEHBCDJBEFKDEILEGJMDHKMFIJNCGLNCIKOFHLOABNOBGHPAIMPAJKQBLMRCPQR
	+1*v1+2*v10+3*v11-2
	+1*v0+1*v10+1
	+1*v3+1*v10
	+1*v2+1*v10+3*v11-1
	+1*v4-3*v10-6*v11+1
	+1*v5+2*v10+3*v11-1
	+1*v6+1*v10+3*v11-2
	+1*v7+2*v10+3*v11-3
	+1*v8+4*v10+9*v11-2
	+1*v10^2-2*v10-3*v11+2
	+1*v10*v11+1*v10+2*v11-1
	+1*v9-1*v10-3*v11
	+1*v11^2-1*v10-7/3*v11+2/3
	A[+0,+1,0];
	B(v2,+1)
	C(+0,+0)
	D[+1,v0,0];
	E(+0,+1)
	F[+1,+0,0];
	G[+1,v1,0];
	H(+0,v3)
	I(+1,+0)
	J(v4,v5)
	K(v4,+0)
	L(+1,v3)
	M(v4,v6)
	N(+1,v7)
	O(v8,v9)
	P(v2,v3)
	Q(v10,+1)
	R(v2,v11)
ADFGACEHCFIKBDIMAJKMBHKNAILNEGMNBCGODELOCDJPFHLPBEFQGHJQIJORABPRKLQR
	[+1*t^2-6*t+12]
	+1*v1+1
	+1*v0-1/2*t+2
	+1*v2-1/2*t
	+1*v3+1/2*t-2
	+1*v4+1/2*t-1
	+1*v5+1/2*t-3
	+1*v7+1
	+1*v6+1*t-3
	+1*v9-1*t
	+1*v8-3
	A[+1,+0,0];
	B(v3,v2)
	C[+0,+1,0];
	D(v3,+1)
	E[+1,v0,0];
	F(+0,+1)
	G(v4,+1)
	H[+1,v1,0];
	I(+0,+0)
	J(v4,v5)
	K(+1,+0)
	L(+0,v5)
	M(v6,v2)
	N(v4,v2)
	O(v3,+0)
	P(v7,v5)
	Q(v6,v8)
	R(v6,v9)
ADFGACEHDEJKCFILEGIMDHLMCGJNFHKNABMNBCDOAIKOBEFPAJLPGHOPBIJQBKLRCMQR
	[+1*t^2+3*t+3]
	+1*v1-1*t-2
	+1*v0-1*t-1
	+1*v2-1*t-3
	+1*v3+1*t+1
	+1*v4+1*t
	+1*v5-1*t-2
	+1*v6+1*t+2
	+1*v7+1*t
	+1*v8+2*t+3
	+1*v9-1*t
	A[+1,+0,0];
	B(v3,v2)
	C[+0,+1,0];
	D(+0,+1)
	E[+1,v0,0];
	F(+1,+1)
	G(v3,+1)
	H[+1,v1,0];
	I(+1,+0)
	J(+0,v4)
	K(v6,v4)
	L(+0,+0)
	M(v5,+0)
	N(v3,v4)
	O(+1,v2)
	P(v7,v2)
	Q(v5,v8)
	R(v5,v9)
ADFGACEHEGIKCDJLBDEMAILMBCGNAJKNFHMNCFIODHKOEFJPGHLPABOPBIJQBKLRCMQR
	[+1*t^2-5*t+7]
	+1*v1-1*t+3
	+1*v0+1
	+1*v2+1*t-2
	+1*v4+1*t-3
	+1*v3-1*t+2
	+1*v5+1*t-2
	+1*v6-1*t+3
	+1*v7-1*t+3
	+1*v8-1*t+3
	+1*v9-1*t
	A[+1,v0,0];
	B(+0,+0)
	C(+0,+1)
	D[+1,+0,0];
	E(v3,v2)
	F[+0,+1,0];
	G(+1,+0)
	H[+1,v1,0];
	I(+0,v4)
	J(v3,+0)
	K(v3,v4)
	L(+1,v6)
	M(+1,v2)
	N(v5,+1)
	O(v7,v4)
	P(v8,+1)
	Q(v5,v9)
	R(v5,v2)
ADFHBCFIEGHIBDGJACGKEFJKFGLMBHLNAIMNABEOCHJODIKOAJLPBKMPCDNPCELQDEMRFNQR
	[+1*t^2+4]
	+1*v0+1/2*t+1
	+1*v2-1/2*t-1
	+1*v3+1/4*t-1/2
	+1*v1-1/2*t+1
	+1*v4-1/4*t-1/2
	+1*v5+1/4*t
	+1*v6-1/2
	+1*v7+1/2*t
	+1*v8-3/4*t-3/2
	+1*v9-1*t
	A[+1,+0,0];
	B(+0,+1)
	C(v3,v2)
	D[+0,+1,0];
	E(v5,v4)
	F[+1,v0,0];
	G(+0,v2)
	H[+1,v1,0];
	I(+0,+0)
	J(+1,+0)
	K(v3,+0)
	L(v6,v4)
	M(v7,v2)
	N(v3,v4)
	O(v5,v8)
	P(v5,+1)
	Q(+1,+1)
	R(+1,v9)
ADFHBDGIBEFKAIJKBCHLFGJLACGMEHIMCDKNAELNBJMNDEOPCFOQABPQGHORCIPRDJQR
	+1*v0+2*v8+1*v9+1
	+1*v1+1
	+1*v2+1*v8+1
	+1*v3-1*v8-1
	+1*v4+2*v8+1*v9+1
	+1*v5+1*v8
	+1*v6+1*v8+1*v9
	+1*v8^2+3*v8+1*v9+1
	+1*v8*v9-3*v8-1*v9-2
	+1*v9^2+5*v8+2*v9+5
	+1*v7-2*v8-1*v9-2
	A[+1,+0,0];
	B(v3,v2)
	C(+0,+1)
	D[+0,+1,0];
	E(+0,+0)
	F[+1,v0,0];
	G(+1,v4)
	H[+1,v1,0];
	I(+0,v5)
	J(v6,v2)
	K(v7,v4)
	L(v3,v4)
	M(+1,+0)
	N(v8,v5)
	O(v3,+0)
	P(+1,v2)
	Q(v6,v5)
	R(v6,v9)
ADFHCDEIEFGJBFIKAGKLCHKMBEHNCJLNBDLOAEMOABJPDGMPAINQCFOQBCGRHIPRDJQR
	[+1*t^2+1*t+7]
	+1*v2-1/3*t-2/3
	+1*v4+1/3*t-4/3
	+1*v0-1/3*t+1/3
	+1*v1-1/3*t-2/3
	+1*v3+1/3*t-1/3
	+1*v5-1/3*t+1/3
	+1*v7-1
	+1*v8-1/3*t+4/3
	+1*v9-1*t
	+1*v6-1/3*t-5/3
	A[+1,+0,0];
	B(v3,v2)
	C[+0,+1,0];
	D(+0,+1)
	E(v7,v2)
	F(v3,+1)
	G(+1,+0)
	H(v4,+1)
	I(+0,+0)
	J[+1,v0,0];
	K[+1,v1,0];
	L(+0,v5)
	M(v6,v5)
	N(v3,+0)
	O(v4,v5)
	P(v4,v2)
	Q(v6,v8)
	R(v6,v9)
ADFHEFIKACJKCDILDEJMGHKMBCFNAGINEHLNBDGOALMOABEPFGJPCHOPBIJQBKLRCMQR
	[+1*t^2-4*t+7]
	+1*v1+1
	+1*v0-1/2*t+3/2
	+1*v3+1/2*t-3/2
	+1*v2+1/2*t-1/2
	+1*v4-1/2*t+1/2
	+1*v5+1/2*t-3/2
	+1*v6-1/2*t+3/2
	+1*v7-1/2*t-3/2
	+1*v9-1*t
	+1*v8+1
	A[+1,+0,0];
	B(+0,+1)
	C(+1,+0)
	D[+0,+1,0];
	E(v2,+1)
	F[+1,v0,0];
	G(+0,v3)
	H(v5,v4)
	I(v5,+0)
	J[+1,v1,0];
	K(+1,v4)
	L(+0,+0)
	M(v5,+1)
	N(+1,v3)
	O(v6,v3)
	P(v2,v4)
	Q(v7,v8)
	R(v2,v9)
ADFJBCHJEGIJBDGLEFHLACILABEMCFGMDHIMCDKNBFKOAGNOAHKPBINPCEOQDEPRJKQR
	[+1*t^2+3/4]
	+1*v0-2*t+1
	+1*v8-2/3*t
	+1*v2+1*t-3/2
	+1*v1+2
	+1*v4+2*t-1
	+1*v3-1/2*t-1/4
	+1*v5-1*t+1/2
	+1*v6-1/2*t+1/4
	+1*v7+2*t-3
	+1*v9+2/3*t-1
	+1*v10+2*t
	+1*v11-1/2*t+1/4
	+1*v12+1*t-1/2
	+1*v13-1*t
	A[+0,+1,0];
	B(+1,+0)
	C(+0,+0)
	D[+1,v0,0];
	E(v3,v2)
	F(v6,v2)
	G[+1,v1,0];
	H(+0,+1)
	I[+1,+0,0];
	J(v5,v4)
	K(+0,v4)
	L(v5,v7)
	M(v3,+0)
	N(v8,v9)
	O(v3,v10)
	P(v5,v2)
	Q(v11,v12)
	R(v13,v4)
ADGIACHKBEGLBCIMDFJNBDKOCFLOAEMOEFIPAJLPBHNPCGJQDHMQEKNQFGHRIJKRLMNR
	[+1*t^2-4*t+7]
	+1*v1+1
	+1*v0+1/2*t-1/2
	+1*v3-1/2*t+1/2
	+1*v2-1/2*t+3/2
	+1*v4+1/2*t-3/2
	+1*v5-1/2*t+1/2
	+1*v6+1/2*t-1/2
	+1*v9-1*t
	+1*v7+1/14*t-1/2
	+1*v8-1/7*t
	A[+1,+0,0];
	B(+0,+1)
	C(+1,+0)
	D[+0,+1,0];
	E(v2,+1)
	F(+0,v3)
	G[+1,v0,0];
	H(v5,v4)
	I(v5,+0)
	J(+1,v4)
	K[+1,v1,0];
	L(+0,+0)
	M(v5,+1)
	N(+1,v3)
	O(v6,v3)
	P(v2,v4)
	Q(v7,v8)
	R(v2,v9)
ADGKBCHKEFIKBDFLEGHLACILABEMCFGMDHIMCDJNBGJOAFNOAHJPBINPCEOQDEPRFJQR
	+1*v0*v10+1/2*v12+1/2*v13+1/2
	+1*v2-1/2*v12-3/2*v13-1/2
	+1*v4+1*v12-1
	+1*v1-1/2*v12+1/2*v13+1/2
	+1*v3+1/2*v12+1/2*v13-1/2
	+1*v0*v12-1*v0+1/2*v12+1/2*v13-1/2
	+1*v10*v12-1*v10+1/2*v12+3/2*v13-1/2
	+1*v0*v13-1/6*v12+1/2*v13+1/6
	+1*v10*v13-1/2*v12+1/2*v13+1/2
	+1*v12*v13+1*v13
	+1*v5+1/2*v12+3/2*v13-1/2
	+1*v6-1*v10+1*v12-1
	+1*v7-1/2*v12+3/2*v13-1/2
	+1*v8-1/2*v12+1/2*v13-1/2
	+1*v9+1/3*v12-1/3
	+1*v11+1*v13
	+1*v12^2-1
	+1*v13^2-2/3*v12+2/3
	A[+1,v0,0];
	B(+0,+1)
	C(v2,v5)
	D[+1,+0,0];
	E(+0,v3)
	F(+1,v3)
	G[+0,+1,0];
	H(+1,+0)
	I(v6,+0)
	J(v2,v4)
	K[+1,v1,0];
	L(+0,+0)
	M(v7,v4)
	N(v8,v9)
	O(v10,v3)
	P(v2,v11)
	Q(v12,v4)
	R(+1,v13)
ADGKBEGLDHILACFMBFJNDEFOABIOCKLOCGJPEIMPAHNPBCHQDJMQEKNQFGHRIJKRLMNROPQR
	[+1*t^2+1*t+5/2]
	+1*v1-1
	+1*v0+2/3*t+1/3
	+1*v2-1/3*t-2/3
	+1*v5-1/3*t-2/3
	+1*v3-2/3*t-4/3
	+1*v4+2/3*t-2/3
	+1*v6+1/3*t-1/3
	+1*v7+1/3*t-4/3
	+1*v8+1/3*t-1/3
	+1*v9-1*t
	A[+0,+1,0];
	B(v2,v6)
	C[+1,+0,0];
	D(+1,+1)
	E(+0,+0)
	F(v3,+1)
	G[+1,v0,0];
	H(+1,v4)
	I(+1,+0)
	J(+0,+1)
	K[+1,v1,0];
	L(+0,v4)
	M(v2,v5)
	N(v3,+0)
	O(v3,v4)
	P(v2,v7)
	Q(v8,v5)
	R(v9,v5)
ADHICDFJACGKBFHKAEJLFGIMDEKMCEINBDLNBEGOCHLOAFNOGHJPABMPBIJQKLPRCMQR
	[+1*t^2-1*t+1]
	+1*v1+1*t
	+1*v0+1*t-1
	+1*v2-1*t
	+1*v4+1*t-2
	+1*v3+1*t-1
	+1*v5-1*t+1
	+1*v6-1*t-1
	+1*v8-1*t+2
	+1*v9-1*t
	+1*v7-2*t+2
	A[+0,+1,0];
	B(v2,+1)
	C[+1,+0,0];
	D(+0,+1)
	E(+1,v3)
	F(+1,v4)
	G(+1,+0)
	H(+0,v3)
	I[+1,v0,0];
	J(v2,v4)
	K[+1,v1,0];
	L(v5,+0)
	M(+0,+0)
	N(v2,v3)
	O(v5,v6)
	P(v5,v4)
	Q(v7,+1)
	R(v8,v9)
AEFGACIKDEJKBFHLADHMBEIMCGLMCEHNABJNDFIOBGKOCFJPDGNPALOPBCDQHIJRKLQR
	[+1*t^2+1*t+1]
	+1*v0+1*t+1
	+1*v1+1*t+2
	+1*v2+1*t
	+1*v4-1*t-1
	+1*v3-1*t-1
	+1*v7+1*t+1
	+1*v6+1*t-1
	+1*v5-1/3*t-2/3
	+1*v8+1*t
	+1*v9-1*t
	A[+0,+1,0];
	B(+1,+0)
	C(v3,v2)
	D(+0,+1)
	E[+1,+0,0];
	F[+1,v0,0];
	G[+1,v1,0];
	H(+0,+0)
	I(v3,+1)
	J(+1,v2)
	K(+0,v4)
	L(v3,v6)
	M(+1,v7)
	N(v5,+0)
	O(v5,+1)
	P(v5,v2)
	Q(v8,v4)
	R(v9,v4)
AEFGADHKBFIKACILDFJLCFHMABJMBEHNCGKNDEIOBGLOCEJPDGMPANOPBCDQHIJREKQR
	[+1*t^2+1*t+1/3]
	+1*v0+3*t+2
	+1*v1+3*t+3
	+1*v2+3*t+1
	+1*v5-3*t-2
	+1*v3-3*t-2
	+1*v7+3*t+2
	+1*v6+3*t
	+1*v4-1*t-1
	+1*v8+3*t+1
	+1*v9-1*t
	A[+0,+1,0];
	B(v3,v2)
	C(+1,+0)
	D(+0,+1)
	E[+1,+0,0];
	F[+1,v0,0];
	G[+1,v1,0];
	H(+0,+0)
	I(v3,v6)
	J(v4,v2)
	K(+0,v5)
	L(+1,v2)
	M(+1,v7)
	N(v3,+1)
	O(v4,+0)
	P(v4,+1)
	Q(v8,v5)
	R(v9,v5)
AEFGADHKDFILBEJLBFHMDGJMACLMABINCFKNCEHOBGKOCGIPDENPAJOPBCDQHIJREKQR
	+1*v4+1*v8-1
	+1*v2+1/2*v7-1/2*v9-1/2
	+1*v7*v8-1/2*v7+1*v8-1/2*v9-1/2
	+1*v8*v9+3/2*v7-1/2*v9-1/2
	+1*v0+3*v8+2*v9-4
	+1*v1+1/2*v7-1*v8-1/2*v9+5/2
	+1*v3-1/2*v7+1*v8+1/2*v9-3/2
	+1*v5-1*v8-1*v9+1
	+1*v6-1/2*v7+1/2*v9-1/2
	+1*v7^2+3/2*v7+1/2*v9-1/2
	+1*v8^2-1*v7-2*v8+1
	+1*v7*v9-3/2*v7-2*v8+1/2*v9+3/2
	+1*v9^2-5/2*v7-3/2*v9+1/2
	A[+1,+0,0];
	B(+1,+0)
	C[+0,+1,0];
	D(v7,v2)
	E(v3,+1)
	F(+0,+1)
	G(v4,+1)
	H(+0,v5)
	I(v6,v5)
	J(v3,v5)
	K[+1,v0,0];
	L[+1,v1,0];
	M(v4,v8)
	N(+0,+0)
	O(v3,v2)
	P(v6,v2)
	Q(v4,+0)
	R(v6,v9)
AEFGAHIJDGHKBEIKDFILBGJLACKLCFHNDEMNCEJOBFMPADOPCGMQABNQBHORCIPRDJQR
	[+1*t^2+1/3]
	+1*v0-3/2*t+1/2
	+1*v1+3/2*t+1/2
	+1*v2+3/2*t-1/2
	+1*v4+1*t
	+1*v3-3/2*t-1/2
	+1*v5-1/2*t-1/2
	+1*v7+1*t-1
	+1*v6-1/2*t-1/2
	+1*v8-1*t-1
	+1*v9-1*t
	A[+0,+1,0];
	B(+1,+0)
	C(v3,v2)
	D(+0,+1)
	E[+1,+0,0];
	F[+1,v0,0];
	G[+1,v1,0];
	H(+0,v2)
	I(v3,+0)
	J(+1,+1)
	K(v5,v4)
	L(+0,+0)
	M(v3,+1)
	N(+1,v2)
	O(v5,v6)
	P(v5,v7)
	Q(v8,v4)
	R(v9,v4)
AEFGBFHKADHLBEILCGKLACIMDEJMCEHNABJNDFIOBGMOCFJPDGNPAKOPBCDQHIJREKQR
	[+1*t^2-1*t+7]
	+1*v0+1
	+1*v1+1/3*t+1/3
	+1*v3+1/3*t-2/3
	+1*v2-1/3*t-1/3
	+1*v4-1/3*t-1/3
	+1*v5-1/3*t+2/3
	+1*v7-2/3*t+4/3
	+1*v6-2
	+1*v8+1/3*t+1/3
	+1*v9-1*t
	A[+0,+1,0];
	B(v2,+1)
	C[+1,+0,0];
	D(+0,+1)
	E(+1,v3)
	F(+1,+0)
	G(+1,v4)
	H(+0,v4)
	I(v5,v6)
	J(v2,v3)
	K[+1,v0,0];
	L(v5,v4)
	M[+1,v1,0];
	N(+0,+0)
	O(v5,v3)
	P(v2,+0)
	Q(v7,+1)
	R(v8,v9)
AEFGBGIKDFJKCGHLBFHMDEIMACKMADHNBELNCEJOAILOABJPCFNPDGOPBCDQHIJRKLQR
	[+1*t^2-2*t+7/3]
	+1*v1+3/4*t-1/4
	+1*v0-3/4*t+5/4
	+1*v2-3/4*t+1/4
	+1*v5-1/4*t-1/4
	+1*v3+3/4*t-5/4
	+1*v4-1/4*t-1/4
	+1*v6+1/2*t-1/2
	+1*v7+1/2*t-3/2
	+1*v8+1/4*t-3/4
	+1*v9-1*t
	A[+1,+0,0];
	B(+0,+1)
	C(+1,+0)
	D(v3,v2)
	E[+0,+1,0];
	F[+1,v0,0];
	G[+1,v1,0];
	H(+0,v2)
	I(v6,v4)
	J(v3,+1)
	K(v5,v4)
	L(+0,+0)
	M(v3,+0)
	N(+1,v2)
	O(v7,v4)
	P(+1,+1)
	Q(v5,v8)
	R(v5,v9)
AEFGCGHKBEHLDFILBGIMDEJMACLMADHNBFKNCFJOAIKOABJPCENPDGOPBCDQHIJREKQR
	[+1*t^2+1/3]
	+1*v0-3/2*t+1/2
	+1*v1-1/2*t+1/2
	+1*v2-3/2*t-1/2
	+1*v5-3/2*t-1/2
	+1*v3+3/2*t-1/2
	+1*v4-1/2*t-1/2
	+1*v9-1*t
	+1*v6+3/2*t+1/2
	+1*v7+3/2*t-3/2
	+1*v8+3/2*t-1/2
	A[+1,+0,0];
	B(v3,v2)
	C(+1,+0)
	D(+0,+1)
	E[+0,+1,0];
	F[+1,v0,0];
	G[+1,v1,0];
	H(v6,+1)
	I(+1,v2)
	J(+0,v4)
	K(v5,+0)
	L(+0,+0)
	M(v3,+1)
	N(v3,v4)
	O(v7,v2)
	P(+1,v4)
	Q(v5,v8)
	R(v5,v9)
AEFGDFIKBGJKBFHLDEJLACKLADHMCGHNBEMNABIOCFMOCEIPAJNPDGOPBCDQHIJREKQR
	[+1*t^2-3*t+3]
	+1*v0-1*t+3
	+1*v1+1*t
	+1*v2+1*t-2
	+1*v5+1*t-3
	+1*v3-1/3*t
	+1*v4-2/3*t+1
	+1*v7-4/3*t+2
	+1*v6-1*t+1
	+1*v9-1*t
	+1*v8+2*t-4
	A[+1,+0,0];
	B(v3,v2)
	C(v3,+1)
	D(v4,v2)
	E[+0,+1,0];
	F(+0,+1)
	G[+1,v0,0];
	H(v4,v5)
	I[+1,v1,0];
	J(+0,+0)
	K(+0,v5)
	L(+1,+0)
	M(v3,+0)
	N(v4,+1)
	O(v6,v5)
	P(v7,v8)
	Q(+1,v2)
	R(+1,v9)
AEGIBFHIEFJKBGKLBCEMDFGMAJLMACFNDEHNAHKOCILOBJNOCGHPDIJPABDQCDKRELQR
	[+1*t^2-8/5*t+4/5]
	+1*v1+1
	+1*v0+5/2*t-2
	+1*v2-5/2*t+1
	+1*v3+1
	+1*v4-5/2*t+2
	+1*v5+5/2*t-2
	+1*v6-5/2*t+2
	+1*v7-5/2*t+2
	+1*v8-5/2*t+4
	+1*v9-2
	+1*v10-1/2*t
	+1*v11-1*t
	A[+1,+0,0];
	B(v3,v2)
	C(+0,+0)
	D(v5,v4)
	E[+0,+1,0];
	F(+0,+1)
	G[+1,v0,0];
	H(+1,+0)
	I[+1,v1,0];
	J(+0,v4)
	K(v5,+0)
	L(v3,v4)
	M(v6,+1)
	N(v5,v2)
	O(v3,+1)
	P(v7,v2)
	Q(v8,v9)
	R(v10,v11)
AEGICEFJBFGKACHKADJLBDHMCGLMFHINDEKNCDIOBELOAFMOGHJPABNPBIJQKLPRMNQR
	+1*v0+1
	+1*v2-1*v12-1*v13
	+1*v3-1*v12-1*v13
	+1*v4-1/2*v12-1*v13-1/2
	+1*v5-1/2*v12-2/3*v13-1/6
	+1*v7-1/2*v12-1*v13-1/2
	+1*v9-1/2*v12-1/2
	+1*v12^2+2*v12-4*v13+1
	+1*v12*v13-2*v12+3*v13
	+1*v1+1/2*v12+1*v13-3/2
	+1*v8-3/2*v12-2*v13+1/2
	+1*v10-1/2*v12-1*v13+1/2
	+1*v11+1/2*v12+1*v13-1/2
	+1*v13^2+3/2*v12-3*v13+1/2
	+1*v6-1/2*v12-1/3*v13-5/6
	A[+1,+0,0];
	B(v5,v6)
	C(+1,+0)
	D(+0,+1)
	E[+0,+1,0];
	F(+0,v2)
	G[+1,v0,0];
	H(v3,+0)
	I(v3,v7)
	J[+1,v1,0];
	K(v4,+1)
	L(+0,+0)
	M(v8,v2)
	N(v4,v9)
	O(v10,v2)
	P(v3,+1)
	Q(v4,v11)
	R(v12,v13)
AEGJBCFKDEFLACHLBDIMBJLOAFMOCINOEHIPADKPBGNPCDGQHJMQEKNQFGHRIJKRLMNR
	[+1*t^2-1*t+1]
	+1*v1-1*t+1
	+1*v0-1*t
	+1*v2-1*t
	+1*v4+1*t-1
	+1*v3+1*t-1
	+1*v5-1*t
	+1*v6+1
	+1*v7-2
	+1*v8-2
	+1*v9+1
	A[+0,+1,0];
	B(+1,+0)
	C(+1,v2)
	D(+0,+1)
	E[+1,+0,0];
	F(v3,+1)
	G[+1,v0,0];
	H(+0,v4)
	I(v5,+0)
	J[+1,v1,0];
	K(+0,+0)
	L(v5,v6)
	M(v3,v2)
	N(v3,v7)
	O(v5,v4)
	P(v8,v2)
	Q(v9,v4)
	R(+1,+1)
AEGJBFHJCDIJCFGKADHKBEIKCHLNAFMNAILOBDMOBGLPCEMPDGNQEHOQFIPQABCRDEFR
	[+1*t^2+3]
	+1*v0-1/2*t+1/2
	+1*v1+1
	+1*v2+1/2*t+1/2
	+1*v3+1/2*t-1/2
	+1*v4+1
	+1*v5+1/2*t-3/2
	+1*v6-1/2*t+1/2
	+1*v8-1/2*t+3/2
	+1*v9-1*t
	+1*v7+1/3*t-1
	A[+1,+0,0];
	B(+0,+1)
	C[+0,+1,0];
	D(v2,+1)
	E(+0,v3)
	F[+1,v0,0];
	G(v4,v3)
	H(v4,v5)
	I(+1,+0)
	J(v6,v3)
	K(v2,v5)
	L[+1,v1,0];
	M(v6,+0)
	N(+0,+0)
	O(v6,v5)
	P(v4,v7)
	Q(v8,+1)
	R(v2,v9)
AEGJBFHJEFIKACFLDEHLBGKMBCENDFGNAIMNAHKOBILOCJMOCGHPDIJPABDQCDKRLMQR
	[+1*t^2+3*t+3]
	+1*v0+1*t+3
	+1*v1-1*t
	+1*v2-1*t-2
	+1*v5-1*t-3
	+1*v6+1*t+1
	+1*v9-1*t
	+1*v3+1/3*t
	+1*v4+2/3*t+1
	+1*v8+1*t
	+1*v7+1*t+1
	A[+1,+0,0];
	B(v3,v2)
	C(v3,+1)
	D(v4,v2)
	E[+0,+1,0];
	F(+0,+1)
	G[+1,v0,0];
	H(v4,v5)
	I(+0,v5)
	J[+1,v1,0];
	K(+0,+0)
	L(+1,+0)
	M(v3,+0)
	N(v4,+1)
	O(v6,v5)
	P(v7,v2)
	Q(+1,v8)
	R(+1,v9)
AEGJBFHJEFIKBGILBCEMDFGMAKLMACFNDEHNAHIOCJLOBKNOABDPCGHPCDIQDJKRELQR
	[+1*t^2+1*t+1]
	+1*v1+1
	+1*v0+1*t+1
	+1*v2+1*t
	+1*v3+1*t+1
	+1*v4+1*t
	+1*v5-1*t-1
	+1*v6+2*t
	+1*v8+1
	+1*v9-2
	+1*v7-1*t
	A[+0,+1,0];
	B(+0,+1)
	C(+0,v2)
	D(+1,+0)
	E[+1,v0,0];
	F(+1,v3)
	G[+1,+0,0];
	H(v4,+0)
	I(v5,v2)
	J[+1,v1,0];
	K(+0,+0)
	L(+1,v2)
	M(v4,+1)
	N(v5,v6)
	O(v4,v7)
	P(v5,v3)
	Q(v8,+1)
	R(v9,v3)
AEGJCFHJBDIJABCKDGHKEFIKADFLBEHLCGILAHMOBFNOCDMPAINPBGMQCENQDEORFGPRHIQR
	[+1*t^2-2*t+1/2]
	+1*v1-2*t+2
	+1*v2-2*t
	+1*v3+1*t-1
	+1*v0-2*t+3
	+1*v5-2*t
	+1*v10-1*t
	+1*v4+2*t-1
	+1*v6+1*t-1
	+1*v7+2*t-1
	+1*v8+2*t-2
	+1*v9+2*t-1
	+1*v11+1
	A[+0,+1,0];
	B(+1,+0)
	C(+0,+1)
	D(v2,v5)
	E[+1,+0,0];
	F(v3,v6)
	G[+1,v0,0];
	H(v7,v4)
	I(+0,v8)
	J(v3,+0)
	K(v2,v4)
	L(v9,+1)
	M[+1,v1,0];
	N(+0,+0)
	O(v2,+1)
	P(v3,v10)
	Q(+1,v4)
	R(+1,v11)
AEGMBDIMCHJMDFHNACINBEJNBFGOADKOCELOAFJPBCKPDGLPEHKQFILQGHIRJKLRABQR
	+1*v0+1
	+1*v2-1*v11+1/2*v13-3/2
	+1*v3+1*v11-1/2*v13+1/2
	+1*v4-1*v11+1/2*v13-1/2
	+1*v5+1*v11+1/2*v13+1/2
	+1*v12+1*v13
	+1*v1-1/3*v11-1/6*v13+1/6
	+1*v6-1/2*v13+1/2
	+1*v11^2+2*v11+1/2*v13+3/2
	+1*v11*v13+1*v11+2*v13
	+1*v8+1*v11+1
	+1*v7-1*v11+1*v13
	+1*v10+2/3*v11-1/6*v13+1/6
	+1*v13^2+4*v11+4*v13+3
	+1*v9-1*v11-1
	A[+0,+1,0];
	B(+0,+1)
	C(+1,+0)
	D(v2,v6)
	E[+1,+0,0];
	F(v4,v3)
	G(+0,+0)
	H[+1,v0,0];
	I[+1,v1,0];
	J(v7,v3)
	K(+0,v5)
	L(v2,+0)
	M(v4,v8)
	N(v9,v5)
	O(v2,v3)
	P(v4,v10)
	Q(v11,v5)
	R(v12,v13)
AEHIABGKCEGLCDKMBDFNBCHOEFJOADLOBJLPAFMPCINPDGIQHJMQEKNQFGHRIJKRLMNROPQR
	+1*v1+1
	+1*v2-1*v12-1*v13
	+1*v3+1*v12-1
	+1*v4-1*v12-1*v13+1
	+1*v5-1/3*v12-2/3*v13
	+1*v11+1*v12+1*v13-2
	+1*v0-1*v12-1*v13+2
	+1*v12^2-3*v12+1*v13+2
	+1*v12*v13-2*v13-1
	+1*v6+1/3*v12-1/3*v13-1
	+1*v7+1*v12-1*v13-2
	+1*v8-2*v13-1
	+1*v9+1*v12-2
	+1*v10-1*v12+1
	+1*v13^2+1*v12-1
	A[+1,+0,0];
	B(v5,v6)
	C(+0,+1)
	D(+1,+0)
	E[+0,+1,0];
	F(v2,v7)
	G(+0,v3)
	H[+1,v0,0];
	I[+1,v1,0];
	J(v2,+0)
	K(v4,+1)
	L(+0,+0)
	M(v8,v3)
	N(v4,v9)
	O(v10,+1)
	P(v2,v3)
	Q(v4,v11)
	R(v12,v13)
AEHIBDGKCEGLADJLBCFMACKOBHLODFNOEFJPAGMPBINPCDIQHJMQEKNQFGHRIJKRLMNR
	[+1*t^2-3*t+3]
	+1*v1-1*t+1
	+1*v0-1*t+2
	+1*v2+1*t-2
	+1*v4+1
	+1*v3+1*t-2
	+1*v5-1*t+1
	+1*v8-1*t
	+1*v6-1*t+1
	+1*v7-2
	+1*v9-2
	A[+1,+0,0];
	B(v2,+1)
	C(+1,+0)
	D(+0,+1)
	E[+0,+1,0];
	F(v4,v3)
	G(+0,+0)
	H[+1,v0,0];
	I(+1,v5)
	J[+1,v1,0];
	K(v2,v5)
	L(+0,v3)
	M(v6,+0)
	N(v2,v3)
	O(v7,v5)
	P(+1,v8)
	Q(v4,+1)
	R(v4,v9)
AEHJBGIJFGHKDEGLBCHLACGMDHIMBEKNAFLNAIKOBFMOCJNOCEIPDFJPABDQCDKREFQR
	[+1*t^2+1/4]
	+1*v0+2*t
	+1*v1+2*t-1
	+1*v3+1*t-1/2
	+1*v2-2*t-1
	+1*v5+2*t
	+1*v4-1*t-1/2
	+1*v6+2*t-1
	+1*v7+2*t-2
	+1*v8-1*t-3/2
	+1*v9-1*t
	A[+0,+1,0];
	B(v2,+1)
	C(v4,v3)
	D[+1,+0,0];
	E(+0,+0)
	F(+1,v5)
	G(+1,v6)
	H(+0,+1)
	I(+1,+0)
	J[+1,v0,0];
	K[+1,v1,0];
	L(+0,v5)
	M(v4,+0)
	N(v4,+1)
	O(v2,v5)
	P(v2,v7)
	Q(v8,v3)
	R(v9,v3)
AFGICEFJADJKBCGLAEHLDEIMBFKMBDHNEGKNACMNCHIODFLOGHJPABOPBIJQKLPRCDQR
	[+1*t^2-3*t+3]
	+1*v1-1*t+1
	+1*v0-1
	+1*v2-1*t+1
	+1*v3-1*t+1
	+1*v4-1*t+2
	+1*v5-2*t+2
	+1*v6-1*t
	+1*v7+1*t-3
	+1*v9-1*t
	+1*v8-2*t+3
	A(+1,v2)
	B[+1,+0,0];
	C(+1,+0)
	D(v3,v2)
	E[+0,+1,0];
	F(+0,+0)
	G(v3,v4)
	H[+1,v0,0];
	I(+0,+1)
	J[+1,v1,0];
	K(+0,v4)
	L(v3,+0)
	M(+1,+1)
	N(v6,v4)
	O(v7,+1)
	P(v5,v8)
	Q(v5,v2)
	R(v5,v9)
AFGJBEHJEFIKBCFLDEGLACEMDFHMBGKNAILNAHKOBIMOCJNOCGHPDIJPABDQCDKREPQR
	[+1*t^2-1*t+1/3]
	+1*v0-3*t+2
	+1*v1+1
	+1*v2+3*t-1
	+1*v3+3*t-2
	+1*v4+3*t-3
	+1*v5+1
	+1*v6-3*t+2
	+1*v7+2*t-2
	+1*v8+2*t
	+1*v9-1*t
	A(+0,+1)
	B[+1,+0,0];
	C[+0,+1,0];
	D(v2,+1)
	E(+0,v3)
	F[+1,v0,0];
	G(v5,v4)
	H(v5,v3)
	I(+1,+0)
	J(v6,v3)
	K(v2,v4)
	L[+1,v1,0];
	M(+0,+0)
	N(v6,v4)
	O(v6,+0)
	P(v5,v7)
	Q(v8,+1)
	R(v2,v9)
AFGJBEHJEFIKBCFLDEGLACEMDFHMBGKNAILNAHKOBIMOCJNOCGHPDIJPABDQCDKRLPQR
	[+1*t^2+4]
	+1*v1+1
	+1*v0+1/2*t+1
	+1*v3-2
	+1*v2+1/2*t-1
	+1*v4-1/2*t
	+1*v5+1/2*t-1
	+1*v6-1/2*t-1
	+1*v7-1/2*t+1
	+1*v8+1/2*t
	+1*v9-1*t
	A[+1,+0,0];
	B(+0,+1)
	C[+0,+1,0];
	D[+1,v0,0];
	E(+1,+0)
	F(v6,v2)
	G(+0,v3)
	H(v4,v2)
	I(+1,v2)
	J(v4,v3)
	K(v7,v3)
	L[+1,v1,0];
	M(v5,+0)
	N(+0,+0)
	O(+1,+1)
	P(v4,+1)
	Q(v5,v8)
	R(v5,v9)
AFHIDEFJAGJKACDLBEHLDGIMBFKMBCGNDHKNAEMNCEIOFGLOCHJPABOPBIJQKLPRCMQR
	[+1*t^2-5/7*t+1/7]
	+1*v1-7*t+2
	+1*v2-7/2*t+1
	+1*v12+1*t-1
	+1*v3+7/2*t-2
	+1*v5-7/2*t+1/2
	+1*v0-7/3*t+4/3
	+1*v4-14/3*t+5/3
	+1*v6+7*t-3
	+1*v7-7*t+2
	+1*v8+14*t-5
	+1*v9-3/2
	+1*v10-1/2
	+1*v11+7/2*t-3/2
	+1*v13-1*t
	A(+0,+0)
	B[+1,+0,0];
	C[+0,+1,0];
	D[+1,v0,0];
	E[+1,v1,0];
	F(+0,+1)
	G(v3,v2)
	H(+1,+0)
	I(+1,v4)
	J(v3,v5)
	K(+0,v6)
	L(v7,+0)
	M(v8,+1)
	N(v9,v2)
	O(v10,v2)
	P(+1,+1)
	Q(v3,v11)
	R(v12,v13)
BCDEACFKABHLAGIMDFJNAEJODILOBGNOCHIPEKLPBFMPCGJQDKMQEHNQFGHRIJKRLMNR
	[+1*t^2-1*t+1/3]
	+1*v0+1
	+1*v2-3/2*t+1/2
	+1*v3+3/2*t-1
	+1*v4+3*t-2
	+1*v6-1/2
	+1*v7-1/2
	+1*v8-3*t+2
	+1*v9+3/2*t-1/2
	+1*v1+3*t-1
	+1*v10+3/2*t-1/2
	+1*v11-3/2*t
	+1*v12+2*t-1
	+1*v13-1*t
	+1*v5-1/2
	A(+0,+0)
	B[+1,+0,0];
	C[+1,v0,0];
	D[+0,+1,0];
	E(v5,v2)
	F[+1,v1,0];
	G(+0,+1)
	H(v3,v6)
	I(v4,v2)
	J(+1,+0)
	K(+0,v7)
	L(v4,v8)
	M(v3,+0)
	N(v9,+1)
	O(v10,v2)
	P(v4,+1)
	Q(v3,v11)
	R(v12,v13)
BCDFADGKEFJLABJMCHINBEIOACLOFKMOAEHPDILPBGNPCGJQDHMQEKNQFGHRIJKRLMNR
	[+1*t^2-3*t+4]
	+1*v0-1*t+2
	+1*v1-1*t
	+1*v3-2
	+1*v7-1*t-1
	+1*v11-1*t
	+1*v4+1/2*t-3/2
	+1*v5-1/2*t-1/2
	+1*v6-1*t+1
	+1*v9+1/2*t-1/2
	+1*v2+1/4*t-3/4
	+1*v10+1*t-3
	+1*v8-1/2
	A[+0,+1,0];
	B(+0,+1)
	C(v2,v5)
	D(+1,v6)
	E(+1,+0)
	F[+1,v0,0];
	G[+1,+0,0];
	H(v2,v3)
	I(+0,v3)
	J(v4,+1)
	K(v4,v7)
	L[+1,v1,0];
	M(+0,+0)
	N(v2,+0)
	O(v8,+1)
	P(v9,v10)
	Q(+1,v11)
	R(v4,v3)
BCDFAFGLABIMACHNDJLNEGMNCEIOBGJODHKOEFJPBHLPCKMPADEQFIKQGHIRAJKRLMQR
	[+1*t^2-1*t+1/3]
	+1*v0+1
	+1*v1+3*t-1
	+1*v8-1*t
	+1*v3-3*t+1
	+1*v2-3*t+2
	+1*v4-3*t+1
	+1*v5+3*t-3
	+1*v6-2
	+1*v7-6*t+3
	+1*v9-1*t
	A(+0,+1)
	B[+1,+0,0];
	C[+0,+1,0];
	D[+1,v0,0];
	E(v2,+1)
	F[+1,v1,0];
	G(+1,+0)
	H(+0,v3)
	I(+1,v3)
	J(v4,+0)
	K(+0,+0)
	L(v2,v6)
	M(v2,v5)
	N(v7,v5)
	O(v4,v5)
	P(+1,+1)
	Q(v8,v9)
	R(v4,v3)
BCDFDEHJACHKBGJKADGMCELMEFKNDILNAFLOBMNOABEPCGIPFGHQAIJQBHIRCJORKPQR
	[+1*t^2-1*t+1]
	+1*v0+1
	+1*v1+1*t
	+1*v2-1*t
	+1*v5+1*t
	+1*v3+1*t
	+1*v4+1*t-1
	+1*v6-1*t+1
	+1*v7-1*t+1
	+1*v8-2*t+1
	+1*v9-1*t
	A(+0,+0)
	B[+1,v0,0];
	C[+0,+1,0];
	D[+1,+0,0];
	E(+0,+1)
	F(+1,+0)
	G[+1,v1,0];
	H(+0,v2)
	I(v3,+1)
	J(v3,v2)
	K(v4,+0)
	L(v4,v2)
	M(+1,v5)
	N(+1,v6)
	O(v7,+1)
	P(v3,v8)
	Q(v9,v5)
	R(v4,v5)
BCDGACEHADFKEGJKBEFLDHJLBIKMAILNCFMNDEIOAGMOBHNOFGHPCIJPABJQCKLRDMQR
	[+1*t^2-5*t+4]
	+1*v0-1*t+2
	+1*v1+1
	+1*v2-1*t+1
	+1*v3+1
	+1*v4+1*t-2
	+1*v5+1/2*t-3/2
	+1*v6-1*t+2
	+1*v8+1
	+1*v9-1*t
	+1*v7-1/2*t+3/2
	A(+0,+1)
	B[+1,+0,0];
	C[+0,+1,0];
	D[+1,v0,0];
	E(+0,+0)
	F(+1,v6)
	G[+1,v1,0];
	H(+0,v2)
	I(v4,v3)
	J(v5,v7)
	K(+1,+0)
	L(v5,+0)
	M(+1,v2)
	N(v5,v3)
	O(v8,+1)
	P(v4,v2)
	Q(v9,v3)
	R(v4,+1)
BCDGACEHAFIJBEKLCFKMADLMDEFNCJLNDHIOEGJOAGKPBHMPFGHQBINQABORCIPRJKQR
	[+1*t^2-1*t+7]
	+1*v1+1/3*t+1/3
	+1*v0+1
	+1*v2+1/3*t-2/3
	+1*v3-1/3*t-1/3
	+1*v4+1/3*t-2/3
	+1*v5+2/3*t-4/3
	+1*v6+1/3*t+1/3
	+1*v7+1
	+1*v8-1/3*t+2/3
	+1*v9-1*t
	A(v3,v2)
	B[+0,+1,0];
	C[+1,+0,0];
	D[+1,v0,0];
	E(+0,+0)
	F(+0,+1)
	G[+1,v1,0];
	H(+0,v2)
	I(+1,v6)
	J(+1,+0)
	K(v7,+1)
	L(v4,v8)
	M(v4,+0)
	N(v3,v5)
	O(v3,+1)
	P(+1,v2)
	Q(v9,v5)
	R(v4,v5)
BCDGBEFHAEGIADFJDEKLDHIMCEJMGHKNFILNCFKOGJLOABNOACHPBIJPAKMQBLMRCNQR
	[+1*t^2+3*t+1]
	+1*v1+1
	+1*v0+1*t+1
	+1*v2-1*t-2
	+1*v3+1*t+2
	+1*v4-1*t-3
	+1*v5-1*t-2
	+1*v6+1*t+3
	+1*v7-1*t-1
	+1*v8+2*t+5
	+1*v9-1*t
	A(+0,+1)
	B[+1,+0,0];
	C[+1,v0,0];
	D(v3,v2)
	E[+0,+1,0];
	F[+1,v1,0];
	G(v3,v4)
	H(+0,+0)
	I(+0,v2)
	J(+1,+0)
	K(v5,+0)
	L(+1,+1)
	M(v6,v4)
	N(v3,+1)
	O(+1,v7)
	P(v8,v4)
	Q(v5,v2)
	R(v5,v9)
BCEFAEHIAFGJBHJKCGILDFHMACKMDEGNABLNFIKOEJLOBGMPCHNPADOPBDIQCDJREKQR
	[+1*t^2-1*t-1]
	+1*v1+1
	+1*v0+1*t+1
	+1*v2-1*t-1
	+1*v3+1*t-1
	+1*v4-1*t
	+1*v5+1*t-2
	+1*v8+1
	+1*v6+1*t
	+1*v7-2*t-1
	+1*v9-1*t
	A(+1,+0)
	B[+0,+1,0];
	C[+1,+0,0];
	D(v3,v2)
	E[+1,v0,0];
	F[+1,v1,0];
	G(v5,v4)
	H(+0,+1)
	I(v3,v4)
	J(+0,v2)
	K(+0,+0)
	L(+1,v4)
	M(v6,v7)
	N(v5,+0)
	O(+1,+1)
	P(v5,+1)
	Q(v3,v8)
	R(v9,v2)
BCEFAFHIAEGJBHJKCGILEIKMFJLMDEHNACKNDFGOABLOADMPBGNPCHOPBDIQCDJRKLQR
	[+1*t^2-5*t-5]
	+1*v1+1
	+1*v0-1/3*t+7/3
	+1*v2+1/3*t-7/3
	+1*v3-1/3*t+1/3
	+1*v4+1/3*t-4/3
	+1*v5-1/3*t-2/3
	+1*v6-1/3*t+4/3
	+1*v7+2/3*t-11/3
	+1*v8+1/3*t-11/6
	+1*v9-1*t
	A(+1,+0)
	B[+0,+1,0];
	C[+1,+0,0];
	D(v3,v2)
	E[+1,v0,0];
	F[+1,v1,0];
	G(v5,v4)
	H(+0,+1)
	I(v3,v4)
	J(+0,v2)
	K(v5,+0)
	L(v6,v7)
	M(+0,+0)
	N(+1,v4)
	O(v5,+1)
	P(+1,+1)
	Q(v3,v8)
	R(v9,v2)
BCEFAFHIAEGJDEHKBHJMACKMEILMCGINFJLNBGKOADLODFGPABNPCHOPBDIQCDJRKLQR
	[+1*t^2+1*t+1]
	+1*v1-1*t
	+1*v0+1
	+1*v2-1*t-1
	+1*v3-1*t-1
	+1*v4+1*t
	+1*v5-2*t-2
	+1*v6+1*t+1
	+1*v8+1
	+1*v7-1*t
	+1*v9-2
	A(+0,+1)
	B[+0,+1,0];
	C[+1,+0,0];
	D(+1,+0)
	E[+1,v0,0];
	F[+1,v1,0];
	G(+0,v2)
	H(v3,+0)
	I(v3,v6)
	J(+1,v2)
	K(v4,+1)
	L(+0,+0)
	M(v4,v5)
	N(v4,v2)
	O(+1,v7)
	P(v8,+1)
	Q(v3,v5)
	R(v9,v5)
BCEFAFHJDFIKABGLCDHLADENCGJNBKMNEGHOBDJOAIMOACKPEILPFGMPBHIQJKLRCMQR
	[+1*t^2-3*t+7/3]
	+1*v0+1
	+1*v1-3*t+5
	+1*v2+3*t-5
	+1*v3-3*t+4
	+1*v4+3*t-4
	+1*v5+3*t-5
	+1*v6-3*t+5
	+1*v7+3*t-6
	+1*v8+3/2*t-5/2
	+1*v9-1*t
	A(+0,+1)
	B[+1,+0,0];
	C[+0,+1,0];
	D(+0,+0)
	E[+1,v0,0];
	F(+1,+0)
	G[+1,v1,0];
	H(+0,v2)
	I(v4,v3)
	J(v4,+1)
	K(v5,v3)
	L(v5,+0)
	M(+1,v3)
	N(+1,v2)
	O(v6,v2)
	P(v4,v7)
	Q(v8,+1)
	R(v5,v9)
BCEGACDHAEFKDGJKBDFLEHJLBIKMAILNCFMNDEIOAGMOBHNOFGHPCIJPABJQCKLRMPQR
	[+1*t^2-3*t+3]
	+1*v1+1*t-1
	+1*v0+1
	+1*v2+1*t-1
	+1*v3-1*t+1
	+1*v4+1*t-1
	+1*v5+1*t-2
	+1*v6-1*t+2
	+1*v7-1*t+2
	+1*v8-2*t+2
	+1*v9-1*t
	A(+0,+1)
	B[+1,v0,0];
	C[+0,+1,0];
	D(+1,v2)
	E[+1,+0,0];
	F(+0,+0)
	G[+1,v1,0];
	H(v4,v3)
	I(+0,v3)
	J(+1,+0)
	K(v5,+0)
	L(v5,v6)
	M(v4,+1)
	N(v7,+1)
	O(v4,v8)
	P(+1,v3)
	Q(v9,v2)
	R(v5,v2)
BCEGACFIAGHKEFJKBFHLGIJLBDKMDFGNAEMNADLOCHMOBINOEHIPCDJPABJQCKLRDEQR
	[+1*t^2+2*t+4]
	+1*v0-1/2*t-1
	+1*v4-1/2*t-1
	+1*v2+1/2*t
	+1*v1-1/2*t
	+1*v3+1/2*t
	+1*v6-2
	+1*v7-2
	+1*v5-1/2*t-1
	+1*v8+1/4*t+1/2
	+1*v9-1*t
	A(+1,+1)
	B[+1,+0,0];
	C[+0,+1,0];
	D(+0,+1)
	E[+1,v0,0];
	F(+1,+0)
	G[+1,v1,0];
	H(+0,v2)
	I(v3,v2)
	J(v4,+0)
	K(v4,v5)
	L(+0,+0)
	M(v3,v6)
	N(v3,+1)
	O(+1,v5)
	P(v7,v5)
	Q(v8,v2)
	R(v4,v9)
BCEGAEHJCDHLBFJLAIKLDEKMABDNFGHNCIMNACFODGJOEFIPAGMPBKOPBHIQCJKRLMQR
	[+1*t^2+2*t+4]
	+1*v0+1/2*t
	+1*v4+1/2*t
	+1*v2-1/2*t-1
	+1*v1+1/2*t+1
	+1*v3-1/2*t-1
	+1*v6-2
	+1*v7-2
	+1*v8-1/2
	+1*v5+1/2*t
	+1*v9-1*t
	A(+1,+1)
	B[+1,+0,0];
	C[+0,+1,0];
	D(+1,+0)
	E[+1,v0,0];
	F(+0,+1)
	G[+1,v1,0];
	H(+0,v2)
	I(v3,v2)
	J(v4,+0)
	K(v4,v5)
	L(v3,v6)
	M(+0,+0)
	N(v3,+1)
	O(v7,v5)
	P(+1,v5)
	Q(v8,v2)
	R(v4,v9)
BCEGAEHJEFKLCFHMBDJMAIKMABFNDGHNCILNDEIOAGLOACDPFGJPBKOPBHIQCJKRDLQR
	[+1*t^2-5*t+7]
	+1*v0+1
	+1*v1+1*t-2
	+1*v2-1*t+2
	+1*v5+1*t-2
	+1*v3+1*t-3
	+1*v4+1*t-2
	+1*v6-1*t+3
	+1*v7-1*t+3
	+1*v8-1*t+3
	+1*v9-1*t
	A(+1,+0)
	B[+0,+1,0];
	C[+1,+0,0];
	D(+0,+1)
	E[+1,v0,0];
	F(+0,+0)
	G[+1,v1,0];
	H(+0,v2)
	I(v3,+0)
	J(v3,v2)
	K(v6,+1)
	L(v4,+1)
	M(v4,v2)
	N(+1,v5)
	O(+1,v7)
	P(v3,v8)
	Q(v9,v5)
	R(v4,v5)
BCEGBDFHACFIADEJCDKLDGIMCHJMFGKNEILNEHKOFJLOABNOAGHPBIJPAKMQBLMRCNQR
	[+1*t^2+2*t-4]
	+1*v2-1/2*t
	+1*v5+1*t-1
	+1*v0+1/2*t+2
	+1*v3+1/2*t-1
	+1*v4-1/2*t-1
	+1*v9+1
	+1*v8-1*t
	+1*v1-1/2*t-1
	+1*v6-1/2*t
	+1*v7-1/2*t+1
	A(+0,+1)
	B[+1,+0,0];
	C[+1,v0,0];
	D(v3,v2)
	E[+0,+1,0];
	F(v3,v4)
	G(+0,+0)
	H[+1,v1,0];
	I(v5,v2)
	J(+0,v4)
	K(+1,+0)
	L(v3,+0)
	M(v6,+1)
	N(v5,v4)
	O(v7,+1)
	P(v5,v8)
	Q(+1,v2)
	R(+1,v9)
BCEHAFHIAEGJDEFLBGKLDGHMCFKMBFJNACLNCGIOABMOADKPEINPHJOPBDIQCDJREKQR
	[+1*t^2-2*t+4]
	+1*v1+1/2*t-1
	+1*v0+1/2*t
	+1*v2+1/2*t-1
	+1*v5+1*t-1
	+1*v3-1/2*t
	+1*v9-1*t
	+1*v4-1/2*t+1
	+1*v6+1/2*t-2
	+1*v7-1/2*t-1
	+1*v8+1/2*t
	A(+0,+1)
	B[+0,+1,0];
	C[+1,+0,0];
	D(+0,+0)
	E[+1,v0,0];
	F(+1,v2)
	G(v3,+1)
	H[+1,v1,0];
	I(v3,v6)
	J(+0,v2)
	K(+1,+0)
	L(v4,v7)
	M(+1,v5)
	N(v8,+0)
	O(v3,v2)
	P(v4,+1)
	Q(v9,v5)
	R(v4,v5)
BCEHDFGHAEFIABDJEGKLBFKMDILMCDKNAHLNEJMNBGIOCFJOACGPHIJPAKOQBLPRCMQR
	+1*v1-1
	+1*v0-1/2
	+1*v2-1/2
	+1*v8-1/3
	+1*v3-2
	+1*v4-2
	+1*v6-1/2
	+1*v7-3/2
	+1*v11-1/2
	+1*v5+1
	+1*v9-2/3
	+1*v10-5
	A(+0,+1)
	B[+1,+0,0];
	C[+1,v0,0];
	D(+1,+0)
	E[+1,v1,0];
	F(+0,v2)
	G(+0,+0)
	H(+1,v3)
	I[+0,+1,0];
	J(v4,v3)
	K(v5,+0)
	L(v6,v2)
	M(+1,v7)
	N(v8,v9)
	O(v4,v2)
	P(v10,v3)
	Q(v11,+1)
	R(v4,+1)
BCEIAFGIBDGKAEHKEGJLDHIMACJMCFKNADLNBFLOBHJPCDOPEFMQGHNQIJORKLPRABQR
	[+1*t^2+3*t+1]
	+1*v1+1
	+1*v0+1*t+3
	+1*v2-1*t-3
	+1*v3+1*t+1
	+1*v4-1*t-2
	+1*v5+1*t
	+1*v6+1*t+2
	+1*v7-2*t-5
	+1*v8-3/2*t-7/2
	+1*v9-1*t
	A(+1,+0)
	B[+0,+1,0];
	C[+1,+0,0];
	D(v3,v2)
	E(v5,v4)
	F[+1,v0,0];
	G[+1,v1,0];
	H(+0,+1)
	I(v3,v4)
	J(+0,v2)
	K(v6,v7)
	L(+0,+0)
	M(+1,v4)
	N(v5,+0)
	O(+1,+1)
	P(v5,+1)
	Q(v3,v8)
	R(v9,v2)
BCFGAGHIAEFJBHJLFIKLCEIMGJKMDFHNACLNDEGOABMOADKPBENPCHOPBDIQCDJREKQR
	[+1*t^2+3/4]
	+1*v1-1/2*t+1/4
	+1*v0-1/2*t-1/4
	+1*v2-1/2
	+1*v3-1*t+1/2
	+1*v4-1/2*t-3/4
	+1*v5+1/2*t-3/4
	+1*v6+1*t-1/2
	+1*v7-2*t-1
	+1*v8-1*t-1/2
	+1*v9-3/2
	+1*v10+1*t
	+1*v11-1/3*t-1/2
	+1*v12-1*t-3/2
	+1*v13-1*t
	A(+0,+1)
	B[+0,+1,0];
	C[+1,+0,0];
	D(+1,v5)
	E(+1,+0)
	F[+1,v0,0];
	G(v6,v2)
	H(+0,+0)
	I[+1,v1,0];
	J(v3,v2)
	K(+0,v4)
	L(v7,+0)
	M(v8,v4)
	N(v3,v9)
	O(+1,v4)
	P(v3,v10)
	Q(v11,v2)
	R(v12,v13)
BCFIABHKCEHLAFJMADGNBDEOAILOCKMOEGIPDFLPBJNPCGJQDHMQEKNQFGHRIJKRLMNR
	[+1*t^2+1/3]
	+1*v0+1
	+1*v1-3/2*t+1/2
	+1*v2-3/2*t-1/2
	+1*v3+3/2*t+1/2
	+1*v4+3/2*t-1/2
	+1*v5+3/2*t-1/2
	+1*v6-3/2*t+1/2
	+1*v7+3/2*t-3/2
	+1*v8-3/2*t+1/2
	+1*v9-1*t
	A(+0,+1)
	B[+1,+0,0];
	C[+0,+1,0];
	D(+1,+0)
	E(v3,v2)
	F(+0,+0)
	G[+1,v0,0];
	H[+1,v1,0];
	I(+0,v4)
	J(v3,+1)
	K(v5,v2)
	L(v5,+0)
	M(+1,v2)
	N(+1,v4)
	O(v6,v4)
	P(v3,v7)
	Q(v8,+1)
	R(v5,v9)
BCGHACFIADGKFHJKBDFLGIJLBEKMAELNCDMNEFGOAHMOBINODHIPCEJPABJQCKLRDEQR
	[+1*t^2+4*t-1]
	+1*v0+1/2*t+1/2
	+1*v2-1/2*t-1/2
	+1*v1+1/2*t+3/2
	+1*v3-1/2*t-1/2
	+1*v4+1/2*t-1/2
	+1*v5+1/2*t-1/2
	+1*v6+1*t-1
	+1*v7+1*t-1
	+1*v8-1*t
	+1*v9-1*t
	A(v3,v2)
	B[+0,+1,0];
	C[+1,+0,0];
	D(v5,v4)
	E(+1,+0)
	F(+0,+1)
	G[+1,v0,0];
	H[+1,v1,0];
	I(v5,+1)
	J(+1,v4)
	K(+0,v2)
	L(v3,+0)
	M(+0,+0)
	N(+1,v2)
	O(v3,+1)
	P(v6,v7)
	Q(v5,v8)
	R(v9,v4)
BCGHAEHIAFGJDEGKDFHLBFKMCELMBEJNACKNCFIOABLOADMPGINPHJOPBDIQCDJRKLQR
	[+1*t^2-3*t+1]
	+1*v1+1
	+1*v0+1*t
	+1*v3+1*t-2
	+1*v2-1*t
	+1*v4-1*t+1
	+1*v5+1*t-3
	+1*v6+1*t-1
	+1*v8+1*t-2
	+1*v9-1*t
	+1*v7-2*t+1
	A(+1,+0)
	B[+0,+1,0];
	C[+1,+0,0];
	D(v3,v2)
	E(+0,+1)
	F(v5,v4)
	G[+1,v0,0];
	H[+1,v1,0];
	I(v3,v4)
	J(+0,v2)
	K(+1,+1)
	L(+0,+0)
	M(v5,+0)
	N(v5,+1)
	O(+1,v4)
	P(v6,v7)
	Q(v3,v8)
	R(v9,v2)
BCGHAEHIAFGJDFHKBEJLDEGMACLMCEKNBFMNCFIOABKOGILPADNPHJOPBDIQCDJRKLQR
	[+1*t^2+1*t-1]
	+1*v1+1
	+1*v0+1*t+2
	+1*v2-1*t-2
	+1*v3+1*t
	+1*v4-1*t-1
	+1*v5+1*t-1
	+1*v6+1*t+1
	+1*v7-2*t-3
	+1*v8+1*t+2
	+1*v9-1*t
	A(+1,+0)
	B[+0,+1,0];
	C[+1,+0,0];
	D(v3,v2)
	E(v5,v4)
	F(+0,+1)
	G[+1,v0,0];
	H[+1,v1,0];
	I(v3,v4)
	J(+0,v2)
	K(+0,+0)
	L(v5,+0)
	M(+1,+1)
	N(v5,+1)
	O(+1,v4)
	P(v6,v7)
	Q(v3,v8)
	R(v9,v2)
BCGHAFHIAEGJBFJKDFGLACKLDEHMBELNCFMNCEIOABMOGIKPADNPHJOPBDIQCDJREKQR
	[+1*t^2-4/7*t+1/7]
	+1*v0-7/2*t+3/2
	+1*v1-7/2*t+1/2
	+1*v2+7/2*t-3/2
	+1*v3+7/2*t-3/2
	+1*v8-1*t
	+1*v4-7/2*t+1/2
	+1*v6+1
	+1*v7-1/2
	+1*v5-7/2*t+1/2
	+1*v9-1*t
	A(+1,+0)
	B[+0,+1,0];
	C[+1,+0,0];
	D(+0,+0)
	E(+0,+1)
	F(v2,+1)
	G[+1,v0,0];
	H[+1,v1,0];
	I(+0,v3)
	J(v4,+0)
	K(+1,v5)
	L(v2,v5)
	M(+1,+1)
	N(v2,v3)
	O(v4,v6)
	P(v4,v3)
	Q(v7,v5)
	R(v8,v9)
BCGHBDEIAFGIACDJDFHKEGJKCEFMHIJMABKMBFLNDGLOAHNOAELPCINPBJOPCKLQDMNREOQR
	[+1*t^2-3*t+3]
	+1*v1+1
	+1*v0+2*t-3
	+1*v2-1*t+2
	+1*v3+1*t-1
	+1*v4+1*t-2
	+1*v5-1/3*t
	+1*v6-1/2
	+1*v8+1/3*t-1
	+1*v9-1/3*t+1
	+1*v10-1*t+3
	+1*v13-1*t
	+1*v7+1/2
	+1*v11+1/3*t
	+1*v12-1*t+1
	A(v6,v7)
	B[+0,+1,0];
	C[+1,v0,0];
	D(v8,v2)
	E(+0,+0)
	F(+1,+0)
	G(+0,+1)
	H[+1,v1,0];
	I[+1,+0,0];
	J(v4,v3)
	K(v5,v3)
	L(+0,v2)
	M(v5,v9)
	N(v4,v10)
	O(v5,+0)
	P(v4,v2)
	Q(v11,v12)
	R(v13,v3)
BCHIADGKBEGLAFJMCDFNEFIOACLOBKMOAEHPDILPBJNPCGJQDHMQEKNQFGHRIJKRLMNR
	[+1*t^2+1*t+1]
	+1*v3+1/2*t-1/2
	+1*v2+1/2*t
	+1*v8-1/2*t-1/2
	+1*v0+1*t+1
	+1*v4-1*t-2
	+1*v5-1/2*t-1
	+1*v6-1/2*t-1
	+1*v7-1/2
	+1*v9-1/2*t-1/2
	+1*v10+1*t
	+1*v11-1*t-1/2
	+1*v13-1*t
	+1*v1+2/3*t+1/3
	+1*v12+2*t+1
	A(+0,+0)
	B[+0,+1,0];
	C[+1,+0,0];
	D(v5,v2)
	E(v6,v7)
	F(v3,v2)
	G(+0,+1)
	H[+1,v0,0];
	I[+1,v1,0];
	J(v4,+1)
	K(v3,v8)
	L(+1,+0)
	M(+0,v9)
	N(v4,v2)
	O(v3,+0)
	P(v4,v10)
	Q(v11,+1)
	R(v12,v13)
BCHIAEFJDGKLABGMCDFNBFKOACLOEIMOADIPEHLPBJNPCGJQDHMQEKNQFGHRIJKRLMNR
	[+1*t^2-2*t-1]
	+1*v0-1/2*t+1/2
	+1*v1+1
	+1*v2-1*t-1
	+1*v3-2
	+1*v5-1*t+1
	+1*v10+1*t-1
	+1*v4-1*t-1
	+1*v6-1*t
	+1*v9-1*t+1
	+1*v11-1*t
	+1*v7-2*t-1
	+1*v8-1/2*t-1/2
	A[+0,+1,0];
	B(+0,+1)
	C[+1,v0,0];
	D[+1,v1,0];
	E(v2,+1)
	F(+1,+0)
	G(v3,v5)
	H(v3,v6)
	I(+0,+0)
	J(v2,v7)
	K(+1,v8)
	L[+1,+0,0];
	M(+0,v4)
	N(v2,+0)
	O(v9,+1)
	P(v10,v11)
	Q(+1,v4)
	R(v3,v4)
BCHKACDLABIMAEJNFILNDGMNCGIOFHJOBELOBDFPEGKPCJMPDEHQAFKQAGHRIJKRLMQR
	[+1*t^2+2*t+4]
	+1*v1+1/2*t+1
	+1*v3-1/2*t-1
	+1*v2-1/2*t-1
	+1*v0+1/2*t
	+1*v4+1/2*t
	+1*v6-2
	+1*v5+1/2*t
	+1*v7+1/4*t+1/2
	+1*v8+1*t+2
	+1*v9-1*t
	A[+0,+1,0];
	B[+1,+0,0];
	C(+1,+0)
	D(+1,+1)
	E(v2,+1)
	F(+0,+1)
	G[+1,v0,0];
	H(+0,v3)
	I(v4,v3)
	J[+1,v1,0];
	K(+0,+0)
	L(v2,v5)
	M(v4,+0)
	N(v2,v6)
	O(+1,v5)
	P(v4,v5)
	Q(v7,v3)
	R(v8,v9)
BDEFABGJCEHJAFHKCFILDGHMBCKMDIJNAELNACDOEGKOAIMPFGNPBLOPBHIQJKLRMNQR
	[+1*t^2+2*t+4]
	+1*v1-1/2*t
	+1*v3+1/2*t
	+1*v2+1/2*t
	+1*v0-1/2*t-1
	+1*v4-1/2*t-1
	+1*v6-2
	+1*v7-1/2
	+1*v5-1/2*t-1
	+1*v8-2
	+1*v9-1*t
	A[+0,+1,0];
	B[+1,+0,0];
	C(+1,+0)
	D(+1,+1)
	E(v2,+1)
	F(+0,+1)
	G[+1,v0,0];
	H(+0,v3)
	I(v4,v3)
	J[+1,v1,0];
	K(+0,+0)
	L(v2,v5)
	M(v2,v6)
	N(v4,+0)
	O(+1,v5)
	P(v4,v5)
	Q(v7,v3)
	R(v8,v9)
BDEFABGJCEHJAFHKCFILDIJMAELMDGHNBCKNACDOEGKOFGMPAINPBLOPBHIQJKLRCMQR
	[+1*t^2+3*t+3]
	+1*v1+1*t+2
	+1*v0+1
	+1*v4+1*t+1
	+1*v2+1*t
	+1*v3-1*t-2
	+1*v5-1*t-3
	+1*v6-1*t-3
	+1*v8+1*t
	+1*v9-1*t
	+1*v7-3*t-6
	A[+0,+1,0];
	B[+1,+0,0];
	C(v3,v2)
	D(+1,+1)
	E(v3,+1)
	F(+0,+1)
	G[+1,v0,0];
	H(+1,v4)
	I(v5,v2)
	J(+0,v6)
	K(+1,+0)
	L[+1,v1,0];
	M(v5,+0)
	N(+0,+0)
	O(v5,v4)
	P(v3,v4)
	Q(v7,v2)
	R(v8,v9)
BDEFADHKABGLCFHLDIJLEGJMEHINAFJNBKMNCDGOAIMOACEPFGKPBHOPBCIQCJKRLMQR
	[+1*t^2-1*t+7]
	+1*v0+1/3*t+1/3
	+1*v1+1/3*t-2/3
	+1*v4-1/3*t-1/3
	+1*v2+1/3*t-2/3
	+1*v3+1/3*t-2/3
	+1*v5+1
	+1*v6+1
	+1*v7-1/3*t-1/3
	+1*v8-1/3*t-1/3
	+1*v9-1*t
	A(+0,+0)
	B[+1,+0,0];
	C(+1,v2)
	D[+0,+1,0];
	E[+1,v0,0];
	F[+1,v1,0];
	G(+1,+0)
	H(+0,+1)
	I(v3,v2)
	J(v3,v6)
	K(+0,v4)
	L(v5,v4)
	M(v3,+0)
	N(v7,+1)
	O(v8,v4)
	P(+1,+1)
	Q(v5,v2)
	R(v5,v9)
BDEFADHKFHILAEJLABGMCEHMDIJMACFNEGKNFGJOBKLOCDGPBHNPAIOPBCIQCJKRDLQR
	[+1*t^2-3/2*t+3/4]
	+1*v3+2*t-2
	+1*v2-2*t
	+1*v1-2*t+2
	+1*v0-2*t+1
	+1*v4-2*t+1
	+1*v5+2*t-1
	+1*v6+4*t-4
	+1*v8+1/2
	+1*v7+2*t-3
	+1*v9-1*t
	A[+1,+0,0];
	B[+0,+1,0];
	C(+0,+1)
	D(v3,v2)
	E(v3,+1)
	F(v3,v4)
	G[+1,v0,0];
	H(+1,v4)
	I(+1,+0)
	J(+0,v4)
	K(v5,v2)
	L[+1,v1,0];
	M(v5,+0)
	N(+0,+0)
	O(v5,+1)
	P(v6,v2)
	Q(+1,v7)
	R(v8,v9)
BDEFAFHJCFIKABGLCDHLEGHNBCJNAIMNACEODGJOBKMOADKPEILPFGMPBHIQJKLRCMQR
	[+1*t^2+4*t+7]
	+1*v1-1/2*t-1/2
	+1*v0+1
	+1*v2+1/2*t+1/2
	+1*v3-1/2*t-3/2
	+1*v4-1/2*t-1/2
	+1*v5+1*t+1
	+1*v6-1/2*t-1/2
	+1*v7+1/2*t+3/2
	+1*v8+1/2*t+3/2
	+1*v9-1*t
	A(+0,+1)
	B[+0,+1,0];
	C(+1,+0)
	D[+1,+0,0];
	E[+1,v0,0];
	F[+1,v1,0];
	G(+0,v2)
	H(v3,+0)
	I(+1,v6)
	J(v7,+1)
	K(v4,v2)
	L(v4,v5)
	M(+0,+0)
	N(v4,+1)
	O(v3,v2)
	P(v3,v8)
	Q(+1,v5)
	R(v9,v5)
BDEFAFHKEGJLABGMCDHMFIJMEHINADJNBKLNACEODGKOCFGPAILPBHOPBCIQCJKRDLQR
	[+1*t^2+4/7*t+1/7]
	+1*v0-7/2*t-1/2
	+1*v1+1
	+1*v2-7/2*t-3/2
	+1*v3+7/2*t+1/2
	+1*v4-7/2*t-3/2
	+1*v5-7/2*t-1/2
	+1*v6-7*t-3
	+1*v7-7*t-1
	+1*v8-1*t-1
	+1*v9-1*t
	A[+0,+1,0];
	B[+1,+0,0];
	C(+0,+1)
	D(+1,v2)
	E(v3,v2)
	F(+1,+0)
	G(+0,v2)
	H[+1,v0,0];
	I(v4,+1)
	J(v3,v6)
	K(+1,v5)
	L(v3,v5)
	M(v4,+0)
	N[+1,v1,0];
	O(+0,+0)
	P(v4,v5)
	Q(v7,+1)
	R(v8,v9)
BDEGADFKFGILAEJLCDHMCEFNABHNDIJNACGOEHKOBFMOGHJPBKLPAIMPBCIQCJKRLMQR
	[+1*t^2+4/3]
	+1*v1+3/4*t-1/2
	+1*v0-3/4*t-1/2
	+1*v2-3/4*t-1/2
	+1*v3-3/4*t-1/2
	+1*v4-1/2*t-1
	+1*v5-1/4*t-1/2
	+1*v6-1/4*t-1/2
	+1*v7-1/2*t
	+1*v8-1/4*t-3/2
	+1*v9-1*t
	A[+0,+1,0];
	B[+1,+0,0];
	C(+0,+1)
	D(+0,v2)
	E(v3,v2)
	F(+1,+0)
	G(+1,v2)
	H(+1,+1)
	I(v3,+0)
	J[+1,v0,0];
	K(v3,+1)
	L[+1,v1,0];
	M(+0,+0)
	N(v5,v4)
	O(v5,v6)
	P(v5,v7)
	Q(v8,v4)
	R(v9,v4)
BDEGAFGHBCHKAEIKABJLACDMBFIMCEJNDHLNCGIODFKOEFLPGJMPANOPHIJQKLMRBNQR
	[+1*t^2+3*t+3]
	+1*v0+1
	+1*v2+1*t+1
	+1*v3+2*t+4
	+1*v4-1*t-2
	+1*v5+1*t
	+1*v7-1*t-3
	+1*v10+1
	+1*v1-1/2*t
	+1*v9+2*t+2
	+1*v13-1*t
	+1*v6-1/2*t-3/2
	+1*v11-1*t-4
	+1*v8+2/3*t
	+1*v12-2
	A(v2,v6)
	B[+1,+0,0];
	C(+0,+1)
	D[+0,+1,0];
	E[+1,v0,0];
	F(+0,+0)
	G[+1,v1,0];
	H(v3,v7)
	I(+1,+0)
	J(v8,v4)
	K(+0,v5)
	L(v2,+0)
	M(v3,v5)
	N(v9,v4)
	O(v2,v4)
	P(v10,v5)
	Q(v3,v11)
	R(v12,v13)
BDEGCDFKBFILAFJMACHNCEIOADLOBJNOAGIPEHLPBKMPCGJQDHMQEKNQFGHRIJKRLMNR
	+1*v0+1*v11
	+1*v1-1*v10+1*v11+1
	+1*v2+1*v11-1
	+1*v3-1*v10+1*v11
	+1*v4+1*v10
	+1*v6-1*v10+1*v11-1
	+1*v5-1*v11-1
	+1*v10^2-1*v11-2
	+1*v10*v11+1*v10-2*v11-1
	+1*v7+1*v10-1*v11-1
	+1*v8-1*v10+2*v11
	+1*v9+1*v11
	+1*v11^2+1*v10-1*v11
	A[+1,+0,0];
	B[+0,+1,0];
	C(v3,v2)
	D(+1,v2)
	E(+1,+0)
	F(v5,v6)
	G(+0,+1)
	H(+1,+1)
	I[+1,v0,0];
	J(+0,v7)
	K(v3,v4)
	L[+1,v1,0];
	M(+0,+0)
	N(v3,+0)
	O(v8,v4)
	P(v9,v4)
	Q(v10,v2)
	R(v11,+1)
BDEHCFGLABILBGJMFHINBCKNAEMNDGIOEJLOCHJPDFMPAKOPACDQEFKQAGHRIJKRLMQR
	+1*v0+1
	+1*v1-1
	+1*v3-2
	+1*v2+2
	+1*v4+1
	+1*v5+2
	+1*v6+1/2
	+1*v7-5/2
	+1*v8-1/2
	+1*v9+1/2
	A[+0,+1,0];
	B[+1,+0,0];
	C[+1,v0,0];
	D(v2,+1)
	E(+1,+1)
	F(v4,v3)
	G(+0,+0)
	H(+0,+1)
	I(+1,v5)
	J(+1,+0)
	K[+1,v1,0];
	L(+0,v3)
	M(v4,+0)
	N(v2,v5)
	O(v2,v3)
	P(v6,v7)
	Q(v4,v5)
	R(v8,v9)
BDEHCFHJAEIJABCKAGHLCDIMBGJMEGKNBFLOADNODFKPCELPAFMQBINQCGORHIPRJKQR
	[+1*t^2-5/2*t+7/4]
	+1*v1+1
	+1*v0+2*t-2
	+1*v2+2*t-3
	+1*v3-2*t+2
	+1*v4+2*t-3
	+1*v5+2*t-2
	+1*v6-2*t+3
	+1*v7-4/7*t+3/7
	+1*v8+2/7*t-5/7
	+1*v9-1*t
	A(+1,+0)
	B[+0,+1,0];
	C(+0,+0)
	D[+1,+0,0];
	E(v3,v2)
	F[+1,v0,0];
	G[+1,v1,0];
	H(+0,+1)
	I(+0,v2)
	J(v4,+0)
	K(+1,v2)
	L(v3,+1)
	M(+1,v5)
	N(v3,v5)
	O(v4,v6)
	P(v4,+1)
	Q(v7,v8)
	R(v9,v5)
BDFGAEGHBCHIACDJDEIKFHJKCEFMGIJMABKMBELNAFLOCGNODHLPAINPBJOPCKLQDMNREOQR
	[+1*t^2-4*t+7]
	+1*v1+1
	+1*v0+1/2*t-1/2
	+1*v3-1/2*t+1/2
	+1*v2-1/2*t+3/2
	+1*v4-1/2*t+1/2
	+1*v5+1/2*t-3/2
	+1*v6+1/2*t-1/2
	+1*v9-1*t
	+1*v7+1/2*t-7/2
	+1*v8+1
	A(+0,+1)
	B[+1,+0,0];
	C(+1,+0)
	D[+0,+1,0];
	E(v2,+1)
	F[+1,v0,0];
	G(+0,+0)
	H[+1,v1,0];
	I(+0,v3)
	J(v4,+0)
	K(v4,v5)
	L(v6,v3)
	M(v2,v5)
	N(+1,v3)
	O(v4,+1)
	P(+1,v5)
	Q(v7,v8)
	R(v2,v9)
BDFHADGIBCGJEHIJEFGKACHKGHLMBILNAJMNABEOCFIODJKOAFLPBKMPCDNPCELQDEMRFNQR
	+1*v1-1*v8
	+1*v0-1*v8-1*v9
	+1*v2-1*v8-1
	+1*v3+1*v9-1
	+1*v5+1*v8
	+1*v6+1*v9-1
	+1*v8^2+1*v9-1
	+1*v8*v9+1
	+1*v9^2-1*v8-1*v9
	+1*v4-1*v8-1
	+1*v7-1*v8
	A(v6,+1)
	B[+0,+1,0];
	C(+1,v2)
	D[+1,+0,0];
	E(+0,+1)
	F[+1,v0,0];
	G(+0,+0)
	H(v7,v3)
	I[+1,v1,0];
	J(+0,v3)
	K(+1,+0)
	L(v4,+0)
	M(v4,v3)
	N(+1,v8)
	O(v5,+1)
	P(v5,v9)
	Q(v4,v2)
	R(v5,v2)
BDFIBEGJACHLDGKLDHJMAIKMGHINBCKNADEOCFJOAFGPCEIPEFHQBLMQAJNRBOPRCDQR
	[+1*t^2-3/2*t+1/4]
	+1*v0+4*t-2
	+1*v1+2
	+1*v6-2
	+1*v2+4*t-2
	+1*v3+2*t-1
	+1*v4-1/2
	+1*v5-2*t+1
	+1*v7-1*t+1/2
	+1*v8-2/5*t-1/5
	+1*v9+8/5*t-6/5
	+1*v10-1*t+1/2
	+1*v11+2*t-2
	+1*v13-1
	+1*v12-1*t
	A(+0,+0)
	B[+1,v0,0];
	C(+0,+1)
	D[+1,+0,0];
	E(v5,v2)
	F[+1,v1,0];
	G(+1,+0)
	H(+0,v6)
	I(v4,v3)
	J[+0,+1,0];
	K(v4,+0)
	L(v7,v3)
	M(+1,v2)
	N(v8,v9)
	O(v10,v11)
	P(+1,v3)
	Q(v12,v2)
	R(v4,v13)
BDFJACHJADGKAEFLABIMBEHOCFKOGINODILPGJMPCENPBCLQDEMQHKNQFGHRIJKRLMNR
	[+1*t^2-3/2*t+1/4]
	+1*v0+4*t-2
	+1*v1+2
	+1*v6-2
	+1*v2+4*t-2
	+1*v3+2*t-1
	+1*v4-1/2
	+1*v5-2*t+1
	+1*v7-1*t+1/2
	+1*v8-2/5*t-1/5
	+1*v9+8/5*t-6/5
	+1*v10-1*t+1/2
	+1*v11+2*t-2
	+1*v13-1
	+1*v12-1*t
	A(+0,+0)
	B[+1,v0,0];
	C(+0,+1)
	D[+1,+0,0];
	E(v5,v2)
	F[+1,v1,0];
	G(+1,+0)
	H(+0,v6)
	I(v4,v3)
	J[+0,+1,0];
	K(v4,+0)
	L(v7,v3)
	M(+1,v2)
	N(v8,v9)
	O(v10,v11)
	P(+1,v3)
	Q(v12,v2)
	R(v4,v13)
BDFJACHJADGKAEFLABIMBEHOCFKOGINODILPGJMPCENPBCLQDEMQHKNQFGHRIJKRLMNROPQR
	[+1*t^2+3*t+3]
	+1*v3+1*t
	+1*v2-1/2*t-1
	+1*v1+1/2
	+1*v5-1*t-1
	+1*v4+2*t+3
	+1*v6-1*t-3
	+1*v7+1/2
	+1*v8-1/2
	+1*v9+1/2*t
	+1*v10-1*t-2
	+1*v11+2*t
	+1*v0-1/3*t
	+1*v12-1*t-1
	+1*v13-1*t
	A(+1,+0)
	B[+0,+1,0];
	C(v3,v2)
	D[+1,v0,0];
	E(+0,+0)
	F[+1,+0,0];
	G(+0,+1)
	H(v4,+1)
	I(v3,v5)
	J[+1,v1,0];
	K(v6,v7)
	L(+0,v8)
	M(v3,+0)
	N(v4,v2)
	O(v9,v2)
	P(v4,v10)
	Q(v11,v12)
	R(v13,+1)
BDFJACHKBEGLAEFMBCIMAGIODKLOCFNODEIPAJLPBHNPCGJQDHMQEKNQFGHRIJKRLMNR
	[+1*t^2+1*t-1]
	+1*v1-1*t
	+1*v3-1/2*t-1/2
	+1*v2+1*t
	+1*v0-2*t
	+1*v4-1*t-1
	+1*v5-1/2
	+1*v6-1*t
	+1*v7+2*t-1
	+1*v8+1/2*t-1/2
	+1*v9-2
	+1*v10-1*t-1/2
	+1*v11+1*t-1
	+1*v13-1*t
	+1*v12-1
	A(+1,+0)
	B[+1,+0,0];
	C(+0,+1)
	D[+0,+1,0];
	E(v3,v2)
	F(+0,v2)
	G(v5,+0)
	H[+1,v0,0];
	I[+1,v1,0];
	J(v4,+1)
	K(+0,+0)
	L(v6,v7)
	M(v3,v8)
	N(v4,v9)
	O(v4,v2)
	P(v10,v11)
	Q(v3,+1)
	R(v12,v13)
BDHICDFKABGKCEGLAFILBEFOACMODJNOHJLPGIMPAENPBCJQDEMQHKNQFGHRIJKRLMNR
	[+1*t^2+2*t+1/2]
	+1*v1+1
	+1*v6-1*t-1
	+1*v2-1*t-2
	+1*v3+2*t+1
	+1*v4+2*t+2
	+1*v10+2*t+2
	+1*v13-1*t
	+1*v0+1*t+3/2
	+1*v5+1*t+1
	+1*v7+1
	+1*v8+2*t
	+1*v9-1*t-1
	+1*v11-2*t-3
	+1*v12+4*t+2
	A(v4,v2)
	B[+1,v0,0];
	C(+0,+0)
	D[+1,+0,0];
	E(v3,+1)
	F(+0,+1)
	G(+1,v5)
	H[+0,+1,0];
	I(+1,+0)
	J[+1,v1,0];
	K(+0,v6)
	L(v7,v2)
	M(v8,+0)
	N(v3,v9)
	O(v3,v2)
	P(v10,v11)
	Q(v12,+1)
	R(+1,v13)
BDHJCFHKAEIKBEGLCDIMAGJNADLOFGMOEHNOFIJPBKMPCLNPABCQDEFQGHIRJKLRMNQR
	[+1*t^2-4*t+7]
	+1*v0-1/2*t+1/2
	+1*v3-1/2*t+1/2
	+1*v2+1
	+1*v1-1
	+1*v4-2
	+1*v5+1/2*t-3/2
	+1*v6-1*t+3
	+1*v7+1*t-2
	+1*v8+1/2*t-3/2
	+1*v9-1*t
	A[+0,+1,0];
	B[+1,+0,0];
	C(v3,v2)
	D(v4,+1)
	E[+1,v0,0];
	F(v3,v5)
	G(v6,v2)
	H(+0,+1)
	I(+0,v7)
	J(+1,+0)
	K(+1,+1)
	L(v8,v5)
	M(+1,v5)
	N(v4,v2)
	O(v4,v9)
	P(v3,+0)
	Q[+1,v1,0];
	R(+0,+0)
BDHKCEJLDEIMAJKMBFLMBCGNFHJNEGHOCIKOADNOACFPDGLPABEQFGIQAHIRBJPRKLQR
	[+1*t^2+3]
	+1*v0+1
	+1*v2-1/2*t-1/2
	+1*v1-1/2*t+1/2
	+1*v3+1/2*t-1/2
	+1*v4-1/2*t-3/2
	+1*v5+1*t
	+1*v6+1/2*t-3/2
	+1*v9-3
	+1*v7-1/2*t-3/2
	+1*v8-1*t
	A[+1,+0,0];
	B(v3,v2)
	C(+1,+1)
	D[+0,+1,0];
	E[+1,v0,0];
	F(+0,+1)
	G(+1,+0)
	H(v6,v2)
	I(+0,v4)
	J(v7,+0)
	K[+1,v1,0];
	L(v5,v4)
	M(+0,+0)
	N(+1,v2)
	O(v3,v4)
	P(v3,+1)
	Q(v5,v8)
	R(v5,v9)
BEFGADEKFHJLDFIMAGJMBKLMCDGNABHNEIJNCEHOAILOACFPGHKPBDOPBCIQCJKRDLQR
	[+1*t^2-2*t+4]
	+1*v0+1/2*t
	+1*v1+1
	+1*v2-1/2*t
	+1*v3-1/2*t
	+1*v4-1/2*t+1
	+1*v5+1
	+1*v7-2
	+1*v6+1/2*t-1
	+1*v8+1*t-2
	+1*v9-1*t
	A[+0,+1,0];
	B[+1,v0,0];
	C(+0,+1)
	D[+1,+0,0];
	E(+1,+0)
	F(+0,v2)
	G(v3,+1)
	H(v3,v6)
	I(v4,v7)
	J(+1,v2)
	K(v3,+0)
	L(+1,v5)
	M[+1,v1,0];
	N(+0,+0)
	O(v4,v2)
	P(v4,+1)
	Q(v8,v5)
	R(v9,v5)
BEFGAGHKFHILAEJLABDMCEHMGIJMACFNDEKNDFJOBKLOCDGPBHNPAIOPBCIQCJKRDLQR
	+1*v1+1
	+1*v10+1
	+1*v2+2
	+1*v3-3
	+1*v4-3/2
	+1*v5+4
	+1*v6+1
	+1*v7-2
	+1*v8-1/2
	+1*v9+3
	+1*v11-9/2
	+1*v0+4/3
	A[+0,+1,0];
	B(+0,+1)
	C(+0,+0)
	D[+1,v0,0];
	E[+1,v1,0];
	F(v3,v2)
	G(+1,+0)
	H(v4,v6)
	I(v4,v2)
	J(v3,v5)
	K[+1,+0,0];
	L(+0,v7)
	M(v8,+0)
	N(v3,v9)
	O(+1,v10)
	P(v11,v5)
	Q(+1,v2)
	R(v4,v5)
BEFGCDIJADEKABCLGHJLCGKMBDHNAFJNBIMOCENODFLPEHMPFIKQAGOQAHIRJKPRLMQR
	[+1*t^2+2*t+4]
	+1*v1+1/2*t+1
	+1*v0+1/2*t
	+1*v2-1/2*t-1
	+1*v3-1/2*t-1
	+1*v4+1/2*t
	+1*v5+1/2*t
	+1*v6-2
	+1*v7-1*t
	+1*v8-2
	+1*v9-1/2
	A[+1,+0,0];
	B(+1,+0)
	C[+0,+1,0];
	D(+0,+1)
	E(v2,+1)
	F(+0,v3)
	G(+1,v4)
	H[+1,v0,0];
	I[+1,v1,0];
	J(+0,+0)
	K(v2,v4)
	L(v5,+0)
	M(+1,+1)
	N(v2,v3)
	O(v5,v3)
	P(v6,v4)
	Q(v7,v8)
	R(v5,v9)
BEFIACHICDFJEGHJDGILABJLADEMBCGMFHLMCEKNBDKOAFNOAGKPBHNPIJKQCLORDPQR
	[+1*t^2+1/2*t+1/4]
	+1*v1+2*t+1
	+1*v0+2*t
	+1*v2-2*t-1
	+1*v3-2*t-1
	+1*v4+2*t
	+1*v7-1*t
	+1*v5+2*t
	+1*v6-2
	+1*v8-1/2
	+1*v9-2
	A[+1,+0,0];
	B(+1,+0)
	C[+0,+1,0];
	D(+0,+1)
	E(v2,+1)
	F(+0,v3)
	G(+1,v4)
	H[+1,v0,0];
	I[+1,v1,0];
	J(+0,+0)
	K(v2,v4)
	L(v5,+0)
	M(v2,v3)
	N(+1,+1)
	O(v5,v3)
	P(v6,v4)
	Q(v7,v8)
	R(v5,v9)
BEFIACHICDFJEGHJDGILABJLCEKMADENBCGNFHLNBDKOAFMOAGKPBHMPIJKQCLORDMQR
	+1*v1+1*v11-1*v12-2*v13+1
	+1*v3-1*v11-1*v12-1*v13+1
	+1*v2+1*v11-1
	+1*v4+1*v11-1*v13-1
	+1*v6+1*v11+1*v12+1*v13-2
	+1*v11^2-1*v11+1*v12+2*v13
	+1*v11*v12-2*v11-2*v12-3*v13+3
	+1*v0-1*v13-1
	+1*v9-1*v11-1*v12-1*v13
	+1*v10+1*v12+1*v13-2
	+1*v12^2-5*v12-2*v13+1
	+1*v11*v13+1*v11+1*v12+1*v13-2
	+1*v12*v13-1*v11+1*v12-1*v13+1
	+1*v5+1*v11-1*v12-2*v13
	+1*v7-1*v12-1*v13+1
	+1*v8-1*v11-1*v12-2*v13+1
	+1*v13^2+1*v11+1*v13-1
	A(+0,+1)
	B[+0,+1,0];
	C(+1,+0)
	D(+1,v5)
	E[+1,+0,0];
	F(+0,v2)
	G[+1,v0,0];
	H(v3,v6)
	I[+1,v1,0];
	J(+0,+0)
	K(v3,v4)
	L(v7,+0)
	M(v8,v2)
	N(v9,v4)
	O(v3,v10)
	P(v11,v2)
	Q(+1,v4)
	R(v12,v13)
BEGIABFJCEJLDFKLADIMBHKOAGLOCINOACHPEFMPDGNPBCDQHJMQEKNQFGHRIJKRLMNR
	[+1*t^2+3]
	+1*v1+1
	+1*v0+1/2*t+1/2
	+1*v2-1/2*t-1/2
	+1*v3+1/2*t-1/2
	+1*v4-1/2*t-3/2
	+1*v5-1/2*t-3/2
	+1*v6+1*t
	+1*v7+1/2*t-3/2
	+1*v8+1/2*t-1/2
	+1*v9-1*t
	A(+1,+0)
	B[+0,+1,0];
	C(v2,+1)
	D(+1,v3)
	E[+1,+0,0];
	F(v2,v3)
	G[+1,v0,0];
	H(+0,+1)
	I[+1,v1,0];
	J(v4,v6)
	K(+0,+0)
	L(+0,v5)
	M(v2,v7)
	N(v4,v3)
	O(v4,+0)
	P(v8,+1)
	Q(+1,v5)
	R(v9,v5)
BEGIAFHIFGJKBHKLBCFMDGHMAJLMDEFNACGNAEKOCILOBJNOCEHPDIJPABDQCDKRELQR
	+1*v1+1/2*v7-1*v8+1/2*v9-3/2
	+1*v0+3/2*v7-1*v8+1/2*v9-3/2
	+1*v4+1/2*v7-1*v8+1/2*v9-5/2
	+1*v7*v8-1*v7+1*v8+1
	+1*v7*v9-1*v7+1
	+1*v2-1/2*v7+1/2*v9-1/2
	+1*v8*v9-2*v8+1*v9
	+1*v3-1/2*v7-1/2*v9+1/2
	+1*v5+1/2*v7-1*v8+1/2*v9-3/2
	+1*v6-1/2*v7+1/2*v9-3/2
	+1*v7^2-3*v7+2*v8-1*v9+4
	+1*v8^2-1*v7+2*v8+1*v9
	+1*v9^2+1*v7-2*v8-3*v9+1
	A[+0,+1,0];
	B(v2,+1)
	C[+1,+0,0];
	D(+0,+0)
	E(v3,v6)
	F(v2,v4)
	G(+1,+0)
	H(+1,v4)
	I[+1,v0,0];
	J(v3,v4)
	K(+1,v5)
	L[+1,v1,0];
	M(+0,+1)
	N(+0,v7)
	O(v3,+0)
	P(v8,+1)
	Q(v2,v5)
	R(v9,v5)
BEGICFHJAGHKACILBDKLEHLMFIKNADMNCDGOAEJODEFPBCMPABFQGJNQBHORIJPRCKQR
	[+1*t^2+3]
	+1*v1+1
	+1*v0-1/2*t+1/2
	+1*v2+1/2*t-1/2
	+1*v3-1/2*t-1/2
	+1*v4+1/2*t-3/2
	+1*v5+1/2*t-3/2
	+1*v6-1*t
	+1*v7-1/2*t-3/2
	+1*v9-1*t
	+1*v8+1*t
	A(+1,+0)
	B[+0,+1,0];
	C(v2,+1)
	D(+1,v3)
	E[+1,+0,0];
	F(v2,v3)
	G[+1,v0,0];
	H(+0,+1)
	I(+0,+0)
	J[+1,v1,0];
	K(v4,v6)
	L(+0,v5)
	M(v2,v7)
	N(v4,v3)
	O(v4,+0)
	P(+1,+1)
	Q(v8,v5)
	R(v9,v5)
BEGJAFHJFGIKBHILBCFMDGHMAKLMDEFNACGNAEIOCJLOBKNOABDPCEHPCDIQDJKRELQR
	[+1*t^2-1*t+1]
	+1*v1-1*t+1
	+1*v0-1*t
	+1*v8-1/2
	+1*v4+1*t-1
	+1*v2-1*t
	+1*v5-1*t
	+1*v3+1*t-1
	+1*v6-2
	+1*v7-2
	+1*v9-1/2
	A(+1,v2)
	B[+0,+1,0];
	C(+1,+0)
	D(v3,+1)
	E[+1,+0,0];
	F(+0,+1)
	G[+1,v0,0];
	H(+0,v4)
	I(v5,+0)
	J[+1,v1,0];
	K(+0,+0)
	L(v6,v2)
	M(v3,v7)
	N(v3,v4)
	O(v5,v2)
	P(v8,v9)
	Q(v5,v4)
	R(+1,+1)
BEGJCDHJAFIJADGKBFHKCEIKCGLNBDMNAELOFGMODILPAHMPEHNQBIOQCFPQABCRDEFR
	[+1*t^2-4/5*t+4/5]
	+1*v1+1
	+1*v0-5/4*t+1/2
	+1*v2-5/4*t+1/2
	+1*v3-5/4*t-1/2
	+1*v4-5/4*t-1/2
	+1*v5+5/8*t-3/4
	+1*v6-5/8*t-1/4
	+1*v7+1
	+1*v8-1/4*t-3/10
	+1*v9-1/2*t-3/5
	+1*v10+5/4*t-5/2
	+1*v11-1*t
	A(+1,v2)
	B[+0,+1,0];
	C(+1,+0)
	D(+0,+1)
	E[+1,+0,0];
	F(+0,v3)
	G[+1,v0,0];
	H(v4,+0)
	I(v5,v3)
	J(v5,v6)
	K(v4,v2)
	L[+1,v1,0];
	M(+0,+0)
	N(v5,v2)
	O(v4,v7)
	P(v8,v9)
	Q(v10,v3)
	R(+1,v11)
BEGLAFHLCDJLBDFMCEHMAGJMBIJNAEKNADIOBHKODGKPCFNPEFIQCGOQABCRHIPRJKQR
	[+1*t^2-1/2*t+1/12]
	+1*v0+1
	+1*v2+3*t-3/2
	+1*v3-3*t+1/2
	+1*v4-1/2
	+1*v5+3*t-1
	+1*v8-3*t+1
	+1*v1+2*t
	+1*v6+1/2
	+1*v7+3*t-1
	+1*v10-6*t+3/2
	+1*v11+6*t-3/2
	+1*v12-3*t
	+1*v13-1*t
	+1*v9-3/2
	A(v2,v6)
	B[+1,+0,0];
	C(+0,+0)
	D(+0,+1)
	E[+1,v0,0];
	F(+1,+0)
	G(v7,v3)
	H[+1,v1,0];
	I[+0,+1,0];
	J(v4,v8)
	K(v4,v5)
	L(+0,v3)
	M(v9,v5)
	N(v2,+0)
	O(v2,v3)
	P(v10,v5)
	Q(v11,v12)
	R(v4,v13)
BEHIADGKCDILAFJMBCFNDEFOBGLOAINOACHPEJLPBKMPCGJQDHMQEKNQFGHRIJKRLMNR
	+1*v3-1*v8-1*v9
	+1*v2+1*v8-1
	+1*v4-1*v8
	+1*v8*v9-2*v8-1*v9+1
	+1*v9^2+1*v8
	+1*v0+1*v8+1*v9+1
	+1*v1-1*v9+1
	+1*v5+1*v8+1*v9-1
	+1*v6+1*v8-1
	+1*v7+3*v8+1*v9-2
	+1*v8^2+3*v8+1*v9-2
	A(v7,v2)
	B[+1,+0,0];
	C(+1,+0)
	D[+0,+1,0];
	E(v4,v3)
	F(v5,+1)
	G(+0,+1)
	H(+0,v3)
	I(v5,v3)
	J(v6,+1)
	K[+1,v0,0];
	L(v4,v8)
	M(v4,v2)
	N(v5,v9)
	O[+1,v1,0];
	P(+0,+0)
	Q(v6,v2)
	R(v6,+0)
BEHIBFGJCEJKAHJLCGIMDELMDFINAGKNBDKOCFLOAEFPDGHPABMQCHNQAIORBCPRDJQR
	[+1*t^2+4/3]
	+1*v1+1
	+1*v2-3/4*t+1/2
	+1*v3+1/2*t-1
	+1*v4-3/2*t
	+1*v5-3/4*t-3/2
	+1*v6-1/2*t-1
	+1*v7+1/4*t-1/2
	+1*v9+3/4*t-3/2
	+1*v0-3/8*t+3/4
	+1*v11+3/2*t-1
	+1*v13-1*t
	+1*v10-2
	+1*v12-3/4*t
	+1*v8-3/4*t-1/2
	A(+0,+1)
	B[+1,+0,0];
	C(+0,v5)
	D(+1,+0)
	E[+1,v0,0];
	F(v3,v2)
	G(v3,v4)
	H[+0,+1,0];
	I[+1,v1,0];
	J(v6,+0)
	K(v7,v8)
	L(+0,+0)
	M(+1,v2)
	N(v9,v4)
	O(v10,v2)
	P(v11,v4)
	Q(+1,v12)
	R(v3,v13)
BEHICDFKACHLBDJLAGKMAEJOBFMOCINOADIPEFLPBGNPCGJQDHMQEKNQFGHRIJKRLMNR
	[+1*t^2-2*t+4/3]
	+1*v2+3/2*t-2
	+1*v4+1/2*t-1
	+1*v0-3/2*t+2
	+1*v1+3/2*t-1
	+1*v3-3/2*t+1
	+1*v5-1*t+1
	+1*v6-1/2*t
	+1*v7+1/2*t-1
	+1*v8+2*t-3
	+1*v9-1*t
	A(+0,+1)
	B[+1,+0,0];
	C(v3,v2)
	D(+1,+0)
	E[+0,+1,0];
	F(+0,v2)
	G(v3,+0)
	H[+1,v0,0];
	I(+1,+1)
	J[+1,v1,0];
	K(v5,v4)
	L(+0,+0)
	M(+1,v2)
	N(v6,v4)
	O(v7,v4)
	P(v3,+1)
	Q(v5,v8)
	R(v5,v9)
BEHJAGHKAEFLBDGLCJKLBCFMDEIMACDNFGINDFHOAJMOBKNOCEGPABIPCHIQDJPREKQR
	[+1*t^2-3*t+7/3]
	+1*v0-3*t+5
	+1*v2+3*t-5
	+1*v5-1*t+1
	+1*v1+3*t-4
	+1*v3-3*t+4
	+1*v4+2*t-3
	+1*v6+1*t-2
	+1*v7+2*t-4
	+1*v8-4*t+6
	+1*v9-1*t
	A(v3,v2)
	B[+0,+1,0];
	C(+0,+1)
	D(+1,+0)
	E[+1,+0,0];
	F(+0,v2)
	G(+1,+1)
	H[+1,v0,0];
	I(v3,+0)
	J[+1,v1,0];
	K(v5,v4)
	L(+0,+0)
	M(+1,v2)
	N(v5,v6)
	O(v5,v7)
	P(v3,+1)
	Q(v8,v4)
	R(v9,v4)
BEHJDFHKBCFLDEILAJKLAEFMBDGMACDNFGINAGHOCJMOBKNOCEGPABIPCHIQDJPREKQR
	[+1*t^2+1*t+1]
	+1*v0+1
	+1*v1+1*t+1
	+1*v2+1*t+1
	+1*v3+1*t
	+1*v4-1*t-1
	+1*v5+1*t
	+1*v6+2*t
	+1*v7-1*t
	+1*v8-2
	+1*v9+1
	A(+1,v2)
	B(+1,+0)
	C[+0,+1,0];
	D[+1,+0,0];
	E(+0,+0)
	F[+1,v0,0];
	G(v4,v3)
	H(+0,+1)
	I[+1,v1,0];
	J(+0,v3)
	K(v4,v2)
	L(v5,+0)
	M(v5,v7)
	N(+1,v3)
	O(v4,v6)
	P(v8,v2)
	Q(v9,v6)
	R(v5,v6)
BFGHCDFIAEGICEHJBDELAFJLEFKMABCNDGJNHILNCGKOAHMOADKPBIMPBJKQCLMRDOQR
	[+1*t^2+3]
	+1*v1-1/2*t+1/2
	+1*v0-1/2*t-1/2
	+1*v2+1/2*t-1/2
	+1*v8+1*t-1
	+1*v3-1/2*t-1/2
	+1*v4-1/2*t-3/2
	+1*v5+1/2*t+1/2
	+1*v6+1/2*t-3/2
	+1*v7+3/2*t+1/2
	+1*v9-1*t
	A(v2,+1)
	B[+0,+1,0];
	C[+1,+0,0];
	D(+0,+1)
	E[+1,v0,0];
	F(+1,v3)
	G(+0,v3)
	H(+1,v4)
	I(v2,v4)
	J(+1,+0)
	K[+1,v1,0];
	L(v5,+0)
	M(+0,+0)
	N(v5,v6)
	O(v5,+1)
	P(v2,v3)
	Q(v7,v4)
	R(v8,v9)
BFHJBCEKDFIKAGHLAEFMBDGMCJLMDEHNAJKNACDOEGIOBLNOCFGPABIPCHIQDJPRKLQR
	[+1*t^2-1/4*t+1/8]
	+1*v1+1
	+1*v0+4*t
	+1*v2+1*t-1/2
	+1*v3-2*t-1/2
	+1*v4-1/2
	+1*v5-1*t-1/2
	+1*v6-1*t-1/4
	+1*v8-1*t
	+1*v7-1/2
	+1*v9-1*t-1/2
	+1*v10-2*t
	+1*v11-1*t
	A[+1,+0,0];
	B(v3,v2)
	C(+0,+1)
	D[+0,+1,0];
	E(v4,v2)
	F(v3,+1)
	G(+1,+0)
	H(+0,v5)
	I(v4,v5)
	J(v6,v7)
	K[+1,v0,0];
	L(v3,+0)
	M[+1,v1,0];
	N(+0,+0)
	O(v8,+1)
	P(v9,v2)
	Q(v4,v10)
	R(v11,v5)
BGHJBDFLCIJLADKMCDHNEFJNAGLNACFOEHKOBIMOABEPCGMPDEIQFGKQAHIRJKPRLMQR
	[+1*t^2-4/7*t+1/7]
	+1*v1-7/2*t+1/2
	+1*v0-7/2*t+3/2
	+1*v2+7/2*t-3/2
	+1*v4+7/2*t-3/2
	+1*v8-1*t
	+1*v3-7/2*t+1/2
	+1*v6+1
	+1*v7-1/2
	+1*v5-7/2*t+1/2
	+1*v9-1*t
	A(+1,+0)
	B[+0,+1,0];
	C[+1,+0,0];
	D(+0,+0)
	E(+0,+1)
	F[+1,v0,0];
	G(v2,+1)
	H(v2,v3)
	I(+1,v3)
	J(v2,v4)
	K(v5,v6)
	L[+1,v1,0];
	M(+0,v4)
	N(v5,+0)
	O(v5,v4)
	P(+1,+1)
	Q(v7,v3)
	R(v8,v9)
BGHJDFHKBCFLDGILAJKLBDEMAFGMACDNEFINAEHOCJMOBKNOCEGPABIPCHIQDJPREKQR
	+1*v0+1*v8+2*v9-1
	+1*v2+1*v9-1
	+1*v3-1*v8-2*v9+1
	+1*v4+1*v8+3*v9-3
	+1*v8^2+5*v8-7*v9-1
	+1*v5+1*v9-1
	+1*v8*v9-3*v8+2*v9+1
	+1*v9^2+1*v8-2*v9
	+1*v1-1*v8-3*v9+3
	+1*v6-1*v8-2*v9+1
	+1*v7-1*v9
	A[+1,+0,0];
	B[+0,+1,0];
	C(v6,v2)
	D[+1,v0,0];
	E(+1,+0)
	F(v4,v3)
	G(+0,+1)
	H(+1,v2)
	I(+0,v3)
	J(v4,+0)
	K(v5,v2)
	L(+1,v3)
	M[+1,v1,0];
	N(v7,+1)
	O(v5,v8)
	P(+0,+0)
	Q(v4,+1)
	R(v5,v9)
CDEIACHKDGJKBEHLAFILABDMEFKMCLMNCFGODHNOBGIPAEJPBFJQAGNQHIJRBKORLPQR
	[+1*t^2-3*t+1]
	+1*v1+1
	+1*v0+1*t
	+1*v2+1*t-2
	+1*v3-1*t+2
	+1*v4+1*t-1
	+1*v5-1*t+1
	+1*v8+1*t-3
	+1*v9-1*t
	+1*v6-2*t+4
	+1*v7+2*t-2
	A(v3,v2)
	B(v5,v4)
	C[+1,v0,0];
	D[+0,+1,0];
	E[+1,+0,0];
	F(+1,+0)
	G(+0,+1)
	H(v5,v2)
	I(+0,+0)
	J[+1,v1,0];
	K(+0,v4)
	L(v3,+0)
	M(v3,v4)
	N(v6,v2)
	O(v6,v8)
	P(v5,v7)
	Q(v9,v7)
	R(v6,v7)
CDEJFGHJABIJDGIKEFILBEKMADLMBCFNAEHNAFKOACGPBDHPBGLQCHOQCIMRDNOREPQR
	[+1*t^2+1*t+1]
	+1*v0+1
	+1*v1+1*t+1
	+1*v2-1*t-1
	+1*v3+1*t
	+1*v5+1*t+1
	+1*v6-1*t
	+1*v4-2*t-2
	+1*v7+1*t+1
	+1*v9+2
	+1*v8-1*t
	A[+0,+1,0];
	B[+1,+0,0];
	C(+1,+0)
	D(v3,v2)
	E(v3,v6)
	F(+0,+1)
	G[+1,v0,0];
	H(+0,v2)
	I(+1,+1)
	J(v3,+0)
	K[+1,v1,0];
	L(+0,+0)
	M(+1,v7)
	N(v5,v4)
	O(v5,v2)
	P(v5,+1)
	Q(v8,v4)
	R(v9,v4)
CDFGADEJABGKCEHKAFHLBCJLACIMDIKNEFMNBDHOEGLOBFIPGJMPANOPHIJQKLMRBNQR
	[+1*t^2-3/2*t+3/4]
	+1*v0-2*t+2
	+1*v1+1
	+1*v2-2*t+1
	+1*v3+2*t-2
	+1*v4-2*t
	+1*v5+2*t-3
	+1*v6+2*t-3
	+1*v7+4*t-3
	+1*v8-6*t+3
	+1*v9-1*t
	A[+0,+1,0];
	B[+1,+0,0];
	C(+1,v2)
	D[+1,v0,0];
	E(v3,+1)
	F(v3,v4)
	G(+1,+1)
	H(+0,+1)
	I(v3,v2)
	J[+1,v1,0];
	K(v5,v4)
	L(+0,+0)
	M(+0,v6)
	N(v7,v4)
	O(v5,v2)
	P(+1,+0)
	Q(v5,v8)
	R(v9,+0)
CDFHBEGHAEFIABDJCEKLDGKMAHLMBFKNDILNEJMNBCIOFGJOACGPHIJPAKOQBLPRCMQR
	[+1*t^2+1/2*t+1/4]
	+1*v1+1
	+1*v0-2*t
	+1*v2+2*t
	+1*v3+2*t
	+1*v4-2*t-1
	+1*v5+1*t
	+1*v6+2*t+1
	+1*v7-2*t
	+1*v8-1/2
	+1*v9-1*t
	A(+1,+0)
	B(+0,+1)
	C[+1,+0,0];
	D[+0,+1,0];
	E(+0,v2)
	F[+1,v0,0];
	G(v6,+1)
	H(v3,+0)
	I[+1,v1,0];
	J(+0,+0)
	K(v7,v2)
	L(v3,v4)
	M(v3,+1)
	N(+1,v2)
	O(+1,v4)
	P(v5,v8)
	Q(v5,v9)
	R(v5,v4)
CDFIEGHIBDEJACHJABILFGJLAEFMBCGMDHLMCEKNBFKOADNOAGKPBHNPIJKQCLORDPQR
	[+1*t^2+4/3]
	+1*v0+1
	+1*v2-1/4*t-1/2
	+1*v3-1/2*t-1
	+1*v4-3/4*t-1/2
	+1*v5-1/2*t-1/3
	+1*v8-3/2*t-1
	+1*v11-1/2*t
	+1*v1+3/8*t+1/4
	+1*v6-2/3
	+1*v7-1/2
	+1*v9+3/4*t-1/2
	+1*v10+1/2*t
	+1*v12+1/4*t-1/2
	+1*v13-1*t
	A(+0,+0)
	B(v3,v2)
	C[+1,v0,0];
	D[+0,+1,0];
	E(+1,+0)
	F(+0,+1)
	G[+1,+0,0];
	H(v4,+1)
	I[+1,v1,0];
	J(v5,v6)
	K(+0,v2)
	L(v3,+0)
	M(v4,v7)
	N(v8,v9)
	O(v3,v10)
	P(v11,v2)
	Q(v4,v12)
	R(v13,+1)
CDGIADFKAEGLBFJMBCHNCEFOBDLOAINOAHJPBGKPEIMPCJLQDHMQEKNQFGHRIJKRLMNR
	+1*v5-1/3*v11-1/3*v13-1/3
	+1*v2-1*v11-1
	+1*v1+2*v11+1*v13
	+1*v0-1*v11+1*v13-1
	+1*v3+1*v13-1
	+1*v10+1*v11
	+1*v11^2-1/3*v11-1/3*v13-1/3
	+1*v11*v13-1/3*v11+2/3*v13-1/3
	+1*v4-1*v11-2*v13+1
	+1*v6+1/3*v11+1/3*v13-2/3
	+1*v7+2*v11+1*v13
	+1*v8+1*v11+2*v13-2
	+1*v9-1*v11+1*v13-1
	+1*v12+1*v13-1
	+1*v13^2-1/3*v11-4/3*v13+2/3
	A(+0,+0)
	B(v3,v2)
	C[+1,v0,0];
	D[+0,+1,0];
	E(+1,+0)
	F(+0,+1)
	G[+1,+0,0];
	H(v4,+1)
	I[+1,v1,0];
	J(v5,v6)
	K(+0,v2)
	L(v3,+0)
	M(+1,v7)
	N(v8,v9)
	O(v10,v2)
	P(v3,v11)
	Q(+1,v12)
	R(v13,+1)
CDGIADFKAEGLBHJMBCFNEFJOBGKOAIMOACHPBDLPEINPCJLQDEMQHKNQFGHRIJKRLMNR
	+1*v0+1*v12
	+1*v3-1*v12-1*v13-1
	+1*v4+1/3*v12-2/3*v13-1/3
	+1*v2+1*v12-2*v13
	+1*v6-1*v13-1
	+1*v7-1*v13-1
	+1*v8-1*v13+1
	+1*v9-1*v13
	+1*v10+1*v12-1*v13
	+1*v11-1*v12+1
	+1*v12^2-1*v12-1*v13-1
	+1*v12*v13-1*v12-1
	+1*v13^2-1*v12
	+1*v1-1*v12-1
	+1*v5-1/3*v12-1/3*v13-2/3
	A(+1,+0)
	B(+0,+1)
	C[+0,+1,0];
	D[+1,v0,0];
	E(v2,+1)
	F(v4,v5)
	G[+1,v1,0];
	H(+0,+0)
	I[+1,+0,0];
	J(+0,v3)
	K(v6,v3)
	L(+1,v7)
	M(v8,+0)
	N(v2,v9)
	O(+1,+1)
	P(v2,v10)
	Q(v11,v12)
	R(v13,v3)
CDGIAEFJBCHJBFKLAHIMBEIOACLODFNOAGKPBDMPCENPDJLQEGMQHKNQFGHRIJKRLMNR
	[+1*t^2+4]
	+1*v1-1
	+1*v2+1/2*t-1
	+1*v3+1/2*t-1
	+1*v4-2
	+1*v5-1/2*t
	+1*v6+1/2*t
	+1*v7+1/2*t-2
	+1*v9-1*t
	+1*v0+1/4*t-1/2
	+1*v8+1/2*t+1
	A[+0,+1,0];
	B(v2,v6)
	C[+1,+0,0];
	D(+1,+1)
	E(v2,v3)
	F[+1,v0,0];
	G(v4,+1)
	H(+0,+0)
	I(+0,+1)
	J(v4,v7)
	K[+1,v1,0];
	L(+1,v3)
	M(+0,v5)
	N(v4,v3)
	O(+1,+0)
	P(v2,+0)
	Q(v8,v5)
	R(v9,v5)
CDGIEFIJACFKDEHKAHIMBDJMBFHNAGJNCELNBGKOADLOABEPFGMPCHOPBILQJKLRCMQR
	[+1*t^2-11/8*t+1/2]
	+1*v0+4*t-2
	+1*v1+1
	+1*v2-4*t+2
	+1*v3+1
	+1*v4-2*t
	+1*v5-4*t+3
	+1*v6+2*t-1
	+1*v8-1*t
	+1*v7+2*t-2
	+1*v9+1/2
	A[+0,+1,0];
	B[+1,+0,0];
	C(v3,v2)
	D(v5,v4)
	E(v5,v7)
	F(+1,+0)
	G[+1,v0,0];
	H(v6,v8)
	I(v3,v4)
	J(+0,+1)
	K(v6,v4)
	L(+0,v2)
	M(v6,v2)
	N[+1,v1,0];
	O(+0,+0)
	P(v3,+1)
	Q(v5,+0)
	R(v9,+1)
CDHJBDIKDFGLAHKMBCLMABGNFJKNEIMNCEGOAJLOEFHPACIPADEQBFOQGHIRBJPRKLQR
	+1*v1+1/2*v10+1/2*v11-3/2
	+1*v5+1*v10-1
	+1*v4+1/4*v10-1/4*v11-3/4
	+1*v0-1*v11-1
	+1*v2-1/2*v10-1/2*v11-1/2
	+1*v3-1/2*v10-1/2*v11+1/2
	+1*v6-1*v10
	+1*v7+1/2*v10-1/2*v11-1/2
	+1*v10*v11+3/2*v10-1/2*v11-1/2
	+1*v11^2-1/2*v10+1/2*v11+3/2
	+1*v8+1/2*v10-1/2*v11-3/2
	+1*v9-1/4*v10+1/4*v11-1/4
	+1*v10^2-13/2*v10+1/2*v11+5/2
	A[+1,+0,0];
	B[+1,v0,0];
	C(v5,v6)
	D(+1,+1)
	E(+0,+1)
	F(v7,v2)
	G(+0,+0)
	H(+1,+0)
	I(v8,v2)
	J[+1,v1,0];
	K(+0,v3)
	L[+0,+1,0];
	M(v4,v9)
	N(+1,v2)
	O(v10,+0)
	P(v11,v3)
	Q(v4,+1)
	R(v4,v3)
CDJKABJLEGKLCEHMBDIMAFINDHLNAGHOFKMOBCNOBEFPCGIPADEQFGJQHIJRAKPRLMQR
	+1*v7-1/2*v11
	+1*v4+1*v10-1*v11+1
	+1*v0-1*v10-1
	+1*v3+1*v10+1
	+1*v6-2*v10+1*v11-4
	+1*v1-1*v10+1/2*v11-1
	+1*v2-1*v10-1
	+1*v5-1*v10+1*v11-2
	+1*v8+1/2*v11-1
	+1*v9+2*v10-1*v11+3
	+1*v10^2+1*v11-2
	+1*v10*v11-2*v10+2*v11-2
	+1*v11^2-2*v10
	A[+1,+0,0];
	B[+0,+1,0];
	C(+1,+0)
	D(+0,+1)
	E(v2,+1)
	F(v2,v6)
	G(+0,v3)
	H(v4,v3)
	I[+1,v0,0];
	J(v7,v8)
	K(v4,v5)
	L[+1,v1,0];
	M(+0,+0)
	N(v4,+0)
	O(v9,v3)
	P(v2,v5)
	Q(v10,+1)
	R(v11,v5)
CDJKCEHLABILBDGMDFINBHKNACMNAGHOFKLOEJMOBEFPCGIPADEQFGJQHIJRAKPRLMQR
	[+1*t^2+1*t+1]
	+1*v0+1
	+1*v1-1*t
	+1*v3-1*t-1
	+1*v2+1*t
	+1*v4+1*t
	+1*v5+2*t
	+1*v8-2
	+1*v9+1
	+1*v6+1*t+1
	+1*v7-1*t
	A[+1,+0,0];
	B(v2,+1)
	C(+0,+1)
	D[+0,+1,0];
	E(+1,+0)
	F(v2,v3)
	G[+1,v0,0];
	H[+1,v1,0];
	I(+0,v4)
	J(+0,+0)
	K(+1,v3)
	L(v2,+0)
	M(+1,v4)
	N(v6,+1)
	O(v5,v3)
	P(v7,v4)
	Q(v5,v8)
	R(v5,v9)
CEFGADGHBEHICDIJBDFLAEJLDEKMABCNFHJNGILNAFKOBGMOCHKPAIMPBJKQCLMRDOQR
	[+1*t^2-1*t+1]
	+1*v1-1*t+1
	+1*v0-1*t
	+1*v2+1*t-1
	+1*v5-1/2
	+1*v3+1*t-1
	+1*v7-1/2
	+1*v4-1*t
	+1*v6-1*t
	+1*v8-1*t
	+1*v9+1
	A(+1,+0)
	B(+0,+0)
	C[+1,+0,0];
	D[+0,+1,0];
	E(v2,+1)
	F(+1,+1)
	G(+0,+1)
	H[+1,v0,0];
	I[+1,v1,0];
	J(+0,v3)
	K(v2,v3)
	L(+1,v4)
	M(v2,v4)
	N(v6,+0)
	O(v5,v7)
	P(v8,v9)
	Q(v5,v3)
	R(v5,v4)
CEFGCDHIBDGJAEIJADFLBEHLDEKMABCNFHJNGILNBFKOAGMOAHKPBIMPCJKQCLMRDOQR
	+1*v2+1*v5-1
	+1*v3+1*v10-1*v11-1
	+1*v0+1*v10-1*v11
	+1*v1-1*v5+1
	+1*v4+1*v5-1*v10
	+1*v6-1*v10+1*v11
	+1*v5^2-1*v5+1
	+1*v5*v11-1*v10+1
	+1*v5*v10-1*v5-1*v10+1*v11+1
	+1*v10^2-1*v5-1*v10+1
	+1*v10*v11-1*v5
	+1*v7-1*v11
	+1*v8+1*v11
	+1*v9+1*v10-1*v11-1
	+1*v11^2-1*v10+1*v11
	A[+1,+0,0];
	B[+0,+1,0];
	C(+1,+0)
	D(v2,+1)
	E(+0,+1)
	F(v2,v5)
	G[+1,v0,0];
	H(v6,v3)
	I[+1,v1,0];
	J(+1,v7)
	K(+0,v4)
	L(+0,+0)
	M(+1,v3)
	N(v2,+0)
	O(v8,v3)
	P(v9,v4)
	Q(v10,+1)
	R(v11,v4)
CEFHABGIBEKLBCJMBDFNGHKNACLNDJKOFILOAHMOCDIPEGMPADEQFGJQHIJRAKPRLMQR
	[+1*t^2-5*t+7]
	+1*v0+1*t-2
	+1*v1+1
	+1*v2-1*t+2
	+1*v3+1*t-2
	+1*v4+1*t-3
	+1*v5+1*t-2
	+1*v6-1*t+3
	+1*v7-1*t+3
	+1*v8-2*t+4
	+1*v9-1*t
	A(+0,+1)
	B(+1,+0)
	C[+0,+1,0];
	D(v3,v2)
	E[+1,+0,0];
	F[+1,v0,0];
	G(+0,+0)
	H[+1,v1,0];
	I(+0,v2)
	J(v4,v6)
	K(v7,+1)
	L(+1,v5)
	M(v4,+0)
	N(v4,v2)
	O(v3,v8)
	P(+1,+1)
	Q(v9,v5)
	R(v3,v5)
CEFHACGIDGHJBFIJFGKLADFMBEGMABHNDEINCJMNHIKOAJLOAEKPBCLPBDKQCDORELQR
	[+1*t^2+1*t+1]
	+1*v1+1
	+1*v0-1*t
	+1*v3-1*t-1
	+1*v9+1
	+1*v2+1*t
	+1*v4+1*t
	+1*v6+1*t+1
	+1*v7-1*t
	+1*v5+1/2*t
	+1*v8-1/2
	A(+1,+0)
	B(+0,+0)
	C[+1,+0,0];
	D[+0,+1,0];
	E(+0,+1)
	F[+1,v0,0];
	G(v2,+1)
	H(v6,+1)
	I[+1,v1,0];
	J(v2,v3)
	K(+1,v3)
	L(+0,v4)
	M(v7,v4)
	N(v2,+0)
	O(v5,v8)
	P(+1,v9)
	Q(v5,v3)
	R(v5,v4)
CEGHCDFIBFHJAEIJBDELAFGLEFKMABCNDGJNHILNBGKOAHMOADKPBIMPCJKQCLMRDOQR
	[+1*t^2+3*t+3]
	+1*v2+1*t
	+1*v4-1/2*t-1
	+1*v0+1/2
	+1*v3-1*t-1
	+1*v5+2*t+3
	+1*v6-1/2*t-1/2
	+1*v7-1*t-2
	+1*v8+2*t
	+1*v9+1/2*t
	+1*v10-1*t-3
	+1*v11+1/2*t+1/2
	+1*v12-1*t
	+1*v1+1/3*t+1
	+1*v13-1
	A(+1,+0)
	B(+0,+1)
	C[+0,+1,0];
	D(v2,v6)
	E[+1,+0,0];
	F(v2,v3)
	G[+1,v0,0];
	H(+0,v4)
	I[+1,v1,0];
	J(v5,v3)
	K(+0,+0)
	L(v5,v7)
	M(v8,v3)
	N(v9,v4)
	O(v2,+0)
	P(v10,v11)
	Q(v5,v4)
	R(v12,v13)
CEGIBCHKADGLEFJMABFNCDFOAEKOBILOAHJPBGMPDINPCJLQDKMQEHNQFGHRIJKRLMNR
	+1*v1-1*v9+1*v10+2
	+1*v0+1
	+1*v2+1*v11-1
	+1*v3-1*v9-1*v11+1
	+1*v4+1*v9-1*v10-2
	+1*v5-1*v11+1
	+1*v7-1*v9-2*v11+2
	+1*v8+1*v9+1*v11-1
	+1*v9*v11-1*v9-1*v11
	+1*v10*v11+1*v9-1*v10+1*v11-2
	+1*v11^2+1*v9-1*v10-1*v11-1
	+1*v9^2-2*v9+1*v10+2
	+1*v9*v10-1*v11+1
	+1*v6-1*v9+1*v10+2
	+1*v10^2+2*v10-1*v11+2
	A[+1,+0,0];
	B(+0,+0)
	C(v3,v2)
	D[+1,v0,0];
	E(+1,+0)
	F(v6,v4)
	G[+1,v1,0];
	H(v7,v2)
	I(+0,+1)
	J(+0,v4)
	K(v3,v8)
	L[+0,+1,0];
	M(v5,v9)
	N(v3,+0)
	O(v10,+1)
	P(v11,v2)
	Q(v5,v4)
	R(v5,+1)
CEGJBDFKADGLBIJLCFIMABENCKLNDHMNEFHOBGMOACHPDEIPAFJQGHKQAIORJKPRLMQR
	+1*v0-1/2*v12-1/2*v13
	+1*v1+1
	+1*v2-1/2*v12+1/2*v13-1
	+1*v3-1/2*v12-3/2*v13
	+1*v4-1*v12-2
	+1*v5+1/2*v12-3/2*v13
	+1*v6-1/2*v12-1/2*v13
	+1*v7+1*v13-1
	+1*v9-1/2*v12+3/2*v13-2
	+1*v11+1*v12-1
	+1*v13^2+1/2*v12-7/6*v13+1/3
	+1*v12*v13-1/2*v12+1/2*v13-1
	+1*v8+1/2*v12-3/2*v13+1
	+1*v10-1*v12-1
	+1*v12^2+1/2*v12+3/2*v13-1
	A(+1,+0)
	B(v4,+0)
	C[+1,v0,0];
	D(+0,+1)
	E[+0,+1,0];
	F(+0,v2)
	G(v5,v2)
	H[+1,+0,0];
	I[+1,v1,0];
	J(+1,v6)
	K(v3,v7)
	L(+0,+0)
	M(v8,+1)
	N(v3,v9)
	O(+1,v10)
	P(v11,v12)
	Q(v3,+1)
	R(v13,v2)
CEHIBDGJDEFLABHLAGKMAEJOCFMOBINOADIPBFKPCGNPCJLQDHMQEKNQFGHRIJKRLMNR
	[+1*t^2+1*t+1/2]
	+1*v0+2*t+2
	+1*v1-2*t
	+1*v3-1*t-1
	+1*v2+1*t
	+1*v4-2*t-2
	+1*v5-1/2
	+1*v6+1*t+1/2
	+1*v10-1/2
	+1*v7+1*t-1/2
	+1*v11-1*t
	+1*v8+2*t+1/2
	+1*v9+1*t
	A[+1,+0,0];
	B(v2,+1)
	C(v5,v3)
	D(+0,+1)
	E[+1,v0,0];
	F(v2,v4)
	G[+0,+1,0];
	H(+1,+0)
	I(+0,v4)
	J[+1,v1,0];
	K(+0,+0)
	L(v6,v3)
	M(v2,+0)
	N(v7,v3)
	O(+1,v4)
	P(+1,+1)
	Q(v8,v9)
	R(v10,v11)
CEHICDFJAEGJDGIKBFGMAHKMDELMBHJNACLNAFIOBCKOABDPEFNPGHOPBILQJKLRMNQR
	[+1*t^2-4*t+8]
	+1*v0-1/2*t+1
	+1*v5+1/2*t-2
	+1*v2-1/2*t
	+1*v4+1/2*t-1
	+1*v1-1/4*t+1
	+1*v3+1/2*t-2
	+1*v6-2
	+1*v7-1/2*t
	+1*v8-1/2*t+1
	+1*v9-1*t
	A(+0,+1)
	B[+1,+0,0];
	C(v3,v2)
	D[+0,+1,0];
	E(+1,+0)
	F(+1,+1)
	G[+1,v0,0];
	H(v4,v6)
	I(+0,v5)
	J(v7,+0)
	K(+1,v2)
	L(v8,v5)
	M[+1,v1,0];
	N(+0,+0)
	O(v4,v2)
	P(v4,+1)
	Q(v3,v5)
	R(v3,v9)
CEHIFGIJDEFKAGHKBDGMACJMFHLMADINBEJNBCKOAELOABFPCGNPDHOPBILQJKLRCDQR
	+1*v1-4*v8+2*v9+2
	+1*v0-2*v8+2
	+1*v2-2*v8+1
	+1*v3+1*v9-1
	+1*v4+2*v8-2*v9-1
	+1*v5-2*v8+1*v9
	+1*v6-4*v8+2*v9+3
	+1*v7-2*v8+1*v9+1
	+1*v8^2-1*v8-1/2*v9+1/2
	+1*v8*v9-1*v9+1/2
	+1*v9^2+1*v8-1*v9
	A[+1,+0,0];
	B[+0,+1,0];
	C(v3,v2)
	D(v3,+1)
	E(v5,v4)
	F[+1,v0,0];
	G(+1,v2)
	H(+0,+1)
	I(+0,v4)
	J(+1,v6)
	K(v7,v4)
	L(+1,+0)
	M[+1,v1,0];
	N(+0,+0)
	O(v5,v2)
	P(v3,+0)
	Q(v5,+1)
	R(v8,v9)
CEHJAEIKDEFLBGJLABFMDGIMBHINCFKNACGOJKMOBCDPALNPADHQBEOQFGHRIJPRKLQR
	[+1*t^2-1/2]
	+1*v0+2*t-1
	+1*v3-2*t+1
	+1*v4-2*t
	+1*v5+2*t-2
	+1*v6+2*t-1
	+1*v7+2*t-2
	+1*v2-2
	+1*v1+2*t
	+1*v8-4*t+2
	+1*v9-1*t
	A[+0,+1,0];
	B[+1,+0,0];
	C[+1,v0,0];
	D(+1,+1)
	E(v2,v6)
	F(+0,+1)
	G(v4,v3)
	H(+0,v3)
	I(v7,v5)
	J(+1,+0)
	K(+1,v5)
	L(v4,v8)
	M(v2,v5)
	N(v2,+1)
	O(v4,+0)
	P[+1,v1,0];
	Q(+0,+0)
	R(v9,v3)
CEHJCFGKADJKBIKMCDLMBDFNHILNAEMNEFIOAGLOABCPDEGPAFHQBJOQBGHRIJPRKLQR
	[+1*t^2-2*t+4]
	+1*v0+1
	+1*v1-1/2*t+1
	+1*v2-1/2*t
	+1*v6+1
	+1*v3+1/2*t-1
	+1*v4+1/2*t
	+1*v5+1/2*t-1
	+1*v7-1/4*t
	+1*v8-1/2
	+1*v9-1*t
	A[+0,+1,0];
	B(+0,+0)
	C[+1,+0,0];
	D(+1,+0)
	E(v3,v2)
	F(v3,+1)
	G(v4,+1)
	H[+1,v0,0];
	I(+0,+1)
	J[+1,v1,0];
	K(+1,v2)
	L(+0,v5)
	M(v4,v2)
	N(v3,+0)
	O(v4,v5)
	P(+1,v6)
	Q(v7,v8)
	R(v9,v5)
CFGIDEHIBEGJACHJABILDFJLCEKMBCDNAEFNGHLNBFKOAGMOADKPBHMPIJKQCLORDMQR
	[+1*t^2-16/5*t+16/5]
	+1*v1+1
	+1*v0-5/4*t+3
	+1*v2+5/4*t-3
	+1*v3+1
	+1*v4-2
	+1*v5+5/4*t-2
	+1*v6+5/4*t-1
	+1*v7-5/4*t+2
	+1*v8-5/4*t+3
	+1*v9+3
	+1*v10+5/2*t-6
	+1*v11-1*t
	A[+1,+0,0];
	B(v3,v2)
	C(+0,+1)
	D(+0,v2)
	E[+1,v0,0];
	F(v3,v4)
	G[+1,v1,0];
	H(+0,+0)
	I(+1,+0)
	J(v5,v4)
	K[+0,+1,0];
	L(v5,+1)
	M(v6,v4)
	N(v7,+0)
	O(v3,+1)
	P(v8,v2)
	Q(v9,v10)
	R(v5,v11)
CFGIDEIJAEGKCDHKBEHMAFJMDGLMAHINBCJNBFKOACLOABDPEFNPGHOPBILQJKLRMNQR
	[+1*t^2-1/2*t+1/4]
	+1*v0+2*t
	+1*v1+1
	+1*v2-2*t+1
	+1*v4-2*t
	+1*v3+2*t-1
	+1*v6+2*t
	+1*v7-2*t+1
	+1*v5+1*t-1/2
	+1*v8+2*t
	+1*v9-1*t
	A(+1,+0)
	B(+0,+1)
	C(v3,v2)
	D[+1,+0,0];
	E[+0,+1,0];
	F(+0,+0)
	G[+1,v0,0];
	H[+1,v1,0];
	I(+0,v4)
	J(v6,v4)
	K(v7,+1)
	L(v3,+0)
	M(v3,v4)
	N(+1,v8)
	O(+1,v2)
	P(v5,v9)
	Q(v5,+1)
	R(v5,v2)
DEGHBEFIACGICFHJADFLBGJLABHMDIJMCELMFGKNHIKOAENOAJKPBCNPBDKQCDOREPQR
	+1*v0-1*v10+1
	+1*v3-1*v10+1*v13
	+1*v2-1*v12-1*v13
	+1*v1-1*v12-1*v13
	+1*v6+1*v10-1*v13-1
	+1*v8+1*v10-1*v12-1*v13-1
	+1*v10^2-1*v10+1*v12
	+1*v10*v12+1*v10-1*v12-1*v13-1
	+1*v10*v13-1*v10+1*v12+1*v13
	+1*v12^2+1*v10-1*v13
	+1*v12*v13+1*v13-1
	+1*v4+1*v12
	+1*v5+1*v10-1
	+1*v7+1*v13-1
	+1*v9-1*v12-1
	+1*v11+1*v12+1*v13-1
	+1*v13^2-1*v10+1
	A(+0,+1)
	B(+1,+0)
	C(v5,v2)
	D[+0,+1,0];
	E[+1,v0,0];
	F(v6,v3)
	G[+1,+0,0];
	H(v4,v3)
	I(+0,+0)
	J[+1,v1,0];
	K(+1,v2)
	L(+0,v7)
	M(v4,+0)
	N(v8,v9)
	O(+1,v10)
	P(v11,v2)
	Q(v4,v12)
	R(v13,v3)
DEGJADILCEFMBGIMACJNAEHOBDKOFINOABFPCGKPHJLPBCLQDHMQEKNQFGHRIJKRLMNROPQR
	[+1*t^2-2*t+2]
	+1*v0-2/5*t+6/5
	+1*v2-1/5*t-2/5
	+1*v4+2/5*t-6/5
	+1*v7+1/5*t-3/5
	+1*v3+1/2*t-1
	+1*v6-1/2*t
	+1*v1+2/5*t+4/5
	+1*v5-1/2
	+1*v8-3/5*t-1/5
	+1*v9-1*t
	A[+1,v0,0];
	B[+0,+1,0];
	C[+1,+0,0];
	D(v3,v2)
	E(v6,v4)
	F(v5,v2)
	G(v5,+1)
	H(+1,v7)
	I(+0,+1)
	J(+1,v2)
	K(v3,+1)
	L(+0,v4)
	M(+1,+0)
	N(v5,v4)
	O(v3,v8)
	P[+1,v1,0];
	Q(+0,+0)
	R(v9,+0)
DEHICDFJAEGJCGIKBHJMADLMBFGNAHKNCELNAFIOBDKOABCPEFMPGHOPBILQJKLRCMQR
	+1*v1-1
	+1*v4-3/2
	+1*v2-2
	+1*v0+1/2
	+1*v3+2
	+1*v5+1/2
	+1*v8-1/2
	+1*v9+1
	+1*v6+1
	+1*v7-5/4
	A(v6,+1)
	B[+0,+1,0];
	C[+1,+0,0];
	D(+0,+1)
	E(v3,v2)
	F(+1,v2)
	G(v5,v4)
	H(+1,+0)
	I[+1,v0,0];
	J(+0,v4)
	K(v5,v7)
	L(v5,v8)
	M(v3,v4)
	N[+1,v1,0];
	O(+0,+0)
	P(v3,+0)
	Q(+1,+1)
	R(v9,v2)
DEIKAFJKBGKLAHIMCGJMBCINDFLNBDJOAELOBEMPAGNPCHOPACDQBFHQCEFRDGHRIJQR
	+1*v1+2
	+1*v0+4
	+1*v2+1
	+1*v5+2
	+1*v7-3/2
	+1*v6+1/2
	+1*v9+4
	+1*v3-1/2
	+1*v4-3/4
	+1*v8+3/2
	A[+1,+0,0];
	B[+0,+1,0];
	C(v3,v2)
	D(+0,+1)
	E(v3,+1)
	F(v4,v6)
	G(+1,v2)
	H(+1,+0)
	I[+1,v0,0];
	J(+0,+0)
	K[+1,v1,0];
	L(+0,v5)
	M(v4,+0)
	N(v4,v5)
	O(v7,v2)
	P(v3,v5)
	Q(v8,+1)
	R(+1,v9)
DFGKABIKCFHLBDJLEGIMAHJMCDINBFMNACGOEHKOBCEPALNPADEQFJOQBGHRIJPRKLQR
	[+1*t^2+1*t+5/2]
	+1*v0+2/3*t+4/3
	+1*v1-2/3*t+2/3
	+1*v3-1/3*t-2/3
	+1*v4-2/3*t-4/3
	+1*v2+1/3*t-1/3
	+1*v5+1/3*t-5/6
	+1*v6-1/2
	+1*v7+1/3*t+1/6
	+1*v9-1*t
	+1*v8+1/3*t-4/3
	A[+1,+0,0];
	B(v2,+1)
	C[+0,+1,0];
	D(v6,v3)
	E(+0,+1)
	F[+1,v0,0];
	G(v2,v4)
	H(+1,+0)
	I(+0,v4)
	J[+1,v1,0];
	K(+0,+0)
	L(v7,v3)
	M(v5,v3)
	N(v2,+0)
	O(+1,v4)
	P(+1,+1)
	Q(v5,v8)
	R(v5,v9)
DFHIACFJDEGJCEIKBHJMADLMBCGNAHKNEFLNAGIOBDKOABEPFGMPCHOPBILQJKLRCMQR
	+1*v1+2
	+1*v0+1
	+1*v2+1
	+1*v3-3/2
	+1*v4-1/2
	+1*v5-1/2
	+1*v6+1
	+1*v7-3
	+1*v8+1/2
	+1*v9-3/2
	A(+1,+0)
	B[+1,+0,0];
	C[+0,+1,0];
	D[+1,v0,0];
	E(+0,+1)
	F(v3,v2)
	G(+1,v2)
	H(+0,v4)
	I(v5,+0)
	J[+1,v1,0];
	K(+0,+0)
	L(v6,+1)
	M(v5,+1)
	N(v7,v2)
	O(v3,v4)
	P(v3,v8)
	Q(+1,v4)
	R(v5,v9)
DFHIBCDJEGIJCEHKABIKDGKLAFJMBELMBFGNAHLNADEPCFOPACGQBHOQCIMRDNORJPQR
	[+1*t^2-4*t+5]
	+1*v0+1
	+1*v2+1/2*t-3/2
	+1*v3-1/2*t+1/2
	+1*v4-1*t+1
	+1*v5+1/2*t-5/2
	+1*v6+1*t-3
	+1*v7-1*t+2
	+1*v1+1*t-1
	+1*v8+3/2*t-7/2
	+1*v9-1*t
	A[+1,v0,0];
	B[+0,+1,0];
	C[+1,+0,0];
	D(+1,v2)
	E(v3,+1)
	F(v4,v6)
	G(v3,v2)
	H(v7,v5)
	I(+0,+1)
	J(+1,+1)
	K(v4,v2)
	L(+0,v5)
	M(+1,+0)
	N(v3,v5)
	O(v4,v8)
	P[+1,v1,0];
	Q(+0,+0)
	R(v9,+0)
DFHICEIJCDGKAEHKAGIMBDJMBEGNAFJNCHLNBFKOADLOABCPEFMPGHOPBILQJKLRCMQR
	+1*v1-1*v9+1
	+1*v0+1
	+1*v2+1*v7-2
	+1*v3-1*v7-1*v9+2
	+1*v4-1*v9+1
	+1*v5-1*v7+1
	+1*v6+1*v7-1
	+1*v8-1*v9
	+1*v7^2-3*v7-1*v9+3
	+1*v7*v9-1*v7-1*v9+2
	+1*v9^2+1*v7-2*v9-1
	A[+1,+0,0];
	B(+0,+1)
	C[+0,+1,0];
	D(+1,+0)
	E(v3,v2)
	F(+1,v4)
	G(v3,v6)
	H[+1,v0,0];
	I(v7,v4)
	J(+0,v2)
	K(v8,+0)
	L[+1,v1,0];
	M(+0,+0)
	N(v3,+1)
	O(+1,+1)
	P(v5,v2)
	Q(v5,v4)
	R(v5,v9)
DGIJEFHKACHLBEILBCJMADKMFGLMCEGNCDFOABNOBDHPAEJPAFIQBGKQHINRJKORCPQR
	+1*v0+1
	+1*v1+1*v8-1
	+1*v8*v9-2*v8-2*v9+3
	+1*v2-1*v8-1*v9+1
	+1*v3+1*v8+1*v9-2
	+1*v4-1*v8-1*v9
	+1*v5+1*v8+1*v9-3
	+1*v6+1*v8+2*v9-3
	+1*v7-1*v9
	+1*v8^2+1*v9-3
	+1*v9^2+1*v8-1*v9
	A[+1,+0,0];
	B[+0,+1,0];
	C(+0,+1)
	D(+1,+0)
	E(+1,+1)
	F(v3,v2)
	G(v3,v4)
	H(v6,v4)
	I(v5,v7)
	J(v5,v2)
	K(+0,v8)
	L(v9,+0)
	M[+1,v0,0];
	N[+1,v1,0];
	O(+0,+0)
	P(v3,+1)
	Q(+1,v2)
	R(v5,v4)
DGIKCHJLCDFMEGJMEHKNFILNABMNBCKOADLOACEPBFGPHIOPBDEQAFJQAGHRBIJRKLQR
	[+1*t^2-1*t+1/2]
	+1*v1+2*t-1
	+1*v0+1*t
	+1*v2-2*t+1
	+1*v5+1*t-1
	+1*v3+2*t-2
	+1*v4+1
	+1*v6-2*t
	+1*v7-2*t
	+1*v8-1*t+1
	+1*v9-1*t
	A[+1,+0,0];
	B(v2,+1)
	C[+0,+1,0];
	D(+0,+0)
	E(+1,v3)
	F(+0,+1)
	G(v4,v6)
	H[+1,v0,0];
	I[+1,v1,0];
	J(+0,v5)
	K(v7,v3)
	L(+1,+0)
	M(+1,v5)
	N(v2,v3)
	O(v4,+0)
	P(v2,v5)
	Q(v8,+1)
	R(v4,v9)
EFGIACHICDFJBDIKBGHLFHKMCELMAEKNBEJOADLOAJMPBCNPABFQDGNQCGORDHPRIJQR
	[+1*t^2+3]
	+1*v0-1
	+1*v1+1/2*t-1/2
	+1*v2+1/2*t-1/2
	+1*v3+1/2*t+1/2
	+1*v4+1/2*t-1/2
	+1*v5+1/2*t-3/2
	+1*v6+1*t-1
	+1*v7+1*t
	+1*v8+1*t+2
	+1*v9-1*t
	A[+0,+1,0];
	B(+1,v2)
	C(v4,v3)
	D[+1,+0,0];
	E[+1,v0,0];
	F(v4,v2)
	G(+0,+0)
	H(v5,v6)
	I(+0,+1)
	J(+1,+1)
	K[+1,v1,0];
	L(+0,v3)
	M(+1,+0)
	N(v5,v2)
	O(v4,+0)
	P(v5,v3)
	Q(v7,v8)
	R(v9,+1)
EFGJADEKBCGKFHIKBEHLAGILABJMBDFNCEMNACFODGMOCDLPAHNPBIOPCHJQDIJRKLQR
	[+1*t^2-3*t+3]
	+1*v0-1*t+2
	+1*v1+1
	+1*v2-1*t+1
	+1*v3+1*t-2
	+1*v4+1*t-3
	+1*v5-1*t
	+1*v6-2*t+3
	+1*v7+3/7*t-12/7
	+1*v8-5/7*t+6/7
	+1*v9-1*t
	A[+0,+1,0];
	B(v3,v2)
	C(+1,+0)
	D[+1,+0,0];
	E(+1,v2)
	F[+1,v0,0];
	G(+0,+1)
	H(v4,v6)
	I(+0,v5)
	J(v3,v5)
	K(v4,+0)
	L[+1,v1,0];
	M(+0,+0)
	N(v4,v2)
	O(+1,+1)
	P(v3,+1)
	Q(v7,v8)
	R(v9,v5)
EFGJADFLBCGLEHILBFHMAGIMCDKMBDENAHKNACEOBIKOABJPCFNPDGOPCHJQDIJREKQR
	[+1*t^2-4*t+7]
	+1*v1+1/2*t-1/2
	+1*v0+1
	+1*v2-1/2*t+1/2
	+1*v3-1/2*t+1/2
	+1*v4+1/2*t-3/2
	+1*v5-1/2*t+3/2
	+1*v6+1/2*t-1/2
	+1*v9-1*t
	+1*v7+1/2*t-7/2
	+1*v8+1
	A(+0,+1)
	B[+1,+0,0];
	C(+1,+0)
	D[+0,+1,0];
	E(+0,v2)
	F[+1,v0,0];
	G(v3,+0)
	H(v6,v2)
	I(v5,v4)
	J(v5,+1)
	K(+1,v2)
	L[+1,v1,0];
	M(+0,+0)
	N(v3,+1)
	O(+1,v4)
	P(v3,v4)
	Q(v7,v8)
	R(v5,v9)
EFGJBEHKAGIKBDFLADEMBCGMFHIMABJNCELNCDKOAHLOACFPDGNPBIOPCHJQDIJRKLQR
	[+1*t^2-2*t+7/3]
	+1*v1+3/4*t-1/4
	+1*v0-3/4*t+5/4
	+1*v2-3/4*t+1/4
	+1*v4-1/4*t-1/4
	+1*v3+3/4*t-5/4
	+1*v5-1/4*t-1/4
	+1*v6+1/2*t-1/2
	+1*v7+1/4*t-3/4
	+1*v8+1/2*t-1/2
	+1*v9-1*t
	A(+0,+1)
	B[+1,+0,0];
	C(+1,+0)
	D(+0,v2)
	E[+0,+1,0];
	F(v3,v2)
	G(v3,+0)
	H[+1,v0,0];
	I(v6,v4)
	J(v3,+1)
	K(v5,v4)
	L[+1,v1,0];
	M(+0,+0)
	N(+1,v2)
	O(v7,v4)
	P(+1,+1)
	Q(v5,v8)
	R(v5,v9)
EFGJBEHLAGILCDKLADEMBCGMFHIMBDFNAHKNACFOBIKOABJPCENPDGOPCHJQDIJREKQR
	[+1*t^2+3]
	+1*v0+1/2*t+1/2
	+1*v1+1
	+1*v2-1/2*t+1/2
	+1*v3-1/2*t-1/2
	+1*v4+1
	+1*v5-1/2*t-3/2
	+1*v6+1/2*t+1/2
	+1*v7+1*t
	+1*v8+3/2*t+1/2
	+1*v9-1*t
	A[+1,+0,0];
	B(+0,+1)
	C[+0,+1,0];
	D(v2,+1)
	E(+0,v3)
	F[+1,v0,0];
	G(v4,v3)
	H(v4,v5)
	I(v2,v5)
	J(+1,+0)
	K(v6,v3)
	L[+1,v1,0];
	M(v6,+0)
	N(+0,+0)
	O(v6,v5)
	P(v4,+1)
	Q(v2,v7)
	R(v8,v9)
EFIJAEGKBFHKACFLDEHLBGIMBCENDFGNAJMNAHIOBJLOCKMOABDPCGHPCDIQDJKRLMQR
	[+1*t^2+2*t+4]
	+1*v2-1/2*t
	+1*v10-1*t-1
	+1*v4-1*t-2
	+1*v0+2
	+1*v3-1/4*t-1
	+1*v5+1/2*t-1
	+1*v6+1/2*t+1
	+1*v7+1/4*t-1/2
	+1*v8-1/2*t-1
	+1*v9-3/2
	+1*v11+1*t
	+1*v12+1/2*t+1/2
	+1*v13-1*t
	+1*v1+1/3*t+4/3
	A(+0,+0)
	B(v3,v2)
	C(v3,v6)
	D(+0,+1)
	E[+1,+0,0];
	F(+1,+0)
	G[+1,v0,0];
	H(v7,v8)
	I(v9,v2)
	J[+1,v1,0];
	K(+0,v4)
	L[+0,+1,0];
	M(v5,v2)
	N(v5,v4)
	O(v3,+0)
	P(v10,v11)
	Q(v12,v4)
	R(v5,v13)
EGJLADKLBEIMABHNCFINAEFODHIOBCLOACJPBGKPDFMPCDGQHJMQEKNQFGHRIJKRLMNROPQR
	[+1*t^2-1*t+1/2]
	+1*v0+1
	+1*v1-2*t+1
	+1*v2-2*t
	+1*v3-2*t+1
	+1*v4-2*t
	+1*v5-2
	+1*v6+2*t-2
	+1*v7-1*t
	+1*v8-1*t
	+1*v9-1*t
	A(+1,+0)
	B[+0,+1,0];
	C[+1,+0,0];
	D(+0,+1)
	E(+0,v2)
	F(+1,v2)
	G(v3,v6)
	H(v4,+0)
	I(v4,+1)
	J(v7,+1)
	K(v3,v2)
	L[+1,v0,0];
	M(v8,v9)
	N[+1,v1,0];
	O(+0,+0)
	P(v3,v5)
	Q(+1,v5)
	R(v4,v5)
FGHJCDIJCEFKADGLAIKMEHLMBCLNDFMNBDEOACHOAEJPBGKPABFQGINQBHIRJKORCPQR
