print(ACDHDFIJEGHKCEFLABJLBCGMAIKMBDENAFGNBHIOCJKOLMNO);
solve([+1-2*O_Y-1*O_X*O_Y+1*O_Y*O_Y,+1*O_X+1*O_X*O_X-2*O_Y-2*O_X*O_Y+1*O_Y*O_Y,-1+1*N_Y+1*O_Y,-1+1*L_X-1*O_X,+1+1*M_X-1*O_Y,-1+1*J_X-1*O_X+1*O_Y,+1*N_X-1*O_Y,-1+1*D_Y-1*O_X+1*O_Y,+1*I_Y+1*O_X-1*O_Y,-1+1*M_Y,+1*B_X-1*O_X,+1*I_X-1*O_X,+1*J_Y-1*O_Y,+1*K_Y-1*O_Y,-1+1*B_Y,+1+1*A_Y],[O_X,O_Y,N_Y,L_X,M_X,J_X,N_X,D_Y,I_Y,M_Y,B_X,I_X,J_Y,K_Y,B_Y,A_Y]);
print("A=(1,A_y,0) C=(1,0,0) D=(1,D_y,0) E_x=0 E_y=0 F_x=1 F_y=0 G_x=0 G_y=1 H=(0,1,0) K_x=0 L_y=0 ");
print(ACDIBEFIBDHJDFGLAEKLABGMCEJMAFHNBCKNCGHOIJKOLMNO);
solve([+1-5/4*O_X+1/2*N_Y*O_X+1/2*O_X*O_X,+1*N_Y-5/8*O_X-3/4*N_Y*O_X+1/4*O_X*O_X,+1*N_Y*N_Y+9/16*O_X-1/8*N_Y*O_X-5/8*O_X*O_X,-3/2+1*L_Y+1*N_Y+1*O_X,+1*H_Y-2*N_Y,+1+1*M_Y,+1*G_Y+2*N_Y,+1*F_Y+1*N_Y,-2+1*M_X,-1/2+1*L_X-1*N_Y-1*O_X,-1+1*N_X,-2+1*G_X,-1+1*K_X,-1+1*K_Y,-1+1*O_Y,+1+1*E_Y,-2+1*A_X],[N_Y,O_X,L_Y,H_Y,M_Y,G_Y,F_Y,M_X,L_X,N_X,G_X,K_X,K_Y,O_Y,E_Y,A_X]);
print("A_y=0 B=(0,1,0) C_x=1 C_y=0 D_x=0 D_y=0 E=(1,E_y,0) F=(1,F_y,0) H_x=0 I=(1,0,0) J_x=0 J_y=1 ");
print(ADEFBFGICEHIACGKBEJKABHLCFJLDGHMAIJMBCDNDKLOEMNO);
solve([+1/2+1*O_Y,+1+1*H_X,-2+1*K_X,-7/2+1*O_X,-2+1*L_Y,+1/2+1*M_X,+1+1*G_Y,-3/2+1*N_X,-1+1*K_Y,-1+1*J_X,+1+1*D_Y,-1+1*J_Y,-1+1*A_Y,-1+1*L_X,+1/2+1*N_Y,+1/2+1*M_Y],[O_Y,H_X,K_X,O_X,L_Y,M_X,G_Y,N_X,K_Y,J_X,D_Y,J_Y,A_Y,L_X,N_Y,M_Y]);
print("A=(1,A_y,0) B_x=0 B_y=1 C_x=1 C_y=0 D=(1,D_y,0) E=(1,0,0) F=(0,1,0) G_x=0 H_y=0 I_x=0 I_y=0 ");
print(ADEGBCEIDFHICFGJABFKEHJKBGHLAIJMACLNBDMNCDKOELMO);
solve([+1-1*N_Y+1*N_Y*N_Y,+1*N_X+1*N_Y,-1+1*J_Y+1*N_Y,+1+1*O_X,-1+1*L_Y-1*N_Y,+1*K_X-1*N_Y,+1*A_Y+1*N_Y,+1+1*G_Y,+1*J_X-1*N_Y,+1*H_X-1*N_Y,+1*M_Y-1*N_Y,+1*B_Y-1*N_Y,-1+1*O_Y,-1+1*K_Y,+1+1*M_X,+1+1*L_X],[N_Y,N_X,J_Y,O_X,L_Y,K_X,A_Y,G_Y,J_X,H_X,M_Y,B_Y,O_Y,K_Y,M_X,L_X]);
print("A=(1,A_y,0) B_x=0 C_x=0 C_y=1 D=(1,0,0) E=(0,1,0) F_x=1 F_y=0 G=(1,G_y,0) H_y=0 I_x=0 I_y=0 ");
print(ADEGBDFICEFJCDHKCGILBEHMAFKMBGJNAHLNAIJOBKLOCMNO);
solve([+1-1*M_Y*N_Y+1*N_Y*N_Y,+1*M_Y-1*M_X*O_Y-1*M_Y*O_Y+1*N_Y*O_Y,+1*M_X*M_Y+1*M_Y*N_Y-1*N_Y*N_Y-1*M_X*O_Y-1*M_Y*O_Y+1*N_Y*O_Y,+1*M_Y*M_Y-1*M_Y*N_Y+1*O_Y,+1*N_Y-1*O_Y-1*M_Y*O_Y+1*N_Y*O_Y,+1*M_X*N_Y+1*M_Y*N_Y-1*N_Y*N_Y+1*O_Y-1*M_X*O_Y-1*M_Y*O_Y+1*N_Y*O_Y,+1*C_X+1*M_Y-1*N_Y,-1+1*H_Y-1*M_Y,+1*F_Y-1*M_Y+1*O_Y,+1*B_X-1*M_X-1*M_Y+1*N_Y,+1*J_Y-1*N_Y,+1*K_Y-1*M_Y+1*N_Y,-1+1*H_X,-1+1*N_X,+1*F_X-1*M_X,+1*B_Y-1*M_Y+1*O_Y,+1*K_X-1*M_X,+1*D_Y-1*M_Y+1*O_Y],[M_X,M_Y,N_Y,O_Y,C_X,H_Y,F_Y,B_X,J_Y,K_Y,H_X,N_X,F_X,B_Y,K_X,D_Y]);
print("A=(0,1,0) C_y=0 D_x=0 E_x=0 E_y=1 G_x=0 G_y=0 I=(1,0,0) J=(1,J_y,0) L_x=1 L_y=0 O=(1,O_y,0) ");
print(ADEGBFGICEHIACFKBEJKABHLCGJLDFHMAIJMBCDNDKLOEFNO);
solve([+1/2+1*M_Y,+1+1*H_X,-2+1*K_X,-4+1*O_X,-2+1*L_Y,+1+1*O_Y,+1/2+1*M_X,-2+1*N_X,-1+1*K_Y,-1+1*J_X,+1+1*D_Y,-1+1*J_Y,-1+1*A_Y,-1+1*L_X,+1+1*N_Y,+1+1*F_Y],[M_Y,H_X,K_X,O_X,L_Y,O_Y,M_X,N_X,K_Y,J_X,D_Y,J_Y,A_Y,L_X,N_Y,F_Y]);
print("A=(1,A_y,0) B_x=0 B_y=1 C_x=1 C_y=0 D=(1,D_y,0) E=(1,0,0) F_x=0 G=(0,1,0) H_y=0 I_x=0 I_y=0 ");
print(ADEHBCFHDFGICEGJABGKHIJKBEIMACLMAFJNBDLNCDKOEFLO);
solve([+1+1*O_Y+1*O_Y*O_Y,+1*M_Y-1*O_Y,-2+1*M_X-1*O_Y,+1*K_X+1*O_Y,-1+1*O_X-1*O_Y,+1*N_Y-1*O_Y,+1+1*L_Y,+1*G_Y+1*O_Y,-1+1*C_Y-1*O_Y,-1+1*J_X,+1*B_Y-1*O_Y,-1+1*J_Y,-1+1*K_Y,-1+1*N_X,-1+1*L_X-1*O_Y,-1+1*E_X-1*O_Y],[O_Y,M_Y,M_X,K_X,O_X,N_Y,L_Y,G_Y,C_Y,J_X,B_Y,J_Y,K_Y,N_X,L_X,E_X]);
print("A_x=1 A_y=0 B=(1,B_y,0) C=(1,C_y,0) D_x=0 D_y=0 E_y=0 F=(0,1,0) G_x=0 H=(1,0,0) I_x=0 I_y=1 ");
print(ADEHBEGIBDFJAFGLCDILCEFMABKMACJNGHKNBCHOIJKOLMNO);
solve([+1-1*L_Y*N_X-1*N_Y+1*M_X*N_Y-1*O_X+1*L_Y*O_X-1*N_Y*O_X+1*O_Y-1*M_X*O_Y+1*N_X*O_Y,+1*K_Y-1*L_Y*L_Y-1*L_Y*O_X-1*O_Y,+1*L_X+1*L_Y*M_X-1*L_Y*N_X+1*L_X*N_Y-1*O_X-1*N_Y*O_X-1*M_X*O_Y+1*N_X*O_Y,+1*L_Y-1*L_Y*O_X-1*O_Y,+1*H_Y*L_Y+1*L_Y*L_Y-1*L_Y*N_X-1*N_Y+1*M_X*N_Y-1*O_X+2*L_Y*O_X-1*N_Y*O_X+2*O_Y-1*M_X*O_Y+1*N_X*O_Y,+1*L_X*L_Y-1*L_Y*M_X-1*N_Y-1*L_X*N_Y+1*M_X*N_Y+2*L_Y*O_X+2*O_Y,+1*M_X+1*L_Y*M_X-1*L_Y*N_X-1*N_Y+1*M_X*N_Y-1*O_X+1*L_Y*O_X-1*N_Y*O_X+1*O_Y-1*M_X*O_Y+1*N_X*O_Y,+1*H_Y*M_X-1*L_Y*O_X-1*O_Y,+1*N_X+1*M_X*N_Y-1*O_X-1*N_Y*O_X-1*M_X*O_Y+1*N_X*O_Y,+1*H_Y*N_X+1*L_Y*N_X-1*M_X*N_Y+1*O_X-1*L_Y*O_X+1*N_Y*O_X-1*O_Y+1*M_X*O_Y-1*N_X*O_Y,+1*H_Y*O_X-1*O_Y,+1*K_X+1*L_Y,+1+1*A_Y+1*L_Y,+1+1*M_Y,+1*F_X-1*M_X,+1*C_Y-1*L_Y,+1*I_Y-1*L_Y,+1*C_X-1*M_X],[H_Y,K_Y,L_X,L_Y,M_X,N_X,N_Y,O_X,O_Y,K_X,A_Y,M_Y,F_X,C_Y,I_Y,C_X]);
print("A=(1,A_y,0) B_x=0 B_y=0 D=(1,0,0) E=(0,1,0) F_y=0 G_x=0 G_y=1 H=(1,H_y,0) I_x=0 J_x=1 J_y=0 ");
print(ADFGBDEHBCFJAEIJACHKBGIKCEGLFHILDJKLABMNCDMOEFNO);
solve([+1-1*O_Y+1*O_Y*O_Y,+1*L_X-1*O_Y,+1+1*I_X-1*O_Y,-1+1*K_Y+1*O_Y,+1+1*M_Y,+1*N_X+1*O_Y,-1+1*I_Y,-1+1*L_Y,+1*K_X-1*O_Y,+1*J_X-1*O_Y,+1*G_Y+1*O_Y,+1+1*A_Y,-1+1*M_X,-1+1*O_X,+1*N_Y-1*O_Y,+1*E_Y-1*O_Y],[O_Y,L_X,I_X,K_Y,M_Y,N_X,I_Y,L_Y,K_X,J_X,G_Y,A_Y,M_X,O_X,N_Y,E_Y]);
print("A=(1,A_y,0) B_x=0 B_y=0 C_x=1 C_y=0 D=(0,1,0) E_x=0 F=(1,0,0) G=(1,G_y,0) H_x=0 H_y=1 J_y=0 ");
print(ADFHCDGIBDEJABILEHKLCEFMAGJMBFGNACKNBCHOIJKOLMNO);
solve([+1-3*O_Y+3*O_Y*O_Y,+1+1*M_Y-3*O_Y,-1+1*M_X+3*O_Y,+1+1*N_X-3*O_Y,-3+1*L_X+3*O_Y,-2+1*K_X+3*O_Y,-1+1*O_X+1*O_Y,-2+1*E_Y+3*O_Y,-1+1*K_Y,-1+1*N_Y,+1+1*H_Y,-1+1*F_Y+3*O_Y,-1+1*E_X,+1+1*J_Y-3*O_Y,-1+1*J_X,+1+1*G_Y-3*O_Y],[O_Y,M_Y,M_X,N_X,L_X,K_X,O_X,E_Y,K_Y,N_Y,H_Y,F_Y,E_X,J_Y,J_X,G_Y]);
print("A=(1,0,0) B_x=1 B_y=0 C_x=0 C_y=1 D=(0,1,0) F=(1,F_y,0) G_x=0 H=(1,H_y,0) I_x=0 I_y=0 L_y=0 ");
print(ADGHCEHJBGIJABEKCFGKBFHLACILDEIMAFJMBCDNDKLOEFNO);
solve([+1/2+1*M_Y,-5/3+1*O_Y,-1/3+1*N_Y,-2+1*K_X,-4/3+1*O_X,-2+1*L_Y,+1/2+1*M_X,+1+1*I_X,-2/3+1*N_X,+1+1*E_Y,+1+1*D_Y,-1+1*F_Y,-1+1*F_X,-1+1*K_Y,-1+1*A_Y,-1+1*L_X],[M_Y,O_Y,N_Y,K_X,O_X,L_Y,M_X,I_X,N_X,E_Y,D_Y,F_Y,F_X,K_Y,A_Y,L_X]);
print("A=(1,A_y,0) B_x=1 B_y=0 C_x=0 C_y=1 D=(1,D_y,0) E_x=0 G=(1,0,0) H=(0,1,0) I_y=0 J_x=0 J_y=0 ");
print(ADGHCFGIBEHIBGJKCHJLAIKLABFMDEJMACENDFKNBCDOEFLO);
solve([-1/2+1*K_X,+2+1*M_Y,-3/2+1*M_X,-3+1*N_Y,+1/2+1*N_X,-2/3+1*O_Y,-2+1*L_Y,+4+1*D_Y,+1+1*K_Y,-1/2+1*J_X,-2+1*J_Y,-2+1*C_Y,-1/2+1*B_X,+2+1*A_Y,+1+1*L_X,-1/3+1*O_X],[K_X,M_Y,M_X,N_Y,N_X,O_Y,L_Y,D_Y,K_Y,J_X,J_Y,C_Y,B_X,A_Y,L_X,O_X]);
print("A=(1,A_y,0) B_y=0 C_x=0 D=(1,D_y,0) E_x=1 E_y=0 F_x=0 F_y=1 G=(0,1,0) H=(1,0,0) I_x=0 I_y=0 ");
print(AEFGCDEIABHIBDGLACJLBCFMADKMBEJNFHKNCGHOIJKOLMNO);
solve([+1-2*O_Y+1/2*O_Y*O_Y,-1+1*N_Y+1*O_Y,-1/2+1*K_X,-1+1*N_X+1/2*O_Y,-1/2+1*M_X+1/2*O_Y,+2+1*F_Y-1*O_Y,-1+1*M_Y+1/2*O_Y,-1+1*O_X+1*O_Y,+1*L_X+1/2*O_Y,-1+1*K_Y+1/2*O_Y,+1+1*G_Y,-1+1*J_X+1/2*O_Y,-1+1*L_Y,-1+1*J_Y,-1+1*D_Y+1/2*O_Y,-1+1*B_X+1/2*O_Y],[O_Y,N_Y,K_X,N_X,M_X,F_Y,M_Y,O_X,L_X,K_Y,G_Y,J_X,L_Y,J_Y,D_Y,B_X]);
print("A=(1,0,0) B_y=0 C_x=0 C_y=1 D_x=0 E=(0,1,0) F=(1,F_y,0) G=(1,G_y,0) H_x=1 H_y=0 I_x=0 I_y=0 ");
print(BCEFADEGBGIKAFJKDFHLACILCGHMBDJMABHNEIJNCDKOELMO);
solve([+1-1*N_Y+1*N_Y*N_Y,+1*H_X+1*N_Y,-1+1*L_Y-1*N_Y,+1*N_X-1*N_Y,-2+1*O_Y,+1+1*O_X,-1+1*J_Y,-1+1*M_Y,+1*H_Y-1*N_Y,+1*F_Y+1*N_Y,+1*J_X-1*N_Y,+1*I_X-1*N_Y,+1+1*C_Y,+1*A_Y-1*N_Y,+1+1*M_X,+1+1*L_X],[N_Y,H_X,L_Y,N_X,O_Y,O_X,J_Y,M_Y,H_Y,F_Y,J_X,I_X,C_Y,A_Y,M_X,L_X]);
print("A_x=0 B=(1,0,0) C=(1,C_y,0) D_x=0 D_y=1 E=(0,1,0) F=(1,F_y,0) G_x=0 G_y=0 I_y=0 K_x=1 K_y=0 ");
print(BCEGADEIABFKEHJKBHILAGJLDFGMACHMCFINBDJNCDKOEFLO);
solve([-1/2+1*M_Y,-1+1*G_Y,-2+1*O_Y,+1/2+1*M_X,+2+1*N_X,+1+1*L_Y,+1+1*O_X,+1+1*H_Y,-1+1*H_X,-1+1*J_X,-1+1*J_Y,-1+1*N_Y,+1+1*C_Y,+1+1*I_Y,+1+1*L_X,+1+1*F_X],[M_Y,G_Y,O_Y,M_X,N_X,L_Y,O_X,H_Y,H_X,J_X,J_Y,N_Y,C_Y,I_Y,L_X,F_X]);
print("A_x=0 A_y=0 B=(1,0,0) C=(1,C_y,0) D_x=0 D_y=1 E=(0,1,0) F_y=0 G=(1,G_y,0) I_x=0 K_x=1 K_y=0 ");
print(BCEHACGIBFGKAEJKAFHLDEILABDMCFJMDGHNBIJNCDKOLMNO);
solve([-5/3+1*O_Y,-2+1*N_X,-3/2+1*L_Y,-2+1*N_Y,-1+1*H_Y,+1+1*M_X,-1/2+1*L_X,+1+1*J_X,-1+1*D_Y,+1+1*E_Y,-2+1*J_Y,-2+1*I_Y,-1+1*D_X,-1+1*O_X,-1+1*M_Y,+1+1*F_X],[O_Y,N_X,L_Y,N_Y,H_Y,M_X,L_X,J_X,D_Y,E_Y,J_Y,I_Y,D_X,O_X,M_Y,F_X]);
print("A_x=0 A_y=1 B=(1,0,0) C=(0,1,0) E=(1,E_y,0) F_y=0 G_x=0 G_y=0 H=(1,H_y,0) I_x=0 K_x=1 K_y=0 ");
print(BDEFACEGDGHICFHJBCILAFKLADJMBGKMABHNEIJNCDKOELMO);
solve([+1-1*O_Y+1*O_Y*O_Y,-1+1*H_X+1*O_Y,+1+1*K_X,+1+1*O_X-1*O_Y,-1+1*F_Y+1*O_Y,-1+1*L_Y-1*O_Y,-1+1*N_Y+1*O_Y,-1+1*J_Y,+1*B_Y+1*O_Y,-1+1*M_Y,-1+1*N_X,-1+1*J_X,+1*K_Y-1*O_Y,+1*C_Y-1*O_Y,+1+1*L_X-1*O_Y,+1+1*M_X-1*O_Y],[O_Y,H_X,K_X,O_X,F_Y,L_Y,N_Y,J_Y,B_Y,M_Y,N_X,J_X,K_Y,C_Y,L_X,M_X]);
print("A_x=0 A_y=1 B=(1,B_y,0) C_x=0 D=(1,0,0) E=(0,1,0) F=(1,F_y,0) G_x=0 G_y=0 H_y=0 I_x=1 I_y=0 ");
print(BDEFADGHACEJEHIKCFGLABILBGJMAFKMBCHNDIJNCDKOELMO);
solve([-1/2+1*O_Y,-1+1*F_Y,+1/2+1*L_X,+1+1*O_X,-1/2+1*M_X,+2+1*N_Y,+1+1*K_Y,+1+1*B_Y,+1+1*I_Y,+1+1*H_Y,-1+1*I_X,-1+1*N_X,+1+1*K_X,+1+1*C_X,-1/2+1*L_Y,-1/2+1*M_Y],[O_Y,F_Y,L_X,O_X,M_X,N_Y,K_Y,B_Y,I_Y,H_Y,I_X,N_X,K_X,C_X,L_Y,M_Y]);
print("A_x=0 A_y=0 B=(1,B_y,0) C_y=0 D=(0,1,0) E=(1,0,0) F=(1,F_y,0) G_x=0 G_y=1 H_x=0 J_x=1 J_y=0 ");
print(BDEFCFGHAEHJBGIJAFIKADGLBHKLABCMCEINDJMNCDKOELMO);
solve([+1+1*O_Y,+2+1*D_Y,-3/4+1*N_X,-3/4+1*O_X,-1+1*L_X,-1/2+1*N_Y,-3/2+1*M_X,-1/2+1*K_X,+1/2+1*K_Y,-1/2+1*I_Y,+1+1*B_Y,-1/2+1*I_X,-1/2+1*C_Y,-1/2+1*A_X,+1+1*M_Y,+1+1*L_Y],[O_Y,D_Y,N_X,O_X,L_X,N_Y,M_X,K_X,K_Y,I_Y,B_Y,I_X,C_Y,A_X,M_Y,L_Y]);
print("A_y=0 B=(1,B_y,0) C_x=0 D=(1,D_y,0) E=(1,0,0) F=(0,1,0) G_x=0 G_y=1 H_x=0 H_y=0 J_x=1 J_y=0 ");
print(BDEGACFGDFHICEHJABHLGIJLBCIMAEKMADJNBFKNCDKOEFLOGMNO);
solve([+1-1*O_Y+1*O_Y*O_Y,-1+1*H_X+1*O_Y,+1+1*K_X,+1+1*O_X-1*O_Y,-1+1*L_Y+1*O_Y,-1+1*E_Y+1*O_Y,-1+1*M_Y-1*O_Y,-1+1*N_Y,-1+1*J_X,-1+1*L_X,+1*K_Y-1*O_Y,+1*C_Y-1*O_Y,-1+1*J_Y,+1*B_Y+1*O_Y,+1+1*M_X-1*O_Y,+1+1*N_X-1*O_Y],[O_Y,H_X,K_X,O_X,L_Y,E_Y,M_Y,N_Y,J_X,L_X,K_Y,C_Y,J_Y,B_Y,M_X,N_X]);
print("A_x=0 A_y=1 B=(1,B_y,0) C_x=0 D=(1,0,0) E=(1,E_y,0) F_x=0 F_y=0 G=(0,1,0) H_y=0 I_x=1 I_y=0 ");
print(BDHICDFJADEKCEGLAFILAGHMBEJMBFGNCHKNABCOIJKOLMNO);
solve([+1+2*L_X*N_X+1*L_X*N_Y-1*O_X-1*N_X*O_X-1*N_Y*O_X,+1*L_X-1*L_X*N_Y+1*O_X+1*N_Y*O_X,+1*N_X-2*L_X*N_X-1*L_X*N_Y+1*O_X+1*N_Y*O_X,+1*N_X*N_X-1*O_X-1*N_Y*O_X,+1*N_Y-1*O_X-1*N_Y*O_X,-1+1*M_Y-2*N_X-1*N_Y,+1*G_Y-1*N_X-1*N_Y,-2+1*M_X-1*N_X,-1+1*G_X-1*N_X,-1+1*H_Y-1*N_X,-1+1*E_Y-1*N_X,+1*C_Y+1*N_X,+1*B_Y-1*N_X,-1+1*O_Y,-1+1*K_Y,-1+1*K_X,-1+1*E_X],[L_X,N_X,N_Y,O_X,M_Y,G_Y,M_X,G_X,H_Y,E_Y,C_Y,B_Y,O_Y,K_Y,K_X,E_X]);
print("A_x=1 A_y=0 B=(1,B_y,0) C_x=0 D=(0,1,0) F_x=0 F_y=0 H=(1,H_y,0) I=(1,0,0) J_x=0 J_y=1 L_y=0 ");
print(BEFGCDFHABHJACEKBDIKADGLAFIMCGJMEHINBCLNDEJOFKLO);
solve([-1+1*N_X,+3+1*O_Y,+2+1*O_X,-2+1*M_Y,+1+1*M_X,+1+1*K_Y,+1+1*G_Y,+1+1*I_Y,-1+1*E_Y,+1+1*I_X,-1+1*N_Y,-1+1*L_Y,+1+1*D_Y,+1+1*A_X,+2+1*K_X,+2+1*L_X],[N_X,O_Y,O_X,M_Y,M_X,K_Y,G_Y,I_Y,E_Y,I_X,N_Y,L_Y,D_Y,A_X,K_X,L_X]);
print("A_y=0 B=(1,0,0) C_x=0 C_y=1 D_x=0 E=(1,E_y,0) F=(0,1,0) G=(1,G_y,0) H_x=0 H_y=0 J_x=1 J_y=0 ");
print(BEFGCDFIADGJACEKBDHKABILAFHMBCJMCGHNDELNEIJOFKLO);
solve([-3/2+1*O_Y,+1+1*M_X,+1+1*N_Y,+1/2+1*K_Y,-1/2+1*L_Y,+2+1*M_Y,-1+1*N_X,+1/2+1*O_X,+1+1*H_Y,+1+1*C_Y,-1+1*B_Y,+1+1*H_X,+1+1*E_Y,+1+1*A_X,+1/2+1*K_X,+1/2+1*L_X],[O_Y,M_X,N_Y,K_Y,L_Y,M_Y,N_X,O_X,H_Y,C_Y,B_Y,H_X,E_Y,A_X,K_X,L_X]);
print("A_y=0 B=(1,B_y,0) C_x=0 D_x=0 D_y=0 E=(1,E_y,0) F=(0,1,0) G=(1,0,0) I_x=0 I_y=1 J_x=1 J_y=0 ");
print(BEFHAGHJCFIJEGIKADFLBCGLDHIMABKMACENBDJNCDKOELMO);
solve([+1-1*O_Y+1/2*O_Y*O_Y,+1*N_X+1/2*O_Y-1*N_X*O_Y,-3+1*O_X+1*O_Y,-2+1*L_X+1*O_Y,-1+1*C_X+1*O_Y,+1+1*K_X-1*O_Y,-1+1*J_Y+1/2*O_Y,+1+1*B_Y-1*O_Y,+1*D_Y-1/2*O_Y,-1+1*N_Y,-1+1*C_Y,-1+1*D_X,-1+1*M_X,+1+1*F_Y-1/2*O_Y,+1*L_Y-1*O_Y,+1*M_Y-1*O_Y],[N_X,O_Y,O_X,L_X,C_X,K_X,J_Y,B_Y,D_Y,N_Y,C_Y,D_X,M_X,F_Y,L_Y,M_Y]);
print("A_x=0 A_y=1 B=(1,B_y,0) E=(1,0,0) F=(1,F_y,0) G_x=0 G_y=0 H=(0,1,0) I_x=1 I_y=0 J_x=0 K_y=0 ");
print(BEFHCDGHACFJAHIKDFILBGJLABDMCEIMAEGNBCKNDEJOFGKO);
solve([-2+1*L_X,-1/2+1*M_Y,+1/2+1*N_Y,+1+1*K_X,+1/2+1*M_X,+1+1*O_Y,+1/2+1*N_X,-2+1*O_X,+1+1*I_X,-1+1*L_Y,-1+1*I_Y,-1+1*B_Y,+1+1*E_Y,+1+1*A_X,+1+1*K_Y,+1+1*G_Y],[L_X,M_Y,N_Y,K_X,M_X,O_Y,N_X,O_X,I_X,L_Y,I_Y,B_Y,E_Y,A_X,K_Y,G_Y]);
print("A_y=0 B=(1,B_y,0) C_x=0 C_y=0 D_x=0 D_y=1 E=(1,E_y,0) F=(1,0,0) G_x=0 H=(0,1,0) J_x=1 J_y=0 ");
print(CDEFBFGIAEGJBEHKACIKAFHLBCJLABDMCGHMDIJNDKLOEMNO);
solve([+1/2+1*O_Y,+5/2+1*O_X,+2+1*K_X,+1/2+1*M_X,+2+1*L_Y,+1+1*L_X,+1+1*K_Y,-3/2+1*N_X,+1+1*H_Y,+1+1*H_X,+1+1*D_Y,-1+1*C_Y,+1+1*A_X,+1+1*B_Y,+1/2+1*N_Y,+1/2+1*M_Y],[O_Y,O_X,K_X,M_X,L_Y,L_X,K_Y,N_X,H_Y,H_X,D_Y,C_Y,A_X,B_Y,N_Y,M_Y]);
print("A_y=0 B_x=0 C=(1,C_y,0) D=(1,D_y,0) E=(1,0,0) F=(0,1,0) G_x=0 G_y=0 I_x=0 I_y=1 J_x=1 J_y=0 ");
print(CDEGBDFHEFIJACFKAGHLBCJLADIMBGKMABENCHINDJKOELMO);
solve([-2+1*L_X,-2+1*N_X,+1+1*O_X,-3+1*O_Y,+1+1*H_Y,-2+1*G_Y,+1+1*K_Y,-1+1*M_X,-1+1*N_Y,-1+1*A_Y,-1+1*C_Y,-1+1*A_X,+1+1*K_X,+1+1*J_X,-3+1*L_Y,-3+1*M_Y],[L_X,N_X,O_X,O_Y,H_Y,G_Y,K_Y,M_X,N_Y,A_Y,C_Y,A_X,K_X,J_X,L_Y,M_Y]);
print("B_x=0 B_y=1 C=(1,C_y,0) D=(0,1,0) E=(1,0,0) F_x=0 F_y=0 G=(1,G_y,0) H_x=0 I_x=1 I_y=0 J_y=0 ");
print(CDGIEFHJADFKBEGKBDHLAEILBCFMAGJMACHNBIJNCKLODMNO);
solve([+1-1*O_Y+1*O_Y*O_Y,+2/3+1*C_Y-1/3*O_Y,-1+1*O_X+2*O_Y,-1+1*J_X+1*O_Y,+1*H_Y-1*O_Y,+1+1*L_Y-1*O_Y,-2+1*L_X+1*O_Y,-1+1*N_Y-1*O_Y,-1+1*F_Y+1*O_Y,-1+1*M_Y,-2+1*H_X+1*O_Y,-1+1*J_Y,-2+1*B_X+1*O_Y,+1+1*I_Y,-1+1*N_X+2*O_Y,-1+1*M_X+2*O_Y],[O_Y,C_Y,O_X,J_X,H_Y,L_Y,L_X,N_Y,F_Y,M_Y,H_X,J_Y,B_X,I_Y,N_X,M_X]);
print("A_x=0 A_y=1 B_y=0 C=(1,C_y,0) D=(0,1,0) E_x=1 E_y=0 F_x=0 G=(1,0,0) I=(1,I_y,0) K_x=0 K_y=0 ");
print(CEFHBGHJAFIJEGIKBDFLACGLADHMBCIMDEJNABKNCDKOELMO);
solve([+1+1*K_Y*O_X-1*O_Y,+1*K_Y-1*N_Y-1*M_Y*N_Y+1*O_X,+1*K_Y*K_Y+2*M_Y*N_Y-1*N_Y*N_Y-2*K_Y*O_X-1*M_Y*O_X+1*N_Y*O_X+1*O_Y,+1*M_Y+1*O_X-1*M_Y*O_X+1*N_Y*O_X-1*O_Y,+1*K_Y*M_Y-1*M_Y*N_Y+1*O_X,+1*M_Y*M_Y-1*K_Y*O_X-1*M_Y*O_X+1*N_Y*O_X,+1*K_Y*N_Y+1*M_Y*N_Y-1*N_Y*N_Y+1*O_X-1*K_Y*O_X-1*M_Y*O_X+1*N_Y*O_X,+1*A_X+1*K_Y-1*N_Y,+1+1*I_Y-1*K_Y-1*M_Y+1*N_Y,+1*B_X-1*M_Y,-1+1*D_Y-1*K_Y,-1+1*D_X,-1+1*F_Y+1*K_Y+1*M_Y-1*N_Y,-1+1*L_Y,-1+1*N_X,-1+1*A_Y,+1*L_X-1*O_X,+1*M_X-1*O_X],[K_Y,M_Y,N_Y,O_X,O_Y,A_X,I_Y,B_X,D_Y,D_X,F_Y,L_Y,N_X,A_Y,L_X,M_X]);
print("B_y=0 C_x=0 C_y=1 E=(0,1,0) F_x=0 G=(1,0,0) H_x=0 H_y=0 I=(1,I_y,0) J_x=1 J_y=0 K=(1,K_y,0) ");
print(CEGIAEFJFGHKABIKBDFLACHLADGMBCJMBEHNDIJNCDKOELMO);
solve([+1-4*O_X-1*O_X*O_X,-1/2+1*N_X+1/2*O_X,-1+1*N_Y+1*O_X,-1-1*O_X+1*O_Y,-1/2+1*D_X-1/2*O_X,-1/2+1*M_Y-1/2*O_X,+1*L_Y-1*O_X,-1/2+1*B_Y+1/2*O_X,+3/2+1*C_Y+1/2*O_X,-1/2+1*H_X+1/2*O_X,-1/2+1*D_Y-1/2*O_X,+1/2+1*I_Y+1/2*O_X,-1/2+1*B_X+1/2*O_X,-1/2+1*A_Y-1/2*O_X,+1*L_X-1*O_X,+1*M_X-1*O_X],[O_X,N_X,N_Y,O_Y,D_X,M_Y,L_Y,B_Y,C_Y,H_X,D_Y,I_Y,B_X,A_Y,L_X,M_X]);
print("A_x=0 C=(1,C_y,0) E=(0,1,0) F_x=0 F_y=0 G=(1,0,0) H_y=0 I=(1,I_y,0) J_x=0 J_y=1 K_x=1 K_y=0 ");
print(CEGIDEFJABEKFHIKAFGLBCHLBDGMACJMADHNBIJNCDKOLMNO);
solve([+1-1*O_Y-1*O_Y*O_Y,-1+1*N_X+1*O_Y,+1+1*K_Y+1*O_Y,-1+1*F_X+1*O_Y,+1*L_X+1*O_Y,-2+1*H_Y-1*O_Y,+1*M_Y+1*O_Y,+1+1*A_Y+1*O_Y,-1+1*L_Y-1*O_Y,+1*B_X+1*O_Y,-1+1*B_Y,-1+1*N_Y,-1+1*K_X,-1+1*O_X,+1*G_Y-1*O_Y,+1*H_X+1*O_Y],[O_Y,N_X,K_Y,F_X,L_X,H_Y,M_Y,A_Y,L_Y,B_X,B_Y,N_Y,K_X,O_X,G_Y,H_X]);
print("A=(1,A_y,0) C=(0,1,0) D_x=1 D_y=0 E_x=0 E_y=0 F_y=0 G_x=0 I_x=0 I_y=1 J=(1,0,0) M=(1,M_y,0) ");
print(CFGHBEGIADHIAGJKBHJLCIKLABFMDEJMACENDFKNBCDOEFLO);
solve([+1+1*O_X+1/3*O_X*O_X,+1*H_Y-1/3*O_X,+1+1*C_Y+1/3*O_X,-3+1*N_X,+3+1*L_X+1*O_X,+2+1*N_Y+1*O_X,+1*K_X+1*O_X,+1+1*I_Y+1*O_X,-1+1*J_Y-1*O_X,+1*J_X+1*O_X,+2+1*D_Y+1*O_X,+2+1*K_Y+1*O_X,+1*A_X+1*O_X,-3+1*D_X-1*O_X,-1+1*L_Y,-1+1*O_Y],[O_X,H_Y,C_Y,N_X,L_X,N_Y,K_X,I_Y,J_Y,J_X,D_Y,K_Y,A_X,D_X,L_Y,O_Y]);
print("A_y=0 B_x=0 B_y=0 C=(1,C_y,0) E_x=0 E_y=1 F=(1,0,0) G=(0,1,0) H=(1,H_y,0) I_x=0 M_x=1 M_y=0 ");
print(CFHIDEGJAFGKBEIKBDHLACJLBCGMAEHMADINBFJNCDKOEFLO);
solve([+1+1*O_Y-1*O_Y*O_Y,+1*N_X+2*N_X*O_Y-1*O_Y*O_Y,-2+1*M_X+1*O_Y,+1+1*E_X-1*O_Y,-1+1*J_Y-2*O_Y,+1*B_Y-1*O_Y,-1+1*N_Y-1*O_Y,+1*L_Y-1*O_Y,-1+1*D_Y-1*O_Y,-1+1*I_Y-1*O_Y,-2+1*B_X+1*O_Y,-1+1*E_Y,-1+1*D_X,-1+1*O_X,-2+1*G_X+1*O_Y,-1+1*M_Y],[N_X,O_Y,M_X,E_X,J_Y,B_Y,N_Y,L_Y,D_Y,I_Y,B_X,E_Y,D_X,O_X,G_X,M_Y]);
print("A=(1,0,0) C=(0,1,0) F_x=0 F_y=0 G_y=0 H_x=0 H_y=1 I_x=0 J=(1,J_y,0) K_x=1 K_y=0 L=(1,L_y,0) ");
print(DEFHBCFIAFGJBDGKACHKCEGLADILABEMBHJNCDMNEIJOKLMO);
solve([+3+1*O_Y,+8+1*O_X,-4+1*L_X,+2+1*M_X,-1/2+1*E_Y,-2+1*J_X,+1+1*N_X,+1+1*N_Y,-2+1*J_Y,-2+1*A_X,+1+1*M_Y,-1+1*H_Y,-2+1*G_X,+1+1*C_Y,-1+1*L_Y,-1+1*A_Y],[O_Y,O_X,L_X,M_X,E_Y,J_X,N_X,N_Y,J_Y,A_X,M_Y,H_Y,G_X,C_Y,L_Y,A_Y]);
print("B_x=0 B_y=0 C_x=0 D=(1,0,0) E=(1,E_y,0) F=(0,1,0) G_y=0 H=(1,H_y,0) I_x=0 I_y=1 K_x=1 K_y=0 ");
print(DEGICFHIBFGKAEJKADHLBCJLACGMBEHMABINDFJNCDKOEFLO);
solve([+1-1/3*N_Y*N_Y-1/3*O_Y+1/3*N_Y*O_Y,+1*M_X-1/2*M_X*N_Y+1/3*N_Y*N_Y-1/6*O_Y+1/6*N_Y*O_Y,+1*N_Y-2/3*N_Y*N_Y+1/3*O_Y-1/3*N_Y*O_Y,-2+1*L_Y+1*N_Y,+1+1*J_Y-1*N_Y,-1+1*J_X+1*N_Y,+1+1*L_X,+2+1*E_Y-1*N_Y,+1*N_X+1*N_Y,-1+1*O_X+1*O_Y,-1+1*H_Y+1*N_Y,+1*A_X+1*N_Y,+1+1*D_Y,+1*B_X+1*N_Y,-1+1*M_Y,-1+1*A_Y],[M_X,N_Y,O_Y,L_Y,J_Y,J_X,L_X,E_Y,N_X,O_X,H_Y,A_X,D_Y,B_X,M_Y,A_Y]);
print("B_y=0 C_x=0 C_y=1 D=(1,D_y,0) E=(1,E_y,0) F_x=0 F_y=0 G=(1,0,0) H_x=0 I=(0,1,0) K_x=1 K_y=0 ");
print(DEHICFGJAEGKBFHKBGILAHJLBCEMADFMACINBDJNCDKOEFLO);
solve([+1-1*N_X*N_X-1*N_Y-1*N_X*N_Y,+1*N_X+2*N_Y-1*N_X*N_Y-1*N_Y*N_Y,+1*I_Y+1*N_X+1*N_Y,+1+1*J_X-1*N_X-1*N_Y,-1+1*M_Y+1*N_X+1*N_Y,-1+1*G_Y-1*N_X-1*N_Y,+1*M_X-1*N_X-1*N_Y,+1*C_Y+1*N_X+1*N_Y,+1+1*O_Y,-1+1*L_Y,+1*C_X-1*N_X-1*N_Y,-1+1*J_Y,+1+1*D_Y,+1*B_X-1*N_X-1*N_Y,-1+1*L_X,-1+1*O_X],[N_X,N_Y,I_Y,J_X,M_Y,G_Y,M_X,C_Y,O_Y,L_Y,C_X,J_Y,D_Y,B_X,L_X,O_X]);
print("A_x=0 A_y=1 B_y=0 D=(1,D_y,0) E=(0,1,0) F_x=1 F_y=0 G_x=0 H=(1,0,0) I=(1,I_y,0) K_x=0 K_y=0 ");
print(DFGIACFJBGHJBCDKAEGKADHLABIMCELMBEFNCHINDEJOFKLO);
solve([-1/3+1*M_Y,+2/3+1*M_X,-2+1*O_Y,+2+1*N_Y,-3+1*L_Y,+1+1*N_X,-1+1*I_Y,+2+1*O_X,+1+1*E_X,+1+1*B_X,+1+1*C_Y,-1+1*E_Y,+1+1*D_Y,-1+1*K_Y,+2+1*L_X,+2+1*K_X],[M_Y,M_X,O_Y,N_Y,L_Y,N_X,I_Y,O_X,E_X,B_X,C_Y,E_Y,D_Y,K_Y,L_X,K_X]);
print("A_x=0 A_y=1 B_y=0 C_x=0 D=(1,D_y,0) F=(0,1,0) G=(1,0,0) H_x=1 H_y=0 I=(1,I_y,0) J_x=0 J_y=0 ");
print(EFGHADFIBCFJACHKBGIKABELAGJMCDLMBDHNCEINDEJOFKLO);
solve([+2/3+1*M_Y,-1/3+1*M_X,+3/2+1*O_Y,+2+1*J_Y,+1/2+1*L_Y,+2+1*G_Y,-1/2+1*O_X,-2+1*N_X,+1+1*N_Y,+1+1*D_Y,+1+1*E_Y,-1+1*J_X,-1+1*B_X,+1+1*B_Y,-1/2+1*L_X,-1/2+1*K_X],[M_Y,M_X,O_Y,J_Y,L_Y,G_Y,O_X,N_X,N_Y,D_Y,E_Y,J_X,B_X,B_Y,L_X,K_X]);
print("A_x=0 A_y=0 C_x=1 C_y=0 D_x=0 E=(1,E_y,0) F=(0,1,0) G=(1,G_y,0) H=(1,0,0) I_x=0 I_y=1 K_y=0 ");
print(EFGIABGJCFHJBEHKBDFLACKLCDGMAHIMADENBCINDJKOELMO);
solve([+1-2*O_Y-1/4*O_Y*O_Y,+1*K_Y-1*O_Y+1/2*K_Y*O_Y,-3/2+1*N_Y-1/4*O_Y,-1+1*O_X+1/2*O_Y,+3/2+1*N_X+1/4*O_Y,-3/2+1*H_X-1/4*O_Y,-1/2+1*M_Y+1/4*O_Y,-1/2+1*L_Y-1/4*O_Y,+1/2+1*E_Y-1/4*O_Y,+1/2+1*I_Y+1/4*O_Y,-1/2+1*D_Y-1/4*O_Y,-1/2+1*B_Y-1/4*O_Y,-1+1*M_X,-1+1*D_X,-1/2+1*L_X+1/4*O_Y,-1+1*K_X+1*K_Y],[K_Y,O_Y,N_Y,O_X,N_X,H_X,M_Y,L_Y,E_Y,I_Y,D_Y,B_Y,M_X,D_X,L_X,K_X]);
print("A_x=0 A_y=1 B_x=0 C_x=1 C_y=0 E=(1,E_y,0) F=(1,0,0) G=(0,1,0) H_y=0 I=(1,I_y,0) J_x=0 J_y=0 ");
print(FGHIBEGJACHJAEFKCDFLABILADGMBCKMBDHNCEINDJKOELMO);
solve([+1-1*O_Y+1/5*O_Y*O_Y,+1*N_Y+1*O_Y-1*N_Y*O_Y-2/5*O_Y*O_Y,-1+1*M_X+1*O_Y,+1+1*L_Y-1*O_Y,-2+1*L_X+1*O_Y,+1+1*O_X,-3+1*K_Y+1*O_Y,-3+1*F_X+1*O_Y,+1*N_X+1*N_Y,+2+1*E_Y-1*O_Y,-2+1*C_Y+1*O_Y,-1+1*D_Y,+1+1*D_X,+1+1*K_X,-1+1*M_Y,+1+1*B_Y],[N_Y,O_Y,M_X,L_Y,L_X,O_X,K_Y,F_X,N_X,E_Y,C_Y,D_Y,D_X,K_X,M_Y,B_Y]);
print("A_x=0 A_y=1 B=(1,B_y,0) C_x=0 E=(1,E_y,0) F_y=0 G=(1,0,0) H_x=0 H_y=0 I_x=1 I_y=0 J=(0,1,0) ");
