sporad generates 227 candidate triangles
Total 268 candidate triangles
Triangle: {1/15,9/20,29/60} has 13 rational angle points
	157{1/120,43/120,7/20:7/120,11/120,2/15}
	138{1/60,1/6,5/12:1/20,17/60,1/15}
	203(t=1/60){1/60,4/15,7/20:1/20,11/60,2/15}
	201(t=3/20){1/60,3/10,19/60:1/20,3/20,1/6}
	136{1/60,11/30,13/60:1/20,1/12,4/15}
	0{1/60,13/30,1/20:13/30,1/20,1/60}
	0{1/30,9/40,29/120:1/30,9/40,29/120}
	0{1/20,1/60,13/30:13/30,1/20,1/60}
	136{1/20,1/12,4/15:1/60,11/30,13/60}
	201(t=3/20){1/20,3/20,1/6:1/60,3/10,19/60}
	203(t=1/60){1/20,11/60,2/15:1/60,4/15,7/20}
	138{1/20,17/60,1/15:1/60,1/6,5/12}
	157{7/120,11/120,2/15:1/120,43/120,7/20}
Triangle: {1/14,13/42,13/21} has 9 rational angle points
	146{1/84,5/21,5/12:5/84,1/14,17/84}
	200(t=1/7){1/42,1/7,10/21:1/21,1/6,1/7}
	201(t=1/42){1/42,1/6,3/7:1/21,1/7,4/21}
	203(t=1/14){1/42,5/21,3/14:1/21,1/14,17/42}
	0{1/28,13/84,13/42:1/28,13/84,13/42}
	203(t=1/14){1/21,1/14,17/42:1/42,5/21,3/14}
	201(t=1/42){1/21,1/7,4/21:1/42,1/6,3/7}
	200(t=1/7){1/21,1/6,1/7:1/42,1/7,10/21}
	146{5/84,1/14,17/84:1/84,5/21,5/12}
Triangle: {1/11,3/11,7/11} has 9 rational angle points
	203(t=5/66){1/66,8/33,5/22:5/66,1/33,9/22}
	202(t=1/33){1/33,7/66,35/66:2/33,1/6,7/66}
	200(t=3/22){1/33,3/22,31/66:2/33,3/22,1/6}
	203(t=3/44){1/33,9/44,31/132:2/33,3/44,53/132}
	0{1/22,3/22,7/22:1/22,3/22,7/22}
	203(t=3/44){2/33,3/44,53/132:1/33,9/44,31/132}
	200(t=3/22){2/33,3/22,1/6:1/33,3/22,31/66}
	202(t=1/33){2/33,1/6,7/66:1/33,7/66,35/66}
	203(t=5/66){5/66,1/33,9/22:1/66,8/33,5/22}
Triangle: {2/21,11/42,9/14} has 9 rational angle points
	147{1/84,3/14,37/84:1/12,1/21,17/84}
	118{1/42,1/21,13/21:1/14,3/14,1/42}
	116{1/42,1/6,19/42:1/14,2/21,4/21}
	203(t=1/14){1/42,3/14,5/21:1/14,1/21,17/42}
	0{1/21,11/84,9/28:1/21,11/84,9/28}
	203(t=1/14){1/14,1/21,17/42:1/42,3/14,5/21}
	116{1/14,2/21,4/21:1/42,1/6,19/42}
	118{1/14,3/14,1/42:1/42,1/21,13/21}
	147{1/12,1/21,17/84:1/84,3/14,37/84}
Triangle: {2/21,5/14,23/42} has 11 rational angle points
	145{1/84,25/84,5/14:1/12,5/84,4/21}
	116{1/42,1/6,19/42:1/14,4/21,2/21}
	203(t=1/42){1/42,5/21,5/14:1/14,5/42,4/21}
	117{1/42,13/42,1/6:1/14,1/21,8/21}
	200(t=1/21){1/21,5/42,8/21:1/21,5/21,1/6}
	0{1/21,5/28,23/84:1/21,5/28,23/84}
	200(t=1/21){1/21,5/21,1/6:1/21,5/42,8/21}
	117{1/14,1/21,8/21:1/42,13/42,1/6}
	203(t=1/42){1/14,5/42,4/21:1/42,5/21,5/14}
	116{1/14,4/21,2/21:1/42,1/6,19/42}
	145{1/12,5/84,4/21:1/84,25/84,5/14}
Triangle: {1/10,1/6,11/15} has 13 rational angle points
	139{1/60,2/15,9/20:1/12,1/30,17/60}
	108{1/30,1/30,7/10:1/15,2/15,1/30}
	104{1/30,1/15,19/30:1/15,1/10,1/10}
	103{1/30,1/10,7/15:1/15,1/15,4/15}
	130{1/30,7/60,19/60:1/15,1/20,5/12}
	202(t=1/15){1/30,2/15,1/6:1/15,1/30,17/30}
	0{1/20,1/12,11/30:1/20,1/12,11/30}
	202(t=1/15){1/15,1/30,17/30:1/30,2/15,1/6}
	130{1/15,1/20,5/12:1/30,7/60,19/60}
	103{1/15,1/15,4/15:1/30,1/10,7/15}
	104{1/15,1/10,1/10:1/30,1/15,19/30}
	108{1/15,2/15,1/30:1/30,1/30,7/10}
	139{1/12,1/30,17/60:1/60,2/15,9/20}
Triangle: {1/10,4/15,19/30} has 13 rational angle points
	136{1/60,13/60,11/30:1/12,1/20,4/15}
	202(t=1/30){1/30,1/10,8/15:1/15,1/6,1/10}
	200(t=2/15){1/30,2/15,7/15:1/15,2/15,1/6}
	110{1/30,1/6,11/30:1/15,1/10,4/15}
	203(t=1/15){1/30,1/5,7/30:1/15,1/15,2/5}
	112{1/30,7/30,1/10:1/15,1/30,8/15}
	0{1/20,2/15,19/60:1/20,2/15,19/60}
	112{1/15,1/30,8/15:1/30,7/30,1/10}
	203(t=1/15){1/15,1/15,2/5:1/30,1/5,7/30}
	110{1/15,1/10,4/15:1/30,1/6,11/30}
	200(t=2/15){1/15,2/15,1/6:1/30,2/15,7/15}
	202(t=1/30){1/15,1/6,1/10:1/30,1/10,8/15}
	136{1/12,1/20,4/15:1/60,13/60,11/30}
Triangle: {1/10,19/60,7/12} has 9 rational angle points
	159{1/120,4/15,53/120:11/120,1/20,17/120}
	123{1/60,13/60,9/20:1/12,1/10,2/15}
	122{1/60,4/15,3/10:1/12,1/20,17/60}
	132{1/30,1/20,11/20:1/15,4/15,1/30}
	0{1/20,19/120,7/24:1/20,19/120,7/24}
	132{1/15,4/15,1/30:1/30,1/20,11/20}
	122{1/12,1/20,17/60:1/60,4/15,3/10}
	123{1/12,1/10,2/15:1/60,13/60,9/20}
	159{11/120,1/20,17/120:1/120,4/15,53/120}
Triangle: {1/10,7/20,11/20} has 9 rational angle points
	123{1/60,13/60,9/20:1/12,2/15,1/10}
	122{1/60,3/10,4/15:1/12,1/20,17/60}
	203(t=1/40){1/40,7/30,43/120:3/40,7/60,23/120}
	200(t=1/20){1/20,7/60,23/60:1/20,7/30,1/6}
	0{1/20,7/40,11/40:1/20,7/40,11/40}
	200(t=1/20){1/20,7/30,1/6:1/20,7/60,23/60}
	203(t=1/40){3/40,7/60,23/120:1/40,7/30,43/120}
	122{1/12,1/20,17/60:1/60,3/10,4/15}
	123{1/12,2/15,1/10:1/60,13/60,9/20}
Triangle: {1/10,11/30,8/15} has 13 rational angle points
	134{1/60,4/15,23/60:1/12,1/10,3/20}
	103{1/30,1/10,7/15:1/15,4/15,1/15}
	201(t=1/30){1/30,1/6,2/5:1/15,1/5,2/15}
	109{1/30,7/30,3/10:1/15,2/15,7/30}
	102{1/30,4/15,7/30:1/15,1/10,3/10}
	130{1/30,19/60,7/60:1/15,1/20,5/12}
	0{1/20,11/60,4/15:1/20,11/60,4/15}
	130{1/15,1/20,5/12:1/30,19/60,7/60}
	102{1/15,1/10,3/10:1/30,4/15,7/30}
	109{1/15,2/15,7/30:1/30,7/30,3/10}
	201(t=1/30){1/15,1/5,2/15:1/30,1/6,2/5}
	103{1/15,4/15,1/15:1/30,1/10,7/15}
	134{1/12,1/10,3/20:1/60,4/15,23/60}
Triangle: {1/10,5/12,29/60} has 13 rational angle points
	157{1/120,43/120,7/20:11/120,7/120,2/15}
	139{1/60,2/15,9/20:1/12,17/60,1/30}
	134{1/60,4/15,23/60:1/12,3/20,1/10}
	133{1/60,3/10,7/20:1/12,7/60,2/15}
	136{1/60,11/30,13/60:1/12,1/20,4/15}
	0{1/60,2/5,1/12:2/5,1/12,1/60}
	0{1/20,5/24,29/120:1/20,5/24,29/120}
	0{1/12,1/60,2/5:2/5,1/12,1/60}
	136{1/12,1/20,4/15:1/60,11/30,13/60}
	133{1/12,7/60,2/15:1/60,3/10,7/20}
	134{1/12,3/20,1/10:1/60,4/15,23/60}
	139{1/12,17/60,1/30:1/60,2/15,9/20}
	157{11/120,7/120,2/15:1/120,43/120,7/20}
Triangle: {1/10,13/30,7/15} has 9 rational angle points
	133{1/60,3/10,7/20:1/12,2/15,7/60}
	110{1/30,1/6,11/30:1/15,4/15,1/10}
	109{1/30,3/10,7/30:1/15,2/15,7/30}
	0{1/30,2/5,1/15:2/5,1/15,1/30}
	0{1/20,13/60,7/30:1/20,13/60,7/30}
	0{1/15,1/30,2/5:2/5,1/15,1/30}
	109{1/15,2/15,7/30:1/30,3/10,7/30}
	110{1/15,4/15,1/10:1/30,1/6,11/30}
	133{1/12,2/15,7/60:1/60,3/10,7/20}
Triangle: {7/60,3/10,7/12} has 11 rational angle points
	137{1/60,1/6,31/60:1/10,2/15,1/15}
	123{1/60,13/60,9/20:1/10,1/12,2/15}
	132{1/20,1/30,11/20:1/15,4/15,1/30}
	119{1/20,1/12,29/60:1/15,13/60,1/10}
	155{1/20,23/120,29/120:1/15,13/120,41/120}
	0{7/120,3/20,7/24:7/120,3/20,7/24}
	155{1/15,13/120,41/120:1/20,23/120,29/120}
	119{1/15,13/60,1/10:1/20,1/12,29/60}
	132{1/15,4/15,1/30:1/20,1/30,11/20}
	123{1/10,1/12,2/15:1/60,13/60,9/20}
	137{1/10,2/15,1/15:1/60,1/6,31/60}
Triangle: {7/60,7/20,8/15} has 11 rational angle points
	123{1/60,13/60,9/20:1/10,2/15,1/12}
	134{1/60,4/15,23/60:1/10,1/12,3/20}
	120{1/20,1/12,9/20:1/15,4/15,1/12}
	203(t=1/20){1/20,2/15,23/60:1/15,13/60,3/20}
	155{1/20,29/120,23/120:1/15,13/120,41/120}
	0{7/120,7/40,4/15:7/120,7/40,4/15}
	155{1/15,13/120,41/120:1/20,29/120,23/120}
	203(t=1/20){1/15,13/60,3/20:1/20,2/15,23/60}
	120{1/15,4/15,1/12:1/20,1/12,9/20}
	134{1/10,1/12,3/20:1/60,4/15,23/60}
	123{1/10,2/15,1/12:1/60,13/60,9/20}
Triangle: {5/42,5/21,9/14} has 9 rational angle points
	116{1/42,1/6,19/42:2/21,1/14,4/21}
	118{1/21,1/42,13/21:1/14,3/14,1/42}
	202(t=1/21){1/21,1/14,23/42:1/14,1/6,2/21}
	143{1/21,13/84,23/84:1/14,1/12,31/84}
	0{5/84,5/42,9/28:5/84,5/42,9/28}
	143{1/14,1/12,31/84:1/21,13/84,23/84}
	202(t=1/21){1/14,1/6,2/21:1/21,1/14,23/42}
	118{1/14,3/14,1/42:1/21,1/42,13/21}
	116{2/21,1/14,4/21:1/42,1/6,19/42}
Triangle: {5/42,5/14,11/21} has 9 rational angle points
	116{1/42,1/6,19/42:2/21,4/21,1/14}
	203(t=1/21){1/21,1/7,8/21:1/14,3/14,1/7}
	114{1/21,4/21,13/42:1/14,1/6,3/14}
	143{1/21,23/84,13/84:1/14,1/12,31/84}
	0{5/84,5/28,11/42:5/84,5/28,11/42}
	143{1/14,1/12,31/84:1/21,23/84,13/84}
	114{1/14,1/6,3/14:1/21,4/21,13/42}
	203(t=1/21){1/14,3/14,1/7:1/21,1/7,8/21}
	116{2/21,4/21,1/14:1/42,1/6,19/42}
Triangle: {2/15,3/20,43/60} has 9 rational angle points
	131{1/30,1/12,7/12:1/10,1/15,2/15}
	120{1/20,1/12,9/20:1/12,1/15,4/15}
	121{1/20,1/10,3/10:1/12,1/20,5/12}
	202(t=1/20){1/15,1/20,11/20:1/15,1/10,1/6}
	0{1/15,3/40,43/120:1/15,3/40,43/120}
	202(t=1/20){1/15,1/10,1/6:1/15,1/20,11/20}
	121{1/12,1/20,5/12:1/20,1/10,3/10}
	120{1/12,1/15,4/15:1/20,1/12,9/20}
	131{1/10,1/15,2/15:1/30,1/12,7/12}
Triangle: {2/15,1/6,7/10} has 11 rational angle points
	104{1/30,1/15,19/30:1/10,1/10,1/15}
	202(t=1/30){1/30,1/10,8/15:1/10,1/15,1/6}
	111{1/30,2/15,4/15:1/10,1/30,13/30}
	129{1/20,1/10,23/60:1/12,1/15,19/60}
	101{1/15,1/15,7/15:1/15,1/10,7/30}
	0{1/15,1/12,7/20:1/15,1/12,7/20}
	101{1/15,1/10,7/30:1/15,1/15,7/15}
	129{1/12,1/15,19/60:1/20,1/10,23/60}
	111{1/10,1/30,13/30:1/30,2/15,4/15}
	202(t=1/30){1/10,1/15,1/6:1/30,1/10,8/15}
	104{1/10,1/10,1/15:1/30,1/15,19/30}
Triangle: {2/15,3/10,17/30} has 19 rational angle points
	135{1/60,7/30,5/12:7/60,1/15,3/20}
	112{1/30,1/15,8/15:1/10,7/30,1/30}
	107{1/30,1/6,13/30:1/10,2/15,2/15}
	203(t=1/30){1/30,1/5,11/30:1/10,1/10,1/5}
	102{1/30,7/30,4/15:1/10,1/15,3/10}
	111{1/30,4/15,2/15:1/10,1/30,13/30}
	128{1/20,11/60,3/10:1/12,7/60,4/15}
	101{1/15,1/15,7/15:1/15,7/30,1/10}
	200(t=1/15){1/15,1/10,2/5:1/15,1/5,1/6}
	0{1/15,3/20,17/60:1/15,3/20,17/60}
	200(t=1/15){1/15,1/5,1/6:1/15,1/10,2/5}
	101{1/15,7/30,1/10:1/15,1/15,7/15}
	128{1/12,7/60,4/15:1/20,11/60,3/10}
	111{1/10,1/30,13/30:1/30,4/15,2/15}
	102{1/10,1/15,3/10:1/30,7/30,4/15}
	203(t=1/30){1/10,1/10,1/5:1/30,1/5,11/30}
	107{1/10,2/15,2/15:1/30,1/6,13/30}
	112{1/10,7/30,1/30:1/30,1/15,8/15}
	135{7/60,1/15,3/20:1/60,7/30,5/12}
Triangle: {2/15,13/30,13/30} has 14 rational angle points
	133{1/60,3/10,7/20:7/60,2/15,1/12}
	133{1/60,7/20,3/10:7/60,1/12,2/15}
	110{1/30,1/6,11/30:1/10,4/15,1/15}
	201(t=2/15){1/30,4/15,3/10:1/10,1/6,2/15}
	201(t=2/15){1/30,3/10,4/15:1/10,2/15,1/6}
	110{1/30,11/30,1/6:1/10,1/15,4/15}
	0{1/15,1/15,11/30:11/30,1/15,1/15}
	0{1/15,11/30,1/15:11/30,1/15,1/15}
	110{1/10,1/15,4/15:1/30,11/30,1/6}
	201(t=2/15){1/10,2/15,1/6:1/30,3/10,4/15}
	201(t=2/15){1/10,1/6,2/15:1/30,4/15,3/10}
	110{1/10,4/15,1/15:1/30,1/6,11/30}
	133{7/60,1/12,2/15:1/60,7/20,3/10}
	133{7/60,2/15,1/12:1/60,3/10,7/20}
Triangle: {1/7,2/7,4/7} has 13 rational angle points
	202(t=1/42){1/42,5/42,11/21:5/42,1/6,1/21}
	203(t=1/28){1/28,4/21,31/84:3/28,2/21,17/84}
	200(t=5/42){1/21,5/42,19/42:2/21,1/6,5/42}
	201(t=1/21){1/21,1/6,5/14:2/21,5/42,3/14}
	203(t=5/84){1/21,19/84,5/28:2/21,5/84,11/28}
	200(t=1/14){1/14,2/21,17/42:1/14,4/21,1/6}
	0{1/14,1/7,2/7:1/14,1/7,2/7}
	200(t=1/14){1/14,4/21,1/6:1/14,2/21,17/42}
	203(t=5/84){2/21,5/84,11/28:1/21,19/84,5/28}
	201(t=1/21){2/21,5/42,3/14:1/21,1/6,5/14}
	200(t=5/42){2/21,1/6,5/42:1/21,5/42,19/42}
	203(t=1/28){3/28,2/21,17/84:1/28,4/21,31/84}
	202(t=1/42){5/42,1/6,1/21:1/42,5/42,11/21}
Triangle: {1/7,3/7,3/7} has 10 rational angle points
	203(t=1/42){1/42,5/21,5/14:5/42,4/21,1/14}
	203(t=1/42){1/42,5/14,5/21:5/42,1/14,4/21}
	201(t=11/84){1/28,11/42,25/84:3/28,1/6,11/84}
	201(t=11/84){1/28,25/84,11/42:3/28,11/84,1/6}
	0{1/14,1/14,5/14:5/14,1/14,1/14}
	0{1/14,5/14,1/14:5/14,1/14,1/14}
	201(t=11/84){3/28,11/84,1/6:1/28,25/84,11/42}
	201(t=11/84){3/28,1/6,11/84:1/28,11/42,25/84}
	203(t=1/42){5/42,1/14,4/21:1/42,5/14,5/21}
	203(t=1/42){5/42,4/21,1/14:1/42,5/21,5/14}
Triangle: {3/20,7/30,37/60} has 9 rational angle points
	137{1/60,1/6,31/60:2/15,1/15,1/10}
	202(t=1/20){1/20,1/15,11/20:1/10,1/6,1/15}
	200(t=7/60){1/20,7/60,9/20:1/10,7/60,1/6}
	203(t=7/120){1/20,7/40,9/40:1/10,7/120,47/120}
	0{3/40,7/60,37/120:3/40,7/60,37/120}
	203(t=7/120){1/10,7/120,47/120:1/20,7/40,9/40}
	200(t=7/60){1/10,7/60,1/6:1/20,7/60,9/20}
	202(t=1/20){1/10,1/6,1/15:1/20,1/15,11/20}
	137{2/15,1/15,1/10:1/60,1/6,31/60}
Triangle: {3/20,17/60,17/30} has 9 rational angle points
	200(t=7/60){1/20,7/60,9/20:1/10,1/6,7/60}
	201(t=1/20){1/20,1/6,7/20:1/10,7/60,13/60}
	203(t=7/120){1/20,9/40,7/40:1/10,7/120,47/120}
	127{1/15,11/60,13/60:1/12,1/10,7/20}
	0{3/40,17/120,17/60:3/40,17/120,17/60}
	127{1/12,1/10,7/20:1/15,11/60,13/60}
	203(t=7/120){1/10,7/120,47/120:1/20,9/40,7/40}
	201(t=1/20){1/10,7/60,13/60:1/20,1/6,7/20}
	200(t=7/60){1/10,1/6,7/60:1/20,7/60,9/20}
Triangle: {3/20,19/60,8/15} has 11 rational angle points
	159{1/120,4/15,53/120:17/120,1/20,11/120}
	123{1/60,13/60,9/20:2/15,1/10,1/12}
	203(t=1/60){1/60,4/15,7/20:2/15,1/20,11/60}
	127{1/15,13/60,11/60:1/12,1/10,7/20}
	120{1/15,4/15,1/12:1/12,1/20,9/20}
	0{3/40,19/120,4/15:3/40,19/120,4/15}
	120{1/12,1/20,9/20:1/15,4/15,1/12}
	127{1/12,1/10,7/20:1/15,13/60,11/60}
	203(t=1/60){2/15,1/20,11/60:1/60,4/15,7/20}
	123{2/15,1/10,1/12:1/60,13/60,9/20}
	159{17/120,1/20,11/120:1/120,4/15,53/120}
Triangle: {3/20,23/60,7/15} has 13 rational angle points
	158{1/120,3/10,49/120:17/120,1/12,7/120}
	124{1/60,13/60,5/12:2/15,1/6,1/20}
	133{1/60,3/10,7/20:2/15,1/12,7/60}
	0{1/30,7/20,7/60:7/20,7/60,1/30}
	121{1/20,1/12,5/12:1/10,3/10,1/20}
	201(t=1/20){1/20,1/6,7/20:1/10,13/60,7/60}
	0{3/40,23/120,7/30:3/40,23/120,7/30}
	201(t=1/20){1/10,13/60,7/60:1/20,1/6,7/20}
	121{1/10,3/10,1/20:1/20,1/12,5/12}
	0{7/60,1/30,7/20:7/20,7/60,1/30}
	133{2/15,1/12,7/60:1/60,3/10,7/20}
	124{2/15,1/6,1/20:1/60,13/60,5/12}
	158{17/120,1/12,7/120:1/120,3/10,49/120}
Triangle: {2/13,5/13,6/13} has 11 rational angle points
	203(t=1/78){1/78,9/26,11/39:11/78,1/26,7/39}
	203(t=1/26){1/26,7/39,29/78:3/26,8/39,7/78}
	201(t=5/39){1/26,10/39,23/78:3/26,5/39,1/6}
	0{1/26,9/26,3/26:9/26,3/26,1/26}
	201(t=2/39){2/39,1/6,9/26:4/39,17/78,3/26}
	0{1/13,5/26,3/13:1/13,5/26,3/13}
	201(t=2/39){4/39,17/78,3/26:2/39,1/6,9/26}
	0{3/26,1/26,9/26:9/26,3/26,1/26}
	201(t=5/39){3/26,5/39,1/6:1/26,10/39,23/78}
	203(t=1/26){3/26,8/39,7/78:1/26,7/39,29/78}
	203(t=1/78){11/78,1/26,7/39:1/78,9/26,11/39}
Triangle: {1/6,11/60,13/20} has 11 rational angle points
	201(t=1/120){1/120,1/6,19/40:19/120,1/60,7/40}
	200(t=3/20){1/60,3/20,29/60:3/20,1/30,1/6}
	200(t=1/60){1/60,1/6,3/10:3/20,1/60,7/20}
	131{1/30,1/12,7/12:2/15,1/10,1/15}
	202(t=1/60){1/30,1/6,2/15:2/15,1/60,31/60}
	0{1/12,11/120,13/40:1/12,11/120,13/40}
	202(t=1/60){2/15,1/60,31/60:1/30,1/6,2/15}
	131{2/15,1/10,1/15:1/30,1/12,7/12}
	200(t=1/60){3/20,1/60,7/20:1/60,1/6,3/10}
	200(t=3/20){3/20,1/30,1/6:1/60,3/20,29/60}
	201(t=1/120){19/120,1/60,7/40:1/120,1/6,19/40}
Triangle: {1/6,5/24,5/8} has 9 rational angle points
	201(t=1/48){1/48,1/6,7/16:7/48,1/24,3/16}
	200(t=1/8){1/24,1/8,11/24:1/8,1/12,1/6}
	200(t=1/24){1/24,1/6,1/4:1/8,1/24,3/8}
	202(t=1/24){1/12,1/24,13/24:1/12,1/6,1/12}
	0{1/12,5/48,5/16:1/12,5/48,5/16}
	202(t=1/24){1/12,1/6,1/12:1/12,1/24,13/24}
	200(t=1/24){1/8,1/24,3/8:1/24,1/6,1/4}
	200(t=1/8){1/8,1/12,1/6:1/24,1/8,11/24}
	201(t=1/48){7/48,1/24,3/16:1/48,1/6,7/16}
Triangle: {1/6,3/14,13/21} has 11 rational angle points
	201(t=1/42){1/42,1/6,3/7:1/7,1/21,4/21}
	200(t=5/42){1/21,5/42,19/42:5/42,2/21,1/6}
	200(t=1/21){1/21,1/6,5/21:5/42,1/21,8/21}
	202(t=1/21){1/14,1/21,23/42:2/21,1/6,1/14}
	142{1/14,11/84,23/84:2/21,1/12,29/84}
	0{1/12,3/28,13/42:1/12,3/28,13/42}
	142{2/21,1/12,29/84:1/14,11/84,23/84}
	202(t=1/21){2/21,1/6,1/14:1/14,1/21,23/42}
	200(t=1/21){5/42,1/21,8/21:1/21,1/6,5/21}
	200(t=5/42){5/42,2/21,1/6:1/21,5/42,19/42}
	201(t=1/42){1/7,1/21,4/21:1/42,1/6,3/7}
Triangle: {1/6,2/9,11/18} has 9 rational angle points
	201(t=1/36){1/36,1/6,5/12:5/36,1/18,7/36}
	202(t=1/18){1/18,1/18,5/9:1/9,1/6,1/18}
	200(t=1/9){1/18,1/9,4/9:1/9,1/9,1/6}
	200(t=1/18){1/18,1/6,2/9:1/9,1/18,7/18}
	0{1/12,1/9,11/36:1/12,1/9,11/36}
	200(t=1/18){1/9,1/18,7/18:1/18,1/6,2/9}
	200(t=1/9){1/9,1/9,1/6:1/18,1/9,4/9}
	202(t=1/18){1/9,1/6,1/18:1/18,1/18,5/9}
	201(t=1/36){5/36,1/18,7/36:1/36,1/6,5/12}
Triangle: {1/6,5/21,25/42} has 11 rational angle points
	202(t=1/14){1/42,1/14,4/7:1/7,1/6,1/42}
	201(t=1/28){1/28,1/6,11/28:11/84,1/14,17/84}
	200(t=2/21){1/14,2/21,3/7:2/21,1/7,1/6}
	113{1/14,5/42,5/14:2/21,5/42,5/21}
	200(t=1/14){1/14,1/6,4/21:2/21,1/14,17/42}
	0{1/12,5/42,25/84:1/12,5/42,25/84}
	200(t=1/14){2/21,1/14,17/42:1/14,1/6,4/21}
	113{2/21,5/42,5/21:1/14,5/42,5/14}
	200(t=2/21){2/21,1/7,1/6:1/14,2/21,3/7}
	201(t=1/28){11/84,1/14,17/84:1/28,1/6,11/28}
	202(t=1/14){1/7,1/6,1/42:1/42,1/14,4/7}
Triangle: {1/6,4/15,17/30} has 17 rational angle points
	107{1/30,1/6,13/30:2/15,1/10,2/15}
	201(t=1/20){1/20,1/6,7/20:7/60,1/10,13/60}
	128{1/20,11/60,3/10:7/60,1/12,4/15}
	112{1/15,1/30,8/15:1/10,7/30,1/30}
	200(t=1/10){1/15,1/10,13/30:1/10,1/6,2/15}
	105{1/15,1/6,4/15:1/10,1/10,3/10}
	127{1/15,11/60,13/60:1/10,1/12,7/20}
	200(t=1/15){1/15,1/5,1/6:1/10,1/15,2/5}
	0{1/12,2/15,17/60:1/12,2/15,17/60}
	200(t=1/15){1/10,1/15,2/5:1/15,1/5,1/6}
	127{1/10,1/12,7/20:1/15,11/60,13/60}
	105{1/10,1/10,3/10:1/15,1/6,4/15}
	200(t=1/10){1/10,1/6,2/15:1/15,1/10,13/30}
	112{1/10,7/30,1/30:1/15,1/30,8/15}
	128{7/60,1/12,4/15:1/20,11/60,3/10}
	201(t=1/20){7/60,1/10,13/60:1/20,1/6,7/20}
	107{2/15,1/10,2/15:1/30,1/6,13/30}
Triangle: {1/6,17/60,11/20} has 9 rational angle points
	200(t=7/60){1/20,7/60,9/20:7/60,1/6,1/10}
	200(t=1/20){1/20,7/30,1/6:7/60,1/20,23/60}
	201(t=7/120){7/120,1/6,13/40:13/120,7/60,9/40}
	140{1/15,4/15,1/30:1/10,1/60,31/60}
	0{1/12,17/120,11/40:1/12,17/120,11/40}
	140{1/10,1/60,31/60:1/15,4/15,1/30}
	201(t=7/120){13/120,7/60,9/40:7/120,1/6,13/40}
	200(t=1/20){7/60,1/20,23/60:1/20,7/30,1/6}
	200(t=7/60){7/60,1/6,1/10:1/20,7/60,9/20}
Triangle: {1/6,3/10,8/15} has 23 rational angle points
	135{1/60,7/30,5/12:3/20,1/15,7/60}
	200(t=2/15){1/30,2/15,7/15:2/15,1/6,1/15}
	107{1/30,1/6,13/30:2/15,2/15,1/10}
	109{1/30,7/30,3/10:2/15,1/15,7/30}
	200(t=1/30){1/30,4/15,1/6:2/15,1/30,11/30}
	139{1/30,17/60,1/12:2/15,1/60,9/20}
	101{1/15,1/15,7/15:1/10,7/30,1/15}
	106{1/15,2/15,11/30:1/10,1/6,1/6}
	201(t=1/15){1/15,1/6,3/10:1/10,2/15,7/30}
	127{1/15,13/60,11/60:1/10,1/12,7/20}
	103{1/15,4/15,1/15:1/10,1/30,7/15}
	0{1/12,3/20,4/15:1/12,3/20,4/15}
	103{1/10,1/30,7/15:1/15,4/15,1/15}
	127{1/10,1/12,7/20:1/15,13/60,11/60}
	201(t=1/15){1/10,2/15,7/30:1/15,1/6,3/10}
	106{1/10,1/6,1/6:1/15,2/15,11/30}
	101{1/10,7/30,1/15:1/15,1/15,7/15}
	139{2/15,1/60,9/20:1/30,17/60,1/12}
	200(t=1/30){2/15,1/30,11/30:1/30,4/15,1/6}
	109{2/15,1/15,7/30:1/30,7/30,3/10}
	107{2/15,2/15,1/10:1/30,1/6,13/30}
	200(t=2/15){2/15,1/6,1/15:1/30,2/15,7/15}
	135{3/20,1/15,7/60:1/60,7/30,5/12}
Triangle: {1/6,19/60,31/60} has 9 rational angle points
	200(t=3/20){1/60,3/20,29/60:3/20,1/6,1/30}
	200(t=1/60){1/60,3/10,1/6:3/20,1/60,7/20}
	201(t=3/40){3/40,1/6,11/40:11/120,3/20,29/120}
	120{1/12,1/20,9/20:1/12,4/15,1/15}
	0{1/12,19/120,31/120:1/12,19/120,31/120}
	120{1/12,4/15,1/15:1/12,1/20,9/20}
	201(t=3/40){11/120,3/20,29/120:3/40,1/6,11/40}
	200(t=1/60){3/20,1/60,7/20:1/60,3/10,1/6}
	200(t=3/20){3/20,1/6,1/30:1/60,3/20,29/60}
Triangle: {1/6,7/20,29/60} has 15 rational angle points
	201(t=19/120){1/120,13/40,19/60:19/120,1/40,1/6}
	201(t=1/60){1/60,1/6,9/20:3/20,11/60,1/30}
	135{1/60,7/30,5/12:3/20,7/60,1/15}
	134{1/60,4/15,23/60:3/20,1/12,1/10}
	201(t=3/20){1/60,3/10,19/60:3/20,1/20,1/6}
	0{1/60,1/3,3/20:1/3,3/20,1/60}
	201(t=11/120){3/40,11/60,31/120:11/120,1/6,9/40}
	0{1/12,7/40,29/120:1/12,7/40,29/120}
	201(t=11/120){11/120,1/6,9/40:3/40,11/60,31/120}
	0{3/20,1/60,1/3:1/3,3/20,1/60}
	201(t=3/20){3/20,1/20,1/6:1/60,3/10,19/60}
	134{3/20,1/12,1/10:1/60,4/15,23/60}
	135{3/20,7/60,1/15:1/60,7/30,5/12}
	201(t=1/60){3/20,11/60,1/30:1/60,1/6,9/20}
	201(t=19/120){19/120,1/40,1/6:1/120,13/40,19/60}
Triangle: {1/6,5/14,10/21} has 15 rational angle points
	201(t=13/84){1/84,9/28,13/42:13/84,1/28,1/6}
	201(t=1/42){1/42,1/6,3/7:1/7,4/21,1/21}
	201(t=1/7){1/42,2/7,13/42:1/7,1/14,1/6}
	0{1/42,1/3,1/7:1/3,1/7,1/42}
	113{1/14,5/42,5/14:2/21,5/21,5/42}
	201(t=2/21){1/14,4/21,11/42:2/21,1/6,3/14}
	142{1/14,23/84,11/84:2/21,1/12,29/84}
	0{1/12,5/28,5/21:1/12,5/28,5/21}
	142{2/21,1/12,29/84:1/14,23/84,11/84}
	201(t=2/21){2/21,1/6,3/14:1/14,4/21,11/42}
	113{2/21,5/21,5/42:1/14,5/42,5/14}
	0{1/7,1/42,1/3:1/3,1/7,1/42}
	201(t=1/7){1/7,1/14,1/6:1/42,2/7,13/42}
	201(t=1/42){1/7,4/21,1/21:1/42,1/6,3/7}
	201(t=13/84){13/84,1/28,1/6:1/84,9/28,13/42}
Triangle: {1/6,11/30,7/15} has 21 rational angle points
	134{1/60,4/15,23/60:3/20,1/10,1/12}
	201(t=3/20){1/60,19/60,3/10:3/20,1/20,1/6}
	111{1/30,1/10,13/30:2/15,4/15,1/30}
	201(t=1/30){1/30,1/6,2/5:2/15,1/5,1/15}
	201(t=2/15){1/30,4/15,3/10:2/15,1/10,1/6}
	109{1/30,3/10,7/30:2/15,1/15,7/30}
	0{1/30,1/3,2/15:1/3,2/15,1/30}
	201(t=1/10){1/15,1/5,4/15:1/10,1/6,1/5}
	105{1/15,4/15,1/6:1/10,1/10,3/10}
	129{1/15,19/60,1/12:1/10,1/20,23/60}
	0{1/12,11/60,7/30:1/12,11/60,7/30}
	129{1/10,1/20,23/60:1/15,19/60,1/12}
	105{1/10,1/10,3/10:1/15,4/15,1/6}
	201(t=1/10){1/10,1/6,1/5:1/15,1/5,4/15}
	0{2/15,1/30,1/3:1/3,2/15,1/30}
	109{2/15,1/15,7/30:1/30,3/10,7/30}
	201(t=2/15){2/15,1/10,1/6:1/30,4/15,3/10}
	201(t=1/30){2/15,1/5,1/15:1/30,1/6,2/5}
	111{2/15,4/15,1/30:1/30,1/10,13/30}
	201(t=3/20){3/20,1/20,1/6:1/60,19/60,3/10}
	134{3/20,1/10,1/12:1/60,4/15,23/60}
Triangle: {1/6,3/8,11/24} has 11 rational angle points
	201(t=7/48){1/48,5/16,7/24:7/48,1/16,1/6}
	201(t=1/24){1/24,1/6,3/8:1/8,5/24,1/12}
	201(t=1/8){1/24,1/4,7/24:1/8,1/8,1/6}
	0{1/24,1/3,1/8:1/3,1/8,1/24}
	201(t=5/48){1/16,5/24,13/48:5/48,1/6,3/16}
	0{1/12,3/16,11/48:1/12,3/16,11/48}
	201(t=5/48){5/48,1/6,3/16:1/16,5/24,13/48}
	0{1/8,1/24,1/3:1/3,1/8,1/24}
	201(t=1/8){1/8,1/8,1/6:1/24,1/4,7/24}
	201(t=1/24){1/8,5/24,1/12:1/24,1/6,3/8}
	201(t=7/48){7/48,1/16,1/6:1/48,5/16,7/24}
Triangle: {1/6,23/60,9/20} has 15 rational angle points
	201(t=17/120){1/40,37/120,17/60:17/120,3/40,1/6}
	130{1/20,1/15,5/12:7/60,19/60,1/30}
	201(t=1/20){1/20,1/6,7/20:7/60,13/60,1/10}
	201(t=7/60){1/20,7/30,17/60:7/60,3/20,1/6}
	128{1/20,3/10,11/60:7/60,1/12,4/15}
	0{1/20,1/3,7/60:1/3,7/60,1/20}
	201(t=13/120){7/120,13/60,11/40:13/120,1/6,7/40}
	0{1/12,23/120,9/40:1/12,23/120,9/40}
	201(t=13/120){13/120,1/6,7/40:7/120,13/60,11/40}
	0{7/60,1/20,1/3:1/3,7/60,1/20}
	128{7/60,1/12,4/15:1/20,3/10,11/60}
	201(t=7/60){7/60,3/20,1/6:1/20,7/30,17/60}
	201(t=1/20){7/60,13/60,1/10:1/20,1/6,7/20}
	130{7/60,19/60,1/30:1/20,1/15,5/12}
	201(t=17/120){17/120,3/40,1/6:1/40,37/120,17/60}
Triangle: {1/6,7/18,4/9} has 9 rational angle points
	201(t=5/36){1/36,11/36,5/18:5/36,1/12,1/6}
	201(t=1/18){1/18,1/6,1/3:1/9,2/9,1/9}
	201(t=1/9){1/18,2/9,5/18:1/9,1/6,1/6}
	0{1/18,1/3,1/9:1/3,1/9,1/18}
	0{1/12,7/36,2/9:1/12,7/36,2/9}
	0{1/9,1/18,1/3:1/3,1/9,1/18}
	201(t=1/9){1/9,1/6,1/6:1/18,2/9,5/18}
	201(t=1/18){1/9,2/9,1/9:1/18,1/6,1/3}
	201(t=5/36){5/36,1/12,1/6:1/36,11/36,5/18}
Triangle: {2/11,3/11,6/11} has 9 rational angle points
	202(t=1/66){1/66,3/22,17/33:1/6,3/22,1/33}
	200(t=7/66){2/33,7/66,29/66:4/33,1/6,7/66}
	201(t=2/33){2/33,1/6,7/22:4/33,7/66,5/22}
	203(t=7/132){2/33,29/132,7/44:4/33,7/132,17/44}
	0{1/11,3/22,3/11:1/11,3/22,3/11}
	203(t=7/132){4/33,7/132,17/44:2/33,29/132,7/44}
	201(t=2/33){4/33,7/66,5/22:2/33,1/6,7/22}
	200(t=7/66){4/33,1/6,7/66:2/33,7/66,29/66}
	202(t=1/66){1/6,3/22,1/33:1/66,3/22,17/33}
Triangle: {2/11,4/11,5/11} has 13 rational angle points
	203(t=1/132){1/132,15/44,10/33:23/132,1/44,5/33}
	201(t=5/33){1/66,7/22,10/33:1/6,1/22,5/33}
	200(t=1/66){1/66,23/66,5/33:1/6,1/66,10/33}
	203(t=1/22){1/22,5/33,25/66:3/22,7/33,5/66}
	201(t=4/33){1/22,8/33,19/66:3/22,4/33,1/6}
	0{1/22,7/22,3/22:7/22,3/22,1/22}
	0{1/11,2/11,5/22:1/11,2/11,5/22}
	0{3/22,1/22,7/22:7/22,3/22,1/22}
	201(t=4/33){3/22,4/33,1/6:1/22,8/33,19/66}
	203(t=1/22){3/22,7/33,5/66:1/22,5/33,25/66}
	200(t=1/66){1/6,1/66,10/33:1/66,23/66,5/33}
	201(t=5/33){1/6,1/22,5/33:1/66,7/22,10/33}
	203(t=1/132){23/132,1/44,5/33:1/132,15/44,10/33}
Triangle: {11/60,4/15,11/20} has 9 rational angle points
	202(t=1/60){1/60,2/15,31/60:1/6,2/15,1/30}
	124{1/60,13/60,5/12:1/6,1/20,2/15}
	119{1/12,1/20,29/60:1/10,13/60,1/15}
	154{1/12,19/120,29/120:1/10,13/120,37/120}
	0{11/120,2/15,11/40:11/120,2/15,11/40}
	154{1/10,13/120,37/120:1/12,19/120,29/120}
	119{1/10,13/60,1/15:1/12,1/20,29/60}
	124{1/6,1/20,2/15:1/60,13/60,5/12}
	202(t=1/60){1/6,2/15,1/30:1/60,2/15,31/60}
Triangle: {11/60,7/20,7/15} has 13 rational angle points
	124{1/60,13/60,5/12:1/6,2/15,1/20}
	201(t=3/20){1/60,3/10,19/60:1/6,1/20,3/20}
	0{1/30,19/60,3/20:19/60,3/20,1/30}
	121{1/12,1/20,5/12:1/10,3/10,1/20}
	126{1/12,2/15,19/60:1/10,13/60,3/20}
	154{1/12,29/120,19/120:1/10,13/120,37/120}
	0{11/120,7/40,7/30:11/120,7/40,7/30}
	154{1/10,13/120,37/120:1/12,29/120,19/120}
	126{1/10,13/60,3/20:1/12,2/15,19/60}
	121{1/10,3/10,1/20:1/12,1/20,5/12}
	0{3/20,1/30,19/60:19/60,3/20,1/30}
	201(t=3/20){1/6,1/20,3/20:1/60,3/10,19/60}
	124{1/6,2/15,1/20:1/60,13/60,5/12}
Triangle: {11/60,11/30,9/20} has 13 rational angle points
	203(t=1/120){1/120,41/120,3/10:7/40,1/40,3/20}
	201(t=3/20){1/60,19/60,3/10:1/6,1/20,3/20}
	200(t=1/60){1/60,7/20,3/20:1/6,1/60,3/10}
	0{1/20,19/60,2/15:19/60,2/15,1/20}
	130{1/15,1/20,5/12:7/60,19/60,1/30}
	129{1/12,19/60,1/15:1/10,1/20,23/60}
	0{11/120,11/60,9/40:11/120,11/60,9/40}
	129{1/10,1/20,23/60:1/12,19/60,1/15}
	130{7/60,19/60,1/30:1/15,1/20,5/12}
	0{2/15,1/20,19/60:19/60,2/15,1/20}
	200(t=1/60){1/6,1/60,3/10:1/60,7/20,3/20}
	201(t=3/20){1/6,1/20,3/20:1/60,19/60,3/10}
	203(t=1/120){7/40,1/40,3/20:1/120,41/120,3/10}
Triangle: {4/21,3/14,25/42} has 9 rational angle points
	202(t=1/14){1/42,1/14,4/7:1/6,1/7,1/42}
	203(t=1/21){1/21,1/7,8/21:1/7,1/14,3/14}
	113{1/14,5/42,5/14:5/42,2/21,5/21}
	200(t=2/21){2/21,1/14,3/7:2/21,1/7,1/6}
	0{2/21,3/28,25/84:2/21,3/28,25/84}
	200(t=2/21){2/21,1/7,1/6:2/21,1/14,3/7}
	113{5/42,2/21,5/21:1/14,5/42,5/14}
	203(t=1/21){1/7,1/14,3/14:1/21,1/7,8/21}
	202(t=1/14){1/6,1/7,1/42:1/42,1/14,4/7}
Triangle: {4/21,5/14,19/42} has 11 rational angle points
	201(t=1/7){1/42,2/7,13/42:1/6,1/14,1/7}
	203(t=1/21){1/21,1/7,8/21:1/7,3/14,1/14}
	201(t=5/42){1/21,5/21,2/7:1/7,5/42,1/6}
	0{1/21,13/42,1/7:13/42,1/7,1/21}
	113{1/14,5/42,5/14:5/42,5/21,2/21}
	0{2/21,5/28,19/84:2/21,5/28,19/84}
	113{5/42,5/21,2/21:1/14,5/42,5/14}
	0{1/7,1/21,13/42:13/42,1/7,1/21}
	201(t=5/42){1/7,5/42,1/6:1/21,5/21,2/7}
	203(t=1/21){1/7,3/14,1/14:1/21,1/7,8/21}
	201(t=1/7){1/6,1/14,1/7:1/42,2/7,13/42}
Triangle: {4/21,17/42,17/42} has 10 rational angle points
	115{1/42,3/14,5/14:1/6,4/21,1/21}
	115{1/42,5/14,3/14:1/6,1/21,4/21}
	201(t=5/42){1/21,5/21,2/7:1/7,1/6,5/42}
	201(t=5/42){1/21,2/7,5/21:1/7,5/42,1/6}
	0{2/21,2/21,13/42:13/42,2/21,2/21}
	0{2/21,13/42,2/21:13/42,2/21,2/21}
	201(t=5/42){1/7,5/42,1/6:1/21,2/7,5/21}
	201(t=5/42){1/7,1/6,5/42:1/21,5/21,2/7}
	115{1/6,1/21,4/21:1/42,5/14,3/14}
	115{1/6,4/21,1/21:1/42,3/14,5/14}
Triangle: {1/5,1/5,3/5} has 24 rational angle points
	201(t=1/60){1/60,1/6,9/20:11/60,1/30,3/20}
	202(t=1/15){1/30,1/15,17/30:1/6,2/15,1/30}
	202(t=1/30){1/30,1/10,8/15:1/6,1/10,1/15}
	200(t=2/15){1/30,2/15,7/15:1/6,1/15,2/15}
	201(t=1/60){1/30,11/60,3/20:1/6,1/60,9/20}
	203(t=1/20){1/20,2/15,23/60:3/20,1/15,13/60}
	202(t=1/15){1/15,1/30,17/30:2/15,1/6,1/30}
	200(t=1/10){1/15,1/10,13/30:2/15,1/10,1/6}
	203(t=1/20){1/15,3/20,13/60:2/15,1/20,23/60}
	200(t=2/15){1/15,1/6,2/15:2/15,1/30,7/15}
	202(t=1/30){1/10,1/30,8/15:1/10,1/6,1/15}
	200(t=1/10){1/10,1/15,13/30:1/10,2/15,1/6}
	200(t=1/10){1/10,2/15,1/6:1/10,1/15,13/30}
	202(t=1/30){1/10,1/6,1/15:1/10,1/30,8/15}
	200(t=2/15){2/15,1/30,7/15:1/15,1/6,2/15}
	203(t=1/20){2/15,1/20,23/60:1/15,3/20,13/60}
	200(t=1/10){2/15,1/10,1/6:1/15,1/10,13/30}
	202(t=1/15){2/15,1/6,1/30:1/15,1/30,17/30}
	203(t=1/20){3/20,1/15,13/60:1/20,2/15,23/60}
	201(t=1/60){1/6,1/60,9/20:1/30,11/60,3/20}
	200(t=2/15){1/6,1/15,2/15:1/30,2/15,7/15}
	202(t=1/30){1/6,1/10,1/15:1/30,1/10,8/15}
	202(t=1/15){1/6,2/15,1/30:1/30,1/15,17/30}
	201(t=1/60){11/60,1/30,3/20:1/60,1/6,9/20}
Triangle: {1/5,4/15,8/15} has 9 rational angle points
	200(t=2/15){1/30,2/15,7/15:1/6,2/15,1/15}
	200(t=1/10){1/15,1/10,13/30:2/15,1/6,1/10}
	201(t=1/15){1/15,1/6,3/10:2/15,1/10,7/30}
	203(t=1/20){1/15,13/60,3/20:2/15,1/20,23/60}
	0{1/10,2/15,4/15:1/10,2/15,4/15}
	203(t=1/20){2/15,1/20,23/60:1/15,13/60,3/20}
	201(t=1/15){2/15,1/10,7/30:1/15,1/6,3/10}
	200(t=1/10){2/15,1/6,1/10:1/15,1/10,13/30}
	200(t=2/15){1/6,2/15,1/15:1/30,2/15,7/15}
Triangle: {1/5,2/5,2/5} has 22 rational angle points
	203(t=1/60){1/60,4/15,7/20:11/60,2/15,1/20}
	203(t=1/60){1/60,7/20,4/15:11/60,1/20,2/15}
	200(t=1/30){1/30,2/15,11/30:1/6,4/15,1/30}
	201(t=2/15){1/30,4/15,3/10:1/6,2/15,1/10}
	201(t=2/15){1/30,3/10,4/15:1/6,1/10,2/15}
	200(t=1/30){1/30,11/30,2/15:1/6,1/30,4/15}
	201(t=7/60){1/20,7/30,17/60:3/20,1/6,7/60}
	201(t=7/60){1/20,17/60,7/30:3/20,7/60,1/6}
	201(t=1/15){1/15,1/6,3/10:2/15,7/30,1/10}
	201(t=1/15){1/15,3/10,1/6:2/15,1/10,7/30}
	0{1/10,1/10,3/10:3/10,1/10,1/10}
	0{1/10,3/10,1/10:3/10,1/10,1/10}
	201(t=1/15){2/15,1/10,7/30:1/15,3/10,1/6}
	201(t=1/15){2/15,7/30,1/10:1/15,1/6,3/10}
	201(t=7/60){3/20,7/60,1/6:1/20,17/60,7/30}
	201(t=7/60){3/20,1/6,7/60:1/20,7/30,17/60}
	200(t=1/30){1/6,1/30,4/15:1/30,11/30,2/15}
	201(t=2/15){1/6,1/10,2/15:1/30,3/10,4/15}
	201(t=2/15){1/6,2/15,1/10:1/30,4/15,3/10}
	200(t=1/30){1/6,4/15,1/30:1/30,2/15,11/30}
	203(t=1/60){11/60,1/20,2/15:1/60,7/20,4/15}
	203(t=1/60){11/60,2/15,1/20:1/60,4/15,7/20}
Triangle: {5/24,3/8,5/12} has 9 rational angle points
	203(t=1/48){1/48,1/4,17/48:3/16,1/8,1/16}
	200(t=1/24){1/24,1/8,3/8:1/6,1/4,1/24}
	201(t=1/8){1/24,1/4,7/24:1/6,1/8,1/8}
	0{1/12,7/24,1/8:7/24,1/8,1/12}
	0{5/48,3/16,5/24:5/48,3/16,5/24}
	0{1/8,1/12,7/24:7/24,1/8,1/12}
	201(t=1/8){1/6,1/8,1/8:1/24,1/4,7/24}
	200(t=1/24){1/6,1/4,1/24:1/24,1/8,3/8}
	203(t=1/48){3/16,1/8,1/16:1/48,1/4,17/48}
Triangle: {3/14,11/42,11/21} has 15 rational angle points
	147{1/84,3/14,37/84:17/84,1/21,1/12}
	116{1/42,1/6,19/42:4/21,2/21,1/14}
	115{1/42,3/14,5/14:4/21,1/21,1/6}
	114{1/21,4/21,13/42:1/6,1/14,3/14}
	200(t=2/21){1/14,2/21,3/7:1/7,1/6,2/21}
	201(t=1/14){1/14,1/6,2/7:1/7,2/21,5/21}
	203(t=1/21){1/14,3/14,1/7:1/7,1/21,8/21}
	0{3/28,11/84,11/42:3/28,11/84,11/42}
	203(t=1/21){1/7,1/21,8/21:1/14,3/14,1/7}
	201(t=1/14){1/7,2/21,5/21:1/14,1/6,2/7}
	200(t=2/21){1/7,1/6,2/21:1/14,2/21,3/7}
	114{1/6,1/14,3/14:1/21,4/21,13/42}
	115{4/21,1/21,1/6:1/42,3/14,5/14}
	116{4/21,2/21,1/14:1/42,1/6,19/42}
	147{17/84,1/21,1/12:1/84,3/14,37/84}
Triangle: {3/14,13/42,10/21} has 11 rational angle points
	146{1/84,5/21,5/12:17/84,1/14,5/84}
	201(t=1/42){1/42,1/6,3/7:4/21,1/7,1/21}
	203(t=1/42){1/42,5/21,5/14:4/21,1/14,5/42}
	0{1/42,2/7,4/21:2/7,4/21,1/42}
	113{2/21,5/21,5/42:5/42,1/14,5/14}
	0{3/28,13/84,5/21:3/28,13/84,5/21}
	113{5/42,1/14,5/14:2/21,5/21,5/42}
	0{4/21,1/42,2/7:2/7,4/21,1/42}
	203(t=1/42){4/21,1/14,5/42:1/42,5/21,5/14}
	201(t=1/42){4/21,1/7,1/21:1/42,1/6,3/7}
	146{17/84,1/14,5/84:1/84,5/21,5/12}
Triangle: {3/14,8/21,17/42} has 15 rational angle points
	115{1/42,3/14,5/14:4/21,1/6,1/21}
	117{1/21,1/14,8/21:1/6,13/42,1/42}
	201(t=5/42){1/21,5/21,2/7:1/6,1/7,5/42}
	114{1/21,13/42,4/21:1/6,1/14,3/14}
	201(t=1/14){1/14,2/7,1/6:1/7,2/21,5/21}
	141{1/12,19/84,3/14:11/84,13/84,4/21}
	0{2/21,2/7,5/42:2/7,5/42,2/21}
	0{3/28,4/21,17/84:3/28,4/21,17/84}
	0{5/42,2/21,2/7:2/7,5/42,2/21}
	141{11/84,13/84,4/21:1/12,19/84,3/14}
	201(t=1/14){1/7,2/21,5/21:1/14,2/7,1/6}
	114{1/6,1/14,3/14:1/21,13/42,4/21}
	201(t=5/42){1/6,1/7,5/42:1/21,5/21,2/7}
	117{1/6,13/42,1/42:1/21,1/14,8/21}
	115{4/21,1/6,1/21:1/42,3/14,5/14}
Triangle: {13/60,7/20,13/30} has 11 rational angle points
	203(t=1/40){1/40,7/30,43/120:23/120,7/60,3/40}
	200(t=1/20){1/20,7/60,23/60:1/6,7/30,1/20}
	201(t=7/60){1/20,7/30,17/60:1/6,7/60,3/20}
	0{1/15,17/60,3/20:17/60,3/20,1/15}
	125{1/12,1/6,17/60:2/15,11/60,3/20}
	0{13/120,7/40,13/60:13/120,7/40,13/60}
	125{2/15,11/60,3/20:1/12,1/6,17/60}
	0{3/20,1/15,17/60:17/60,3/20,1/15}
	201(t=7/60){1/6,7/60,3/20:1/20,7/30,17/60}
	200(t=1/20){1/6,7/30,1/20:1/20,7/60,23/60}
	203(t=1/40){23/120,7/60,3/40:1/40,7/30,43/120}
Triangle: {2/9,2/9,5/9} has 8 rational angle points
	201(t=1/36){1/36,1/6,5/12:7/36,1/18,5/36}
	200(t=1/9){1/18,1/9,4/9:1/6,1/9,1/9}
	201(t=1/36){1/18,7/36,5/36:1/6,1/36,5/12}
	200(t=1/9){1/9,1/18,4/9:1/9,1/6,1/9}
	200(t=1/9){1/9,1/6,1/9:1/9,1/18,4/9}
	201(t=1/36){1/6,1/36,5/12:1/18,7/36,5/36}
	200(t=1/9){1/6,1/9,1/9:1/18,1/9,4/9}
	201(t=1/36){7/36,1/18,5/36:1/36,1/6,5/12}
Triangle: {2/9,1/3,4/9} has 9 rational angle points
	203(t=1/36){1/36,2/9,13/36:7/36,1/9,1/12}
	200(t=1/18){1/18,1/9,7/18:1/6,2/9,1/18}
	201(t=1/9){1/18,2/9,5/18:1/6,1/9,1/6}
	0{1/18,5/18,1/6:5/18,1/6,1/18}
	0{1/9,1/6,2/9:1/9,1/6,2/9}
	0{1/6,1/18,5/18:5/18,1/6,1/18}
	201(t=1/9){1/6,1/9,1/6:1/18,2/9,5/18}
	200(t=1/18){1/6,2/9,1/18:1/18,1/9,7/18}
	203(t=1/36){7/36,1/9,1/12:1/36,2/9,13/36}
Triangle: {7/30,7/30,8/15} has 16 rational angle points
	201(t=1/30){1/30,1/6,2/5:1/5,1/15,2/15}
	200(t=1/10){1/15,1/10,13/30:1/6,2/15,1/10}
	106{1/15,2/15,11/30:1/6,1/10,1/6}
	201(t=1/30){1/15,1/5,2/15:1/6,1/30,2/5}
	126{1/12,2/15,19/60:3/20,1/10,13/60}
	200(t=1/10){1/10,1/15,13/30:2/15,1/6,1/10}
	126{1/10,3/20,13/60:2/15,1/12,19/60}
	106{1/10,1/6,1/6:2/15,1/15,11/30}
	106{2/15,1/15,11/30:1/10,1/6,1/6}
	126{2/15,1/12,19/60:1/10,3/20,13/60}
	200(t=1/10){2/15,1/6,1/10:1/10,1/15,13/30}
	126{3/20,1/10,13/60:1/12,2/15,19/60}
	201(t=1/30){1/6,1/30,2/5:1/15,1/5,2/15}
	106{1/6,1/10,1/6:1/15,2/15,11/30}
	200(t=1/10){1/6,2/15,1/10:1/15,1/10,13/30}
	201(t=1/30){1/5,1/15,2/15:1/30,1/6,2/5}
Triangle: {7/30,3/10,7/15} has 25 rational angle points
	201(t=1/30){1/30,1/6,2/5:1/5,2/15,1/15}
	203(t=1/30){1/30,1/5,11/30:1/5,1/10,1/10}
	0{1/30,4/15,1/5:4/15,1/5,1/30}
	200(t=1/15){1/15,1/10,2/5:1/6,1/5,1/15}
	106{1/15,2/15,11/30:1/6,1/6,1/10}
	201(t=1/10){1/15,1/5,4/15:1/6,1/10,1/5}
	110{1/15,4/15,1/10:1/6,1/30,11/30}
	138{1/15,17/60,1/20:1/6,1/60,5/12}
	125{1/12,1/6,17/60:3/20,2/15,11/60}
	111{1/10,1/30,13/30:2/15,4/15,1/30}
	100{1/10,2/15,3/10:2/15,1/6,1/6}
	126{1/10,13/60,3/20:2/15,1/12,19/60}
	0{7/60,3/20,7/30:7/60,3/20,7/30}
	126{2/15,1/12,19/60:1/10,13/60,3/20}
	100{2/15,1/6,1/6:1/10,2/15,3/10}
	111{2/15,4/15,1/30:1/10,1/30,13/30}
	125{3/20,2/15,11/60:1/12,1/6,17/60}
	138{1/6,1/60,5/12:1/15,17/60,1/20}
	110{1/6,1/30,11/30:1/15,4/15,1/10}
	201(t=1/10){1/6,1/10,1/5:1/15,1/5,4/15}
	106{1/6,1/6,1/10:1/15,2/15,11/30}
	200(t=1/15){1/6,1/5,1/15:1/15,1/10,2/5}
	0{1/5,1/30,4/15:4/15,1/5,1/30}
	203(t=1/30){1/5,1/10,1/10:1/30,1/5,11/30}
	201(t=1/30){1/5,2/15,1/15:1/30,1/6,2/5}
Triangle: {5/21,5/14,17/42} has 9 rational angle points
	117{1/14,1/21,8/21:1/6,13/42,1/42}
	201(t=2/21){1/14,11/42,4/21:1/6,2/21,3/14}
	141{1/12,19/84,3/14:13/84,11/84,4/21}
	0{2/21,11/42,1/7:11/42,1/7,2/21}
	0{5/42,5/28,17/84:5/42,5/28,17/84}
	0{1/7,2/21,11/42:11/42,1/7,2/21}
	141{13/84,11/84,4/21:1/12,19/84,3/14}
	201(t=2/21){1/6,2/21,3/14:1/14,11/42,4/21}
	117{1/6,13/42,1/42:1/14,1/21,8/21}
Triangle: {11/42,11/42,10/21} has 14 rational angle points
	0{1/42,5/21,5/21:5/21,5/21,1/42}
	201(t=1/21){1/21,1/6,5/14:3/14,2/21,5/42}
	114{1/21,4/21,13/42:3/14,1/14,1/6}
	200(t=1/14){1/14,2/21,17/42:4/21,1/6,1/14}
	114{1/14,3/14,1/6:4/21,1/21,13/42}
	200(t=1/14){2/21,1/14,17/42:1/6,4/21,1/14}
	201(t=1/21){2/21,3/14,5/42:1/6,1/21,5/14}
	201(t=1/21){1/6,1/21,5/14:2/21,3/14,5/42}
	200(t=1/14){1/6,4/21,1/14:2/21,1/14,17/42}
	114{4/21,1/21,13/42:1/14,3/14,1/6}
	200(t=1/14){4/21,1/6,1/14:1/14,2/21,17/42}
	114{3/14,1/14,1/6:1/21,4/21,13/42}
	201(t=1/21){3/14,2/21,5/42:1/21,1/6,5/14}
	0{5/21,1/42,5/21:5/21,5/21,1/42}
Triangle: {4/15,4/15,7/15} has 14 rational angle points
	0{1/30,7/30,7/30:7/30,7/30,1/30}
	201(t=1/20){1/20,1/6,7/20:13/60,1/10,7/60}
	200(t=1/15){1/15,1/10,2/5:1/5,1/6,1/15}
	200(t=1/15){1/10,1/15,2/5:1/6,1/5,1/15}
	100{1/10,2/15,3/10:1/6,2/15,1/6}
	201(t=1/20){1/10,13/60,7/60:1/6,1/20,7/20}
	100{2/15,1/10,3/10:2/15,1/6,1/6}
	100{2/15,1/6,1/6:2/15,1/10,3/10}
	201(t=1/20){1/6,1/20,7/20:1/10,13/60,7/60}
	100{1/6,2/15,1/6:1/10,2/15,3/10}
	200(t=1/15){1/6,1/5,1/15:1/10,1/15,2/5}
	200(t=1/15){1/5,1/6,1/15:1/15,1/10,2/5}
	201(t=1/20){13/60,1/10,7/60:1/20,1/6,7/20}
	0{7/30,1/30,7/30:7/30,7/30,1/30}
Triangle: {4/15,17/60,9/20} has 11 rational angle points
	203(t=1/20){1/20,2/15,23/60:13/60,3/20,1/15}
	201(t=1/20){1/20,1/6,7/20:13/60,7/60,1/10}
	0{1/20,7/30,13/60:7/30,13/60,1/20}
	136{1/20,4/15,1/12:13/60,1/60,11/30}
	153{13/120,3/20,31/120:19/120,2/15,23/120}
	0{2/15,17/120,9/40:2/15,17/120,9/40}
	153{19/120,2/15,23/120:13/120,3/20,31/120}
	136{13/60,1/60,11/30:1/20,4/15,1/12}
	0{13/60,1/20,7/30:7/30,13/60,1/20}
	201(t=1/20){13/60,7/60,1/10:1/20,1/6,7/20}
	203(t=1/20){13/60,3/20,1/15:1/20,2/15,23/60}
Triangle: {4/15,3/10,13/30} has 17 rational angle points
	109{1/30,7/30,3/10:7/30,1/15,2/15}
	203(t=1/15){1/15,1/15,2/5:1/5,7/30,1/30}
	201(t=1/10){1/15,1/5,4/15:1/5,1/10,1/6}
	0{1/15,7/30,1/5:7/30,1/5,1/15}
	125{1/12,1/6,17/60:11/60,2/15,3/20}
	100{1/10,2/15,3/10:1/6,1/6,2/15}
	201(t=1/15){1/10,7/30,2/15:1/6,1/15,3/10}
	110{1/10,4/15,1/15:1/6,1/30,11/30}
	0{2/15,3/20,13/60:2/15,3/20,13/60}
	110{1/6,1/30,11/30:1/10,4/15,1/15}
	201(t=1/15){1/6,1/15,3/10:1/10,7/30,2/15}
	100{1/6,1/6,2/15:1/10,2/15,3/10}
	125{11/60,2/15,3/20:1/12,1/6,17/60}
	0{1/5,1/15,7/30:7/30,1/5,1/15}
	201(t=1/10){1/5,1/10,1/6:1/15,1/5,4/15}
	203(t=1/15){1/5,7/30,1/30:1/15,1/15,2/5}
	109{7/30,1/15,2/15:1/30,7/30,3/10}
Triangle: {4/15,19/60,5/12} has 9 rational angle points
	127{1/12,1/10,7/20:11/60,13/60,1/15}
	125{1/12,1/6,17/60:11/60,3/20,2/15}
	0{1/12,7/30,11/60:7/30,11/60,1/12}
	128{1/12,4/15,7/60:11/60,1/20,3/10}
	0{2/15,19/120,5/24:2/15,19/120,5/24}
	128{11/60,1/20,3/10:1/12,4/15,7/60}
	0{11/60,1/12,7/30:7/30,11/60,1/12}
	125{11/60,3/20,2/15:1/12,1/6,17/60}
	127{11/60,13/60,1/15:1/12,1/10,7/20}
Triangle: {4/15,11/30,11/30} has 14 rational angle points
	109{1/30,7/30,3/10:7/30,2/15,1/15}
	109{1/30,3/10,7/30:7/30,1/15,2/15}
	201(t=1/10){1/15,1/5,4/15:1/5,1/6,1/10}
	201(t=1/10){1/15,4/15,1/5:1/5,1/10,1/6}
	105{1/10,1/10,3/10:1/6,4/15,1/15}
	105{1/10,3/10,1/10:1/6,1/15,4/15}
	0{2/15,2/15,7/30:7/30,2/15,2/15}
	0{2/15,7/30,2/15:7/30,2/15,2/15}
	105{1/6,1/15,4/15:1/10,3/10,1/10}
	105{1/6,4/15,1/15:1/10,1/10,3/10}
	201(t=1/10){1/5,1/10,1/6:1/15,4/15,1/5}
	201(t=1/10){1/5,1/6,1/10:1/15,1/5,4/15}
	109{7/30,1/15,2/15:1/30,3/10,7/30}
	109{7/30,2/15,1/15:1/30,7/30,3/10}
Triangle: {5/18,5/18,4/9} has 10 rational angle points
	200(t=1/18){1/18,1/9,7/18:2/9,1/6,1/18}
	201(t=1/18){1/18,1/6,1/3:2/9,1/9,1/9}
	0{1/18,2/9,2/9:2/9,2/9,1/18}
	200(t=1/18){1/9,1/18,7/18:1/6,2/9,1/18}
	201(t=1/18){1/9,2/9,1/9:1/6,1/18,1/3}
	201(t=1/18){1/6,1/18,1/3:1/9,2/9,1/9}
	200(t=1/18){1/6,2/9,1/18:1/9,1/18,7/18}
	0{2/9,1/18,2/9:2/9,2/9,1/18}
	201(t=1/18){2/9,1/9,1/9:1/18,1/6,1/3}
	200(t=1/18){2/9,1/6,1/18:1/18,1/9,7/18}
Triangle: {17/60,3/10,5/12} has 11 rational angle points
	136{1/60,13/60,11/30:4/15,1/12,1/20}
	0{1/12,13/60,1/5:13/60,1/5,1/12}
	127{1/10,1/12,7/20:11/60,13/60,1/15}
	126{2/15,1/12,19/60:3/20,13/60,1/10}
	153{2/15,23/120,19/120:3/20,13/120,31/120}
	0{17/120,3/20,5/24:17/120,3/20,5/24}
	153{3/20,13/120,31/120:2/15,23/120,19/120}
	126{3/20,13/60,1/10:2/15,1/12,19/60}
	127{11/60,13/60,1/15:1/10,1/12,7/20}
	0{1/5,1/12,13/60:13/60,1/5,1/12}
	136{4/15,1/12,1/20:1/60,13/60,11/30}
Triangle: {2/7,2/7,3/7} has 18 rational angle points
	203(t=1/14){1/21,1/14,17/42:5/21,3/14,1/42}
	200(t=1/21){1/21,5/42,8/21:5/21,1/6,1/21}
	201(t=5/84){5/84,1/6,9/28:19/84,5/42,3/28}
	203(t=1/14){1/14,1/21,17/42:3/14,5/21,1/42}
	201(t=2/21){1/14,4/21,11/42:3/14,2/21,1/6}
	0{1/14,3/14,3/14:3/14,3/14,1/14}
	201(t=2/21){2/21,3/14,1/6:4/21,1/14,11/42}
	200(t=1/21){5/42,1/21,8/21:1/6,5/21,1/21}
	201(t=5/84){5/42,19/84,3/28:1/6,5/84,9/28}
	201(t=5/84){1/6,5/84,9/28:5/42,19/84,3/28}
	200(t=1/21){1/6,5/21,1/21:5/42,1/21,8/21}
	201(t=2/21){4/21,1/14,11/42:2/21,3/14,1/6}
	0{3/14,1/14,3/14:3/14,3/14,1/14}
	201(t=2/21){3/14,2/21,1/6:1/14,4/21,11/42}
	203(t=1/14){3/14,5/21,1/42:1/14,1/21,17/42}
	201(t=5/84){19/84,5/42,3/28:5/84,1/6,9/28}
	200(t=1/21){5/21,1/6,1/21:1/21,5/42,8/21}
	203(t=1/14){5/21,3/14,1/42:1/21,1/14,17/42}
Triangle: {3/10,7/20,7/20} has 10 rational angle points
	122{1/60,4/15,3/10:17/60,1/12,1/20}
	122{1/60,3/10,4/15:17/60,1/20,1/12}
	201(t=11/120){3/40,11/60,31/120:9/40,1/6,11/120}
	201(t=11/120){3/40,31/120,11/60:9/40,11/120,1/6}
	0{3/20,3/20,1/5:1/5,3/20,3/20}
	0{3/20,1/5,3/20:1/5,3/20,3/20}
	201(t=11/120){9/40,11/120,1/6:3/40,31/120,11/60}
	201(t=11/120){9/40,1/6,11/120:3/40,11/60,31/120}
	122{17/60,1/20,1/12:1/60,3/10,4/15}
	122{17/60,1/12,1/20:1/60,4/15,3/10}
Triangle: {1/3,1/3,1/3} has 12 rational angle points
	102{1/30,7/30,4/15:3/10,1/10,1/15}
	102{1/30,4/15,7/30:3/10,1/15,1/10}
	102{1/15,1/10,3/10:4/15,7/30,1/30}
	102{1/15,3/10,1/10:4/15,1/30,7/30}
	102{1/10,1/15,3/10:7/30,4/15,1/30}
	102{1/10,3/10,1/15:7/30,1/30,4/15}
	102{7/30,1/30,4/15:1/10,3/10,1/15}
	102{7/30,4/15,1/30:1/10,1/15,3/10}
	102{4/15,1/30,7/30:1/15,3/10,1/10}
	102{4/15,7/30,1/30:1/15,1/10,3/10}
	102{3/10,1/15,1/10:1/30,4/15,7/30}
	102{3/10,1/10,1/15:1/30,7/30,4/15}
Max 25 found
