1 1
2 4
3 34
4 81
5 334
6 746
7 2581
8 3334
9 12869
10 33334
11 39581
12 81619
13 333334
14 1245454
15 1249666
16 3333334
17 12496666
18 33333334
19 333333334
20 2261749666
21 3333333334
22 3939100869
23 12851113246
24 22706069919
25 33333333334
26 78493000746
27 235722539581
28 333333333334
29 3333333333334
30 8133364095881
31 25819666275081
32 33333333333334
33 40683677515204
34 124705720222296
35 333333333333334
36 3333333333333334
37 12472031176057954
38 33333333333333334
39 333333333333333334
40 2482270463831785216
41 3333333333333333334
42 12516036335682176169
43 33333333333333333334
44 258100003219026842869
45 333333333333333333334
46 3333333333333333333334
47 33333333333333333333334
48 74240565428619726479296
49 333333333333333333333334
50 3333333333333333333333334
51 33333333333333333333333334
52 333333333333333333333333334
53 3333333333333333333333333334
54 33333333333333333333333333334
55 333333333333333333333333333334
