1 1
2 5
3 11
4 15
5 35
6 39
7 235
8 335
9 461
10 715
11 1235
12 1585
13 2261
14 2285
15 3335
16 12335
17 33335
18 33989
19 34965
20 72285
21 123335
22 333335
23 1101011
24 1233335
25 3333335
26 11054965
27 12333335
28 14579285
29 33333335
30 105934485
31 123333335
32 333333335
33 1074826289
34 1233333335
35 1487118765
36 3333333335
37 3333504485
38 4638162515
39 7453289289
40 12333333335
41 33333333335
42 33333504485
43 34821288765
44 72467379665
45 123333333335
46 124588167665
47 333333333335
48 333333504485
49 1233333333335
50 2263232471765
51 3333333333335
52 3333333504485
53 7247451428711
54 11025027036485
55 12333333333335
56 33333333333335
57 33333333504485
58 74311184301235
59 123333333333335
60 333333333333335
61 333333333504485
62 460603030333335
63 1233333333333335
64 3333333333333335
65 3333333333504485
66 12333333333333335
67 33333333333333335
68 33333333333504485
69 123333333333333335
70 159722338802442489
71 333333333333333335
72 333333333333504485
73 1233333333333333335
74 3333333333333333335
75 3333333333333504485
76 12333333333333333335
77 33333333333333333335
78 33333333333333504485
79 123333333333333333335
80 124588166420914599285
81 150051695267169681235
82 333333333333333333335
83 333333333333333504485
84 1233333333333333333335
85 3333333333333333333335
86 3333333333333333504485
87 12333333333333333333335
88 33333333333333333333335
89 33333333333333333504485
90 34816980372445012123335
91 123333333333333333333335
92 333333333333333333333335
93 333333333333333333504485
94 1102340925268369741032335
95 1233333333333333333333335
96 3333333333333333333333335
97 3333333333333333333504485
98 12333333333333333333333335
99 33333333333333333333333335
100 33333333333333333333504485
101 123333333333333333333333335
102 333333333333333333333333335
103 333333333333333333333504485
104 1233333333333333333333333335
105 3333333333333333333333333335
106 3333333333333333333333504485
107 4638162516046117503822620335
108 12333333333333333333333333335
109 33333333333333333333333333335
110 33333333333333333333333504485
111 123333333333333333333333333335
112 333333333333333333333333333335
113 333333333333333333333333504485
