1 2
2 5
3 15
4 65
5 235
6 665
7 2132
8 2335
9 6515
10 6665
11 23335
12 47162
13 66515
14 66665
15 67485
16 233335
17 235065
18 666515
19 666665
20 2333335
21 6666515
22 6666665
23 23333335
24 64980962
25 66666515
26 66666665
27 233333335
28 666666515
29 666666665
30 2333333335
31 5044357665
32 6666666515
33 6666666665
34 20548611935
35 23333333335
36 23499415832
37 66666666515
38 66666666665
39 74327145415
40 233333333335
41 652246443112
42 666666666515
43 666666666665
44 2333333333335
45 4748216006515
46 6666666666515
47 6666666666665
48 23333333333335
49 66666666666515
50 66666666666665
51 66667251521662
52 233333333333335
53 666666666666515
54 666666666666665
55 674130866764935
56 2333333333333335
57 6666666666666515
58 6666666666666665
59 23333333333333335
60 66666666666666515
61 66666666666666665
62 233333333333333335
63 666666666666666515
64 666666666666666665
65 2333333333333333335
66 6666666666666666515
67 6666666666666666665
68 23333333333333333335
69 66666666666666666515
70 66666666666666666665
71 233333333333333333335
72 666666666666666666515
73 666666666666666666665
74 1566985170463509665838
75 2333333333333333333335
76 5022405325580985229335
77 5042276720337304556485
78 6666666666666666666515
79 6666666666666666666665
80 23333333333333333333335
81 66666666666666666666515
82 66666666666666666666665
83 156602211177063382566485
84 233333333333333333333335
85 473545618135383472428338
86 666666666666666666666515
87 666666666666666666666665
88 2333333333333333333333335
89 6666666666666666666666515
90 6666666666666666666666665
91 23333333333333333333333335
92 66666666666666666666666515
93 66666666666666666666666665
94 212706944938912242495946332
95 233333333333333333333333335
96 666666666666666666666666515
97 666666666666666666666666665
98 2333333333333333333333333335
99 6666666666666666666666666515
100 6666666666666666666666666665
101 23333333333333333333333333335
102 66666666666666666666666666515
103 66666666666666666666666666665
104 233333333333333333333333333335
105 666666666666666666666666666515
106 666666666666666666666666666665
