1 1
2 9
3 11
4 91
5 109
6 359
7 3359
8 15109
9 33359
10 333359
11 3333359
12 14903989
13 15127091
14 28497739
15 33333359
16 90450109
17 333333359
18 3333333359
19 33333333359
20 46023126591
21 333333333359
22 1697404542909
23 3333333333359
24 33333333333359
25 333333333333359
26 3333333333333359
27 28616100692061141
28 33333333333333359
29 33350084135098989
30 333333333333333359
31 1490909832561385391
32 3333333333333333359
33 33333333333333333359
34 34377642169166984891
35 333333333333333333359
36 3333333333333333333359
37 33333333333333333333359
38 333333333333333333333359
39 3333333333333333333333359
40 33333333333333333333333359
41 333333333333333333333333359
42 3333333333333333333333333359
43 33333333333333333333333333359
44 333333333333333333333333333359
