1 1
2 9
3 109
4 901
5 1009
6 9001
7 10009
8 10401
9 90001
10 100009
11 100901
12 900001
13 1000009
14 1004001
15 8954391
16 9000001
17 10000009
18 10009001
19 34351141
20 90000001
21 100000009
22 100040001
23 900000001
24 1000000009
25 1000090001
26 3163554991
27 9000000001
28 10000000009
29 10000400001
30 90000000001
31 100000000009
32 100000900001
33 900000000001
34 1000000000009
35 1000004000001
36 9000000000001
37 10000000000009
38 10000009000001
39 90000000000001
40 100000000000009
41 100000040000001
42 105395351800641
43 900000000000001
44 1000000000000009
45 1000000090000001
46 9000000000000001
47 10000000000000009
48 10000000400000001
49 90000000000000001
50 100000000000000009
51 100000000900000001
52 283160940117244651
53 331680389653656009
54 900000000000000001
55 1000000000000000009
56 1000000004000000001
57 9000000000000000001
58 10000000000000000009
59 10000000009000000001
60 90000000000000000001
61 100000000000000000009
62 100000000040000000001
63 900000000000000000001
64 1000000000000000000009
65 1000000000090000000001
66 9000000000000000000001
67 10000000000000000000009
68 10000000000400000000001
69 90000000000000000000001
70 100000000000000000000009
71 100000000000900000000001
72 900000000000000000000001
73 1000000000000000000000009
74 1000000000004000000000001
75 9000000000000000000000001
76 10000000000000000000000009
77 10000000000009000000000001
78 90000000000000000000000001
79 100000000000000000000000009
80 100000000000040000000000001
81 900000000000000000000000001
82 1000000000000000000000000009
83 1000000000000090000000000001
84 2981276371121751737986262751
85 9000000000000000000000000001
86 10000000000000000000000000009
87 10000000000000400000000000001
88 90000000000000000000000000001
89 100000000000000000000000000009
90 100000000000000900000000000001
91 900000000000000000000000000001
