1 2
2 8
3 68
4 162
5 668
6 5162
7 6668
8 25738
9 66668
10 79162
11 163238
12 666668
13 6666668
14 8041408
15 24993332
16 66666668
17 666666668
18 6666666668
19 8016649092
20 66666666668
21 666666666668
22 6666666666668
23 66666666666668
24 666666666666668
25 6666666666666668
26 14988743331128338
27 66666666666666668
28 211335426908131668
29 666666666666666668
30 4964540927663570432
31 6666666666666666668
32 66666666666666666668
33 666666666666666666668
34 6666666666666666666668
35 8015264452445860907338
36 66666666666666666666668
37 666666666666666666666668
38 1562826497869300353470568
39 6666666666666666666666668
40 47144739098275455895604568
41 66666666666666666666666668
42 163176169897520398456349838
43 666666666666666666666666668
44 6666666666666666666666666668
45 66666666666666666666666666668
46 162062538622046218465618335432
47 666666666666666666666666666668
