1 5
2 15
3 16
4 25
5 75
6 235
7 475
8 515
9 516
10 725
11 5125
12 7525
13 22925
14 23585
15 72475
16 505525
17 515415
18 2501125
19 15008516
20 23711235
21 72267325
22 149081275
23 250133275
24 256032335
25 505228925
26 2294919525
27 5153315075
28 15040686675
29 50222133125
30 79153437465
31 250250405125
32 149205451194875
33 791622148266875
34 237112320688458875
35 257395128676171075
36 745355990494250516
37 7453363177489241484
38 80781591501545428925
39 228618071522411733125
40 237750344316525128700475
41 516291221749568609228465
42 81401637345465395512991484
43 14920674457351323857264196585
44 23508012597117321085533117075
