1 1
2 2
3 11
4 12
5 21
6 38
7 338
8 1488
9 3338
10 11011
11 20521
12 33338
13 210771
14 333338
15 3333338
16 14636332
17 15570521
18 20279162
19 33333338
20 45947921
21 49136668
22 66641662
23 333333338
24 648940838
25 3333333338
26 6412661079
27 14632642079
28 33333333338
29 333333333338
30 2035217738332
31 3333333333338
32 3349941961011
33 33333333333338
34 37701620952079
35 45979608680832
36 333333333333338
37 3333333333333338
38 4705573731461671
39 33333333333333338
40 333333333333333338
41 3333333333333333338
42 33333333333333333338
43 333333333333333333338
44 379766258564954821662
45 3333333333333333333338
46 33333333333333333333338
47 333333333333333333333338
48 3333333333333333333333338
49 33333333333333333333333338
50 333333333333333333333333338
51 1114110597927523626433041668
52 3333333333333333333333333338
53 33333333333333333333333333338
54 333333333333333333333333333338
