1 1
2 2
3 4
4 8
5 12
6 21
7 38
8 108
9 119
10 121
11 129
12 204
13 408
14 804
15 2538
16 3408
17 6642
18 12908
19 25771
20 78196
21 81619
22 333858
23 204000408
24 668164962
25 813118358
26 4018285038
27 12006850738
28 12694138988
29 12706943631
30 40182224262
31 40578463021
32 785153912392
33 1210019200121
34 1210150449796
35 7820780948642
36 80256555130696
37 1201725702673512
38 2155089665098512
39 3383215359182954
40 4076326914204271
41 8151345989538238
42 1290017214657004546
43 375720828696801774892
44 802565644925350914229
45 4051067284576580130696
46 10789398111648380852704
47 105567345643273687982611367608
