1 1
2 2
3 12
4 21
5 38
6 102
7 201
8 1002
9 1049
10 2001
11 10002
12 10679
13 20001
14 20348
15 100002
16 100549
17 200001
18 202512
19 375501
20 643771
21 1000002
22 1020348
23 2000001
24 2002848
25 10000002
26 10200201
27 20000001
28 20024988
29 20100102
30 100000002
31 100202001
32 102000201
33 104930501
34 200000001
35 200101002
36 201000102
37 374701229
38 1000000002
39 1000555348
40 1020000201
41 2000000001
42 2010000102
43 10000000002
44 10002020001
45 10020002001
46 10200000201
47 10204949799
48 20000000001
49 20001010002
50 20010001002
51 20100000102
52 100000000002
53 100020020001
54 100200002001
55 102000000201
56 200000000001
57 200010010002
58 200100001002
59 201000000102
60 316249918751
61 632490395501
62 1000000000002
63 1000020200001
64 1002000002001
65 1020000000201
66 2000000000001
67 2000010100002
68 2001000001002
69 2010000000102
70 3337669861002
71 10000000000002
72 10000200200001
73 10002000020001
74 10020000002001
75 10020180209962
76 10200000000201
77 10681827579652
78 20000000000001
79 20000100100002
80 20001000010002
81 20010000001002
82 20100000000102
83 33333828763602
84 100000000000002
85 100000202000001
86 100002000200001
87 100020000020001
88 100200000002001
89 102000000000201
90 200000000000001
91 200000101000002
92 200001000100002
93 200010000010002
94 200100000001002
95 201000000000102
96 1000000000000002
97 1000002002000001
98 1000200000020001
99 1002000000002001
100 1020000000000201
101 2000000000000001
102 2000001001000002
103 2000100000010002
104 2001000000001002
105 2010000000000102
106 6325349321582201
107 10000000000000002
108 10000002020000001
109 10000020002000001
110 10000200000200001
111 10002000000020001
112 10020000000002001
113 10200000000000201
114 10677612092787462
115 20000000000000001
116 20000001010000002
117 20000010001000002
118 20000100000100002
119 20001000000010002
120 20010000000001002
121 20100000000000102
122 100000000000000002
123 100000020020000001
124 100000200002000001
125 100002000000200001
126 100020000000020001
127 100200000000002001
128 102000000000000201
129 105423154192999799
130 200000000000000001
131 200000010010000002
132 200000100001000002
133 200001000000100002
134 200010000000010002
135 200100000000001002
136 201000000000000102
137 1000000000000000002
138 1000000020200000001
139 1000000200020000001
140 1000020000000200001
141 1000200000000020001
142 1002000000000002001
143 1020000000000000201
144 2000000000000000001
145 2000000010100000002
146 2000000100010000002
147 2000010000000100002
148 2000100000000010002
149 2001000000000001002
150 2010000000000000102
151 3743127183788194652
152 10000000000000000002
153 10000000200200000001
154 10000002000020000001
155 10000020000002000001
156 10000200000000200001
157 10002000000000020001
158 10020000000000002001
159 10200000000000000201
160 20000000000000000001
161 20000000100100000002
162 20000001000010000002
163 20000010000001000002
164 20000100000000100002
165 20001000000000010002
166 20010000000000001002
167 20100000000000000102
168 100000000000000000002
169 100000000202000000001
170 100000002000200000001
171 100000020000020000001
172 100000200000002000001
173 100002000000000200001
174 100020000000000020001
175 100200000000000002001
176 102000000000000000201
177 200000000000000000001
178 200000000101000000002
179 200000001000100000002
180 200000010000010000002
181 200000100000001000002
182 200001000000000100002
183 200010000000000010002
184 200100000000000001002
185 201000000000000000102
186 1000000000000000000002
187 1000000002002000000001
188 1000000020000200000001
189 1000002000000002000001
190 1000020000000000200001
191 1000200000000000020001
192 1002000000000000002001
193 1020000000000000000201
194 2000000000000000000001
195 2000000001001000000002
196 2000000010000100000002
197 2000001000000001000002
198 2000010000000000100002
199 2000100000000000010002
200 2001000000000000001002
201 2010000000000000000102
202 3180252254777039538502
203 10000000000000000000002
204 10000000002020000000001
205 10000000020002000000001
206 10000000200000200000001
207 10000002000000020000001
208 10000020000000002000001
209 10000200000000000200001
210 10002000000000000020001
211 10020000000000000002001
212 10200000000000000000201
213 20000000000000000000001
214 20000000001010000000002
215 20000000010001000000002
216 20000000100000100000002
217 20000001000000010000002
218 20000010000000001000002
219 20000100000000000100002
220 20001000000000000010002
221 20010000000000000001002
222 20100000000000000000102
223 100000000000000000000002
224 100000000020020000000001
225 100000000200002000000001
226 100000002000000200000001
227 100000020000000020000001
228 100000200000000002000001
229 100002000000000000200001
230 100020000000000000020001
231 100200000000000000002001
232 102000000000000000000201
233 200000000000000000000001
234 200000000010010000000002
235 200000000100001000000002
236 200000001000000100000002
237 200000010000000010000002
238 200000100000000001000002
239 200001000000000000100002
240 200010000000000000010002
241 200100000000000000001002
242 201000000000000000000102
243 1000000000000000000000002
244 1000000000020200000000001
245 1000000000200020000000001
246 1000000002000002000000001
247 1000000200000000020000001
248 1000002000000000002000001
249 1000020000000000000200001
250 1000200000000000000020001
251 1002000000000000000002001
252 1020000000000000000000201
253 2000000000000000000000001
254 2000000000010100000000002
255 2000000000100010000000002
256 2000000001000001000000002
257 2000000100000000010000002
258 2000001000000000001000002
259 2000010000000000000100002
260 2000100000000000000010002
261 2001000000000000000001002
262 2010000000000000000000102
263 10000000000000000000000002
264 10000000000200200000000001
265 10000000002000020000000001
266 10000000020000002000000001
267 10000000200000000200000001
268 10000002000000000020000001
269 10000020000000000002000001
270 10000200000000000000200001
271 10002000000000000000020001
272 10020000000000000000002001
273 10200000000000000000000201
274 20000000000000000000000001
275 20000000000100100000000002
276 20000000001000010000000002
277 20000000010000001000000002
278 20000000100000000100000002
279 20000001000000000010000002
280 20000010000000000001000002
281 20000100000000000000100002
282 20001000000000000000010002
283 20010000000000000000001002
284 20100000000000000000000102
285 100000000000000000000000002
286 100000000000202000000000001
287 100000000002000200000000001
288 100000000020000020000000001
289 100000000200000002000000001
290 100000002000000000200000001
291 100000020000000000020000001
292 100000200000000000002000001
293 100002000000000000000200001
294 100020000000000000000020001
295 100200000000000000000002001
296 102000000000000000000000201
297 200000000000000000000000001
298 200000000000101000000000002
299 200000000001000100000000002
300 200000000010000010000000002
301 200000000100000001000000002
302 200000001000000000100000002
303 200000010000000000010000002
304 200000100000000000001000002
305 200001000000000000000100002
306 200010000000000000000010002
307 200100000000000000000001002
308 201000000000000000000000102
309 1000000000000000000000000002
310 1000000000002002000000000001
311 1000000000020000200000000001
312 1000000000200000020000000001
313 1000000020000000000200000001
314 1000000200000000000020000001
315 1000002000000000000002000001
316 1000020000000000000000200001
317 1000200000000000000000020001
318 1002000000000000000000002001
319 1020000000000000000000000201
320 2000000000000000000000000001
321 2000000000001001000000000002
322 2000000000010000100000000002
323 2000000000100000010000000002
324 2000000010000000000100000002
325 2000000100000000000010000002
326 2000001000000000000001000002
327 2000010000000000000000100002
328 2000100000000000000000010002
329 2001000000000000000000001002
330 2010000000000000000000000102
331 10000000000000000000000000002
332 10000000000002020000000000001
333 10000000000020002000000000001
334 10000000000200000200000000001
335 10000000002000000020000000001
336 10000000020000000002000000001
337 10000000200000000000200000001
338 10000002000000000000020000001
339 10000020000000000000002000001
340 10000200000000000000000200001
341 10002000000000000000000020001
342 10020000000000000000000002001
343 10200000000000000000000000201
344 20000000000000000000000000001
345 20000000000001010000000000002
346 20000000000010001000000000002
347 20000000000100000100000000002
348 20000000001000000010000000002
349 20000000010000000001000000002
350 20000000100000000000100000002
351 20000001000000000000010000002
352 20000010000000000000001000002
353 20000100000000000000000100002
354 20001000000000000000000010002
355 20010000000000000000000001002
356 20100000000000000000000000102
357 100000000000000000000000000002
358 100000000000020020000000000001
359 100000000000200002000000000001
360 100000000002000000200000000001
361 100000000020000000020000000001
362 100000000200000000002000000001
363 100000002000000000000200000001
364 100000020000000000000020000001
365 100000200000000000000002000001
366 100002000000000000000000200001
367 100020000000000000000000020001
368 100200000000000000000000002001
369 102000000000000000000000000201
370 200000000000000000000000000001
371 200000000000010010000000000002
372 200000000000100001000000000002
373 200000000001000000100000000002
374 200000000010000000010000000002
375 200000000100000000001000000002
376 200000001000000000000100000002
377 200000010000000000000010000002
378 200000100000000000000001000002
379 200001000000000000000000100002
380 200010000000000000000000010002
381 200100000000000000000000001002
382 201000000000000000000000000102
