1 2
2 3
3 7
4 97
5 212
6 997
7 3148
8 9997
9 20102
10 99997
11 999997
12 2001002
13 3074003
14 9999997
15 99999997
16 200010002
17 999999997
18 9999999997
19 20000100002
20 99999999997
21 953671853653
22 999999999997
23 2000001000002
24 2118984413357
25 2121179131852
26 9999999999997
27 99999999999997
28 200000010000002
29 999999999999997
30 6328428636000007
31 9999999999999997
32 20000000100000002
33 99704560597822753
34 99999999999999997
35 999999999999999997
36 2000000001000000002
37 9999999999999999997
38 99999999999999999997
39 200000000010000000002
40 999999999999999999997
41 3015775265159011230138
42 9999999999999999999997
43 20000000000100000000002
44 99999999999999999999997
45 999999999999999999999997
46 2000000000001000000000002
47 9999999999999999999999997
48 99999999999999999999999997
49 200000000000010000000000002
50 999999999999999999999999997
51 9999999999999999999999999997
52 20000000000000100000000000002
53 99999999999999999999999999997
54 999999999999999999999999999997
