1 5
2 15
3 85
4 165
5 235
6 1665
7 15085
8 16665
9 166665
10 268835
11 1666665
12 5076665
13 16666665
14 52683515
15 165898335
16 166666665
17 278433515
18 507668915
19 850032485
20 1508559835
21 1666666665
22 15085017485
23 16666666665
24 166666666665
25 1666666666665
26 16666666666665
27 160484507843515
28 166666666666665
29 1666666666666665
30 16666666666666665
31 166666666666666665
32 870185357137045415
33 1666666666666666665
34 16666666666666666665
35 166666666666666666665
36 1666666666666666666665
37 16666666666666666666665
38 166666666666666666666665
39 1666666666666666666666665
40 16666666666666666666666665
41 52174924557278712520943915
42 166666666666666666666666665
43 1666666666666666666666666665
44 16666666666666666666666666665
45 166666666666666666666666666665
