count 169 from 68949252217
count 169 from 74120179993
count 169 from 87059566453
count 169 from 74120179997
count 169 from 87059566457
count 169 from 87059566481
count 169 from 185445070747
count 169 from 98244857647
count 169 from 160487768377
count 169 from 19058743211
count 169 from 100280243711
count 169 from 100280243737
count 170 from 100280243741
count 169 from 100280243743
count 169 from 100280243753
count 169 from 100280243771
count 169 from 100280243779
count 169 from 100280243783
count 170 from 100280243797
count 170 from 100280243801
count 169 from 100280243803
count 169 from 100280243809
count 170 from 100280243813
count 169 from 100280243821
count 169 from 100280243827
count 169 from 100280243831
count 169 from 100280243857
count 169 from 127943759737
count 169 from 100280243863
count 169 from 127943759743
count 169 from 100280243867
count 169 from 127943759747
count 169 from 100280243873
count 169 from 100280243879
count 169 from 100280243911
count 169 from 3234845473
count 169 from 44060840683
count 169 from 67931777773
count 170 from 100280243923
count 170 from 113219630383
count 169 from 114112001863
count 169 from 127051388323
count 169 from 127943759803
count 169 from 140883146263
count 169 from 176354912593
count 169 from 189294299053
count 169 from 3234845477
count 169 from 44060840687
count 169 from 67931777777
count 170 from 100280243927
count 170 from 113219630387
count 169 from 114112001867
count 169 from 127051388327
count 169 from 127943759807
count 169 from 140883146267
count 169 from 100280243929
count 169 from 113219630389
count 169 from 100280243933
count 169 from 113219630393
count 169 from 100280243939
count 169 from 113219630399
count 169 from 2565566891
count 169 from 22643925191
count 169 from 23313203801
count 170 from 36475683131
count 169 from 44060840711
count 169 from 49415069591
count 169 from 50307441071
count 169 from 56777134301
count 169 from 92471993501
count 169 from 100280243951
count 169 from 112550351801
count 170 from 113219630411
count 169 from 114112001891
count 169 from 120135509381
count 170 from 127051388351
count 169 from 127943759831
count 170 from 140883146291
count 169 from 189294299081
count 169 from 113219630413
count 169 from 140883146293
count 169 from 36475683137
count 169 from 127051388357
count 169 from 36475683149
count 169 from 127051388369
count 169 from 36475683161
count 169 from 127051388381
count 169 from 36475683193
count 169 from 68824149343
count 170 from 127051388413
count 169 from 140883146353
count 169 from 127051388417
count 169 from 59677342783
count 170 from 73509100723
count 169 from 131736339793
count 169 from 164084805943
count 169 from 73509100727
count 169 from 73509100751
count 169 from 164084805971
count 169 from 73509100771
count 169 from 164084805991
count 169 from 11266190051
count 170 from 59677342841
count 169 from 72616729301
count 170 from 73509100781
count 169 from 80424979751
count 169 from 86448487241
count 169 from 88010137331
count 169 from 108088495631
count 169 from 143783354831
count 169 from 150253048061
count 169 from 151145419541
count 169 from 156499648421
count 170 from 164084806001
count 169 from 177247285331
count 169 from 197994922241
count 169 from 59677342843
count 169 from 73509100783
count 170 from 87340858723
count 169 from 100280245183
count 169 from 164084806003
count 169 from 177916563943
count 169 from 87340858727
count 169 from 87340858733
count 169 from 100280245193
count 169 from 87340858739
count 169 from 100280245199
count 169 from 59677342867
count 169 from 72616729327
count 169 from 73509100807
count 169 from 86448487267
count 170 from 87340858747
count 170 from 100280245207
count 169 from 132628711357
count 169 from 156499648447
count 169 from 197325643657
count 169 from 11266190081
count 169 from 24205576541
count 169 from 59677342871
count 169 from 72616729331
count 169 from 73509100811
count 169 from 86448487271
count 170 from 87340858751
count 170 from 100280245211
count 169 from 132628711361
count 169 from 156499648451
count 169 from 197325643661
count 169 from 87340858753
count 169 from 100280245213
count 169 from 100280245223
count 169 from 100280245253
count 169 from 100280245259
count 169 from 72616729387
count 169 from 100280245267
count 169 from 72616729391
count 169 from 100280245271
count 169 from 72616729397
count 169 from 100280245277
count 169 from 100280245301
count 169 from 100280245309
count 170 from 100280245319
count 169 from 100280245321
count 169 from 100280245327
count 170 from 100280245333
count 170 from 100280245339
count 169 from 100280245343
count 169 from 100280245349
count 169 from 100280245357
count 169 from 100280245361
count 169 from 100280245379
count 170 from 100280245391
count 169 from 100280245393
count 169 from 100280245397
count 169 from 100280245421
count 169 from 181501745921
count 169 from 40072720757
count 169 from 102315631487
count 169 from 15115418387
count 169 from 113500922653
count 169 from 113500922677
count 169 from 126440309137
count 169 from 113500922681
count 169 from 126440309141
count 169 from 131611236917
count 169 from 200560489447
count 169 from 200560489453
count 169 from 200560489469
count 169 from 200560489511
count 170 from 200560489607
count 169 from 200560489609
count 170 from 200560489621
count 170 from 200560489627
count 170 from 200560489631
count 170 from 200560489639
count 170 from 200560489643
count 169 from 200560489651
count 170 from 200560489663
count 169 from 200560489667
count 169 from 200560489751
count 169 from 200560489793
count 169 from 200560489813
count 169 from 200560489817
