00:{ 0 0 0 0 }
01:{ 1 0 0 0 }
02:{ 0 1 0 0 }
03:{ 1 1 0 0 }
04:{ 0 0 1 0 }
05:{ 1 0 1 0 }
06:{ 0 1 1 0 }
07:{ 1 1 1 0 }
08:{ 0 0 2 0 }
09:{ 1 0 2 0 }
10:{ 0 1 2 0 }
11:{ 1 1 2 0 }
12:{ 0 0 0 1 }
13:{ 1 0 0 1 }
14:{ 0 1 0 1 }
15:{ 1 1 0 1 }
16:{ 0 0 1 1 }
17:{ 1 0 1 1 }
18:{ 0 1 1 1 }
19:{ 1 1 1 1 }
20:{ 0 0 2 1 }
21:{ 1 0 2 1 }
22:{ 0 1 2 1 }
23:{ 1 1 2 1 }
24:{ 0 0 0 2 }
25:{ 1 0 0 2 }
26:{ 0 1 0 2 }
27:{ 1 1 0 2 }
28:{ 0 0 1 2 }
29:{ 1 0 1 2 }
30:{ 0 1 1 2 }
31:{ 1 1 1 2 }
32:{ 0 0 2 2 }
33:{ 1 0 2 2 }
34:{ 0 1 2 2 }
35:{ 1 1 2 2 }
Total 9200 rows found

Sol:
03,29,23,18,04,28,
31,20,16,07,19,12,
32,06,26,25,11,05,
00,01,02,33,34,35,
30,22,17,08,13,15,
09,27,21,14,24,10,

Sol:
03,29,23,18,04,28,
30,20,17,07,19,12,
32,06,26,25,11,05,
00,01,02,33,34,35,
31,22,16,08,13,15,
09,27,21,14,24,10,

Sol:
03,29,18,23,28,04,
09,22,24,14,25,11,
00,01,34,33,02,35,
31,20,07,12,19,16,
32,06,05,15,21,26,
30,27,17,08,10,13,

Sol:
03,29,28,18,23,04,
09,22,14,19,25,16,
00,01,34,33,02,35,
31,20,07,12,24,11,
32,06,05,15,21,26,
30,27,17,08,10,13,

Sol:
03,29,28,18,04,23,
09,22,15,14,24,21,
32,06,05,17,19,26,
31,27,10,16,13,08,
00,01,35,33,34,02,
30,20,12,07,11,25,

Sol:
31,20,21,12,14,07,
03,29,23,18,04,28,
00,01,02,33,35,34,
09,22,25,10,24,15,
32,06,26,19,17,05,
30,27,08,13,11,16,

Sol:
03,23,28,18,04,29,
30,21,05,19,24,06,
32,17,14,08,07,27,
09,26,11,12,25,22,
00,02,34,33,35,01,
31,16,13,15,10,20,

Sol:
32,22,25,14,07,05,
03,29,23,18,04,28,
00,01,02,35,33,34,
09,27,24,08,26,11,
30,06,21,17,19,12,
31,20,10,13,16,15,

Sol:
03,29,23,04,18,28,
32,22,24,15,05,07,
30,06,21,19,16,13,
00,01,02,33,35,34,
09,20,25,26,14,11,
31,27,10,08,17,12,

Sol:
31,19,17,08,24,06,
00,02,34,33,35,01,
03,28,23,18,04,29,
32,10,12,13,11,27,
30,25,05,07,16,22,
09,21,14,26,15,20,

Sol:
31,17,08,12,10,27,
00,02,34,33,35,01,
32,21,19,14,13,06,
03,23,04,28,18,29,
30,16,25,07,05,22,
09,26,15,11,24,20,

Sol:
31,17,12,08,10,27,
00,02,34,33,35,01,
32,21,19,14,13,06,
03,23,04,28,18,29,
30,16,25,07,05,22,
09,26,11,15,24,20,

Sol:
03,29,23,04,18,28,
31,20,19,13,14,08,
32,06,16,11,25,15,
09,27,21,26,10,12,
00,01,02,34,33,35,
30,22,24,17,05,07,

Sol:
03,29,23,04,18,28,
09,27,21,26,10,12,
32,06,16,11,25,15,
30,22,24,17,05,07,
00,01,02,33,34,35,
31,20,19,14,13,08,

Sol:
03,23,04,18,28,29,
30,21,07,12,13,22,
31,08,24,10,05,27,
09,26,19,17,14,20,
00,02,35,33,34,01,
32,25,16,15,11,06,

Sol:
31,24,10,08,05,27,
00,02,35,33,34,01,
30,21,13,12,07,22,
03,28,04,23,18,29,
32,19,17,15,16,06,
09,11,26,14,25,20,

Sol:
32,22,16,15,07,13,
00,01,02,33,35,34,
03,29,23,18,04,28,
31,27,24,10,08,05,
30,06,21,12,25,11,
09,20,19,17,26,14,

Sol:
03,29,23,18,04,28,
32,22,19,13,07,12,
30,06,16,17,25,11,
00,01,02,33,35,34,
09,20,21,14,26,15,
31,27,24,10,08,05,

Sol:
03,29,23,18,04,28,
32,22,19,12,07,13,
30,06,16,17,25,11,
00,01,02,33,35,34,
09,20,21,15,26,14,
31,27,24,10,08,05,

Sol:
32,06,19,13,25,10,
03,29,04,18,23,28,
09,22,17,16,26,15,
30,27,24,11,08,05,
00,01,34,35,02,33,
31,20,07,12,21,14,

Sol:
32,06,07,13,21,26,
03,29,28,18,23,04,
09,22,14,16,25,19,
30,27,08,11,24,05,
00,01,33,35,02,34,
31,20,15,12,10,17,

Sol:
09,22,25,14,19,16,
32,06,21,13,26,07,
30,27,24,08,11,05,
03,29,23,18,04,28,
00,01,02,35,33,34,
31,20,10,17,12,15,

Sol:
09,22,25,19,14,16,
32,06,21,13,26,07,
30,27,24,08,11,05,
03,29,23,18,04,28,
00,01,02,35,33,34,
31,20,10,12,17,15,

Sol:
32,06,19,07,25,16,
03,29,04,28,23,18,
30,27,11,08,24,05,
09,20,26,14,21,15,
00,01,33,35,02,34,
31,22,12,13,10,17,

Sol:
00,01,34,33,02,35,
09,22,25,07,26,16,
32,06,19,13,21,14,
30,27,08,24,11,05,
31,20,15,10,17,12,
03,29,04,18,28,23,

Sol:
00,01,02,33,34,35,
31,20,10,07,13,24,
32,27,19,14,08,05,
03,29,28,23,18,04,
30,06,25,16,17,11,
09,22,21,12,15,26,

Sol:
00,01,02,33,34,35,
31,20,24,07,13,10,
32,27,19,14,08,05,
03,29,28,23,18,04,
30,06,11,16,17,25,
09,22,21,12,15,26,

Sol:
30,21,17,15,16,06,
00,02,35,34,33,01,
09,11,25,12,26,22,
03,28,04,23,18,29,
32,19,14,08,05,27,
31,24,10,13,07,20,

Sol:
00,01,02,33,34,35,
31,20,10,07,13,24,
30,27,21,14,08,05,
03,29,28,23,18,04,
32,06,25,16,15,11,
09,22,19,12,17,26,

Sol:
00,01,34,35,33,02,
09,22,26,13,11,24,
32,06,19,16,07,25,
31,20,17,15,12,10,
03,29,04,18,28,23,
30,27,05,08,14,21,

Sol:
00,01,02,33,34,35,
31,20,19,12,13,10,
30,27,21,14,08,05,
03,29,28,23,18,04,
32,06,11,16,15,25,
09,22,24,07,17,26,

Sol:
00,01,02,33,34,35,
31,20,24,07,13,10,
30,27,21,14,08,05,
03,29,28,23,18,04,
32,06,11,16,15,25,
09,22,19,12,17,26,

Sol:
00,01,35,34,33,02,
31,22,05,08,14,25,
09,27,26,17,16,10,
30,20,11,13,12,19,
03,29,04,18,23,28,
32,06,24,15,07,21,

Sol:
00,01,33,34,02,35,
31,22,14,08,25,05,
03,29,23,18,28,04,
32,27,12,13,10,11,
30,06,07,17,21,24,
09,20,16,15,19,26,

Sol:
00,01,34,35,02,33,
09,22,13,11,26,24,
30,27,19,05,16,08,
03,29,04,28,23,18,
32,06,25,14,21,07,
31,20,10,12,17,15,

Sol:
00,01,34,35,02,33,
09,22,11,13,26,24,
30,27,19,05,16,08,
03,29,04,28,23,18,
32,06,25,14,21,07,
31,20,12,10,17,15,

Sol:
00,01,02,34,35,33,
32,27,19,05,10,12,
30,06,21,15,17,16,
31,22,24,08,13,07,
09,20,11,25,26,14,
03,29,28,18,04,23,

Sol:
00,01,35,33,02,34,
31,22,24,07,08,13,
32,06,15,16,25,11,
09,20,17,19,26,14,
30,27,10,12,21,05,
03,29,04,18,23,28,

Sol:
03,29,28,04,18,23,
09,20,19,26,15,16,
30,27,21,10,05,12,
31,22,24,13,08,07,
00,01,02,35,34,33,
32,06,11,17,25,14,

Sol:
00,01,34,35,02,33,
30,27,11,08,17,12,
09,22,19,14,16,25,
03,29,04,28,23,18,
32,06,24,15,21,07,
31,20,13,05,26,10,

Sol:
03,29,04,28,23,18,
30,20,10,05,25,15,
00,01,35,34,02,33,
32,27,13,14,08,11,
31,06,24,07,21,16,
09,22,19,17,26,12,

Sol:
31,20,05,12,26,11,
00,01,33,35,02,34,
30,27,10,17,08,13,
09,22,14,16,25,19,
03,29,28,18,23,04,
32,06,15,07,21,24,

Sol:
31,10,08,12,17,27,
00,02,35,33,34,01,
32,25,19,07,16,06,
03,23,04,28,18,29,
30,24,13,11,05,22,
09,21,26,14,15,20,

Sol:
03,29,23,04,18,28,
30,22,24,11,05,13,
32,06,25,19,16,07,
00,01,02,33,35,34,
09,20,21,26,14,15,
31,27,10,12,17,08,

Sol:
31,10,12,08,17,27,
00,02,33,35,34,01,
32,25,19,07,16,06,
03,23,04,28,18,29,
30,24,11,13,05,22,
09,21,26,14,15,20,

Sol:
00,01,35,33,34,02,
30,22,08,15,13,17,
31,06,25,10,12,21,
09,20,19,24,07,26,
03,29,04,18,23,28,
32,27,14,05,16,11,

Sol:
00,02,35,33,34,01,
32,11,14,05,16,27,
30,21,25,10,13,06,
09,26,19,24,07,20,
03,28,04,18,23,29,
31,17,08,15,12,22,

Sol:
00,02,35,33,34,01,
03,23,04,18,28,29,
30,21,25,10,13,06,
09,26,19,24,07,20,
32,16,14,05,11,27,
31,17,08,15,12,22,

Sol:
30,20,05,14,25,11,
00,01,35,33,02,34,
09,22,26,15,21,12,
31,27,16,08,10,13,
03,29,04,28,23,18,
32,06,19,07,24,17,

Sol:
03,29,18,28,04,23,
09,22,14,13,26,21,
31,06,16,08,19,25,
32,27,17,07,12,10,
00,01,35,34,33,02,
30,20,05,15,11,24,

Sol:
03,29,23,04,18,28,
30,20,24,05,15,11,
31,27,16,10,08,13,
09,22,19,26,17,12,
00,01,02,35,33,34,
32,06,21,25,14,07,

Sol:
00,01,02,34,35,33,
32,22,19,05,15,12,
30,06,21,24,17,07,
31,27,10,13,08,16,
09,20,25,11,26,14,
03,29,28,18,04,23,

Sol:
30,22,21,12,15,05,
03,29,23,28,04,18,
00,01,02,34,35,33,
09,20,25,11,26,14,
32,06,24,07,17,19,
31,27,10,13,08,16,

Sol:
32,22,19,05,14,13,
03,29,23,28,04,18,
00,01,02,35,34,33,
09,27,16,10,17,26,
30,06,21,15,25,08,
31,20,24,12,11,07,

Sol:
03,23,04,18,28,29,
30,21,14,05,13,22,
31,08,17,10,12,27,
09,26,19,24,07,20,
00,02,35,33,34,01,
32,25,16,15,11,06,

Sol:
00,01,35,33,34,02,
30,22,14,05,13,21,
31,06,25,10,16,17,
09,20,19,24,07,26,
03,29,04,18,23,28,
32,27,08,15,12,11,

Sol:
09,26,19,07,24,20,
32,16,25,15,11,06,
03,23,04,28,18,29,
30,21,13,14,05,22,
00,02,34,33,35,01,
31,17,10,08,12,27,

Sol:
00,01,34,35,02,33,
09,27,08,11,26,24,
30,22,19,05,16,13,
03,29,04,28,23,18,
32,06,25,14,21,07,
31,20,15,12,17,10,

Sol:
00,01,34,35,02,33,
09,27,11,08,26,24,
30,22,19,05,16,13,
03,29,04,28,23,18,
32,06,25,14,21,07,
31,20,12,15,17,10,

Sol:
00,01,02,33,34,35,
32,27,11,12,13,10,
30,20,21,14,15,05,
03,29,28,23,18,04,
31,06,19,16,08,25,
09,22,24,07,17,26,

Sol:
00,01,02,33,34,35,
30,20,21,14,15,05,
32,27,11,12,10,13,
03,29,28,23,04,18,
31,06,19,16,25,08,
09,22,24,07,17,26,

Sol:
00,01,02,33,34,35,
30,20,19,16,15,05,
32,27,11,12,10,13,
03,29,28,23,04,18,
31,06,21,14,25,08,
09,22,24,07,17,26,

Sol:
03,29,28,18,23,04,
09,22,14,19,24,17,
00,01,35,33,02,34,
30,21,07,12,20,15,
32,06,05,10,25,27,
31,26,16,13,11,08,

Sol:
03,29,04,28,18,23,
09,22,19,15,24,16,
30,26,08,11,13,17,
31,21,14,12,07,20,
00,01,35,34,33,02,
32,06,25,05,10,27,

Sol:
03,29,04,28,18,23,
09,22,19,15,24,16,
31,21,12,14,07,20,
30,26,11,08,13,17,
00,01,34,35,33,02,
32,06,25,05,10,27,

Sol:
03,29,28,18,23,04,
09,22,14,24,17,19,
31,26,08,13,16,11,
00,01,35,33,02,34,
32,06,05,10,27,25,
30,21,15,07,20,12,

Sol:
03,29,18,28,23,04,
09,22,24,14,17,19,
31,26,08,13,16,11,
00,01,35,33,02,34,
32,06,05,10,27,25,
30,21,15,07,20,12,

Sol:
00,02,34,35,33,01,
30,25,07,12,10,21,
09,20,19,16,15,26,
32,27,24,11,05,06,
03,23,04,18,28,29,
31,08,17,13,14,22,

Sol:
03,23,04,28,18,29,
09,16,19,14,25,22,
32,27,24,11,05,06,
31,20,08,07,13,26,
00,02,35,33,34,01,
30,17,15,12,10,21,

Sol:
03,29,28,18,23,04,
09,22,14,19,24,17,
00,01,35,33,02,34,
30,21,07,12,25,10,
32,06,05,15,20,27,
31,26,16,08,11,13,

Sol:
00,02,34,35,33,01,
30,25,07,12,10,21,
32,27,19,16,05,06,
09,20,24,11,15,26,
03,23,04,18,28,29,
31,08,17,13,14,22,

Sol:
03,29,23,04,28,18,
09,26,24,25,10,11,
31,06,20,27,05,16,
30,21,17,08,15,14,
00,01,02,34,35,33,
32,22,19,07,12,13,

Sol:
03,23,04,28,18,29,
09,16,19,14,25,22,
31,20,24,11,13,06,
32,27,08,07,05,26,
00,02,35,33,34,01,
30,17,15,12,10,21,

Sol:
31,20,24,11,13,06,
00,02,34,35,33,01,
32,25,07,05,10,26,
03,23,04,28,18,29,
09,27,17,14,16,22,
30,08,19,12,15,21,

Sol:
31,20,24,11,13,06,
00,02,34,35,33,01,
32,25,07,05,10,26,
03,23,04,28,18,29,
09,27,19,12,16,22,
30,08,17,14,15,21,

Sol:
03,29,23,18,04,28,
32,26,24,05,11,07,
09,22,20,12,27,15,
00,01,02,35,34,33,
30,21,17,10,13,14,
31,06,19,25,16,08,

Sol:
32,22,27,12,07,05,
03,29,23,18,04,28,
00,01,02,35,34,33,
09,26,25,11,24,10,
31,06,20,16,17,15,
30,21,08,13,19,14,

Sol:
32,26,20,15,05,07,
03,29,23,18,04,28,
00,01,02,33,34,35,
09,21,24,10,27,14,
30,06,25,17,19,08,
31,22,11,12,16,13,

Sol:
03,29,23,18,04,28,
32,26,16,07,19,05,
31,06,20,25,11,12,
00,01,02,33,34,35,
30,22,17,08,13,15,
09,21,27,14,24,10,

Sol:
32,06,11,12,19,25,
03,29,04,28,23,18,
09,21,27,10,24,14,
31,26,16,07,20,05,
00,01,34,33,02,35,
30,22,13,15,17,08,

Sol:
03,29,23,04,28,18,
09,22,24,27,08,15,
32,06,17,25,14,11,
00,01,02,34,35,33,
30,21,19,10,13,12,
31,26,20,05,07,16,

Sol:
03,29,23,28,04,18,
09,26,20,10,27,13,
31,22,24,05,07,16,
00,01,02,33,34,35,
30,21,19,15,08,12,
32,06,17,14,25,11,

Sol:
03,29,23,18,04,28,
30,26,20,17,07,05,
31,22,08,15,16,13,
00,01,02,33,35,34,
09,21,27,10,24,14,
32,06,25,12,19,11,

Sol:
32,16,27,11,13,06,
00,02,35,33,34,01,
30,20,17,05,07,26,
03,23,04,18,28,29,
09,25,10,24,15,22,
31,19,12,14,08,21,

Sol:
32,16,27,11,13,06,
00,02,33,35,34,01,
30,20,17,05,07,26,
03,23,04,18,28,29,
09,25,10,24,15,22,
31,19,14,12,08,21,

Sol:
32,16,11,27,13,06,
00,02,35,33,34,01,
30,20,17,05,07,26,
03,23,04,18,28,29,
09,25,24,10,15,22,
31,19,14,12,08,21,

Sol:
09,22,24,15,19,16,
32,06,20,13,27,07,
31,26,25,08,10,05,
03,29,23,18,04,28,
00,01,02,34,33,35,
30,21,11,17,12,14,

Sol:
32,06,19,13,25,10,
03,29,04,18,23,28,
09,22,16,17,27,14,
31,26,24,11,08,05,
00,01,35,34,02,33,
30,21,07,12,20,15,

Sol:
00,01,02,34,35,33,
09,22,27,17,16,14,
30,21,25,07,12,10,
32,06,20,19,13,15,
31,26,08,24,11,05,
03,29,23,04,18,28,

Sol:
00,01,35,33,34,02,
30,22,08,05,13,27,
31,06,25,10,16,17,
09,26,19,24,07,20,
03,29,04,18,23,28,
32,21,14,15,12,11,

Sol:
03,29,28,04,23,18,
31,22,25,14,05,08,
09,26,20,27,07,16,
00,01,02,33,34,35,
30,21,19,10,12,13,
32,06,11,17,24,15,

Sol:
32,17,25,11,14,06,
00,02,34,35,33,01,
09,24,27,13,10,22,
03,23,04,18,28,29,
31,19,08,16,05,26,
30,20,07,12,15,21,

Sol:
32,17,11,25,14,06,
00,02,35,34,33,01,
09,24,27,13,10,22,
03,23,04,18,28,29,
31,19,16,08,05,26,
30,20,12,07,15,21,

Sol:
03,23,04,28,18,29,
30,08,19,05,17,26,
09,27,24,10,14,21,
32,25,16,15,11,06,
00,02,35,34,33,01,
31,20,07,13,12,22,

Sol:
03,23,04,28,18,29,
30,08,19,05,17,26,
09,27,24,10,13,22,
32,25,16,15,11,06,
00,02,35,33,34,01,
31,20,07,14,12,21,

Sol:
32,20,27,07,13,06,
00,02,33,35,34,01,
30,19,17,05,08,26,
03,28,04,18,23,29,
09,25,10,24,15,22,
31,11,14,16,12,21,

Sol:
03,29,28,04,23,18,
09,22,25,10,15,24,
30,26,19,17,08,05,
00,01,02,33,34,35,
31,21,20,14,12,07,
32,06,11,27,13,16,

Sol:
03,29,23,18,04,28,
30,26,17,08,19,05,
31,06,20,25,11,12,
00,01,02,33,34,35,
32,22,16,07,13,15,
09,21,27,14,24,10,

Sol:
32,16,27,11,13,06,
00,02,35,33,34,01,
30,19,17,05,08,26,
03,23,04,18,28,29,
09,25,10,24,15,22,
31,20,12,14,07,21,

Sol:
32,16,27,11,13,06,
00,02,33,35,34,01,
30,19,17,05,08,26,
03,23,04,18,28,29,
09,25,10,24,15,22,
31,20,14,12,07,21,

Sol:
32,16,11,27,13,06,
00,02,35,33,34,01,
30,19,17,05,08,26,
03,23,04,18,28,29,
09,25,24,10,15,22,
31,20,14,12,07,21,

Sol:
03,29,28,04,23,18,
31,26,20,13,08,07,
09,22,17,19,14,24,
30,21,27,10,12,05,
00,01,02,34,33,35,
32,06,11,25,15,16,

Sol:
03,29,28,04,23,18,
31,22,17,14,13,08,
09,26,20,19,07,24,
00,01,02,33,34,35,
30,21,27,10,12,05,
32,06,11,25,16,15,

Sol:
03,29,23,04,28,18,
31,22,17,14,13,08,
09,26,20,19,07,24,
00,01,02,33,34,35,
30,21,27,10,12,05,
32,06,16,25,11,15,

Sol:
00,01,33,34,35,02,
09,22,24,07,16,27,
30,21,15,08,14,17,
32,06,19,25,12,11,
03,29,04,18,23,28,
31,26,10,13,05,20,

Sol:
03,29,28,04,23,18,
30,22,25,10,05,13,
09,26,20,27,07,16,
00,01,02,33,34,35,
31,21,19,14,12,08,
32,06,11,17,24,15,

Sol:
32,21,19,07,12,14,
03,29,23,04,18,28,
00,01,02,33,34,35,
30,22,25,10,13,05,
31,06,16,27,17,08,
09,26,20,24,11,15,

Sol:
00,01,02,34,35,33,
03,29,23,28,04,18,
31,26,20,07,08,13,
09,22,25,19,16,14,
32,06,11,12,27,17,
30,21,24,05,15,10,

Sol:
03,23,28,18,04,29,
31,20,07,13,08,26,
09,25,14,19,16,22,
32,11,17,12,27,06,
00,02,34,33,35,01,
30,24,05,10,15,21,

Sol:
03,23,28,18,04,29,
31,20,13,07,08,26,
09,19,14,25,16,22,
32,17,11,12,27,06,
00,02,34,33,35,01,
30,24,05,10,15,21,

Sol:
31,26,20,12,11,05,
03,29,23,18,04,28,
00,01,02,33,35,34,
09,21,27,10,24,14,
32,06,25,19,16,07,
30,22,08,13,15,17,

Sol:
03,29,23,18,04,28,
32,26,17,05,11,14,
09,22,20,12,27,15,
00,01,02,35,34,33,
30,21,24,10,13,07,
31,06,19,25,16,08,

Sol:
31,22,20,12,15,05,
03,29,23,18,04,28,
00,01,02,33,35,34,
09,21,27,10,24,14,
32,06,25,19,16,07,
30,26,08,13,11,17,

Sol:
00,01,02,35,34,33,
31,22,20,15,05,12,
03,29,23,04,18,28,
09,21,27,24,10,14,
32,06,16,19,25,07,
30,26,17,08,13,11,

Sol:
00,01,02,35,34,33,
31,22,16,19,05,12,
03,29,23,04,18,28,
09,21,27,24,10,14,
32,06,20,15,25,07,
30,26,17,08,13,11,

Sol:
30,22,05,12,17,19,
09,21,10,14,27,24,
31,26,13,08,20,07,
03,29,18,23,28,04,
00,01,34,33,02,35,
32,06,25,15,11,16,

Sol:
03,29,04,23,18,28,
09,21,24,14,10,27,
32,06,15,16,25,11,
30,22,19,12,05,17,
00,01,35,33,34,02,
31,26,08,07,13,20,

Sol:
03,29,28,04,23,18,
31,26,20,13,08,07,
30,22,17,19,12,05,
09,21,27,10,14,24,
00,01,02,34,33,35,
32,06,11,25,15,16,

Sol:
00,01,02,35,34,33,
30,22,17,05,19,12,
09,21,27,24,10,14,
31,26,20,08,13,07,
32,06,11,15,25,16,
03,29,28,18,04,23,

Sol:
03,23,04,28,18,29,
31,16,27,08,17,06,
09,20,24,15,11,26,
30,25,10,07,12,21,
00,02,35,34,33,01,
32,19,05,13,14,22,

Sol:
03,29,23,04,18,28,
31,22,20,05,14,13,
09,26,24,19,17,10,
30,21,11,16,15,12,
00,01,02,34,33,35,
32,06,25,27,08,07,

Sol:
03,29,04,28,18,23,
31,22,13,05,14,20,
09,26,10,19,17,24,
30,21,16,12,15,11,
00,01,35,34,33,02,
32,06,27,07,08,25,

Sol:
03,29,23,04,18,28,
31,22,20,05,14,13,
30,21,16,11,15,12,
09,26,19,24,17,10,
00,01,02,34,33,35,
32,06,25,27,08,07,

Sol:
30,21,14,05,20,15,
00,01,35,34,02,33,
31,26,17,11,08,12,
09,22,16,24,27,07,
03,29,04,18,23,28,
32,06,19,13,25,10,

Sol:
03,23,28,18,04,29,
31,24,07,13,08,22,
32,11,12,17,27,06,
09,25,19,10,16,26,
00,02,34,33,35,01,
30,20,05,14,15,21,

Sol:
32,06,07,11,24,25,
00,01,35,33,02,34,
03,29,28,18,23,04,
09,26,08,15,20,27,
30,21,14,16,19,05,
31,22,13,12,17,10,

Sol:
03,29,04,23,18,28,
09,21,24,14,10,27,
30,22,15,16,05,17,
32,06,19,12,25,11,
00,01,35,33,34,02,
31,26,08,07,13,20,

Sol:
03,28,29,18,04,23,
09,22,19,15,24,16,
31,06,20,17,26,05,
32,27,10,13,11,12,
00,01,02,34,33,35,
30,21,25,08,07,14,

Sol:
32,27,11,14,08,13,
03,28,23,29,18,04,
00,01,02,34,35,33,
30,21,25,07,12,10,
31,06,20,05,17,26,
09,22,24,16,15,19,

Sol:
03,28,18,23,29,04,
09,21,10,15,26,24,
00,01,34,33,02,35,
32,27,05,14,20,07,
30,06,25,08,17,19,
31,22,13,12,11,16,

Sol:
03,28,04,18,23,29,
31,22,08,13,12,19,
32,27,07,14,05,20,
00,01,35,33,34,02,
30,06,25,17,16,11,
09,21,26,10,15,24,

Sol:
32,22,05,15,24,07,
00,01,34,33,02,35,
09,27,10,16,17,26,
03,28,29,18,23,04,
31,21,14,12,19,08,
30,06,13,11,20,25,

Sol:
31,22,16,07,05,24,
32,06,25,15,10,17,
03,28,04,29,18,23,
09,27,11,12,26,20,
00,01,35,34,33,02,
30,21,14,08,13,19,

Sol:
00,01,35,33,02,34,
09,22,25,07,26,16,
32,06,19,13,20,15,
30,27,08,24,11,05,
31,21,14,10,17,12,
03,28,04,18,29,23,

Sol:
00,01,02,33,35,34,
32,22,19,13,07,12,
31,06,17,16,25,10,
30,27,24,11,08,05,
09,21,20,14,26,15,
03,28,23,18,04,29,

Sol:
00,01,02,33,35,34,
32,22,19,12,07,13,
31,06,17,16,25,10,
30,27,24,11,08,05,
09,21,20,15,26,14,
03,28,23,18,04,29,

Sol:
32,27,19,05,08,14,
00,01,02,34,35,33,
30,21,10,12,15,17,
03,28,29,23,18,04,
31,06,20,24,13,11,
09,22,25,07,16,26,

Sol:
03,28,04,23,18,29,
09,22,25,12,26,11,
32,27,14,08,05,19,
30,21,10,13,07,24,
00,01,35,34,33,02,
31,06,17,15,16,20,

Sol:
03,28,29,18,23,04,
32,27,07,12,17,10,
00,01,34,33,02,35,
09,21,14,16,19,26,
30,06,13,11,20,25,
31,22,08,15,24,05,

Sol:
03,28,04,29,23,18,
30,22,13,10,25,05,
31,27,08,12,11,16,
00,01,35,33,02,34,
32,06,19,07,24,17,
09,21,26,14,20,15,

Sol:
31,20,19,13,16,06,
00,02,33,34,35,01,
30,11,25,12,05,22,
32,17,14,08,07,27,
03,29,04,23,18,28,
09,26,10,15,24,21,

Sol:
03,28,18,29,23,04,
09,22,15,08,25,26,
00,01,33,35,02,34,
32,27,05,14,16,11,
31,06,24,07,20,17,
30,21,10,12,19,13,

Sol:
00,01,02,35,33,34,
31,22,20,05,14,13,
09,27,19,08,26,16,
32,06,25,24,11,07,
30,21,10,15,17,12,
03,28,29,18,04,23,

Sol:
32,17,11,14,25,06,
00,02,33,34,35,01,
30,20,05,13,15,22,
03,23,18,29,04,28,
31,24,12,07,10,21,
09,19,26,08,16,27,

Sol:
32,17,11,14,25,06,
00,02,33,34,35,01,
30,19,05,13,16,22,
03,23,18,29,04,28,
31,24,12,07,10,21,
09,20,26,08,15,27,

Sol:
32,22,17,05,14,15,
30,21,11,07,12,24,
00,01,02,34,35,33,
03,28,29,18,23,04,
31,06,20,25,13,10,
09,27,26,16,08,19,

Sol:
32,22,27,13,06,05,
03,29,23,18,04,28,
00,01,02,34,35,33,
09,26,24,11,25,10,
30,07,21,17,16,14,
31,20,08,12,19,15,

Sol:
03,28,23,18,04,29,
30,19,12,13,11,20,
31,10,16,17,24,07,
09,25,14,08,27,22,
00,02,35,34,33,01,
32,21,05,15,06,26,

Sol:
03,28,23,18,04,29,
30,19,13,12,11,20,
31,10,16,17,24,07,
09,25,14,08,27,22,
00,02,34,35,33,01,
32,21,05,15,06,26,

Sol:
00,01,02,34,35,33,
32,22,25,05,15,06,
31,07,21,24,08,14,
09,26,10,27,17,16,
30,20,19,11,12,13,
03,29,28,04,18,23,

Sol:
03,29,18,23,04,28,
32,22,05,06,15,25,
30,20,13,12,11,19,
00,01,34,33,35,02,
31,07,08,14,24,21,
09,26,27,17,16,10,

Sol:
03,23,18,28,04,29,
30,21,05,06,17,26,
09,27,12,10,25,22,
32,24,16,15,11,07,
00,02,35,33,34,01,
31,08,19,13,14,20,

Sol:
03,28,04,23,18,29,
30,21,25,12,10,07,
31,24,06,05,17,22,
09,19,27,16,14,20,
00,02,35,34,33,01,
32,11,08,15,13,26,

Sol:
03,29,23,04,18,28,
09,26,21,27,10,12,
31,22,24,17,06,05,
32,07,19,08,25,14,
00,01,02,34,33,35,
30,20,16,15,13,11,

Sol:
31,20,21,12,15,06,
03,29,28,23,04,18,
00,01,02,33,35,34,
32,07,27,10,24,05,
30,26,11,13,08,17,
09,22,16,14,19,25,

Sol:
00,01,35,34,33,02,
31,26,24,05,08,11,
32,07,10,17,12,27,
09,22,19,25,14,16,
03,29,04,18,23,28,
30,20,13,06,15,21,

Sol:
00,01,33,34,35,02,
31,26,24,05,08,11,
32,07,10,17,12,27,
09,22,19,25,14,16,
03,29,04,18,23,28,
30,20,15,06,13,21,

Sol:
31,20,19,17,12,06,
00,01,02,35,33,34,
03,29,28,04,18,23,
32,07,27,10,16,13,
30,26,08,25,11,05,
09,22,21,14,15,24,

Sol:
00,01,02,35,34,33,
09,22,27,13,10,24,
31,20,19,12,17,06,
32,07,21,16,15,14,
30,26,08,11,25,05,
03,29,28,18,04,23,

Sol:
30,25,11,08,05,26,
00,02,34,33,35,01,
31,21,13,12,06,22,
03,28,04,23,18,29,
32,19,16,14,17,07,
09,10,27,15,24,20,

Sol:
32,07,10,16,27,13,
03,29,28,18,04,23,
00,01,02,34,33,35,
31,20,19,17,06,12,
30,26,25,05,11,08,
09,22,21,15,24,14,

Sol:
32,07,10,17,27,12,
03,29,28,18,04,23,
00,01,02,35,33,34,
31,20,19,16,06,13,
30,26,25,05,11,08,
09,22,21,14,24,15,

Sol:
03,29,04,23,18,28,
31,20,08,05,14,27,
32,22,15,12,13,11,
00,01,35,34,33,02,
30,07,24,06,17,21,
09,26,19,25,10,16,

Sol:
00,01,02,34,33,35,
31,22,08,05,14,25,
30,20,19,12,13,11,
03,29,28,23,18,04,
32,07,27,16,17,06,
09,26,21,15,10,24,

Sol:
00,01,34,35,33,02,
31,22,05,08,14,25,
09,26,27,17,16,10,
30,20,11,12,13,19,
03,29,04,18,23,28,
32,07,24,15,06,21,

Sol:
03,29,23,04,18,28,
31,20,24,06,11,13,
09,22,27,25,12,10,
00,01,02,34,33,35,
30,07,21,17,16,14,
32,26,08,19,15,05,

Sol:
03,28,04,18,23,29,
09,16,19,14,25,22,
30,21,15,08,05,26,
32,27,10,17,12,07,
00,02,33,35,34,01,
31,11,24,13,06,20,

Sol:
03,28,04,23,18,29,
30,21,25,12,10,07,
31,24,08,05,15,22,
09,19,27,14,16,20,
00,02,35,34,33,01,
32,11,06,17,13,26,

Sol:
00,02,34,33,35,01,
32,27,17,12,10,07,
31,08,19,16,05,26,
09,24,25,11,14,22,
03,23,04,18,28,29,
30,21,06,15,13,20,

Sol:
00,02,34,35,33,01,
32,27,17,12,10,07,
31,08,19,16,05,26,
09,24,25,11,14,22,
03,23,04,18,28,29,
30,21,06,13,15,20,

Sol:
00,01,02,34,33,35,
09,22,21,15,14,24,
32,07,27,17,10,12,
31,26,16,08,19,05,
30,20,11,13,25,06,
03,29,28,18,04,23,

Sol:
03,23,04,28,18,29,
30,08,19,05,17,26,
09,27,25,10,12,22,
32,24,16,15,11,07,
00,02,35,33,34,01,
31,21,06,14,13,20,

Sol:
00,01,35,33,02,34,
09,22,25,06,27,16,
32,26,19,13,10,05,
30,07,08,24,21,15,
31,20,14,11,17,12,
03,29,04,18,28,23,

Sol:
00,01,34,33,02,35,
09,22,15,19,16,24,
32,07,25,14,21,06,
31,26,17,08,11,12,
30,20,10,13,27,05,
03,29,04,18,28,23,

Sol:
00,01,34,33,02,35,
09,22,15,19,16,24,
32,07,25,08,27,06,
31,20,17,14,11,12,
30,26,10,13,21,05,
03,29,04,18,28,23,

Sol:
32,20,19,13,15,06,
03,29,28,18,04,23,
00,01,02,35,34,33,
30,07,25,11,08,24,
31,26,10,16,17,05,
09,22,21,12,27,14,

Sol:
00,01,02,34,35,33,
30,20,21,15,06,13,
03,29,23,04,28,18,
09,22,24,27,12,11,
32,07,25,08,19,14,
31,26,10,17,05,16,

Sol:
03,28,04,23,18,29,
30,21,24,13,10,07,
09,27,16,17,14,22,
31,08,15,06,25,20,
00,02,35,34,33,01,
32,19,11,12,05,26,

Sol:
03,29,28,18,04,23,
09,22,10,27,24,13,
31,20,25,08,15,06,
32,26,19,05,11,12,
00,01,02,33,34,35,
30,07,21,14,17,16,

Sol:
00,01,34,33,02,35,
31,22,25,06,08,13,
32,07,15,17,24,10,
09,20,16,19,27,14,
30,26,11,12,21,05,
03,29,04,18,23,28,

Sol:
03,29,04,18,23,28,
31,20,15,08,06,25,
09,22,24,27,13,10,
30,26,11,05,12,21,
00,01,35,33,34,02,
32,07,16,14,17,19,

Sol:
00,01,35,33,34,02,
31,22,08,15,13,16,
30,07,25,10,12,21,
09,20,19,24,06,27,
03,29,04,18,23,28,
32,26,14,05,17,11,

Sol:
03,29,28,04,23,18,
30,20,25,11,06,13,
09,26,10,27,17,16,
31,07,21,24,14,08,
00,01,02,34,33,35,
32,22,19,05,12,15,

Sol:
03,23,04,28,18,29,
31,08,10,13,17,26,
32,24,25,11,06,07,
09,27,16,14,19,20,
00,02,35,34,33,01,
30,21,15,05,12,22,

Sol:
03,29,28,18,04,23,
31,20,08,15,25,06,
32,07,19,24,11,12,
00,01,02,33,34,35,
30,22,21,05,14,13,
09,26,27,10,17,16,

Sol:
00,01,02,34,33,35,
09,26,27,17,10,16,
30,22,21,13,14,05,
32,07,24,11,25,06,
31,20,08,12,19,15,
03,29,23,18,04,28,

Sol:
03,29,18,28,04,23,
09,22,19,06,25,24,
32,07,12,10,17,27,
31,26,16,13,11,08,
00,01,35,33,34,02,
30,20,05,15,14,21,

Sol:
00,02,35,34,33,01,
32,27,17,12,10,07,
09,24,19,25,06,22,
31,08,16,11,13,26,
03,23,04,18,28,29,
30,21,14,05,15,20,

Sol:
03,28,04,23,18,29,
30,21,15,14,05,20,
31,24,08,10,25,07,
09,19,27,12,16,22,
00,02,34,33,35,01,
32,11,17,13,06,26,

Sol:
03,29,28,04,23,18,
31,26,21,13,08,06,
30,20,16,19,15,05,
09,22,27,10,12,25,
00,01,02,35,33,34,
32,07,11,24,14,17,

Sol:
03,28,18,23,29,04,
09,20,10,15,26,25,
00,01,35,33,02,34,
32,27,05,14,21,06,
31,07,24,08,16,19,
30,22,13,12,11,17,

Sol:
03,28,23,04,18,29,
31,20,10,17,15,12,
30,27,21,05,16,06,
00,01,02,34,35,33,
09,22,24,26,13,11,
32,07,25,19,08,14,

Sol:
03,28,23,04,18,29,
09,20,24,26,15,11,
30,27,21,05,16,06,
00,01,02,34,35,33,
31,22,10,17,13,12,
32,07,25,19,08,14,

Sol:
30,16,08,13,11,27,
00,02,35,33,34,01,
32,21,19,14,12,07,
03,23,04,29,18,28,
31,17,24,06,05,22,
09,26,15,10,25,20,

Sol:
30,16,13,08,11,27,
00,02,35,33,34,01,
32,21,19,14,12,07,
03,23,04,29,18,28,
31,17,24,06,05,22,
09,26,10,15,25,20,

Sol:
32,07,19,05,26,16,
03,28,04,29,23,18,
30,27,17,10,08,13,
09,22,24,15,21,14,
00,01,35,34,02,33,
31,20,06,12,25,11,

Sol:
32,21,06,14,25,07,
00,02,35,33,34,01,
03,23,29,18,04,28,
30,16,13,15,11,20,
31,24,10,08,05,27,
09,19,12,17,26,22,

Sol:
00,01,33,35,02,34,
31,20,15,12,21,06,
09,22,19,16,25,14,
30,27,24,11,08,05,
32,07,10,13,26,17,
03,28,04,18,23,29,

Sol:
30,24,11,08,05,27,
00,02,35,33,34,01,
31,21,13,12,06,22,
03,29,04,23,18,28,
32,19,16,14,17,07,
09,10,26,15,25,20,

Sol:
32,07,19,06,25,16,
03,28,04,29,23,18,
30,27,11,08,24,05,
09,20,26,15,21,14,
00,01,33,34,02,35,
31,22,12,13,10,17,

Sol:
31,20,21,06,15,12,
03,28,23,29,18,04,
00,01,02,35,34,33,
30,27,24,08,05,11,
32,07,10,13,17,26,
09,22,25,14,16,19,

Sol:
03,28,23,04,18,29,
31,20,16,10,15,13,
30,27,24,05,08,11,
00,01,02,35,33,34,
09,22,19,26,17,12,
32,07,21,25,14,06,

Sol:
00,01,34,33,35,02,
31,22,08,05,13,26,
30,20,15,11,12,17,
09,27,19,24,16,10,
03,28,04,18,23,29,
32,07,25,14,06,21,

Sol:
00,01,34,35,33,02,
31,22,05,08,15,24,
09,27,26,17,16,10,
30,20,11,13,12,19,
03,28,04,18,23,29,
32,07,25,14,06,21,

Sol:
00,01,33,35,02,34,
31,20,15,12,21,06,
30,27,19,16,08,05,
09,22,24,11,25,14,
32,07,10,13,26,17,
03,28,04,18,23,29,

Sol:
03,28,04,18,29,23,
31,20,12,06,15,21,
09,22,19,24,05,26,
30,27,10,13,08,17,
00,01,35,33,34,02,
32,07,25,11,14,16,

Sol:
03,28,18,23,29,04,
09,20,11,14,26,25,
00,01,34,33,02,35,
32,27,05,12,19,10,
31,07,24,06,21,16,
30,22,13,17,08,15,

Sol:
30,07,21,25,16,06,
00,01,02,34,33,35,
03,28,29,04,18,23,
31,20,26,10,13,05,
32,27,08,15,11,12,
09,22,19,17,14,24,

Sol:
03,28,29,18,04,23,
09,22,19,24,17,14,
30,07,21,06,25,16,
31,20,26,13,10,05,
00,01,02,33,34,35,
32,27,08,11,15,12,

Sol:
03,28,23,18,04,29,
09,22,21,15,26,12,
32,07,25,08,14,19,
30,27,10,16,17,05,
00,01,02,35,33,34,
31,20,24,13,11,06,

Sol:
31,22,05,12,24,11,
00,01,34,35,02,33,
09,20,26,15,21,14,
30,27,17,08,10,13,
03,28,04,29,23,18,
32,07,19,06,25,16,

Sol:
32,07,25,16,19,06,
03,28,23,18,04,29,
00,01,02,35,34,33,
31,20,24,11,05,14,
30,27,10,13,17,08,
09,22,21,12,26,15,

Sol:
03,28,23,29,04,18,
09,22,24,15,19,16,
30,20,25,14,05,11,
31,07,21,08,26,12,
00,01,02,33,34,35,
32,27,10,06,17,13,

Sol:
30,22,17,12,05,19,
31,07,25,08,10,24,
03,28,04,29,18,23,
09,20,14,15,26,21,
00,01,34,35,33,02,
32,27,11,06,13,16,

Sol:
03,28,29,18,04,23,
31,20,08,15,25,06,
32,07,19,24,11,12,
00,01,02,33,34,35,
30,22,21,05,14,13,
09,27,26,10,17,16,

Sol:
03,28,04,18,29,23,
30,22,13,05,14,21,
09,20,19,25,06,26,
31,27,10,12,08,17,
00,01,35,34,33,02,
32,07,24,11,15,16,

Sol:
30,22,19,13,05,16,
00,01,34,33,35,02,
32,07,17,14,24,11,
03,28,04,23,18,29,
31,27,06,12,08,21,
09,20,25,10,15,26,

Sol:
30,22,19,13,05,16,
00,01,34,33,35,02,
32,07,11,14,24,17,
03,28,04,29,18,23,
31,27,12,06,08,21,
09,20,25,10,15,26,

Sol:
03,28,04,23,18,29,
31,20,19,13,12,10,
00,01,35,34,33,02,
32,22,14,05,15,17,
30,07,25,06,16,21,
09,27,08,24,11,26,

Sol:
03,28,29,04,18,23,
31,22,10,17,13,12,
30,07,24,08,11,25,
00,01,02,35,33,34,
09,27,21,26,16,06,
32,20,19,15,14,05,

Sol:
00,01,02,33,35,34,
31,27,08,16,12,11,
30,20,21,14,05,15,
03,28,29,23,18,04,
32,07,26,13,10,17,
09,22,19,06,25,24,

Sol:
03,28,23,04,18,29,
30,21,27,16,05,06,
09,26,20,15,24,11,
00,01,02,34,35,33,
31,22,08,19,13,12,
32,07,25,17,10,14,

Sol:
00,01,35,33,02,34,
31,22,19,13,08,12,
32,07,17,15,20,14,
09,26,24,10,25,11,
30,21,06,16,27,05,
03,28,04,18,23,29,

Sol:
03,28,23,04,18,29,
30,21,16,27,05,06,
09,26,20,15,24,11,
00,01,02,34,35,33,
31,22,19,08,13,12,
32,07,25,17,10,14,

Sol:
03,28,04,29,18,23,
09,22,10,13,24,27,
31,07,25,08,14,20,
32,26,19,06,05,17,
00,01,35,34,33,02,
30,21,12,15,11,16,

Sol:
03,28,23,04,18,29,
30,21,16,10,15,13,
31,26,20,05,17,06,
00,01,02,35,33,34,
09,22,25,24,14,11,
32,07,19,27,08,12,

Sol:
32,19,27,12,08,07,
00,02,33,35,34,01,
31,20,06,05,17,26,
03,23,04,29,18,28,
09,25,24,10,15,22,
30,16,11,14,13,21,

Sol:
32,19,27,12,08,07,
00,02,33,35,34,01,
31,20,17,05,06,26,
03,23,04,18,29,28,
09,25,10,24,15,22,
30,16,14,11,13,21,

Sol:
32,07,10,14,25,17,
00,01,33,35,02,34,
09,26,27,08,20,15,
30,21,19,06,24,05,
03,28,04,29,23,18,
31,22,12,13,11,16,

Sol:
03,28,29,18,23,04,
09,22,14,25,16,19,
30,26,08,13,17,11,
00,01,34,33,02,35,
32,07,05,10,27,24,
31,21,15,06,20,12,

Sol:
03,28,18,29,23,04,
09,22,25,14,16,19,
30,26,08,13,17,11,
00,01,34,33,02,35,
32,07,05,10,27,24,
31,21,15,06,20,12,

Sol:
03,28,18,23,29,04,
09,22,25,15,24,10,
00,01,35,33,02,34,
30,21,06,12,19,17,
32,07,05,14,20,27,
31,26,16,08,11,13,

Sol:
03,28,23,18,04,29,
32,21,11,15,14,12,
09,26,24,10,17,19,
30,07,20,16,27,05,
00,01,02,33,35,34,
31,22,25,13,08,06,

Sol:
32,24,06,17,19,07,
00,02,35,33,34,01,
03,23,29,18,04,28,
30,11,12,15,16,21,
31,25,10,08,05,26,
09,20,13,14,27,22,

Sol:
09,24,06,17,27,22,
31,25,10,08,05,26,
30,11,12,15,16,21,
03,23,29,18,04,28,
00,02,35,33,34,01,
32,20,13,14,19,07,

Sol:
32,19,06,17,24,07,
00,02,35,33,34,01,
03,23,29,18,04,28,
30,16,12,15,11,21,
31,25,10,08,05,26,
09,20,13,14,27,22,

Sol:
03,28,29,04,23,18,
30,22,27,08,13,05,
09,26,16,19,10,25,
00,01,02,35,33,34,
31,21,11,24,12,06,
32,07,20,15,14,17,

Sol:
03,28,29,04,23,18,
30,22,27,08,13,05,
09,26,16,19,10,25,
00,01,02,35,33,34,
31,21,20,15,12,06,
32,07,11,24,14,17,

Sol:
03,28,29,18,04,23,
31,22,25,05,14,08,
32,07,10,17,27,12,
09,26,20,24,11,15,
00,01,02,35,33,34,
30,21,19,06,16,13,

Sol:
03,28,29,18,04,23,
30,21,19,06,17,12,
31,22,24,05,15,08,
00,01,02,33,34,35,
09,26,20,27,10,13,
32,07,11,16,25,14,

Sol:
03,28,23,18,04,29,
09,26,24,17,10,19,
32,07,20,13,27,06,
00,01,02,35,33,34,
31,21,11,14,16,12,
30,22,25,08,15,05,

Sol:
03,28,23,18,04,29,
09,26,24,19,10,17,
32,07,20,13,27,06,
00,01,02,35,33,34,
31,21,11,12,16,14,
30,22,25,08,15,05,

Sol:
03,29,04,18,23,28,
30,17,19,05,08,26,
32,27,16,11,12,07,
09,20,25,14,15,22,
00,02,35,33,34,01,
31,10,06,24,13,21,

Sol:
03,29,04,18,23,28,
30,17,19,05,08,26,
09,20,14,25,15,22,
32,27,11,16,12,07,
00,02,33,35,34,01,
31,10,24,06,13,21,

Sol:
03,28,29,23,04,18,
09,22,10,24,27,13,
30,26,19,05,17,08,
00,01,02,33,34,35,
31,21,20,06,12,15,
32,07,25,14,11,16,

Sol:
32,20,27,06,13,07,
00,02,33,35,34,01,
30,19,17,05,08,26,
03,29,04,18,23,28,
09,24,10,25,15,22,
31,11,14,16,12,21,

Sol:
31,20,14,06,13,21,
09,24,10,25,15,22,
03,29,04,18,23,28,
30,19,17,05,08,26,
00,02,33,35,34,01,
32,11,27,16,12,07,

Sol:
31,26,20,13,10,05,
03,28,23,29,04,18,
00,01,02,35,33,34,
09,22,24,08,27,15,
32,07,25,06,19,16,
30,21,11,14,12,17,

Sol:
31,26,10,05,13,20,
32,07,25,08,06,27,
03,28,04,29,18,23,
09,22,19,14,24,17,
00,01,35,34,33,02,
30,21,12,15,11,16,

Sol:
03,28,18,29,04,23,
09,22,14,13,27,20,
31,26,17,08,12,11,
32,07,16,06,19,25,
00,01,35,34,33,02,
30,21,05,15,10,24,

Sol:
30,24,10,05,15,21,
32,17,13,11,06,26,
03,23,04,29,18,28,
09,19,16,14,25,22,
00,02,35,34,33,01,
31,20,27,12,08,07,

Sol:
03,28,29,18,04,23,
32,21,19,12,15,06,
31,26,10,16,17,05,
09,22,20,13,27,14,
00,01,02,35,34,33,
30,07,25,11,08,24,

Sol:
31,26,12,05,11,20,
32,07,25,08,06,27,
03,28,04,29,18,23,
09,22,19,14,24,17,
00,01,35,34,33,02,
30,21,10,15,13,16,

Sol:
03,28,29,23,04,18,
09,22,17,14,19,24,
30,26,20,13,11,05,
00,01,02,33,34,35,
31,21,27,06,12,08,
32,07,10,16,25,15,

Sol:
03,28,29,23,04,18,
09,22,25,06,27,16,
30,26,20,05,11,13,
00,01,02,33,34,35,
31,21,19,14,12,08,
32,07,10,24,17,15,

Sol:
03,28,29,23,04,18,
09,22,25,14,27,08,
30,26,20,05,11,13,
00,01,02,33,34,35,
31,21,19,06,12,16,
32,07,10,24,17,15,

Sol:
03,28,23,29,04,18,
09,22,16,14,19,25,
30,26,20,13,11,05,
00,01,02,33,35,34,
31,21,27,06,12,08,
32,07,17,10,24,15,

Sol:
03,28,23,29,04,18,
09,22,17,14,19,24,
30,26,20,13,11,05,
00,01,02,33,34,35,
31,21,27,06,12,08,
32,07,16,10,25,15,

Sol:
32,19,12,10,25,07,
00,02,35,33,34,01,
30,20,05,13,11,26,
03,23,18,29,04,28,
31,24,08,06,15,21,
09,17,27,14,16,22,

Sol:
32,17,14,10,25,07,
00,02,33,35,34,01,
30,20,05,13,11,26,
03,23,18,29,04,28,
31,24,08,06,15,21,
09,19,27,12,16,22,

Sol:
03,28,29,04,23,18,
30,22,11,24,13,05,
09,26,16,19,10,25,
00,01,02,35,33,34,
31,21,27,08,12,06,
32,07,20,15,14,17,

Sol:
03,28,29,04,23,18,
30,22,11,24,13,05,
09,26,16,19,10,25,
00,01,02,35,33,34,
31,21,20,15,12,06,
32,07,27,08,14,17,

Sol:
00,02,35,33,34,01,
03,23,04,18,29,28,
09,20,25,10,15,26,
32,17,16,27,06,07,
31,19,14,12,08,21,
30,24,11,05,13,22,

Sol:
03,28,23,18,04,29,
32,26,17,05,11,14,
09,22,20,12,27,15,
00,01,02,35,34,33,
31,21,24,10,13,06,
30,07,19,25,16,08,

Sol:
03,28,29,04,23,18,
30,26,17,11,16,05,
32,07,10,19,13,24,
09,22,20,25,14,15,
00,01,02,34,33,35,
31,21,27,12,06,08,

Sol:
00,01,02,35,33,34,
09,26,27,16,10,17,
31,22,20,12,15,05,
32,07,25,11,24,06,
30,21,08,13,19,14,
03,28,23,18,04,29,

Sol:
03,29,04,23,18,28,
30,25,08,24,11,07,
31,19,16,05,12,22,
09,20,27,06,17,26,
00,02,35,33,34,01,
32,10,15,14,13,21,

Sol:
00,01,34,33,02,35,
31,22,19,12,16,05,
32,07,25,15,20,06,
03,28,04,23,29,18,
30,26,13,08,11,17,
09,21,10,14,27,24,

Sol:
00,01,35,34,02,33,
30,22,12,17,19,05,
32,07,27,08,25,06,
31,21,16,13,10,14,
09,26,11,15,20,24,
03,28,04,18,29,23,

Sol:
03,28,23,04,29,18,
09,26,25,10,11,24,
31,07,20,27,12,08,
30,21,16,17,06,15,
00,01,02,33,34,35,
32,22,19,14,13,05,

Sol:
03,28,23,04,29,18,
09,26,24,11,10,25,
31,07,20,27,12,08,
30,21,17,16,06,15,
00,01,02,33,35,34,
32,22,19,14,13,05,

Sol:
03,28,04,29,18,23,
31,22,13,05,14,20,
09,26,10,19,17,24,
30,21,16,12,15,11,
00,01,35,34,33,02,
32,07,27,06,08,25,

Sol:
03,28,29,04,23,18,
30,22,20,15,13,05,
09,26,16,19,10,25,
00,01,02,35,33,34,
31,21,27,08,12,06,
32,07,11,24,14,17,

Sol:
03,28,29,04,23,18,
30,22,20,15,13,05,
09,26,16,19,10,25,
00,01,02,35,33,34,
31,21,11,24,12,06,
32,07,27,08,14,17,

Sol:
32,19,08,14,25,07,
00,02,35,33,34,01,
30,20,05,13,15,22,
03,23,18,29,04,28,
31,24,12,06,11,21,
09,17,27,10,16,26,

Sol:
32,17,10,14,25,07,
00,02,33,35,34,01,
30,20,05,13,15,22,
03,23,18,29,04,28,
31,24,12,06,11,21,
09,19,27,08,16,26,

Sol:
32,17,10,14,25,07,
00,02,33,35,34,01,
30,19,05,13,16,22,
03,23,18,29,04,28,
31,24,12,06,11,21,
09,20,27,08,15,26,

