00:{ 0 0 0 0 }
01:{ 0 0 0 1 }
02:{ 0 0 0 2 }
03:{ 0 0 1 0 }
04:{ 0 0 1 1 }
05:{ 0 0 1 2 }
06:{ 0 0 2 0 }
07:{ 0 0 2 1 }
08:{ 0 0 2 2 }
09:{ 0 1 0 0 }
10:{ 0 1 0 1 }
11:{ 0 1 0 2 }
12:{ 0 1 1 0 }
13:{ 0 1 1 1 }
14:{ 0 1 1 2 }
15:{ 0 1 2 0 }
16:{ 0 1 2 1 }
17:{ 0 1 2 2 }
18:{ 1 0 0 0 }
19:{ 1 0 0 1 }
20:{ 1 0 0 2 }
21:{ 1 0 1 0 }
22:{ 1 0 1 1 }
23:{ 1 0 1 2 }
24:{ 1 0 2 0 }
25:{ 1 0 2 1 }
26:{ 1 0 2 2 }
27:{ 1 1 0 0 }
28:{ 1 1 0 1 }
29:{ 1 1 0 2 }
30:{ 1 1 1 0 }
31:{ 1 1 1 1 }
32:{ 1 1 1 2 }
33:{ 1 1 2 0 }
34:{ 1 1 2 1 }
35:{ 1 1 2 2 }
36:{ 0 2 0 0 }
37:{ 0 2 0 1 }
38:{ 0 2 1 0 }
39:{ 0 3 0 0 }
40:{ 0 3 0 1 }
41:{ 0 3 1 0 }
42:{ 1 2 0 0 }
43:{ 1 2 0 1 }
44:{ 1 2 1 0 }
45:{ 1 3 0 0 }
46:{ 1 3 0 1 }
47:{ 1 3 1 0 }
48:{ 2 0 0 0 }
49:{ 2 0 0 1 }
50:{ 2 0 1 0 }
51:{ 2 1 0 0 }
52:{ 2 1 0 1 }
53:{ 2 1 1 0 }
54:{ 3 0 0 0 }
55:{ 3 0 0 1 }
56:{ 3 0 1 0 }
57:{ 3 1 0 0 }
58:{ 3 1 0 1 }
59:{ 3 1 1 0 }
60:{ 2 2 0 0 }
61:{ 2 3 0 0 }
62:{ 3 2 0 0 }
63:{ 3 3 0 0 }
Total 58640 rows found
w[0]=12474
w[1]=9588
w[2]=5096
w[3]=9588
w[4]=7171
w[5]=3760
w[6]=5096
w[7]=3760
w[8]=1730
w[9]=10820
w[10]=7881
w[11]=3955
w[12]=7881
w[13]=5603
w[14]=2706
w[15]=3955
w[16]=2706
w[17]=1164
w[18]=12438
w[19]=9048
w[20]=4596
w[21]=9048
w[22]=6433
w[23]=3136
w[24]=4596
w[25]=3136
w[26]=1347
w[27]=10425
w[28]=7293
w[29]=3469
w[30]=7293
w[31]=4919
w[32]=2203
w[33]=3469
w[34]=2203
w[35]=886
w[36]=7838
w[37]=5371
w[38]=5371
w[39]=4577
w[40]=2895
w[41]=2895
w[42]=7516
w[43]=4895
w[44]=4895
w[45]=4371
w[46]=2574
w[47]=2574
w[48]=10880
w[49]=7516
w[50]=7516
w[51]=9010
w[52]=5924
w[53]=5924
w[54]=7989
w[55]=5051
w[56]=5051
w[57]=6491
w[58]=3857
w[59]=3857
w[60]=6286
w[61]=3455
w[62]=4228
w[63]=2161
Total 46 bit left, 21049 rows after opt
		Sol:
58,39,21,12,22,19,
00,01,62,59,38,05,
06,52,28,10,30,51,
02,03,04,53,57,45,
44,56,13,11,09,48,
60,31,27,18,20,15,

Sol:
02,04,57,53,45,03,
06,28,42,10,54,31,
44,22,18,11,36,56,
00,62,38,59,05,01,
60,12,20,09,24,52,
58,27,07,21,19,39,

Sol:
58,39,21,49,09,07,
02,03,04,53,57,45,
60,31,22,27,13,18,
06,52,28,42,50,10,
00,01,62,05,38,59,
44,56,36,12,20,19,

