00:{ 0 0 0 0 }
01:{ 0 0 0 1 }
02:{ 0 0 0 2 }
03:{ 0 0 1 0 }
04:{ 0 0 1 1 }
05:{ 0 0 1 2 }
06:{ 0 0 2 0 }
07:{ 0 0 2 1 }
08:{ 0 0 2 2 }
09:{ 0 1 0 0 }
10:{ 0 1 0 1 }
11:{ 0 1 0 2 }
12:{ 0 1 1 0 }
13:{ 0 1 1 1 }
14:{ 0 1 1 2 }
15:{ 0 1 2 0 }
16:{ 0 1 2 1 }
17:{ 0 1 2 2 }
18:{ 1 0 0 0 }
19:{ 1 0 0 1 }
20:{ 1 0 0 2 }
21:{ 1 0 1 0 }
22:{ 1 0 1 1 }
23:{ 1 0 1 2 }
24:{ 1 0 2 0 }
25:{ 1 0 2 1 }
26:{ 1 0 2 2 }
27:{ 1 1 0 0 }
28:{ 1 1 0 1 }
29:{ 1 1 0 2 }
30:{ 1 1 1 0 }
31:{ 1 1 1 1 }
32:{ 1 1 1 2 }
33:{ 1 1 2 0 }
34:{ 1 1 2 1 }
35:{ 1 1 2 2 }
36:{ 0 2 0 0 }
37:{ 0 2 0 1 }
38:{ 0 2 1 0 }
39:{ 0 3 0 0 }
40:{ 0 3 0 1 }
41:{ 0 3 1 0 }
42:{ 1 2 0 0 }
43:{ 1 2 0 1 }
44:{ 1 2 1 0 }
45:{ 1 3 0 0 }
46:{ 1 3 0 1 }
47:{ 1 3 1 0 }
48:{ 2 0 0 0 }
49:{ 2 0 0 1 }
50:{ 2 0 1 0 }
51:{ 2 1 0 0 }
52:{ 2 1 0 1 }
53:{ 2 1 1 0 }
54:{ 3 0 0 0 }
55:{ 3 0 0 1 }
56:{ 3 0 1 0 }
57:{ 3 1 0 0 }
58:{ 3 1 0 1 }
59:{ 3 1 1 0 }
60:{ 2 2 0 0 }
61:{ 2 3 0 0 }
62:{ 3 2 0 0 }
63:{ 3 3 0 0 }
Total 42493 rows found
w[0]=9643
w[1]=5241
w[2]=1575
w[3]=7744
w[4]=4180
w[5]=1149
w[6]=4399
w[7]=2176
w[8]=497
w[9]=9206
w[10]=4803
w[11]=1351
w[12]=6986
w[13]=3587
w[14]=910
w[15]=3760
w[16]=1730
w[17]=366
w[18]=9206
w[19]=4803
w[20]=1351
w[21]=6986
w[22]=3587
w[23]=910
w[24]=3760
w[25]=1730
w[26]=366
w[27]=8434
w[28]=4291
w[29]=1131
w[30]=6197
w[31]=3009
w[32]=706
w[33]=3136
w[34]=1347
w[35]=264
w[36]=7785
w[37]=3819
w[38]=5613
w[39]=5491
w[40]=2432
w[41]=3634
w[42]=7108
w[43]=3344
w[44]=4892
w[45]=4999
w[46]=2080
w[47]=3094
w[48]=7785
w[49]=3819
w[50]=5613
w[51]=7108
w[52]=3344
w[53]=4892
w[54]=5491
w[55]=2432
w[56]=3634
w[57]=4999
w[58]=2080
w[59]=3094
w[60]=5816
w[61]=3846
w[62]=3846
w[63]=2351
Total 43 bit left, 16418 rows after opt
			Sol:
5,24,126,14,25,54,
21,30,12,27,28,50,
84,210,4,75,9,6,
270,15,3,70,42,8,
1,7,150,72,108,35,
120,18,105,2,10,63,

Sol:
21,30,42,27,8,50,
120,18,10,70,3,63,
5,24,25,14,126,54,
1,7,108,72,150,35,
270,15,28,2,105,12,
84,210,9,75,6,4,

